#
# There is insufficient memory for the Java Runtime Environment to continue.
# Native memory allocation (mmap) failed to map 49283072 bytes for committing reserved memory.
# Possible reasons:
#   The system is out of physical RAM or swap space
#   In 32 bit mode, the process size limit was hit
# Possible solutions:
#   Reduce memory load on the system
#   Increase physical memory or swap space
#   Check if swap backing store is full
#   Use 64 bit Java on a 64 bit OS
#   Decrease Java heap size (-Xmx/-Xms)
#   Decrease number of Java threads
#   Decrease Java thread stack sizes (-Xss)
#   Set larger code cache with -XX:ReservedCodeCacheSize=
# This output file may be truncated or incomplete.
#
#  Out of Memory Error (os_linux.cpp:2627), pid=31130, tid=0x00007f58533fb700
#
# JRE version: Java(TM) SE Runtime Environment (8.0_111-b14) (build 1.8.0_111-b14)
# Java VM: Java HotSpot(TM) 64-Bit Server VM (25.111-b14 mixed mode linux-amd64 compressed oops)
# Failed to write core dump. Core dumps have been disabled. To enable core dumping, try "ulimit -c unlimited" before starting Java again
#

---------------  T H R E A D  ---------------

Current thread (0x00007f5868073000):  VMThread [stack: 0x00007f58532fb000,0x00007f58533fc000] [id=31149]

Stack: [0x00007f58532fb000,0x00007f58533fc000],  sp=0x00007f58533fa360,  free space=1020k
Native frames: (J=compiled Java code, j=interpreted, Vv=VM code, C=native code)
V  [libjvm.so+0xac5c2a]  VMError::report_and_die()+0x2ba
V  [libjvm.so+0x4fc50b]  report_vm_out_of_memory(char const*, int, unsigned long, VMErrorType, char const*)+0x8b
V  [libjvm.so+0x922ae3]  os::Linux::commit_memory_impl(char*, unsigned long, bool)+0x103
V  [libjvm.so+0x923039]  os::pd_commit_memory(char*, unsigned long, unsigned long, bool)+0x29
V  [libjvm.so+0x91d33a]  os::commit_memory(char*, unsigned long, unsigned long, bool)+0x2a
V  [libjvm.so+0x991ac3]  PSVirtualSpace::expand_by(unsigned long)+0x53
V  [libjvm.so+0x982380]  PSOldGen::expand(unsigned long)+0x170
V  [libjvm.so+0x98258b]  PSOldGen::resize(unsigned long)+0x1cb
V  [libjvm.so+0x98a291]  PSParallelCompact::invoke_no_policy(bool)+0x991
V  [libjvm.so+0x98fbed]  PSScavenge::invoke()+0x1ad
V  [libjvm.so+0x9467d0]  ParallelScavengeHeap::failed_mem_allocate(unsigned long)+0x70
V  [libjvm.so+0xac7647]  VM_ParallelGCFailedAllocation::doit()+0x97
V  [libjvm.so+0xacf125]  VM_Operation::evaluate()+0x55
V  [libjvm.so+0xacd4fa]  VMThread::evaluate_operation(VM_Operation*)+0xba
V  [libjvm.so+0xacd87e]  VMThread::loop()+0x1ce
V  [libjvm.so+0xacdcf0]  VMThread::run()+0x70
V  [libjvm.so+0x924ea8]  java_start(Thread*)+0x108

VM_Operation (0x00007f586eaec8f0): ParallelGCFailedAllocation, mode: safepoint, requested by thread 0x00007f5868009000


---------------  P R O C E S S  ---------------

Java Threads: ( => current thread )
  0x00007f58683eb800 JavaThread "NonBlockingInputStreamThread" daemon [_thread_blocked, id=31169, stack(0x00007f5852521000,0x00007f5852622000)]
  0x00007f58683e2000 JavaThread "process reaper" daemon [_thread_blocked, id=31158, stack(0x00007f5852823000,0x00007f585285c000)]
  0x00007f58680db800 JavaThread "Service Thread" daemon [_thread_blocked, id=31155, stack(0x00007f5852cf5000,0x00007f5852df6000)]
  0x00007f58680b6800 JavaThread "C1 CompilerThread1" daemon [_thread_blocked, id=31154, stack(0x00007f5852df6000,0x00007f5852ef7000)]
  0x00007f58680b3800 JavaThread "C2 CompilerThread0" daemon [_thread_blocked, id=31153, stack(0x00007f5852ef7000,0x00007f5852ff8000)]
  0x00007f58680b2000 JavaThread "Signal Dispatcher" daemon [_thread_blocked, id=31152, stack(0x00007f5852ff8000,0x00007f58530f9000)]
  0x00007f586807f000 JavaThread "Finalizer" daemon [_thread_blocked, id=31151, stack(0x00007f58530f9000,0x00007f58531fa000)]
  0x00007f586807a800 JavaThread "Reference Handler" daemon [_thread_blocked, id=31150, stack(0x00007f58531fa000,0x00007f58532fb000)]
  0x00007f5868009000 JavaThread "main" [_thread_blocked, id=31146, stack(0x00007f586ea0a000,0x00007f586eb0b000)]

Other Threads:
=>0x00007f5868073000 VMThread [stack: 0x00007f58532fb000,0x00007f58533fc000] [id=31149]
  0x00007f58680e6800 WatcherThread [stack: 0x00007f5852bf4000,0x00007f5852cf5000] [id=31156]

VM state:at safepoint (normal execution)

VM Mutex/Monitor currently owned by a thread:  ([mutex/lock_event])
[0x00007f5868005f30] ExpandHeap_lock - owner thread: 0x00007f5868073000
[0x00007f58680065b0] Threads_lock - owner thread: 0x00007f5868073000
[0x00007f5868006ab0] Heap_lock - owner thread: 0x00007f5868009000

Heap:
 PSYoungGen      total 199680K, used 0K [0x00000000f0000000, 0x0000000100000000, 0x0000000100000000)
  eden space 179712K, 0% used [0x00000000f0000000,0x00000000f0000000,0x00000000faf80000)
  from space 19968K, 0% used [0x00000000faf80000,0x00000000faf80000,0x00000000fc300000)
  to   space 28160K, 0% used [0x00000000fe480000,0x00000000fe480000,0x0000000100000000)
 ParOldGen       total 50176K, used 49523K [0x00000000d0000000, 0x00000000d3100000, 0x00000000f0000000)
  object space 50176K, 98% used [0x00000000d0000000,0x00000000d305cd98,0x00000000d3100000)
 Metaspace       used 33219K, capacity 34786K, committed 34944K, reserved 1079296K
  class space    used 3971K, capacity 4480K, committed 4480K, reserved 1048576K

Card table byte_map: [0x00007f586c019000,0x00007f586c19a000] byte_map_base: 0x00007f586b999000

Marking Bits: (ParMarkBitMap*) 0x00007f586decf220
 Begin Bits: [0x00007f584f13e000, 0x00007f584fd3e000)
 End Bits:   [0x00007f584fd3e000, 0x00007f585093e000)

Polling page: 0x00007f586eb13000

CodeCache: size=245760Kb used=15107Kb max_used=15989Kb free=230652Kb
 bounds [0x00007f5859000000, 0x00007f5859fc0000, 0x00007f5868000000]
 total_blobs=5287 nmethods=4650 adapters=550
 compilation: enabled

Compilation events (10 events):
Event: 12.524 Thread 0x00007f58680b6800 5461       2       sun.net.www.protocol.jar.JarURLConnection::<init> (33 bytes)
Event: 12.524 Thread 0x00007f58680b6800 nmethod 5461 0x00007f58597e1fd0 code [0x00007f58597e2160, 0x00007f58597e2388]
Event: 12.545 Thread 0x00007f58680b6800 5465 % !   3       java.util.concurrent.ConcurrentHashMap::transfer @ 99 (832 bytes)
Event: 12.550 Thread 0x00007f58680b6800 nmethod 5465% 0x00007f58592aabd0 code [0x00007f58592aaf60, 0x00007f58592ad738]
Event: 12.556 Thread 0x00007f58680b6800 5469       2       java.lang.reflect.Modifier::isSynthetic (14 bytes)
Event: 12.557 Thread 0x00007f58680b6800 nmethod 5469 0x00007f585942d950 code [0x00007f585942daa0, 0x00007f585942dbf0]
Event: 12.557 Thread 0x00007f58680b6800 5467       2       java.lang.ReflectiveOperationException::<init> (6 bytes)
Event: 12.557 Thread 0x00007f58680b6800 nmethod 5467 0x00007f58592aa850 code [0x00007f58592aa9c0, 0x00007f58592aab28]
Event: 12.557 Thread 0x00007f58680b6800 5468       2       java.lang.Class::getSimpleName (120 bytes)
Event: 12.558 Thread 0x00007f58680b6800 nmethod 5468 0x00007f5859af3a10 code [0x00007f5859af3c60, 0x00007f5859af4498]

GC Heap History (10 events):
Event: 5.502 GC heap after
Heap after GC invocations=8 (full 1):
 PSYoungGen      total 134144K, used 4864K [0x00000000f0000000, 0x00000000fa200000, 0x0000000100000000)
  eden space 123904K, 0% used [0x00000000f0000000,0x00000000f0000000,0x00000000f7900000)
  from space 10240K, 47% used [0x00000000f7900000,0x00000000f7dc0000,0x00000000f8300000)
  to   space 9728K, 0% used [0x00000000f9880000,0x00000000f9880000,0x00000000fa200000)
 ParOldGen       total 50176K, used 18685K [0x00000000d0000000, 0x00000000d3100000, 0x00000000f0000000)
  object space 50176K, 37% used [0x00000000d0000000,0x00000000d123f5d8,0x00000000d3100000)
 Metaspace       used 21952K, capacity 22452K, committed 22656K, reserved 1069056K
  class space    used 2482K, capacity 2589K, committed 2688K, reserved 1048576K
}
Event: 6.817 GC heap before
{Heap before GC invocations=9 (full 1):
 PSYoungGen      total 134144K, used 128768K [0x00000000f0000000, 0x00000000fa200000, 0x0000000100000000)
  eden space 123904K, 100% used [0x00000000f0000000,0x00000000f7900000,0x00000000f7900000)
  from space 10240K, 47% used [0x00000000f7900000,0x00000000f7dc0000,0x00000000f8300000)
  to   space 9728K, 0% used [0x00000000f9880000,0x00000000f9880000,0x00000000fa200000)
 ParOldGen       total 50176K, used 18685K [0x00000000d0000000, 0x00000000d3100000, 0x00000000f0000000)
  object space 50176K, 37% used [0x00000000d0000000,0x00000000d123f5d8,0x00000000d3100000)
 Metaspace       used 25437K, capacity 25996K, committed 26240K, reserved 1073152K
  class space    used 2907K, capacity 3081K, committed 3200K, reserved 1048576K
Event: 6.862 GC heap after
Heap after GC invocations=9 (full 1):
 PSYoungGen      total 153600K, used 9723K [0x00000000f0000000, 0x00000000fcc80000, 0x0000000100000000)
  eden space 143872K, 0% used [0x00000000f0000000,0x00000000f0000000,0x00000000f8c80000)
  from space 9728K, 99% used [0x00000000f9880000,0x00000000fa1feef8,0x00000000fa200000)
  to   space 12288K, 0% used [0x00000000f8c80000,0x00000000f8c80000,0x00000000f9880000)
 ParOldGen       total 50176K, used 21007K [0x00000000d0000000, 0x00000000d3100000, 0x00000000f0000000)
  object space 50176K, 41% used [0x00000000d0000000,0x00000000d1483ee0,0x00000000d3100000)
 Metaspace       used 25437K, capacity 25996K, committed 26240K, reserved 1073152K
  class space    used 2907K, capacity 3081K, committed 3200K, reserved 1048576K
}
Event: 8.861 GC heap before
{Heap before GC invocations=10 (full 1):
 PSYoungGen      total 153600K, used 153595K [0x00000000f0000000, 0x00000000fcc80000, 0x0000000100000000)
  eden space 143872K, 100% used [0x00000000f0000000,0x00000000f8c80000,0x00000000f8c80000)
  from space 9728K, 99% used [0x00000000f9880000,0x00000000fa1feef8,0x00000000fa200000)
  to   space 12288K, 0% used [0x00000000f8c80000,0x00000000f8c80000,0x00000000f9880000)
 ParOldGen       total 50176K, used 21007K [0x00000000d0000000, 0x00000000d3100000, 0x00000000f0000000)
  object space 50176K, 41% used [0x00000000d0000000,0x00000000d1483ee0,0x00000000d3100000)
 Metaspace       used 27871K, capacity 29160K, committed 29312K, reserved 1075200K
  class space    used 3265K, capacity 3676K, committed 3712K, reserved 1048576K
Event: 8.900 GC heap after
Heap after GC invocations=10 (full 1):
 PSYoungGen      total 156160K, used 12256K [0x00000000f0000000, 0x00000000fd200000, 0x0000000100000000)
  eden space 143872K, 0% used [0x00000000f0000000,0x00000000f0000000,0x00000000f8c80000)
  from space 12288K, 99% used [0x00000000f8c80000,0x00000000f9878030,0x00000000f9880000)
  to   space 15360K, 0% used [0x00000000fc300000,0x00000000fc300000,0x00000000fd200000)
 ParOldGen       total 50176K, used 25080K [0x00000000d0000000, 0x00000000d3100000, 0x00000000f0000000)
  object space 50176K, 49% used [0x00000000d0000000,0x00000000d187e338,0x00000000d3100000)
 Metaspace       used 27871K, capacity 29160K, committed 29312K, reserved 1075200K
  class space    used 3265K, capacity 3676K, committed 3712K, reserved 1048576K
}
Event: 10.532 GC heap before
{Heap before GC invocations=11 (full 1):
 PSYoungGen      total 156160K, used 156128K [0x00000000f0000000, 0x00000000fd200000, 0x0000000100000000)
  eden space 143872K, 100% used [0x00000000f0000000,0x00000000f8c80000,0x00000000f8c80000)
  from space 12288K, 99% used [0x00000000f8c80000,0x00000000f9878030,0x00000000f9880000)
  to   space 15360K, 0% used [0x00000000fc300000,0x00000000fc300000,0x00000000fd200000)
 ParOldGen       total 50176K, used 25080K [0x00000000d0000000, 0x00000000d3100000, 0x00000000f0000000)
  object space 50176K, 49% used [0x00000000d0000000,0x00000000d187e338,0x00000000d3100000)
 Metaspace       used 30839K, capacity 32314K, committed 32640K, reserved 1077248K
  class space    used 3668K, capacity 4145K, committed 4224K, reserved 1048576K
Event: 10.596 GC heap after
Heap after GC invocations=11 (full 1):
 PSYoungGen      total 195072K, used 15351K [0x00000000f0000000, 0x00000000fdc80000, 0x0000000100000000)
  eden space 179712K, 0% used [0x00000000f0000000,0x00000000f0000000,0x00000000faf80000)
  from space 15360K, 99% used [0x00000000fc300000,0x00000000fd1fddb8,0x00000000fd200000)
  to   space 19968K, 0% used [0x00000000faf80000,0x00000000faf80000,0x00000000fc300000)
 ParOldGen       total 50176K, used 31399K [0x00000000d0000000, 0x00000000d3100000, 0x00000000f0000000)
  object space 50176K, 62% used [0x00000000d0000000,0x00000000d1ea9c88,0x00000000d3100000)
 Metaspace       used 30839K, capacity 32314K, committed 32640K, reserved 1077248K
  class space    used 3668K, capacity 4145K, committed 4224K, reserved 1048576K
}
Event: 12.559 GC heap before
{Heap before GC invocations=12 (full 1):
 PSYoungGen      total 195072K, used 195063K [0x00000000f0000000, 0x00000000fdc80000, 0x0000000100000000)
  eden space 179712K, 100% used [0x00000000f0000000,0x00000000faf80000,0x00000000faf80000)
  from space 15360K, 99% used [0x00000000fc300000,0x00000000fd1fddb8,0x00000000fd200000)
  to   space 19968K, 0% used [0x00000000faf80000,0x00000000faf80000,0x00000000fc300000)
 ParOldGen       total 50176K, used 31399K [0x00000000d0000000, 0x00000000d3100000, 0x00000000f0000000)
  object space 50176K, 62% used [0x00000000d0000000,0x00000000d1ea9c88,0x00000000d3100000)
 Metaspace       used 33219K, capacity 34786K, committed 34944K, reserved 1079296K
  class space    used 3971K, capacity 4480K, committed 4480K, reserved 1048576K
Event: 12.705 GC heap after
Heap after GC invocations=12 (full 1):
 PSYoungGen      total 199680K, used 19960K [0x00000000f0000000, 0x0000000100000000, 0x0000000100000000)
  eden space 179712K, 0% used [0x00000000f0000000,0x00000000f0000000,0x00000000faf80000)
  from space 19968K, 99% used [0x00000000faf80000,0x00000000fc2fe308,0x00000000fc300000)
  to   space 28160K, 0% used [0x00000000fe480000,0x00000000fe480000,0x0000000100000000)
 ParOldGen       total 50176K, used 45663K [0x00000000d0000000, 0x00000000d3100000, 0x00000000f0000000)
  object space 50176K, 91% used [0x00000000d0000000,0x00000000d2c97cc0,0x00000000d3100000)
 Metaspace       used 33219K, capacity 34786K, committed 34944K, reserved 1079296K
  class space    used 3971K, capacity 4480K, committed 4480K, reserved 1048576K
}
Event: 12.705 GC heap before
{Heap before GC invocations=13 (full 2):
 PSYoungGen      total 199680K, used 19960K [0x00000000f0000000, 0x0000000100000000, 0x0000000100000000)
  eden space 179712K, 0% used [0x00000000f0000000,0x00000000f0000000,0x00000000faf80000)
  from space 19968K, 99% used [0x00000000faf80000,0x00000000fc2fe308,0x00000000fc300000)
  to   space 28160K, 0% used [0x00000000fe480000,0x00000000fe480000,0x0000000100000000)
 ParOldGen       total 50176K, used 45663K [0x00000000d0000000, 0x00000000d3100000, 0x00000000f0000000)
  object space 50176K, 91% used [0x00000000d0000000,0x00000000d2c97cc0,0x00000000d3100000)
 Metaspace       used 33219K, capacity 34786K, committed 34944K, reserved 1079296K
  class space    used 3971K, capacity 4480K, committed 4480K, reserved 1048576K

Deoptimization events (10 events):
Event: 10.213 Thread 0x00007f5868009000 Uncommon trap: reason=class_check action=maybe_recompile pc=0x00007f58598144d8 method=java.util.Hashtable.put(Ljava/lang/Object;Ljava/lang/Object;)Ljava/lang/Object; @ 60
Event: 10.387 Thread 0x00007f5868009000 Uncommon trap: reason=unstable_if action=reinterpret pc=0x00007f5859f069e8 method=org.apache.tools.ant.types.selectors.SelectorUtils.match(Ljava/lang/String;Ljava/lang/String;Z)Z @ 85
Event: 10.442 Thread 0x00007f5868009000 Uncommon trap: reason=unstable_if action=reinterpret pc=0x00007f585961ebe4 method=java.util.regex.Pattern$Start.match(Ljava/util/regex/Matcher;ILjava/lang/CharSequence;)Z @ 10
Event: 10.470 Thread 0x00007f5868009000 Uncommon trap: reason=unloaded action=reinterpret pc=0x00007f58596617d8 method=sun.misc.URLClassPath$FileLoader.getResource(Ljava/lang/String;Z)Lsun/misc/Resource; @ 142
Event: 11.986 Thread 0x00007f5868009000 Uncommon trap: reason=unstable_if action=reinterpret pc=0x00007f5859f9dc50 method=java.util.Properties$LineReader.readLine()I @ 174
Event: 12.044 Thread 0x00007f5868009000 Uncommon trap: reason=class_check action=maybe_recompile pc=0x00007f5859e41a14 method=java.lang.Throwable.<init>(Ljava/lang/String;Ljava/lang/Throwable;)V @ 24
Event: 12.044 Thread 0x00007f5868009000 Uncommon trap: reason=class_check action=maybe_recompile pc=0x00007f5859e41a14 method=java.lang.Throwable.<init>(Ljava/lang/String;Ljava/lang/Throwable;)V @ 24
Event: 12.045 Thread 0x00007f5868009000 Uncommon trap: reason=class_check action=maybe_recompile pc=0x00007f5859e41a14 method=java.lang.Throwable.<init>(Ljava/lang/String;Ljava/lang/Throwable;)V @ 24
Event: 12.045 Thread 0x00007f5868009000 Uncommon trap: reason=class_check action=maybe_recompile pc=0x00007f5859e41a14 method=java.lang.Throwable.<init>(Ljava/lang/String;Ljava/lang/Throwable;)V @ 24
Event: 12.146 Thread 0x00007f5868009000 Uncommon trap: reason=unstable_if action=reinterpret pc=0x00007f58597b5598 method=groovy.lang.MetaClassImpl.filterPropertyMethod(Ljava/lang/Object;ZZ)Ljava/lang/Object; @ 82

Internal exceptions (10 events):
Event: 12.495 Thread 0x00007f5868009000 Exception <a 'java/lang/ClassNotFoundException': org/grails/plugins/web/rest/plugin/RestResponderGrailsPlugin$_closure1BeanInfo> (0x00000000faa6af90) thrown at [/HUDSON3/workspace/8-2-build-linux-amd64/jdk8u111/7883/hotspot/src/share/vm/classfile/systemDi
Event: 12.497 Thread 0x00007f5868009000 Exception <a 'java/lang/ClassNotFoundException': org/grails/plugins/web/rest/plugin/RestResponderGrailsPlugin$_closure1Customizer> (0x00000000faab58a8) thrown at [/HUDSON3/workspace/8-2-build-linux-amd64/jdk8u111/7883/hotspot/src/share/vm/classfile/system
Event: 12.502 Thread 0x00007f5868009000 Exception <a 'java/lang/ClassNotFoundException': org/grails/plugins/web/rest/plugin/RestResponderGrailsPlugin$_closure2BeanInfo> (0x00000000fab56d28) thrown at [/HUDSON3/workspace/8-2-build-linux-amd64/jdk8u111/7883/hotspot/src/share/vm/classfile/systemDi
Event: 12.504 Thread 0x00007f5868009000 Exception <a 'java/lang/ClassNotFoundException': org/grails/plugins/web/rest/plugin/RestResponderGrailsPlugin$_closure2Customizer> (0x00000000faba1640) thrown at [/HUDSON3/workspace/8-2-build-linux-amd64/jdk8u111/7883/hotspot/src/share/vm/classfile/system
Event: 12.517 Thread 0x00007f5868009000 Exception <a 'java/lang/ClassNotFoundException': org/codehaus/groovy/grails/plugins/ValidationGrailsPluginBeanInfo> (0x00000000fac79c48) thrown at [/HUDSON3/workspace/8-2-build-linux-amd64/jdk8u111/7883/hotspot/src/share/vm/classfile/systemDictionary.cpp,
Event: 12.519 Thread 0x00007f5868009000 Exception <a 'java/lang/ClassNotFoundException': org/codehaus/groovy/grails/plugins/ValidationGrailsPluginCustomizer> (0x00000000facbcc70) thrown at [/HUDSON3/workspace/8-2-build-linux-amd64/jdk8u111/7883/hotspot/src/share/vm/classfile/systemDictionary.cp
Event: 12.526 Thread 0x00007f5868009000 Exception <a 'java/lang/ClassNotFoundException': org/codehaus/groovy/grails/plugins/ValidationGrailsPlugin$__clinit__closure2BeanInfo> (0x00000000fad6a170) thrown at [/HUDSON3/workspace/8-2-build-linux-amd64/jdk8u111/7883/hotspot/src/share/vm/classfile/sy
Event: 12.528 Thread 0x00007f5868009000 Exception <a 'java/lang/ClassNotFoundException': org/codehaus/groovy/grails/plugins/ValidationGrailsPlugin$__clinit__closure2Customizer> (0x00000000fadb79f8) thrown at [/HUDSON3/workspace/8-2-build-linux-amd64/jdk8u111/7883/hotspot/src/share/vm/classfile/
Event: 12.542 Thread 0x00007f5868009000 Exception <a 'java/lang/ClassNotFoundException': org/codehaus/groovy/grails/plugins/ValidationGrailsPlugin$_closure1BeanInfo> (0x00000000fae74088) thrown at [/HUDSON3/workspace/8-2-build-linux-amd64/jdk8u111/7883/hotspot/src/share/vm/classfile/systemDicti
Event: 12.544 Thread 0x00007f5868009000 Exception <a 'java/lang/ClassNotFoundException': org/codehaus/groovy/grails/plugins/ValidationGrailsPlugin$_closure1Customizer> (0x00000000faebd260) thrown at [/HUDSON3/workspace/8-2-build-linux-amd64/jdk8u111/7883/hotspot/src/share/vm/classfile/systemDic

Events (10 events):
Event: 12.542 loading class org/codehaus/groovy/grails/plugins/ValidationGrailsPlugin$_closure1Customizer done
Event: 12.543 loading class org/codehaus/groovy/grails/plugins/ValidationGrailsPlugin$_closure1Customizer
Event: 12.543 loading class org/codehaus/groovy/grails/plugins/ValidationGrailsPlugin$_closure1Customizer done
Event: 12.543 loading class org/codehaus/groovy/grails/plugins/ValidationGrailsPlugin$_closure1Customizer
Event: 12.543 loading class org/codehaus/groovy/grails/plugins/ValidationGrailsPlugin$_closure1Customizer done
Event: 12.545 loading class groovy/runtime/metaclass/org/codehaus/groovy/grails/plugins/ValidationGrailsPluginMetaClass
Event: 12.545 loading class groovy/runtime/metaclass/org/codehaus/groovy/grails/plugins/ValidationGrailsPluginMetaClass done
Event: 12.558 loading class org/codehaus/groovy/grails/plugins/web/filters/FiltersGrailsPluginBeanInfo
Event: 12.558 loading class org/codehaus/groovy/grails/plugins/web/filters/FiltersGrailsPluginBeanInfo done
Event: 12.558 Executing VM operation: ParallelGCFailedAllocation


Dynamic libraries:
00400000-00401000 r-xp 00000000 fd:01 518620                             /root/.sdkman/candidates/java/8u111/bin/java
00600000-00601000 rw-p 00000000 fd:01 518620                             /root/.sdkman/candidates/java/8u111/bin/java
020e5000-02127000 rw-p 00000000 00:00 0                                  [heap]
d0000000-d3100000 rw-p 00000000 00:00 0 
d6000000-f0000000 ---p 00000000 00:00 0 
f0000000-100000000 rw-p 00000000 00:00 0 
100000000-100460000 rw-p 00000000 00:00 0 
100460000-140000000 ---p 00000000 00:00 0 
7f580c000000-7f580c03f000 rw-p 00000000 00:00 0 
7f580c03f000-7f5810000000 ---p 00000000 00:00 0 
7f5814000000-7f5814021000 rw-p 00000000 00:00 0 
7f5814021000-7f5818000000 ---p 00000000 00:00 0 
7f5818000000-7f5818021000 rw-p 00000000 00:00 0 
7f5818021000-7f581c000000 ---p 00000000 00:00 0 
7f581c000000-7f581c021000 rw-p 00000000 00:00 0 
7f581c021000-7f5820000000 ---p 00000000 00:00 0 
7f5820000000-7f5820021000 rw-p 00000000 00:00 0 
7f5820021000-7f5824000000 ---p 00000000 00:00 0 
7f5824000000-7f5824bfb000 rw-p 00000000 00:00 0 
7f5824bfb000-7f5828000000 ---p 00000000 00:00 0 
7f5828000000-7f5828021000 rw-p 00000000 00:00 0 
7f5828021000-7f582c000000 ---p 00000000 00:00 0 
7f582c000000-7f582e216000 rw-p 00000000 00:00 0 
7f582e216000-7f5830000000 ---p 00000000 00:00 0 
7f5831ad9000-7f5838000000 r--p 00000000 fd:01 262303                     /usr/lib/locale/locale-archive
7f5838000000-7f5838021000 rw-p 00000000 00:00 0 
7f5838021000-7f583c000000 ---p 00000000 00:00 0 
7f583c000000-7f583c021000 rw-p 00000000 00:00 0 
7f583c021000-7f5840000000 ---p 00000000 00:00 0 
7f5840000000-7f5840456000 rw-p 00000000 00:00 0 
7f5840456000-7f5844000000 ---p 00000000 00:00 0 
7f5844000000-7f5844021000 rw-p 00000000 00:00 0 
7f5844021000-7f5848000000 ---p 00000000 00:00 0 
7f5848000000-7f5848021000 rw-p 00000000 00:00 0 
7f5848021000-7f584c000000 ---p 00000000 00:00 0 
7f584e839000-7f584e9f9000 rw-p 00000000 00:00 0 
7f584e9f9000-7f584ea3c000 ---p 00000000 00:00 0 
7f584ea3c000-7f584eb3a000 rw-p 00000000 00:00 0 
7f584eb3a000-7f584eb3d000 ---p 00000000 00:00 0 
7f584eb3d000-7f584ec3b000 rw-p 00000000 00:00 0 
7f584ec3b000-7f584ec3e000 ---p 00000000 00:00 0 
7f584ec3e000-7f584ed3c000 rw-p 00000000 00:00 0 
7f584ed3c000-7f584ed3f000 ---p 00000000 00:00 0 
7f584ed3f000-7f584ee3d000 rw-p 00000000 00:00 0 
7f584ee3d000-7f584ee40000 ---p 00000000 00:00 0 
7f584ee40000-7f584f13e000 rw-p 00000000 00:00 0 
7f584f13e000-7f585093e000 rw-p 00000000 00:00 0 
7f58509f1000-7f58509f2000 rw-p 00000000 00:00 0 
7f58509f2000-7f58509f5000 ---p 00000000 00:00 0 
7f58509f5000-7f5850cf3000 rw-p 00000000 00:00 0 
7f5850cf3000-7f5850ef3000 rw-p 00000000 00:00 0 
7f5850ef3000-7f58510f3000 rw-p 00000000 00:00 0 
7f58510f3000-7f5851104000 r--s 000d2000 fd:01 520508                     /root/.m2/repository/org/liquibase/liquibase-core/2.0.5/liquibase-core-2.0.5.jar
7f5851104000-7f585110a000 r--s 0004c000 fd:01 133604                     /root/.sdkman/candidates/grails/2.5.5/lib/org.grails/grails-datastore-simple/jars/grails-datastore-simple-3.1.5.RELEASE.jar
7f585110a000-7f585110f000 r--s 00048000 fd:01 520507                     /root/.m2/repository/dom4j/dom4j/1.6.1/dom4j-1.6.1.jar
7f585110f000-7f5851110000 r--s 00002000 fd:01 520503                     /root/.m2/repository/org/jboss/logging/jboss-logging-annotations/1.2.0.Beta1/jboss-logging-annotations-1.2.0.Beta1.jar
7f5851110000-7f5851113000 r--s 00010000 fd:01 520502                     /root/.m2/repository/org/hibernate/common/hibernate-commons-annotations/4.0.4.Final/hibernate-commons-annotations-4.0.4.Final.jar
7f5851113000-7f585111b000 r--s 00054000 fd:01 520499                     /root/.m2/repository/org/springframework/spring-orm/4.1.8.RELEASE/spring-orm-4.1.8.RELEASE.jar
7f585111b000-7f585111d000 r--s 0000a000 fd:01 520497                     /root/.m2/repository/org/grails/grails-datastore-gorm-plugin-support/3.1.5.RELEASE/grails-datastore-gorm-plugin-support-3.1.5.RELEASE.jar
7f585111d000-7f5851123000 r--s 00041000 fd:01 520496                     /root/.m2/repository/org/grails/grails-datastore-gorm-hibernate-core/3.1.5.RELEASE/grails-datastore-gorm-hibernate-core-3.1.5.RELEASE.jar
7f5851123000-7f585112b000 r--s 00062000 fd:01 520493                     /root/.m2/repository/org/grails/grails-datastore-gorm-hibernate4/3.1.5.RELEASE/grails-datastore-gorm-hibernate4-3.1.5.RELEASE.jar
7f585112b000-7f5851135000 r--s 00080000 fd:01 133601                     /root/.sdkman/candidates/grails/2.5.5/lib/org.grails/grails-datastore-gorm/jars/grails-datastore-gorm-3.1.5.RELEASE.jar
7f5851135000-7f5851140000 r--s 00054000 fd:01 133598                     /root/.sdkman/candidates/grails/2.5.5/lib/org.grails/grails-datastore-core/jars/grails-datastore-core-3.1.5.RELEASE.jar
7f5851140000-7f5851142000 r--s 0000d000 fd:01 520491                     /root/.m2/repository/org/jboss/logging/jboss-logging/3.1.0.GA/jboss-logging-3.1.0.GA.jar
7f5851142000-7f585121a000 r--s 007c3000 fd:01 520490                     /root/.m2/repository/net/sf/ehcache/ehcache/2.9.0/ehcache-2.9.0.jar
7f585121a000-7f585121c000 r--s 00011000 fd:01 520487                     /root/.m2/repository/org/jboss/jandex/1.1.0.Final/jandex-1.1.0.Final.jar
7f585121c000-7f5851221000 r--s 00068000 fd:01 520485                     /root/.m2/repository/antlr/antlr/2.7.7/antlr-2.7.7.jar
7f5851221000-7f5851222000 r--s 00006000 fd:01 520484                     /root/.m2/repository/org/jboss/spec/javax/transaction/jboss-transaction-api_1.2_spec/1.0.0.Final/jboss-transaction-api_1.2_spec-1.0.0.Final.jar
7f5851222000-7f5851281000 r--s 004ab000 fd:01 520483                     /root/.m2/repository/org/hibernate/hibernate-core/4.3.10.Final/hibernate-core-4.3.10.Final.jar
7f5851281000-7f5851285000 r--s 0001e000 fd:01 520479                     /root/.m2/repository/org/hibernate/hibernate-ehcache/4.3.10.Final/hibernate-ehcache-4.3.10.Final.jar
7f5851285000-7f5851287000 r--s 0000d000 fd:01 520478                     /root/.m2/repository/com/fasterxml/classmate/1.0.0/classmate-1.0.0.jar
7f5851287000-7f585128b000 r--s 0000c000 fd:01 520475                     /root/.m2/repository/javax/validation/validation-api/1.1.0.Final/validation-api-1.1.0.Final.jar
7f585128b000-7f5851299000 r--s 0008d000 fd:01 520473                     /root/.m2/repository/org/hibernate/hibernate-validator/5.1.3.Final/hibernate-validator-5.1.3.Final.jar
7f5851299000-7f58512a1000 r--s 0007b000 fd:01 520470                     /root/.m2/repository/com/google/protobuf/protobuf-java/2.5.0/protobuf-java-2.5.0.jar
7f58512a1000-7f58512cc000 r--s 001fc000 fd:01 520468                     /root/.m2/repository/com/google/guava/guava/18.0/guava-18.0.jar
7f58512cc000-7f58512cf000 r--s 00010000 fd:01 520465                     /root/.m2/repository/args4j/args4j/2.0.26/args4j-2.0.26.jar
7f58512cf000-7f58512d0000 r--s 0001c000 fd:01 520463                     /root/.m2/repository/com/google/javascript/closure-compiler-externs/v20141023/closure-compiler-externs-v20141023.jar
7f58512d0000-7f5851301000 r--s 002cc000 fd:01 520461                     /root/.m2/repository/com/google/javascript/closure-compiler/v20141023/closure-compiler-v20141023.jar
7f5851301000-7f5851305000 r--s 00035000 fd:01 520460                     /root/.m2/repository/com/bertramlabs/plugins/asset-pipeline-core/2.5.5/asset-pipeline-core-2.5.5.jar
7f5851305000-7f5851312000 r--s 00109000 fd:01 520459                     /root/.m2/repository/org/mozilla/rhino/1.7R4/rhino-1.7R4.jar
7f5851312000-7f585131b000 r--s 000a5000 fd:01 520455                     /root/.m2/repository/org/javassist/javassist/3.17.1-GA/javassist-3.17.1-GA.jar
7f585131b000-7f585131d000 r--s 00013000 fd:01 522495                     /root/.m2/repository/xml-resolver/xml-resolver/1.2/xml-resolver-1.2.jar
7f585131d000-7f5851334000 r--s 00112000 fd:01 522494                     /root/.m2/repository/xerces/xercesImpl/2.8.1/xercesImpl-2.8.1.jar
7f5851334000-7f5851337000 r--s 0001a000 fd:01 522493                     /root/.m2/repository/net/sourceforge/nekohtml/nekohtml/1.9.9/nekohtml-1.9.9.jar
7f5851337000-7f585133a000 r--s 00013000 fd:01 522492                     /root/.m2/repository/net/sf/ezmorph/ezmorph/1.0.6/ezmorph-1.0.6.jar
7f585133a000-7f5851348000 r--s 0007f000 fd:01 133294                     /root/.sdkman/candidates/grails/2.5.5/lib/commons-collections/commons-collections/jars/commons-collections-3.2.1.jar
7f5851348000-7f585134d000 r--s 00034000 fd:01 522486                     /root/.m2/repository/commons-beanutils/commons-beanutils/1.8.0/commons-beanutils-1.8.0.jar
7f585134d000-7f5851351000 r--s 00022000 fd:01 522484                     /root/.m2/repository/net/sf/json-lib/json-lib/2.3/json-lib-2.3-jdk15.jar
7f5851351000-7f5851353000 r--s 0000d000 fd:01 520471                     /root/.m2/repository/commons-logging/commons-logging/1.1.1/commons-logging-1.1.1.jar
7f5851353000-7f5851358000 r--s 00026000 fd:01 522482                     /root/.m2/repository/org/apache/httpcomponents/httpcore/4.0.1/httpcore-4.0.1.jar
7f5851358000-7f585135f000 r--s 00041000 fd:01 522480                     /root/.m2/repository/org/apache/httpcomponents/httpclient/4.0.3/httpclient-4.0.3.jar
7f585135f000-7f5851361000 r--s 00024000 fd:01 522478                     /root/.m2/repository/org/codehaus/groovy/modules/http-builder/http-builder/0.5.1/http-builder-0.5.1.jar
7f5851361000-7f5851363000 r--s 00008000 fd:01 520454                     /root/.m2/repository/org/grails/grails-datastore-test-support/1.0.2-grails-2.4/grails-datastore-test-support-1.0.2-grails-2.4.jar
7f5851363000-7f585136b000 r--s 000cf000 fd:01 520451                     /root/.m2/repository/mysql/mysql-connector-java/5.1.29/mysql-connector-java-5.1.29.jar
7f585136b000-7f585136d000 r--s 00087000 fd:01 134690                     /root/.sdkman/candidates/grails/2.5.5/dist/grails-resources-2.5.5.jar
7f585136d000-7f5851376000 r--s 0006f000 fd:01 133382                     /root/.sdkman/candidates/grails/2.5.5/lib/log4j/log4j/jars/log4j-1.2.17.jar
7f5851376000-7f5851383000 r--s 00189000 fd:01 133266                     /root/.sdkman/candidates/grails/2.5.5/lib/com.h2database/h2/jars/h2-1.3.176.jar
7f5851383000-7f5851385000 r--s 00009000 fd:01 133617                     /root/.sdkman/candidates/grails/2.5.5/lib/org.hamcrest/hamcrest-core/jars/hamcrest-core-1.3.jar
7f5851385000-7f585138d000 r--s 00045000 fd:01 133375                     /root/.sdkman/candidates/grails/2.5.5/lib/junit/junit/jars/junit-4.12.jar
7f585138d000-7f5851393000 r--s 0004a000 fd:01 520449                     /root/.m2/repository/cglib/cglib-nodep/2.2.2/cglib-nodep-2.2.2.jar
7f5851393000-7f58513a0000 r--s 00083000 fd:01 133687                     /root/.sdkman/candidates/grails/2.5.5/lib/org.spockframework/spock-core/jars/spock-core-1.0-groovy-2.4.jar
7f58513a0000-7f58513a3000 r--s 00016000 fd:01 134417                     /root/.sdkman/candidates/grails/2.5.5/dist/grails-plugin-domain-class-2.5.5.jar
7f58513a3000-7f58513a6000 r--s 00009000 fd:01 133635                     /root/.sdkman/candidates/grails/2.5.5/lib/org.objenesis/objenesis/jars/objenesis-1.4.jar
7f58513a6000-7f58513ab000 r--s 00037000 fd:01 134753                     /root/.sdkman/candidates/grails/2.5.5/dist/grails-test-2.5.5.jar
7f58513ab000-7f58513ad000 r--s 0000a000 fd:01 134522                     /root/.sdkman/candidates/grails/2.5.5/dist/grails-plugin-mimetypes-2.5.5.jar
7f58513ad000-7f58513ae000 r--s 0000a000 fd:01 133220                     /root/.sdkman/candidates/grails/2.5.5/lib/asm/asm/jars/asm-3.3.1.jar
7f58513ae000-7f58513b5000 r--s 00040000 fd:01 133236                     /root/.sdkman/candidates/grails/2.5.5/lib/cglib/cglib/jars/cglib-2.2.2.jar
7f58513b5000-7f58513c1000 r--s 0006f000 fd:01 520448                     /root/.m2/repository/org/springframework/spring-test/4.1.8.RELEASE/spring-test-4.1.8.RELEASE.jar
7f58513c1000-7f58513c5000 r--s 0001e000 fd:01 134354                     /root/.sdkman/candidates/grails/2.5.5/dist/grails-plugin-converters-2.5.5.jar
7f58513c5000-7f58513cd000 r--s 00070000 fd:01 134606                     /root/.sdkman/candidates/grails/2.5.5/dist/grails-plugin-testing-2.5.5.jar
7f58513cd000-7f58513ce000 r--s 0000e000 fd:01 133509                     /root/.sdkman/candidates/grails/2.5.5/lib/org.codehaus.jsr166-mirror/jsr166y/jars/jsr166y-1.7.0.jar
7f58513ce000-7f58513ea000 r--s 00136000 fd:01 133495                     /root/.sdkman/candidates/grails/2.5.5/lib/org.codehaus.gpars/gpars/jars/gpars-1.2.1.jar
7f58513ea000-7f58513ec000 r--s 0000c000 fd:01 134144                     /root/.sdkman/candidates/grails/2.5.5/dist/grails-async-2.5.5.jar
7f58513ec000-7f58513ee000 r--s 0000a000 fd:01 134291                     /root/.sdkman/candidates/grails/2.5.5/dist/grails-plugin-async-2.5.5.jar
7f58513ee000-7f58513f2000 r--s 00028000 fd:01 133313                     /root/.sdkman/candidates/grails/2.5.5/lib/commons-validator/commons-validator/jars/commons-validator-1.4.0.jar
7f58513f2000-7f58513f4000 r--s 00014000 fd:01 134774                     /root/.sdkman/candidates/grails/2.5.5/dist/grails-validation-2.5.5.jar
7f58513f4000-7f58513f8000 r--s 00019000 fd:01 133259                     /root/.sdkman/candidates/grails/2.5.5/lib/com.googlecode.concurrentlinkedhashmap/concurrentlinkedhashmap-lru/jars/concurrentlinkedhashmap-lru-1.4.jar
7f58513f8000-7f58513fa000 r--s 0000c000 fd:01 134627                     /root/.sdkman/candidates/grails/2.5.5/dist/grails-plugin-url-mappings-2.5.5.jar
7f58513fa000-7f58513fc000 r--s 00004000 fd:01 134585                     /root/.sdkman/candidates/grails/2.5.5/dist/grails-plugin-servlets-2.5.5.jar
7f58513fc000-7f5851403000 r--s 00037000 fd:01 520445                     /root/.m2/repository/org/springframework/spring-tx/4.1.8.RELEASE/spring-tx-4.1.8.RELEASE.jar
7f5851403000-7f5851404000 r--s 00008000 fd:01 134564                     /root/.sdkman/candidates/grails/2.5.5/dist/grails-plugin-services-2.5.5.jar
7f5851404000-7f5851405000 r--s 00001000 fd:01 133648                     /root/.sdkman/candidates/grails/2.5.5/lib/org.slf4j/jul-to-slf4j/jars/jul-to-slf4j-1.7.5.jar
7f5851405000-7f5851407000 r--s 0000b000 fd:01 134501                     /root/.sdkman/candidates/grails/2.5.5/dist/grails-plugin-log4j-2.5.5.jar
7f5851407000-7f5851408000 r--s 00000000 fd:01 134270                     /root/.sdkman/candidates/grails/2.5.5/dist/grails-logging-2.5.5.jar
7f5851408000-7f5851418000 r--s 000a1000 fd:01 520444                     /root/.m2/repository/org/springframework/spring-web/4.1.8.RELEASE/spring-web-4.1.8.RELEASE.jar
7f5851418000-7f585141d000 r--s 0002a000 fd:01 134249                     /root/.sdkman/candidates/grails/2.5.5/dist/grails-encoder-2.5.5.jar
7f585141d000-7f585141f000 r--s 0000e000 fd:01 134312                     /root/.sdkman/candidates/grails/2.5.5/dist/grails-plugin-codecs-2.5.5.jar
7f585141f000-7f5851420000 r--s 0000a000 fd:01 134921                     /root/.sdkman/candidates/grails/2.5.5/dist/grails-web-gsp-taglib-2.5.5.jar
7f5851420000-7f5851426000 r--s 0004c000 fd:01 134459                     /root/.sdkman/candidates/grails/2.5.5/dist/grails-plugin-gsp-2.5.5.jar
7f5851426000-7f5851428000 r--s 00009000 fd:01 134438                     /root/.sdkman/candidates/grails/2.5.5/dist/grails-plugin-filters-2.5.5.jar
7f5851428000-7f5851429000 r--s 00004000 fd:01 134480                     /root/.sdkman/candidates/grails/2.5.5/dist/grails-plugin-i18n-2.5.5.jar
7f5851429000-7f585142a000 r--s 00009000 fd:01 134732                     /root/.sdkman/candidates/grails/2.5.5/dist/grails-spring-2.5.5.jar
7f585142a000-7f5851437000 r--s 000a1000 fd:01 520443                     /root/.m2/repository/org/springframework/spring-beans/4.1.8.RELEASE/spring-beans-4.1.8.RELEASE.jar
7f5851437000-7f585143c000 r--s 00017000 fd:01 133624                     /root/.sdkman/candidates/grails/2.5.5/lib/org.hibernate.javax.persistence/hibernate-jpa-2.1-api/jars/hibernate-jpa-2.1-api-1.0.0.Final.jar
7f585143c000-7f5851451000 r--s 000e2000 fd:01 520442                     /root/.m2/repository/org/springframework/spring-core/4.1.8.RELEASE/spring-core-4.1.8.RELEASE.jar
7f5851451000-7f585145e000 r--s 00096000 fd:01 134186                     /root/.sdkman/candidates/grails/2.5.5/dist/grails-core-2.5.5.jar
7f585145e000-7f585145f000 r--s 00004000 fd:01 134375                     /root/.sdkman/candidates/grails/2.5.5/dist/grails-plugin-databinding-2.5.5.jar
7f585145f000-7f5851464000 r--s 0002a000 fd:01 133245                     /root/.sdkman/candidates/grails/2.5.5/lib/com.google.code.gson/gson/jars/gson-2.2.4.jar
7f5851464000-7f5851466000 r--s 00009000 fd:01 134648                     /root/.sdkman/candidates/grails/2.5.5/dist/grails-plugin-validation-2.5.5.jar
7f5851466000-7f5851469000 r--s 0001d000 fd:01 134333                     /root/.sdkman/candidates/grails/2.5.5/dist/grails-plugin-controllers-2.5.5.jar
7f5851469000-7f585146e000 r--s 0003b000 fd:01 520441                     /root/.m2/repository/org/springframework/spring-expression/4.1.8.RELEASE/spring-expression-4.1.8.RELEASE.jar
7f585146e000-7f5851477000 r--s 0004f000 fd:01 520435                     /root/.m2/repository/org/springframework/spring-aop/4.1.8.RELEASE/spring-aop-4.1.8.RELEASE.jar
7f5851477000-7f585148f000 r--s 000e3000 fd:01 520433                     /root/.m2/repository/org/springframework/spring-context/4.1.8.RELEASE/spring-context-4.1.8.RELEASE.jar
7f585148f000-7f5851499000 r--s 0005f000 fd:01 520431                     /root/.m2/repository/org/springframework/spring-jdbc/4.1.8.RELEASE/spring-jdbc-4.1.8.RELEASE.jar
7f5851499000-7f585149b000 r--s 00008000 fd:01 133468                     /root/.sdkman/candidates/grails/2.5.5/lib/org.apache.tomcat/tomcat-juli/jars/tomcat-juli-7.0.70.jar
7f585149b000-7f585149e000 r--s 0001d000 fd:01 133463                     /root/.sdkman/candidates/grails/2.5.5/lib/org.apache.tomcat/tomcat-jdbc/jars/tomcat-jdbc-7.0.70.jar
7f585149e000-7f58514a0000 r--s 0000a000 fd:01 134396                     /root/.sdkman/candidates/grails/2.5.5/dist/grails-plugin-datasource-2.5.5.jar
7f58514a0000-7f58514a2000 r--s 0000c000 fd:01 133697                     /root/.sdkman/candidates/grails/2.5.5/lib/org.springframework/spring-aspects/jars/spring-aspects-4.1.9.RELEASE.jar
7f58514a2000-7f58514a5000 r--s 00020000 fd:01 134942                     /root/.sdkman/candidates/grails/2.5.5/dist/grails-web-jsp-2.5.5.jar
7f58514a5000-7f58514a9000 r--s 00027000 fd:01 133302                     /root/.sdkman/candidates/grails/2.5.5/lib/commons-io/commons-io/jars/commons-io-2.2.jar
7f58514a9000-7f58514ab000 r--s 0000f000 fd:01 133298                     /root/.sdkman/candidates/grails/2.5.5/lib/commons-fileupload/commons-fileupload/jars/commons-fileupload-1.3.1.jar
7f58514ab000-7f58514ac000 r--s 00000000 fd:01 134879                     /root/.sdkman/candidates/grails/2.5.5/dist/grails-web-fileupload-2.5.5.jar
7f58514ac000-7f58514b0000 r--s 00019000 fd:01 133481                     /root/.sdkman/candidates/grails/2.5.5/lib/org.aspectj/aspectjrt/jars/aspectjrt-1.8.7.jar
7f58514b0000-7f58514b4000 r--s 00028000 fd:01 520427                     /root/.m2/repository/org/springframework/spring-context-support/4.1.8.RELEASE/spring-context-support-4.1.8.RELEASE.jar
7f58514b4000-7f58514c3000 r--s 000b1000 fd:01 520418                     /root/.m2/repository/org/springframework/spring-webmvc/4.1.8.RELEASE/spring-webmvc-4.1.8.RELEASE.jar
7f58514c3000-7f58514c8000 r--s 0002c000 fd:01 134816                     /root/.sdkman/candidates/grails/2.5.5/dist/grails-web-common-2.5.5.jar
7f58514c8000-7f58514cb000 r--s 0000d000 fd:01 134207                     /root/.sdkman/candidates/grails/2.5.5/dist/grails-databinding-2.5.5.jar
7f58514cb000-7f58514ce000 r--s 00014000 fd:01 134837                     /root/.sdkman/candidates/grails/2.5.5/dist/grails-web-databinding-2.5.5.jar
7f58514ce000-7f58514e7000 r--s 001af000 fd:01 133484                     /root/.sdkman/candidates/grails/2.5.5/lib/org.aspectj/aspectjweaver/jars/aspectjweaver-1.8.7.jar
7f58514e7000-7f58514ea000 r--s 00020000 fd:01 135005                     /root/.sdkman/candidates/grails/2.5.5/dist/grails-web-url-mappings-2.5.5.jar
7f58514ea000-7f58514f0000 r--s 00027000 fd:01 133390                     /root/.sdkman/candidates/grails/2.5.5/lib/opensymphony/sitemesh/jars/sitemesh-2.4.jar
7f58514f0000-7f58514f2000 r--s 0000b000 fd:01 134984                     /root/.sdkman/candidates/grails/2.5.5/dist/grails-web-sitemesh-2.5.5.jar
7f58514f2000-7f58514f4000 r--s 00009000 fd:01 134963                     /root/.sdkman/candidates/grails/2.5.5/dist/grails-web-mvc-2.5.5.jar
7f58514f4000-7f58514fb000 r--s 00049000 fd:01 134900                     /root/.sdkman/candidates/grails/2.5.5/dist/grails-web-gsp-2.5.5.jar
7f58514fb000-7f58514fd000 r--s 00009000 fd:01 134795                     /root/.sdkman/candidates/grails/2.5.5/dist/grails-web-2.5.5.jar
7f58514fd000-7f5851501000 r--s 00028000 fd:01 134543                     /root/.sdkman/candidates/grails/2.5.5/dist/grails-plugin-rest-2.5.5.jar
7f5851501000-7f5851504000 r--s 00012000 fd:01 133350                     /root/.sdkman/candidates/grails/2.5.5/lib/javax.servlet/javax.servlet-api/jars/javax.servlet-api-3.0.1.jar
7f5851504000-7f585150a000 r--s 00045000 fd:01 1422231                    /universe/Neeis/lib/commons-net-3.5.jar
7f585150a000-7f585150c000 r--s 00024000 fd:01 1422232                    /universe/Neeis/lib/groovy-wslite-1.1.3.jar
7f585150c000-7f5851513000 r--s 00088000 fd:01 1422233                    /universe/Neeis/lib/sqljdbc4.jar
7f5851513000-7f5851534000 r--s 00270000 fd:01 519882                     /root/.m2/repository/org/apache/tomcat/embed/tomcat-embed-core/7.0.70/tomcat-embed-core-7.0.70.jar
7f5851534000-7f5851544000 r--s 0019c000 fd:01 519880                     /root/.m2/repository/org/eclipse/jdt/core/compiler/ecj/3.7.2/ecj-3.7.2.jar
7f5851544000-7f5851549000 r--s 00038000 fd:01 519878                     /root/.m2/repository/org/apache/tomcat/embed/tomcat-embed-websocket/7.0.70/tomcat-embed-websocket-7.0.70.jar
7f5851549000-7f585154b000 r--s 00013000 fd:01 133474                     /root/.sdkman/candidates/grails/2.5.5/lib/org.apache.tomcat.embed/tomcat-embed-logging-log4j/jars/tomcat-embed-logging-log4j-7.0.70.jar
7f585154b000-7f585154e000 r--s 00028000 fd:01 519876                     /root/.m2/repository/org/apache/tomcat/embed/tomcat-embed-el/7.0.70/tomcat-embed-el-7.0.70.jar
7f585154e000-7f5851557000 r--s 0009f000 fd:01 519874                     /root/.m2/repository/org/apache/tomcat/embed/tomcat-embed-jasper/7.0.70/tomcat-embed-jasper-7.0.70.jar
7f5851557000-7f5851559000 r--s 0000c000 fd:01 519872                     /root/.m2/repository/org/apache/tomcat/tomcat-catalina-ant/7.0.70/tomcat-catalina-ant-7.0.70.jar
7f5851559000-7f585155d000 r--s 0001c000 fd:01 133610                     /root/.sdkman/candidates/grails/2.5.5/lib/org.grails/grails-gdoc-engine/jars/grails-gdoc-engine-1.0.1.jar
7f585155d000-7f5851563000 r--s 00039000 fd:01 133770                     /root/.sdkman/candidates/grails/2.5.5/lib/org.yaml/snakeyaml/jars/snakeyaml-1.8.jar
7f5851563000-7f5851574000 r--s 000f7000 fd:01 133763                     /root/.sdkman/candidates/grails/2.5.5/lib/org.xhtmlrenderer/core-renderer/jars/core-renderer-R8.jar
7f5851574000-7f5851579000 r--s 00041000 fd:01 133309                     /root/.sdkman/candidates/grails/2.5.5/lib/commons-lang/commons-lang/jars/commons-lang-2.6.jar
7f5851579000-7f585159a000 r--s 0015a000 fd:01 133229                     /root/.sdkman/candidates/grails/2.5.5/lib/bouncycastle/bcprov-jdk14/jars/bcprov-jdk14-138.jar
7f585159a000-7f585159e000 r--s 0002b000 fd:01 133225                     /root/.sdkman/candidates/grails/2.5.5/lib/bouncycastle/bcmail-jdk14/jars/bcmail-jdk14-138.jar
7f585159e000-7f58515ab000 r--s 0011c000 fd:01 133273                     /root/.sdkman/candidates/grails/2.5.5/lib/com.lowagie/itext/jars/itext-2.0.8.jar
7f58515ab000-7f58515b1000 r--s 00043000 fd:01 133631                     /root/.sdkman/candidates/grails/2.5.5/lib/org.jsoup/jsoup/jars/jsoup-1.7.3.jar
7f58515b1000-7f58515b4000 r--s 00044000 fd:01 134228                     /root/.sdkman/candidates/grails/2.5.5/dist/grails-docs-2.5.5.jar
7f58515b4000-7f58515bb000 r--s 00081000 fd:01 134711                     /root/.sdkman/candidates/grails/2.5.5/dist/grails-scripts-2.5.5.jar
7f58515bb000-7f58515c0000 r--s 00033000 fd:01 134669                     /root/.sdkman/candidates/grails/2.5.5/dist/grails-project-api-2.5.5.jar
7f58515c0000-7f58515de000 r--s 001cf000 fd:01 133394                     /root/.sdkman/candidates/grails/2.5.5/lib/org.apache.ant/ant/jars/ant-1.9.4.jar
7f58515de000-7f58515df000 r--s 00001000 fd:01 133403                     /root/.sdkman/candidates/grails/2.5.5/lib/org.apache.ant/ant-trax/jars/ant-trax-1.7.1.jar
7f58515df000-7f58515e4000 r--s 00050000 fd:01 133488                     /root/.sdkman/candidates/grails/2.5.5/lib/org.codehaus.gant/gant_groovy1.8/jars/gant_groovy1.8-1.9.6.jar
7f58515e4000-7f58515e6000 r--s 0001a000 fd:01 133594                     /root/.sdkman/candidates/grails/2.5.5/lib/org.fusesource.jansi/jansi/jars/jansi-1.11.jar
7f58515e6000-7f58515ea000 r--s 000dc000 fd:01 133386                     /root/.sdkman/candidates/grails/2.5.5/lib/net.java.dev.jna/jna/jars/jna-4.0.0.jar
7f58515ea000-7f58515ee000 r--s 00031000 fd:01 133368                     /root/.sdkman/candidates/grails/2.5.5/lib/jline/jline/jars/jline-2.12.jar
7f58515ee000-7f585165d000 r--s 0063e000 fd:01 135504                     /root/.sdkman/candidates/grails/2.5.5/lib/org.codehaus.groovy/groovy-all/jars/groovy-all-2.4.4.jar
7f585165d000-7f585165f000 r--s 0001b000 fd:01 133397                     /root/.sdkman/candidates/grails/2.5.5/lib/org.apache.ant/ant-junit/jars/ant-junit-1.9.4.jar
7f585165f000-7f5851660000 r--s 00004000 fd:01 133400                     /root/.sdkman/candidates/grails/2.5.5/lib/org.apache.ant/ant-launcher/jars/ant-launcher-1.9.4.jar
7f5851660000-7f5851664000 r--s 00040000 fd:01 133777                     /root/.sdkman/candidates/grails/2.5.5/lib/xalan/serializer/jars/serializer-2.7.2.jar
7f5851664000-7f5851864000 rw-p 00000000 00:00 0 
7f5851864000-7f5851875000 r-xp 00000000 fd:01 518817                     /root/.sdkman/candidates/java/8u111/jre/lib/amd64/libnio.so
7f5851875000-7f5851a74000 ---p 00011000 fd:01 518817                     /root/.sdkman/candidates/java/8u111/jre/lib/amd64/libnio.so
7f5851a74000-7f5851a75000 rw-p 00010000 fd:01 518817                     /root/.sdkman/candidates/java/8u111/jre/lib/amd64/libnio.so
7f5851a75000-7f5851a8b000 r-xp 00000000 fd:01 518867                     /root/.sdkman/candidates/java/8u111/jre/lib/amd64/libnet.so
7f5851a8b000-7f5851c8b000 ---p 00016000 fd:01 518867                     /root/.sdkman/candidates/java/8u111/jre/lib/amd64/libnet.so
7f5851c8b000-7f5851c8c000 rw-p 00016000 fd:01 518867                     /root/.sdkman/candidates/java/8u111/jre/lib/amd64/libnet.so
7f5851c8c000-7f5851e8c000 rw-p 00000000 00:00 0 
7f5851e8c000-7f585208c000 rw-p 00000000 00:00 0 
7f585208c000-7f585208e000 r--s 00000000 fd:01 133215                     /root/.sdkman/candidates/grails/2.5.5/lib/aopalliance/aopalliance/jars/aopalliance-1.0.jar
7f585208e000-7f5852091000 r--s 00006000 fd:01 133241                     /root/.sdkman/candidates/grails/2.5.5/lib/com.google.code.findbugs/jsr305/jars/jsr305-1.3.9.jar
7f5852091000-7f5852092000 r--s 00000000 fd:01 133343                     /root/.sdkman/candidates/grails/2.5.5/lib/javax.inject/javax.inject/jars/javax.inject-1.jar
7f5852092000-7f5852093000 r--s 00001000 fd:01 133329                     /root/.sdkman/candidates/grails/2.5.5/lib/javax.annotation/jsr250-api/jars/jsr250-api-1.0.jar
7f5852093000-7f5852095000 r--s 00002000 fd:01 133667                     /root/.sdkman/candidates/grails/2.5.5/lib/org.sonatype.plexus/plexus-cipher/jars/plexus-cipher-1.4.jar
7f5852095000-7f585209b000 r--s 00033000 fd:01 133287                     /root/.sdkman/candidates/grails/2.5.5/lib/commons-codec/commons-codec/jars/commons-codec-1.6.jar
7f585209b000-7f58520a1000 r--s 00032000 fd:01 133416                     /root/.sdkman/candidates/grails/2.5.5/lib/org.apache.httpcomponents/httpcore/jars/httpcore-4.2.5.jar
7f58520a1000-7f58520b6000 r--s 00116000 fd:01 133420                     /root/.sdkman/candidates/grails/2.5.5/lib/org.apache.ivy/ivy/jars/ivy-2.3.0.jar
7f58520b6000-7f58520b8000 r--s 0000a000 fd:01 133516                     /root/.sdkman/candidates/grails/2.5.5/lib/org.codehaus.plexus/plexus-classworlds/jars/plexus-classworlds-2.4.jar
7f58520b8000-7f58520be000 r--s 00042000 fd:01 133584                     /root/.sdkman/candidates/grails/2.5.5/lib/org.eclipse.sisu/org.eclipse.sisu.inject/jars/org.eclipse.sisu.inject-0.0.0.M5.jar
7f58520be000-7f58520c6000 r--s 00050000 fd:01 133679                     /root/.sdkman/candidates/grails/2.5.5/lib/org.sonatype.sisu/sisu-guice/jars/sisu-guice-3.1.0-no_aop.jar
7f58520c6000-7f58520e4000 r--s 00151000 fd:01 133252                     /root/.sdkman/candidates/grails/2.5.5/lib/com.google.guava/guava/jars/guava-10.0.1.jar
7f58520e4000-7f58520e7000 r--s 00008000 fd:01 133336                     /root/.sdkman/candidates/grails/2.5.5/lib/javax.enterprise/cdi-api/jars/cdi-api-1.0.jar
7f58520e7000-7f58520e8000 r--s 00006000 fd:01 133673                     /root/.sdkman/candidates/grails/2.5.5/lib/org.sonatype.plexus/plexus-sec-dispatcher/jars/plexus-sec-dispatcher-1.3.jar
7f58520e8000-7f58520ea000 r--s 00009000 fd:01 133451                     /root/.sdkman/candidates/grails/2.5.5/lib/org.apache.maven/maven-settings/jars/maven-settings-3.2.5.jar
7f58520ea000-7f58520ed000 r--s 0000d000 fd:01 133528                     /root/.sdkman/candidates/grails/2.5.5/lib/org.codehaus.plexus/plexus-interpolation/jars/plexus-interpolation-1.21.jar
7f58520ed000-7f58520f1000 r--s 00038000 fd:01 133534                     /root/.sdkman/candidates/grails/2.5.5/lib/org.codehaus.plexus/plexus-utils/jars/plexus-utils-3.0.20.jar
7f58520f1000-7f58520f3000 r--s 00000000 fd:01 133522                     /root/.sdkman/candidates/grails/2.5.5/lib/org.codehaus.plexus/plexus-component-annotations/jars/plexus-component-annotations-1.5.5.jar
7f58520f3000-7f58520f5000 r--s 00005000 fd:01 133445                     /root/.sdkman/candidates/grails/2.5.5/lib/org.apache.maven/maven-repository-metadata/jars/maven-repository-metadata-3.2.5.jar
7f58520f5000-7f58520fa000 r--s 00025000 fd:01 133439                     /root/.sdkman/candidates/grails/2.5.5/lib/org.apache.maven/maven-model-builder/jars/maven-model-builder-3.2.5.jar
7f58520fa000-7f58520fd000 r--s 00025000 fd:01 133433                     /root/.sdkman/candidates/grails/2.5.5/lib/org.apache.maven/maven-model/jars/maven-model-3.2.5.jar
7f58520fd000-7f5852107000 r--s 00061000 fd:01 133410                     /root/.sdkman/candidates/grails/2.5.5/lib/org.apache.httpcomponents/httpclient/jars/httpclient-4.2.6.jar
7f5852107000-7f5852109000 r--s 00006000 fd:01 133559                     /root/.sdkman/candidates/grails/2.5.5/lib/org.eclipse.aether/aether-spi/jars/aether-spi-1.0.2.v20150114.jar
7f5852109000-7f585210a000 r--s 00002000 fd:01 133660                     /root/.sdkman/candidates/grails/2.5.5/lib/org.slf4j/slf4j-simple/jars/slf4j-simple-1.7.5.jar
7f585210a000-7f5852110000 r--s 0002a000 fd:01 133590                     /root/.sdkman/candidates/grails/2.5.5/lib/org.eclipse.sisu/org.eclipse.sisu.plexus/jars/org.eclipse.sisu.plexus-0.0.0.M5.jar
7f5852110000-7f5852112000 r--s 00009000 fd:01 133457                     /root/.sdkman/candidates/grails/2.5.5/lib/org.apache.maven/maven-settings-builder/jars/maven-settings-builder-3.2.5.jar
7f5852112000-7f5852114000 r--s 0000f000 fd:01 133427                     /root/.sdkman/candidates/grails/2.5.5/lib/org.apache.maven/maven-aether-provider/jars/maven-aether-provider-3.2.5.jar
7f5852114000-7f5852116000 r--s 00001000 fd:01 133565                     /root/.sdkman/candidates/grails/2.5.5/lib/org.eclipse.aether/aether-transport-file/jars/aether-transport-file-1.0.2.v20150114.jar
7f5852116000-7f5852118000 r--s 00007000 fd:01 133571                     /root/.sdkman/candidates/grails/2.5.5/lib/org.eclipse.aether/aether-transport-http/jars/aether-transport-http-1.0.2.v20150114.jar
7f5852118000-7f585211c000 r--s 00027000 fd:01 133553                     /root/.sdkman/candidates/grails/2.5.5/lib/org.eclipse.aether/aether-impl/jars/aether-impl-1.0.2.v20150114.jar
7f585211c000-7f5852121000 r--s 0001d000 fd:01 133541                     /root/.sdkman/candidates/grails/2.5.5/lib/org.eclipse.aether/aether-api/jars/aether-api-1.0.2.v20150114.jar
7f5852121000-7f5852321000 rw-p 00000000 00:00 0 
7f5852321000-7f5852521000 rw-p 00000000 00:00 0 
7f5852521000-7f5852524000 ---p 00000000 00:00 0 
7f5852524000-7f5852622000 rw-p 00000000 00:00 0                          [stack:31169]
7f5852622000-7f5852623000 r-xp 00000000 fd:01 281990                     /tmp/libjansi-64-7504315604749122267.so
7f5852623000-7f5852822000 ---p 00001000 fd:01 281990                     /tmp/libjansi-64-7504315604749122267.so
7f5852822000-7f5852823000 rw-p 00000000 fd:01 281990                     /tmp/libjansi-64-7504315604749122267.so
7f5852823000-7f5852826000 ---p 00000000 00:00 0 
7f5852826000-7f5852a5c000 rw-p 00000000 00:00 0                          [stack:31158]
7f5852a5c000-7f5852ad4000 r--s 010e6000 fd:01 518570                     /root/.sdkman/candidates/java/8u111/lib/tools.jar
7f5852ad4000-7f5852af2000 r--s 001cf000 fd:01 133394                     /root/.sdkman/candidates/grails/2.5.5/lib/org.apache.ant/ant/jars/ant-1.9.4.jar
7f5852af2000-7f5852b07000 r--s 00116000 fd:01 133420                     /root/.sdkman/candidates/grails/2.5.5/lib/org.apache.ivy/ivy/jars/ivy-2.3.0.jar
7f5852b07000-7f5852b77000 r--s 0063d000 fd:01 133502                     /root/.sdkman/candidates/grails/2.5.5/lib/org.codehaus.groovy/groovy-all/jars/groovy-all-2.4.5.jar
7f5852b77000-7f5852b84000 r--s 000b3000 fd:01 134165                     /root/.sdkman/candidates/grails/2.5.5/dist/grails-bootstrap-2.5.5.jar
7f5852b84000-7f5852bf4000 r--s 0063d000 fd:01 133502                     /root/.sdkman/candidates/grails/2.5.5/lib/org.codehaus.groovy/groovy-all/jars/groovy-all-2.4.5.jar
7f5852bf4000-7f5852bf5000 ---p 00000000 00:00 0 
7f5852bf5000-7f5852cf5000 rw-p 00000000 00:00 0                          [stack:31156]
7f5852cf5000-7f5852cf8000 ---p 00000000 00:00 0 
7f5852cf8000-7f5852df6000 rw-p 00000000 00:00 0                          [stack:31155]
7f5852df6000-7f5852df9000 ---p 00000000 00:00 0 
7f5852df9000-7f5852ef7000 rw-p 00000000 00:00 0                          [stack:31154]
7f5852ef7000-7f5852efa000 ---p 00000000 00:00 0 
7f5852efa000-7f5852ff8000 rw-p 00000000 00:00 0                          [stack:31153]
7f5852ff8000-7f5852ffb000 ---p 00000000 00:00 0 
7f5852ffb000-7f58530f9000 rw-p 00000000 00:00 0                          [stack:31152]
7f58530f9000-7f58530fc000 ---p 00000000 00:00 0 
7f58530fc000-7f58531fa000 rw-p 00000000 00:00 0                          [stack:31151]
7f58531fa000-7f58531fd000 ---p 00000000 00:00 0 
7f58531fd000-7f58532fb000 rw-p 00000000 00:00 0                          [stack:31150]
7f58532fb000-7f58532fc000 ---p 00000000 00:00 0 
7f58532fc000-7f5854000000 rw-p 00000000 00:00 0                          [stack:31149]
7f5854000000-7f585402e000 rw-p 00000000 00:00 0 
7f585402e000-7f5858000000 ---p 00000000 00:00 0 
7f5858000000-7f5858004000 r--s 00020000 fd:01 133577                     /root/.sdkman/candidates/grails/2.5.5/lib/org.eclipse.aether/aether-util/jars/aether-util-1.0.2.v20150114.jar
7f5858004000-7f5858006000 r--s 00003000 fd:01 133642                     /root/.sdkman/candidates/grails/2.5.5/lib/org.slf4j/jcl-over-slf4j/jars/jcl-over-slf4j-1.7.5.jar
7f5858006000-7f5858008000 r--s 00005000 fd:01 133654                     /root/.sdkman/candidates/grails/2.5.5/lib/org.slf4j/slf4j-api/jars/slf4j-api-1.7.5.jar
7f5858008000-7f5858570000 rw-p 00000000 00:00 0 
7f5858570000-7f5858748000 r--s 03d2a000 fd:01 518748                     /root/.sdkman/candidates/java/8u111/jre/lib/rt.jar
7f5858748000-7f585893e000 rw-p 00000000 00:00 0 
7f585893e000-7f585893f000 ---p 00000000 00:00 0 
7f585893f000-7f5858a3f000 rw-p 00000000 00:00 0                          [stack:31148]
7f5858a3f000-7f5858a40000 ---p 00000000 00:00 0 
7f5858a40000-7f5858b59000 rw-p 00000000 00:00 0                          [stack:31147]
7f5858b59000-7f5858c40000 ---p 00000000 00:00 0 
7f5858c40000-7f5858c7f000 rw-p 00000000 00:00 0 
7f5858c7f000-7f5859000000 ---p 00000000 00:00 0 
7f5859000000-7f5859fc0000 rwxp 00000000 00:00 0 
7f5859fc0000-7f5868000000 ---p 00000000 00:00 0 
7f5868000000-7f586a3ab000 rw-p 00000000 00:00 0 
7f586a3ab000-7f586c000000 ---p 00000000 00:00 0 
7f586c000000-7f586c003000 r--s 0001b000 fd:01 134123                     /root/.sdkman/candidates/grails/2.5.5/dist/grails-aether-2.5.5.jar
7f586c003000-7f586c007000 r--s 00097000 fd:01 518660                     /root/.sdkman/candidates/java/8u111/jre/lib/jsse.jar
7f586c007000-7f586c00c000 r--s 00050000 fd:01 133488                     /root/.sdkman/candidates/grails/2.5.5/lib/org.codehaus.gant/gant_groovy1.8/jars/gant_groovy1.8-1.9.6.jar
7f586c00c000-7f586c019000 r--s 000b3000 fd:01 134165                     /root/.sdkman/candidates/grails/2.5.5/dist/grails-bootstrap-2.5.5.jar
7f586c019000-7f586c032000 rw-p 00000000 00:00 0 
7f586c032000-7f586c119000 ---p 00000000 00:00 0 
7f586c119000-7f586c199000 rw-p 00000000 00:00 0 
7f586c199000-7f586c19a000 rw-p 00000000 00:00 0 
7f586c19a000-7f586c1b4000 r-xp 00000000 fd:01 518850                     /root/.sdkman/candidates/java/8u111/jre/lib/amd64/libzip.so
7f586c1b4000-7f586c3b4000 ---p 0001a000 fd:01 518850                     /root/.sdkman/candidates/java/8u111/jre/lib/amd64/libzip.so
7f586c3b4000-7f586c3b5000 rw-p 0001a000 fd:01 518850                     /root/.sdkman/candidates/java/8u111/jre/lib/amd64/libzip.so
7f586c3b5000-7f586c3c1000 r-xp 00000000 fd:01 262003                     /usr/lib64/libnss_files-2.17.so
7f586c3c1000-7f586c5c0000 ---p 0000c000 fd:01 262003                     /usr/lib64/libnss_files-2.17.so
7f586c5c0000-7f586c5c1000 r--p 0000b000 fd:01 262003                     /usr/lib64/libnss_files-2.17.so
7f586c5c1000-7f586c5c2000 rw-p 0000c000 fd:01 262003                     /usr/lib64/libnss_files-2.17.so
7f586c5c2000-7f586c5c8000 rw-p 00000000 00:00 0 
7f586c5c8000-7f586c5f3000 r-xp 00000000 fd:01 518825                     /root/.sdkman/candidates/java/8u111/jre/lib/amd64/libjava.so
7f586c5f3000-7f586c7f2000 ---p 0002b000 fd:01 518825                     /root/.sdkman/candidates/java/8u111/jre/lib/amd64/libjava.so
7f586c7f2000-7f586c7f4000 rw-p 0002a000 fd:01 518825                     /root/.sdkman/candidates/java/8u111/jre/lib/amd64/libjava.so
7f586c7f4000-7f586c801000 r-xp 00000000 fd:01 518842                     /root/.sdkman/candidates/java/8u111/jre/lib/amd64/libverify.so
7f586c801000-7f586ca00000 ---p 0000d000 fd:01 518842                     /root/.sdkman/candidates/java/8u111/jre/lib/amd64/libverify.so
7f586ca00000-7f586ca02000 rw-p 0000c000 fd:01 518842                     /root/.sdkman/candidates/java/8u111/jre/lib/amd64/libverify.so
7f586ca02000-7f586ca09000 r-xp 00000000 fd:01 262015                     /usr/lib64/librt-2.17.so
7f586ca09000-7f586cc08000 ---p 00007000 fd:01 262015                     /usr/lib64/librt-2.17.so
7f586cc08000-7f586cc09000 r--p 00006000 fd:01 262015                     /usr/lib64/librt-2.17.so
7f586cc09000-7f586cc0a000 rw-p 00007000 fd:01 262015                     /usr/lib64/librt-2.17.so
7f586cc0a000-7f586cd0b000 r-xp 00000000 fd:01 261993                     /usr/lib64/libm-2.17.so
7f586cd0b000-7f586cf0a000 ---p 00101000 fd:01 261993                     /usr/lib64/libm-2.17.so
7f586cf0a000-7f586cf0b000 r--p 00100000 fd:01 261993                     /usr/lib64/libm-2.17.so
7f586cf0b000-7f586cf0c000 rw-p 00101000 fd:01 261993                     /usr/lib64/libm-2.17.so
7f586cf0c000-7f586dbd9000 r-xp 00000000 fd:01 518807                     /root/.sdkman/candidates/java/8u111/jre/lib/amd64/server/libjvm.so
7f586dbd9000-7f586ddd8000 ---p 00ccd000 fd:01 518807                     /root/.sdkman/candidates/java/8u111/jre/lib/amd64/server/libjvm.so
7f586ddd8000-7f586deb1000 rw-p 00ccc000 fd:01 518807                     /root/.sdkman/candidates/java/8u111/jre/lib/amd64/server/libjvm.so
7f586deb1000-7f586defc000 rw-p 00000000 00:00 0 
7f586defc000-7f586e0b3000 r-xp 00000000 fd:01 261985                     /usr/lib64/libc-2.17.so
7f586e0b3000-7f586e2b3000 ---p 001b7000 fd:01 261985                     /usr/lib64/libc-2.17.so
7f586e2b3000-7f586e2b7000 r--p 001b7000 fd:01 261985                     /usr/lib64/libc-2.17.so
7f586e2b7000-7f586e2b9000 rw-p 001bb000 fd:01 261985                     /usr/lib64/libc-2.17.so
7f586e2b9000-7f586e2be000 rw-p 00000000 00:00 0 
7f586e2be000-7f586e2c1000 r-xp 00000000 fd:01 261991                     /usr/lib64/libdl-2.17.so
7f586e2c1000-7f586e4c0000 ---p 00003000 fd:01 261991                     /usr/lib64/libdl-2.17.so
7f586e4c0000-7f586e4c1000 r--p 00002000 fd:01 261991                     /usr/lib64/libdl-2.17.so
7f586e4c1000-7f586e4c2000 rw-p 00003000 fd:01 261991                     /usr/lib64/libdl-2.17.so
7f586e4c2000-7f586e4d7000 r-xp 00000000 fd:01 518577                     /root/.sdkman/candidates/java/8u111/lib/amd64/jli/libjli.so
7f586e4d7000-7f586e6d7000 ---p 00015000 fd:01 518577                     /root/.sdkman/candidates/java/8u111/lib/amd64/jli/libjli.so
7f586e6d7000-7f586e6d8000 rw-p 00015000 fd:01 518577                     /root/.sdkman/candidates/java/8u111/lib/amd64/jli/libjli.so
7f586e6d8000-7f586e6ee000 r-xp 00000000 fd:01 262011                     /usr/lib64/libpthread-2.17.so
7f586e6ee000-7f586e8ee000 ---p 00016000 fd:01 262011                     /usr/lib64/libpthread-2.17.so
7f586e8ee000-7f586e8ef000 r--p 00016000 fd:01 262011                     /usr/lib64/libpthread-2.17.so
7f586e8ef000-7f586e8f0000 rw-p 00017000 fd:01 262011                     /usr/lib64/libpthread-2.17.so
7f586e8f0000-7f586e8f4000 rw-p 00000000 00:00 0 
7f586e8f4000-7f586e915000 r-xp 00000000 fd:01 261978                     /usr/lib64/ld-2.17.so
7f586e915000-7f586e917000 r--s 00001000 fd:01 518652                     /root/.sdkman/candidates/java/8u111/jre/lib/ext/dnsns.jar
7f586e917000-7f586e919000 r--s 00009000 fd:01 133280                     /root/.sdkman/candidates/grails/2.5.5/lib/commons-cli/commons-cli/jars/commons-cli-1.2.jar
7f586e919000-7f586e91d000 r--s 000dc000 fd:01 133386                     /root/.sdkman/candidates/grails/2.5.5/lib/net.java.dev.jna/jna/jars/jna-4.0.0.jar
7f586e91d000-7f586e921000 r--s 00031000 fd:01 133368                     /root/.sdkman/candidates/grails/2.5.5/lib/jline/jline/jars/jline-2.12.jar
7f586e921000-7f586ea02000 rw-p 00000000 00:00 0 
7f586ea02000-7f586ea0a000 rw-s 00000000 fd:01 522530                     /tmp/hsperfdata_root/31130
7f586ea0a000-7f586ea0d000 ---p 00000000 00:00 0 
7f586ea0d000-7f586eb0f000 rw-p 00000000 00:00 0                          [stack:31146]
7f586eb0f000-7f586eb10000 r--s 00008000 fd:01 133547                     /root/.sdkman/candidates/grails/2.5.5/lib/org.eclipse.aether/aether-connector-basic/jars/aether-connector-basic-1.0.2.v20150114.jar
7f586eb10000-7f586eb12000 r--s 0001a000 fd:01 133594                     /root/.sdkman/candidates/grails/2.5.5/lib/org.fusesource.jansi/jansi/jars/jansi-1.11.jar
7f586eb12000-7f586eb13000 rw-p 00000000 00:00 0 
7f586eb13000-7f586eb14000 ---p 00000000 00:00 0 
7f586eb14000-7f586eb15000 rw-p 00000000 00:00 0 
7f586eb15000-7f586eb16000 r--p 00021000 fd:01 261978                     /usr/lib64/ld-2.17.so
7f586eb16000-7f586eb17000 rw-p 00022000 fd:01 261978                     /usr/lib64/ld-2.17.so
7f586eb17000-7f586eb18000 rw-p 00000000 00:00 0 
7ffeb0e0c000-7ffeb0e2d000 rw-p 00000000 00:00 0                          [stack]
7ffeb0ef6000-7ffeb0ef8000 r-xp 00000000 00:00 0                          [vdso]
ffffffffff600000-ffffffffff601000 r-xp 00000000 00:00 0                  [vsyscall]

VM Arguments:
jvm_args: -Xmx768M -Xms64M -Dfile.encoding=UTF-8 -Dgrails.home=/root/.sdkman/candidates/grails/current -Dtools.jar=/root/.sdkman/candidates/java/current/lib/tools.jar -Djava.net.preferIPv4Stack=true 
java_command: org.codehaus.groovy.grails.cli.support.GrailsStarter --main org.codehaus.groovy.grails.cli.GrailsScriptRunner --conf /root/.sdkman/candidates/grails/current/conf/groovy-starter.conf --classpath   war portal.war
java_class_path (initial): /root/.sdkman/candidates/grails/current/lib/org.codehaus.groovy/groovy-all/jars/groovy-all-2.4.5.jar:/root/.sdkman/candidates/grails/current/dist/grails-bootstrap-2.5.5.jar
Launcher Type: SUN_STANDARD

Environment Variables:
JAVA_HOME=/root/.sdkman/candidates/java/current
PATH=/root/.sdkman/candidates/java/current/bin:/root/.sdkman/candidates/groovy/current/bin:/root/.sdkman/candidates/grails/current/bin:/usr/bin/java/bin:/usr/local/sbin:/usr/local/bin:/usr/sbin:/usr/bin:/root/.local/bin:/root/bin
SHELL=/bin/bash

Signal Handlers:
SIGSEGV: [libjvm.so+0xac64b0], sa_mask[0]=11111111011111111101111111111110, sa_flags=SA_RESTART|SA_SIGINFO
SIGBUS: [libjvm.so+0xac64b0], sa_mask[0]=11111111011111111101111111111110, sa_flags=SA_RESTART|SA_SIGINFO
SIGFPE: [libjvm.so+0x91f950], sa_mask[0]=11111111011111111101111111111110, sa_flags=SA_RESTART|SA_SIGINFO
SIGPIPE: [libjvm.so+0x91f950], sa_mask[0]=11111111011111111101111111111110, sa_flags=SA_RESTART|SA_SIGINFO
SIGXFSZ: [libjvm.so+0x91f950], sa_mask[0]=11111111011111111101111111111110, sa_flags=SA_RESTART|SA_SIGINFO
SIGILL: [libjvm.so+0x91f950], sa_mask[0]=11111111011111111101111111111110, sa_flags=SA_RESTART|SA_SIGINFO
SIGUSR1: SIG_DFL, sa_mask[0]=00000000000000000000000000000000, sa_flags=none
SIGUSR2: [libjvm.so+0x920f80], sa_mask[0]=00000000000000000000000000000000, sa_flags=SA_RESTART|SA_SIGINFO
SIGHUP: [libjvm.so+0x922380], sa_mask[0]=11111111011111111101111111111110, sa_flags=SA_RESTART|SA_SIGINFO
SIGINT: [libjvm.so+0x922380], sa_mask[0]=11111111011111111101111111111110, sa_flags=SA_RESTART|SA_SIGINFO
SIGTERM: [libjvm.so+0x922380], sa_mask[0]=11111111011111111101111111111110, sa_flags=SA_RESTART|SA_SIGINFO
SIGQUIT: [libjvm.so+0x922380], sa_mask[0]=11111111011111111101111111111110, sa_flags=SA_RESTART|SA_SIGINFO


---------------  S Y S T E M  ---------------

OS:CentOS Linux release 7.2.1511 (Core) 

uname:Linux 3.10.0-327.36.3.el7.x86_64 #1 SMP Mon Oct 24 16:09:20 UTC 2016 x86_64
libc:glibc 2.17 NPTL 2.17 
rlimit: STACK 8192k, CORE 0k, NPROC 7288, NOFILE 4096, AS infinity
load average:0.75 0.44 0.29

/proc/meminfo:
MemTotal:        1884100 kB
MemFree:           71300 kB
MemAvailable:      27836 kB
Buffers:             312 kB
Cached:           121864 kB
SwapCached:            0 kB
Active:          1680792 kB
Inactive:          65004 kB
Active(anon):    1677296 kB
Inactive(anon):    57384 kB
Active(file):       3496 kB
Inactive(file):     7620 kB
Unevictable:           0 kB
Mlocked:               0 kB
SwapTotal:             0 kB
SwapFree:              0 kB
Dirty:                64 kB
Writeback:             0 kB
AnonPages:       1623684 kB
Mapped:             8616 kB
Shmem:            110984 kB
Slab:              27940 kB
SReclaimable:      14576 kB
SUnreclaim:        13364 kB
KernelStack:        3440 kB
PageTables:        10168 kB
NFS_Unstable:          0 kB
Bounce:                0 kB
WritebackTmp:          0 kB
CommitLimit:      942048 kB
Committed_AS:    2346916 kB
VmallocTotal:   34359738367 kB
VmallocUsed:       93980 kB
VmallocChunk:   34359641080 kB
HardwareCorrupted:     0 kB
AnonHugePages:    704512 kB
HugePages_Total:       0
HugePages_Free:        0
HugePages_Rsvd:        0
HugePages_Surp:        0
Hugepagesize:       2048 kB
DirectMap4k:       57336 kB
DirectMap2M:     2039808 kB
DirectMap1G:           0 kB


CPU:total 2 (1 cores per cpu, 1 threads per core) family 6 model 62 stepping 4, cmov, cx8, fxsr, mmx, sse, sse2, sse3, ssse3, sse4.1, sse4.2, popcnt, avx, aes, clmul, erms, tsc

/proc/cpuinfo:
processor	: 0
vendor_id	: GenuineIntel
cpu family	: 6
model		: 62
model name	: Intel(R) Xeon(R) CPU E5-2630L v2 @ 2.40GHz
stepping	: 4
microcode	: 0x1
cpu MHz		: 2399.998
cache size	: 15360 KB
physical id	: 0
siblings	: 1
core id		: 0
cpu cores	: 1
apicid		: 0
initial apicid	: 0
fpu		: yes
fpu_exception	: yes
cpuid level	: 13
wp		: yes
flags		: fpu vme de pse tsc msr pae mce cx8 apic sep mtrr pge mca cmov pat pse36 clflush mmx fxsr sse sse2 ss syscall nx pdpe1gb rdtscp lm constant_tsc arch_perfmon rep_good nopl eagerfpu pni pclmulqdq vmx ssse3 cx16 pcid sse4_1 sse4_2 x2apic popcnt tsc_deadline_timer aes xsave avx f16c rdrand hypervisor lahf_lm arat vnmi ept fsgsbase tsc_adjust smep erms xsaveopt
bogomips	: 4799.99
clflush size	: 64
cache_alignment	: 64
address sizes	: 40 bits physical, 48 bits virtual
power management:

processor	: 1
vendor_id	: GenuineIntel
cpu family	: 6
model		: 62
model name	: Intel(R) Xeon(R) CPU E5-2630L v2 @ 2.40GHz
stepping	: 4
microcode	: 0x1
cpu MHz		: 2399.998
cache size	: 15360 KB
physical id	: 1
siblings	: 1
core id		: 0
cpu cores	: 1
apicid		: 1
initial apicid	: 1
fpu		: yes
fpu_exception	: yes
cpuid level	: 13
wp		: yes
flags		: fpu vme de pse tsc msr pae mce cx8 apic sep mtrr pge mca cmov pat pse36 clflush mmx fxsr sse sse2 ss syscall nx pdpe1gb rdtscp lm constant_tsc arch_perfmon rep_good nopl eagerfpu pni pclmulqdq vmx ssse3 cx16 pcid sse4_1 sse4_2 x2apic popcnt tsc_deadline_timer aes xsave avx f16c rdrand hypervisor lahf_lm arat vnmi ept fsgsbase tsc_adjust smep erms xsaveopt
bogomips	: 4799.99
clflush size	: 64
cache_alignment	: 64
address sizes	: 40 bits physical, 48 bits virtual
power management:



Memory: 4k page, physical 1884100k(71300k free), swap 0k(0k free)

vm_info: Java HotSpot(TM) 64-Bit Server VM (25.111-b14) for linux-amd64 JRE (1.8.0_111-b14), built on Sep 22 2016 16:14:03 by "java_re" with gcc 4.3.0 20080428 (Red Hat 4.3.0-8)

time: Thu Jan 19 20:57:28 2017
elapsed time: 13 seconds (0d 0h 0m 13s)

