#
# There is insufficient memory for the Java Runtime Environment to continue.
# Native memory allocation (mmap) failed to map 31457280 bytes for committing reserved memory.
# Possible reasons:
#   The system is out of physical RAM or swap space
#   In 32 bit mode, the process size limit was hit
# Possible solutions:
#   Reduce memory load on the system
#   Increase physical memory or swap space
#   Check if swap backing store is full
#   Use 64 bit Java on a 64 bit OS
#   Decrease Java heap size (-Xmx/-Xms)
#   Decrease number of Java threads
#   Decrease Java thread stack sizes (-Xss)
#   Set larger code cache with -XX:ReservedCodeCacheSize=
# This output file may be truncated or incomplete.
#
#  Out of Memory Error (os_linux.cpp:2627), pid=30635, tid=0x00007fbcf90ca700
#
# JRE version: Java(TM) SE Runtime Environment (8.0_111-b14) (build 1.8.0_111-b14)
# Java VM: Java HotSpot(TM) 64-Bit Server VM (25.111-b14 mixed mode linux-amd64 compressed oops)
# Failed to write core dump. Core dumps have been disabled. To enable core dumping, try "ulimit -c unlimited" before starting Java again
#

---------------  T H R E A D  ---------------

Current thread (0x00007fbd0c073000):  VMThread [stack: 0x00007fbcf8fca000,0x00007fbcf90cb000] [id=30654]

Stack: [0x00007fbcf8fca000,0x00007fbcf90cb000],  sp=0x00007fbcf90c9260,  free space=1020k
Native frames: (J=compiled Java code, j=interpreted, Vv=VM code, C=native code)
V  [libjvm.so+0xac5c2a]  VMError::report_and_die()+0x2ba
V  [libjvm.so+0x4fc50b]  report_vm_out_of_memory(char const*, int, unsigned long, VMErrorType, char const*)+0x8b
V  [libjvm.so+0x922ae3]  os::Linux::commit_memory_impl(char*, unsigned long, bool)+0x103
V  [libjvm.so+0x923039]  os::pd_commit_memory(char*, unsigned long, unsigned long, bool)+0x29
V  [libjvm.so+0x91d33a]  os::commit_memory(char*, unsigned long, unsigned long, bool)+0x2a
V  [libjvm.so+0x991ac3]  PSVirtualSpace::expand_by(unsigned long)+0x53
V  [libjvm.so+0x992ec8]  PSYoungGen::resize_generation(unsigned long, unsigned long)+0xf8
V  [libjvm.so+0x992022]  PSYoungGen::resize(unsigned long, unsigned long)+0x22
V  [libjvm.so+0x98f2fb]  PSScavenge::invoke_no_policy()+0xf3b
V  [libjvm.so+0x98fa81]  PSScavenge::invoke()+0x41
V  [libjvm.so+0x9467d0]  ParallelScavengeHeap::failed_mem_allocate(unsigned long)+0x70
V  [libjvm.so+0xac7647]  VM_ParallelGCFailedAllocation::doit()+0x97
V  [libjvm.so+0xacf125]  VM_Operation::evaluate()+0x55
V  [libjvm.so+0xacd4fa]  VMThread::evaluate_operation(VM_Operation*)+0xba
V  [libjvm.so+0xacd87e]  VMThread::loop()+0x1ce
V  [libjvm.so+0xacdcf0]  VMThread::run()+0x70
V  [libjvm.so+0x924ea8]  java_start(Thread*)+0x108

VM_Operation (0x00007fbd11fb6860): ParallelGCFailedAllocation, mode: safepoint, requested by thread 0x00007fbd0c009000


---------------  P R O C E S S  ---------------

Java Threads: ( => current thread )
  0x00007fbd0c360800 JavaThread "NonBlockingInputStreamThread" daemon [_thread_blocked, id=30674, stack(0x00007fbcf81e7000,0x00007fbcf82e8000)]
  0x00007fbd0c34a000 JavaThread "process reaper" daemon [_thread_blocked, id=30663, stack(0x00007fbcf84e9000,0x00007fbcf8522000)]
  0x00007fbd0c0c3800 JavaThread "Service Thread" daemon [_thread_blocked, id=30660, stack(0x00007fbcf89c4000,0x00007fbcf8ac5000)]
  0x00007fbd0c0b6800 JavaThread "C1 CompilerThread1" daemon [_thread_blocked, id=30659, stack(0x00007fbcf8ac5000,0x00007fbcf8bc6000)]
  0x00007fbd0c0b3800 JavaThread "C2 CompilerThread0" daemon [_thread_blocked, id=30658, stack(0x00007fbcf8bc6000,0x00007fbcf8cc7000)]
  0x00007fbd0c0b2000 JavaThread "Signal Dispatcher" daemon [_thread_blocked, id=30657, stack(0x00007fbcf8cc7000,0x00007fbcf8dc8000)]
  0x00007fbd0c07f000 JavaThread "Finalizer" daemon [_thread_blocked, id=30656, stack(0x00007fbcf8dc8000,0x00007fbcf8ec9000)]
  0x00007fbd0c07a800 JavaThread "Reference Handler" daemon [_thread_blocked, id=30655, stack(0x00007fbcf8ec9000,0x00007fbcf8fca000)]
  0x00007fbd0c009000 JavaThread "main" [_thread_blocked, id=30651, stack(0x00007fbd11ec8000,0x00007fbd11fc9000)]

Other Threads:
=>0x00007fbd0c073000 VMThread [stack: 0x00007fbcf8fca000,0x00007fbcf90cb000] [id=30654]
  0x00007fbd0c0c6800 WatcherThread [stack: 0x00007fbcf88c3000,0x00007fbcf89c4000] [id=30661]

VM state:at safepoint (normal execution)

VM Mutex/Monitor currently owned by a thread:  ([mutex/lock_event])
[0x00007fbd0c0065b0] Threads_lock - owner thread: 0x00007fbd0c073000
[0x00007fbd0c006ab0] Heap_lock - owner thread: 0x00007fbd0c009000

Heap:
 PSYoungGen      total 206336K, used 20953K [0x00000000f0000000, 0x00000000fe200000, 0x0000000100000000)
  eden space 183296K, 0% used [0x00000000f0000000,0x00000000f0000000,0x00000000fb300000)
  from space 23040K, 90% used [0x00000000fb300000,0x00000000fc7766b0,0x00000000fc980000)
  to   space 24064K, 0% used [0x00000000fc980000,0x00000000fc980000,0x00000000fe100000)
 ParOldGen       total 94720K, used 47136K [0x00000000d0000000, 0x00000000d5c80000, 0x00000000f0000000)
  object space 94720K, 49% used [0x00000000d0000000,0x00000000d2e08380,0x00000000d5c80000)
 Metaspace       used 38115K, capacity 40038K, committed 40192K, reserved 1083392K
  class space    used 4648K, capacity 5273K, committed 5376K, reserved 1048576K

Card table byte_map: [0x00007fbcfc04f000,0x00007fbcfc1d0000] byte_map_base: 0x00007fbcfb9cf000

Marking Bits: (ParMarkBitMap*) 0x00007fbd1138d220
 Begin Bits: [0x00007fbcfa54d000, 0x00007fbcfb14d000)
 End Bits:   [0x00007fbcfb14d000, 0x00007fbcfbd4d000)

Polling page: 0x00007fbd11fd1000

CodeCache: size=245760Kb used=16884Kb max_used=16884Kb free=228875Kb
 bounds [0x00007fbcfc590000, 0x00007fbcfd620000, 0x00007fbd0b590000]
 total_blobs=5783 nmethods=5130 adapters=565
 compilation: enabled

Compilation events (10 events):
Event: 18.490 Thread 0x00007fbd0c0b6800 5901       2       org.apache.xerces.impl.XMLErrorReporter::setFeature (44 bytes)
Event: 18.490 Thread 0x00007fbd0c0b6800 nmethod 5901 0x00007fbcfd617310 code [0x00007fbcfd6174a0, 0x00007fbcfd6176d8]
Event: 18.490 Thread 0x00007fbd0c0b6800 5902       2       org.apache.xerces.util.ParserConfigurationSettings::setFeature (28 bytes)
Event: 18.490 Thread 0x00007fbd0c0b6800 nmethod 5902 0x00007fbcfd616f10 code [0x00007fbcfd617080, 0x00007fbcfd617258]
Event: 18.490 Thread 0x00007fbd0c0b6800 5893       2       org.apache.xerces.impl.XMLDocumentFragmentScannerImpl::setDispatcher (6 bytes)
Event: 18.490 Thread 0x00007fbd0c0b6800 nmethod 5893 0x00007fbcfd616bd0 code [0x00007fbcfd616d20, 0x00007fbcfd616e90]
Event: 18.493 Thread 0x00007fbd0c0b6800 5907       1       sun.util.calendar.CalendarDate::setTimeOfDay (6 bytes)
Event: 18.493 Thread 0x00007fbd0c0b6800 nmethod 5907 0x00007fbcfd608010 code [0x00007fbcfd608160, 0x00007fbcfd608270]
Event: 18.493 Thread 0x00007fbd0c0b6800 5908       1       org.apache.tools.zip.ZipFile$OffsetEntry::access$202 (7 bytes)
Event: 18.493 Thread 0x00007fbd0c0b6800 nmethod 5908 0x00007fbcfd616910 code [0x00007fbcfd616a60, 0x00007fbcfd616b50]

GC Heap History (10 events):
Event: 10.642 GC heap after
Heap after GC invocations=12 (full 1):
 PSYoungGen      total 124416K, used 10224K [0x00000000f0000000, 0x00000000fa580000, 0x0000000100000000)
  eden space 114176K, 0% used [0x00000000f0000000,0x00000000f0000000,0x00000000f6f80000)
  from space 10240K, 99% used [0x00000000f6f80000,0x00000000f797c020,0x00000000f7980000)
  to   space 13312K, 0% used [0x00000000f9880000,0x00000000f9880000,0x00000000fa580000)
 ParOldGen       total 48640K, used 28536K [0x00000000d0000000, 0x00000000d2f80000, 0x00000000f0000000)
  object space 48640K, 58% used [0x00000000d0000000,0x00000000d1bde2a0,0x00000000d2f80000)
 Metaspace       used 27899K, capacity 29224K, committed 29312K, reserved 1075200K
  class space    used 3265K, capacity 3676K, committed 3712K, reserved 1048576K
}
Event: 11.871 GC heap before
{Heap before GC invocations=13 (full 1):
 PSYoungGen      total 124416K, used 124400K [0x00000000f0000000, 0x00000000fa580000, 0x0000000100000000)
  eden space 114176K, 100% used [0x00000000f0000000,0x00000000f6f80000,0x00000000f6f80000)
  from space 10240K, 99% used [0x00000000f6f80000,0x00000000f797c020,0x00000000f7980000)
  to   space 13312K, 0% used [0x00000000f9880000,0x00000000f9880000,0x00000000fa580000)
 ParOldGen       total 48640K, used 28536K [0x00000000d0000000, 0x00000000d2f80000, 0x00000000f0000000)
  object space 48640K, 58% used [0x00000000d0000000,0x00000000d1bde2a0,0x00000000d2f80000)
 Metaspace       used 30540K, capacity 32034K, committed 32256K, reserved 1077248K
  class space    used 3629K, capacity 4095K, committed 4096K, reserved 1048576K
Event: 11.976 GC heap after
Heap after GC invocations=13 (full 1):
 PSYoungGen      total 153088K, used 13280K [0x00000000f0000000, 0x00000000fb080000, 0x0000000100000000)
  eden space 139776K, 0% used [0x00000000f0000000,0x00000000f0000000,0x00000000f8880000)
  from space 13312K, 99% used [0x00000000f9880000,0x00000000fa578030,0x00000000fa580000)
  to   space 16384K, 0% used [0x00000000f8880000,0x00000000f8880000,0x00000000f9880000)
 ParOldGen       total 48640K, used 32234K [0x00000000d0000000, 0x00000000d2f80000, 0x00000000f0000000)
  object space 48640K, 66% used [0x00000000d0000000,0x00000000d1f7a9c8,0x00000000d2f80000)
 Metaspace       used 30540K, capacity 32034K, committed 32256K, reserved 1077248K
  class space    used 3629K, capacity 4095K, committed 4096K, reserved 1048576K
}
Event: 14.101 GC heap before
{Heap before GC invocations=14 (full 1):
 PSYoungGen      total 153088K, used 153056K [0x00000000f0000000, 0x00000000fb080000, 0x0000000100000000)
  eden space 139776K, 100% used [0x00000000f0000000,0x00000000f8880000,0x00000000f8880000)
  from space 13312K, 99% used [0x00000000f9880000,0x00000000fa578030,0x00000000fa580000)
  to   space 16384K, 0% used [0x00000000f8880000,0x00000000f8880000,0x00000000f9880000)
 ParOldGen       total 48640K, used 32234K [0x00000000d0000000, 0x00000000d2f80000, 0x00000000f0000000)
  object space 48640K, 66% used [0x00000000d0000000,0x00000000d1f7a9c8,0x00000000d2f80000)
 Metaspace       used 31836K, capacity 33488K, committed 33536K, reserved 1079296K
  class space    used 3828K, capacity 4348K, committed 4352K, reserved 1048576K
Event: 14.232 GC heap after
Heap after GC invocations=14 (full 1):
 PSYoungGen      total 156160K, used 16355K [0x00000000f0000000, 0x00000000fe100000, 0x0000000100000000)
  eden space 139776K, 0% used [0x00000000f0000000,0x00000000f0000000,0x00000000f8880000)
  from space 16384K, 99% used [0x00000000f8880000,0x00000000f9878ea0,0x00000000f9880000)
  to   space 24064K, 0% used [0x00000000fc980000,0x00000000fc980000,0x00000000fe100000)
 ParOldGen       total 48640K, used 47291K [0x00000000d0000000, 0x00000000d2f80000, 0x00000000f0000000)
  object space 48640K, 97% used [0x00000000d0000000,0x00000000d2e2edf8,0x00000000d2f80000)
 Metaspace       used 31836K, capacity 33488K, committed 33536K, reserved 1079296K
  class space    used 3828K, capacity 4348K, committed 4352K, reserved 1048576K
}
Event: 14.232 GC heap before
{Heap before GC invocations=15 (full 2):
 PSYoungGen      total 156160K, used 16355K [0x00000000f0000000, 0x00000000fe100000, 0x0000000100000000)
  eden space 139776K, 0% used [0x00000000f0000000,0x00000000f0000000,0x00000000f8880000)
  from space 16384K, 99% used [0x00000000f8880000,0x00000000f9878ea0,0x00000000f9880000)
  to   space 24064K, 0% used [0x00000000fc980000,0x00000000fc980000,0x00000000fe100000)
 ParOldGen       total 48640K, used 47291K [0x00000000d0000000, 0x00000000d2f80000, 0x00000000f0000000)
  object space 48640K, 97% used [0x00000000d0000000,0x00000000d2e2edf8,0x00000000d2f80000)
 Metaspace       used 31836K, capacity 33488K, committed 33536K, reserved 1079296K
  class space    used 3828K, capacity 4348K, committed 4352K, reserved 1048576K
Event: 14.536 GC heap after
Heap after GC invocations=15 (full 2):
 PSYoungGen      total 156160K, used 0K [0x00000000f0000000, 0x00000000fe100000, 0x0000000100000000)
  eden space 139776K, 0% used [0x00000000f0000000,0x00000000f0000000,0x00000000f8880000)
  from space 16384K, 0% used [0x00000000f8880000,0x00000000f8880000,0x00000000f9880000)
  to   space 24064K, 0% used [0x00000000fc980000,0x00000000fc980000,0x00000000fe100000)
 ParOldGen       total 94720K, used 47056K [0x00000000d0000000, 0x00000000d5c80000, 0x00000000f0000000)
  object space 94720K, 49% used [0x00000000d0000000,0x00000000d2df4370,0x00000000d5c80000)
 Metaspace       used 31836K, capacity 33488K, committed 33536K, reserved 1079296K
  class space    used 3828K, capacity 4348K, committed 4352K, reserved 1048576K
}
Event: 15.741 GC heap before
{Heap before GC invocations=16 (full 2):
 PSYoungGen      total 156160K, used 139776K [0x00000000f0000000, 0x00000000fe100000, 0x0000000100000000)
  eden space 139776K, 100% used [0x00000000f0000000,0x00000000f8880000,0x00000000f8880000)
  from space 16384K, 0% used [0x00000000f8880000,0x00000000f8880000,0x00000000f9880000)
  to   space 24064K, 0% used [0x00000000fc980000,0x00000000fc980000,0x00000000fe100000)
 ParOldGen       total 94720K, used 47056K [0x00000000d0000000, 0x00000000d5c80000, 0x00000000f0000000)
  object space 94720K, 49% used [0x00000000d0000000,0x00000000d2df4370,0x00000000d5c80000)
 Metaspace       used 34370K, capacity 36050K, committed 36224K, reserved 1081344K
  class space    used 4101K, capacity 4647K, committed 4736K, reserved 1048576K
Event: 15.795 GC heap after
Heap after GC invocations=16 (full 2):
 PSYoungGen      total 207360K, used 7930K [0x00000000f0000000, 0x00000000fe200000, 0x0000000100000000)
  eden space 183296K, 0% used [0x00000000f0000000,0x00000000f0000000,0x00000000fb300000)
  from space 24064K, 32% used [0x00000000fc980000,0x00000000fd13e8e0,0x00000000fe100000)
  to   space 23040K, 0% used [0x00000000fb300000,0x00000000fb300000,0x00000000fc980000)
 ParOldGen       total 94720K, used 47064K [0x00000000d0000000, 0x00000000d5c80000, 0x00000000f0000000)
  object space 94720K, 49% used [0x00000000d0000000,0x00000000d2df6370,0x00000000d5c80000)
 Metaspace       used 34370K, capacity 36050K, committed 36224K, reserved 1081344K
  class space    used 4101K, capacity 4647K, committed 4736K, reserved 1048576K
}
Event: 18.494 GC heap before
{Heap before GC invocations=17 (full 2):
 PSYoungGen      total 207360K, used 191226K [0x00000000f0000000, 0x00000000fe200000, 0x0000000100000000)
  eden space 183296K, 100% used [0x00000000f0000000,0x00000000fb300000,0x00000000fb300000)
  from space 24064K, 32% used [0x00000000fc980000,0x00000000fd13e8e0,0x00000000fe100000)
  to   space 23040K, 0% used [0x00000000fb300000,0x00000000fb300000,0x00000000fc980000)
 ParOldGen       total 94720K, used 47064K [0x00000000d0000000, 0x00000000d5c80000, 0x00000000f0000000)
  object space 94720K, 49% used [0x00000000d0000000,0x00000000d2df6370,0x00000000d5c80000)
 Metaspace       used 38115K, capacity 40038K, committed 40192K, reserved 1083392K
  class space    used 4648K, capacity 5273K, committed 5376K, reserved 1048576K

Deoptimization events (10 events):
Event: 16.617 Thread 0x00007fbd0c009000 Uncommon trap: reason=unstable_if action=reinterpret pc=0x00007fbcfc6bdc64 method=org.codehaus.groovy.reflection.CachedMethod.compareToMethod(Ljava/lang/reflect/Method;)I @ 43
Event: 16.716 Thread 0x00007fbd0c009000 Uncommon trap: reason=bimorphic action=maybe_recompile pc=0x00007fbcfd2ad4a8 method=groovy.lang.MetaClassImpl.makeReplacementMetaProperty(Lgroovy/lang/MetaProperty;Ljava/lang/String;ZLgroovy/lang/MetaMethod;)Lgroovy/lang/MetaProperty; @ 15
Event: 16.716 Thread 0x00007fbd0c009000 Uncommon trap: reason=bimorphic action=maybe_recompile pc=0x00007fbcfce56e8c method=groovy.lang.MetaClassImpl.establishStaticMetaProperty(Lgroovy/lang/MetaProperty;)Lgroovy/lang/MetaProperty; @ 32
Event: 17.133 Thread 0x00007fbd0c009000 Uncommon trap: reason=unstable_if action=reinterpret pc=0x00007fbcfce75488 method=java.util.Properties.getProperty(Ljava/lang/String;)Ljava/lang/String; @ 30
Event: 17.167 Thread 0x00007fbd0c009000 Uncommon trap: reason=unstable_if action=reinterpret pc=0x00007fbcfc6f82f8 method=sun.misc.ASCIICaseInsensitiveComparator.compare(Ljava/lang/String;Ljava/lang/String;)I @ 83
Event: 17.646 Thread 0x00007fbd0c009000 Uncommon trap: reason=bimorphic action=maybe_recompile pc=0x00007fbcfd1a4ec4 method=java.util.Hashtable.putAll(Ljava/util/Map;)V @ 1
Event: 17.659 Thread 0x00007fbd0c009000 Uncommon trap: reason=unstable_if action=reinterpret pc=0x00007fbcfd07ee58 method=sun.util.calendar.CalendarDate.setMillis(I)Lsun/util/calendar/CalendarDate; @ 5
Event: 17.673 Thread 0x00007fbd0c009000 Uncommon trap: reason=bimorphic action=maybe_recompile pc=0x00007fbcfd1a4ec4 method=java.util.Hashtable.putAll(Ljava/util/Map;)V @ 1
Event: 17.676 Thread 0x00007fbd0c009000 Uncommon trap: reason=bimorphic action=maybe_recompile pc=0x00007fbcfd1a4ec4 method=java.util.Hashtable.putAll(Ljava/util/Map;)V @ 1
Event: 17.680 Thread 0x00007fbd0c009000 Uncommon trap: reason=bimorphic action=maybe_recompile pc=0x00007fbcfd1a4ec4 method=java.util.Hashtable.putAll(Ljava/util/Map;)V @ 1

Internal exceptions (10 events):
Event: 17.638 Thread 0x00007fbd0c009000 Exception <a 'java/lang/ClassNotFoundException': org/codehaus/groovy/grails/web/pages/GroovyPageCompiler$_compileGSP_closure2BeanInfo> (0x00000000f8cafe98) thrown at [/HUDSON3/workspace/8-2-build-linux-amd64/jdk8u111/7883/hotspot/src/share/vm/classfile/sy
Event: 17.639 Thread 0x00007fbd0c009000 Exception <a 'java/lang/ClassNotFoundException': org/codehaus/groovy/grails/web/pages/GroovyPageCompiler$_compileGSP_closure2Customizer> (0x00000000f8cf9450) thrown at [/HUDSON3/workspace/8-2-build-linux-amd64/jdk8u111/7883/hotspot/src/share/vm/classfile/
Event: 17.652 Thread 0x00007fbd0c009000 Exception <a 'java/lang/ClassNotFoundException': org/codehaus/groovy/grails/web/pages/GroovyPageCompiler$_compileGSP_closure3BeanInfo> (0x00000000f8da45a0) thrown at [/HUDSON3/workspace/8-2-build-linux-amd64/jdk8u111/7883/hotspot/src/share/vm/classfile/sy
Event: 17.654 Thread 0x00007fbd0c009000 Exception <a 'java/lang/ClassNotFoundException': org/codehaus/groovy/grails/web/pages/GroovyPageCompiler$_compileGSP_closure3Customizer> (0x00000000f8dedb58) thrown at [/HUDSON3/workspace/8-2-build-linux-amd64/jdk8u111/7883/hotspot/src/share/vm/classfile/
Event: 17.825 Thread 0x00007fbd0c009000 Exception <a 'java/lang/ClassNotFoundException': org/codehaus/groovy/grails/project/packaging/GrailsProjectWarCreator$_packageWarOnly_closure2BeanInfo> (0x00000000f9a4f160) thrown at [/HUDSON3/workspace/8-2-build-linux-amd64/jdk8u111/7883/hotspot/src/shar
Event: 17.829 Thread 0x00007fbd0c009000 Exception <a 'java/lang/ClassNotFoundException': org/codehaus/groovy/grails/project/packaging/GrailsProjectWarCreator$_packageWarOnly_closure2Customizer> (0x00000000f9aa0ce8) thrown at [/HUDSON3/workspace/8-2-build-linux-amd64/jdk8u111/7883/hotspot/src/sh
Event: 18.008 Thread 0x00007fbd0c009000 Exception <a 'java/lang/ClassNotFoundException': grails/util/PluginBuildSettings$_getSupportedPluginInfos_closure16BeanInfo> (0x00000000f9c2cc18) thrown at [/HUDSON3/workspace/8-2-build-linux-amd64/jdk8u111/7883/hotspot/src/share/vm/classfile/systemDictio
Event: 18.011 Thread 0x00007fbd0c009000 Exception <a 'java/lang/ClassNotFoundException': grails/util/PluginBuildSettings$_getSupportedPluginInfos_closure16Customizer> (0x00000000f9c6fbb8) thrown at [/HUDSON3/workspace/8-2-build-linux-amd64/jdk8u111/7883/hotspot/src/share/vm/classfile/systemDict
Event: 18.431 Thread 0x00007fbd0c009000 Exception <a 'java/lang/ClassNotFoundException': org/codehaus/groovy/grails/project/packaging/GrailsProjectPackager$_packagePluginsForWar_closure7BeanInfo> (0x00000000fae7c590) thrown at [/HUDSON3/workspace/8-2-build-linux-amd64/jdk8u111/7883/hotspot/src/
Event: 18.436 Thread 0x00007fbd0c009000 Exception <a 'java/lang/ClassNotFoundException': org/codehaus/groovy/grails/project/packaging/GrailsProjectPackager$_packagePluginsForWar_closure7Customizer> (0x00000000faed0e80) thrown at [/HUDSON3/workspace/8-2-build-linux-amd64/jdk8u111/7883/hotspot/sr

Events (10 events):
Event: 18.431 loading class org/codehaus/groovy/grails/project/packaging/GrailsProjectPackager$_packagePluginsForWar_closure7BeanInfo done
Event: 18.431 loading class org/codehaus/groovy/grails/project/packaging/GrailsProjectPackager$_packagePluginsForWar_closure7BeanInfo
Event: 18.431 loading class org/codehaus/groovy/grails/project/packaging/GrailsProjectPackager$_packagePluginsForWar_closure7BeanInfo done
Event: 18.434 loading class org/codehaus/groovy/grails/project/packaging/GrailsProjectPackager$_packagePluginsForWar_closure7Customizer
Event: 18.434 loading class org/codehaus/groovy/grails/project/packaging/GrailsProjectPackager$_packagePluginsForWar_closure7Customizer done
Event: 18.435 loading class org/codehaus/groovy/grails/project/packaging/GrailsProjectPackager$_packagePluginsForWar_closure7Customizer
Event: 18.435 loading class org/codehaus/groovy/grails/project/packaging/GrailsProjectPackager$_packagePluginsForWar_closure7Customizer done
Event: 18.435 loading class org/codehaus/groovy/grails/project/packaging/GrailsProjectPackager$_packagePluginsForWar_closure7Customizer
Event: 18.435 loading class org/codehaus/groovy/grails/project/packaging/GrailsProjectPackager$_packagePluginsForWar_closure7Customizer done
Event: 18.494 Executing VM operation: ParallelGCFailedAllocation


Dynamic libraries:
00400000-00401000 r-xp 00000000 fd:01 518620                             /root/.sdkman/candidates/java/8u111/bin/java
00600000-00601000 rw-p 00000000 fd:01 518620                             /root/.sdkman/candidates/java/8u111/bin/java
00cd3000-00d1a000 rw-p 00000000 00:00 0                                  [heap]
d0000000-d5c80000 rw-p 00000000 00:00 0 
d5c80000-f0000000 ---p 00000000 00:00 0 
f0000000-fe200000 rw-p 00000000 00:00 0 
100000000-100540000 rw-p 00000000 00:00 0 
100540000-140000000 ---p 00000000 00:00 0 
7fbcb0000000-7fbcb002a000 rw-p 00000000 00:00 0 
7fbcb002a000-7fbcb4000000 ---p 00000000 00:00 0 
7fbcb8000000-7fbcb8021000 rw-p 00000000 00:00 0 
7fbcb8021000-7fbcbc000000 ---p 00000000 00:00 0 
7fbcbc000000-7fbcbc021000 rw-p 00000000 00:00 0 
7fbcbc021000-7fbcc0000000 ---p 00000000 00:00 0 
7fbcc0000000-7fbcc0021000 rw-p 00000000 00:00 0 
7fbcc0021000-7fbcc4000000 ---p 00000000 00:00 0 
7fbcc4000000-7fbcc4021000 rw-p 00000000 00:00 0 
7fbcc4021000-7fbcc8000000 ---p 00000000 00:00 0 
7fbcc8000000-7fbcc91e8000 rw-p 00000000 00:00 0 
7fbcc91e8000-7fbccc000000 ---p 00000000 00:00 0 
7fbccc000000-7fbccc021000 rw-p 00000000 00:00 0 
7fbccc021000-7fbcd0000000 ---p 00000000 00:00 0 
7fbcd0000000-7fbcd1d10000 rw-p 00000000 00:00 0 
7fbcd1d10000-7fbcd4000000 ---p 00000000 00:00 0 
7fbcd5ad9000-7fbcdc000000 r--p 00000000 fd:01 262303                     /usr/lib/locale/locale-archive
7fbcdc000000-7fbcdc021000 rw-p 00000000 00:00 0 
7fbcdc021000-7fbce0000000 ---p 00000000 00:00 0 
7fbce0000000-7fbce0021000 rw-p 00000000 00:00 0 
7fbce0021000-7fbce4000000 ---p 00000000 00:00 0 
7fbce4000000-7fbce4680000 rw-p 00000000 00:00 0 
7fbce4680000-7fbce8000000 ---p 00000000 00:00 0 
7fbce8000000-7fbce8021000 rw-p 00000000 00:00 0 
7fbce8021000-7fbcec000000 ---p 00000000 00:00 0 
7fbcec000000-7fbcec032000 rw-p 00000000 00:00 0 
7fbcec032000-7fbcf0000000 ---p 00000000 00:00 0 
7fbcf1992000-7fbcf1993000 rw-p 00000000 00:00 0 
7fbcf1993000-7fbcf1998000 r--s 002f9000 fd:01 518769                     /root/.sdkman/candidates/java/8u111/jre/lib/charsets.jar
7fbcf1998000-7fbcf19ab000 r--s 00345000 fd:01 518733                     /root/.sdkman/candidates/java/8u111/jre/lib/resources.jar
7fbcf19ab000-7fbcf1bab000 rw-p 00000000 00:00 0 
7fbcf1bab000-7fbcf1dab000 rw-p 00000000 00:00 0 
7fbcf1dab000-7fbcf1fab000 rw-p 00000000 00:00 0 
7fbcf1fab000-7fbcf1fae000 ---p 00000000 00:00 0 
7fbcf1fae000-7fbcf20ac000 rw-p 00000000 00:00 0 
7fbcf20ac000-7fbcf20af000 ---p 00000000 00:00 0 
7fbcf20af000-7fbcf21ad000 rw-p 00000000 00:00 0 
7fbcf21ad000-7fbcf21b0000 ---p 00000000 00:00 0 
7fbcf21b0000-7fbcf22ae000 rw-p 00000000 00:00 0 
7fbcf22ae000-7fbcf22b1000 ---p 00000000 00:00 0 
7fbcf22b1000-7fbcf23af000 rw-p 00000000 00:00 0 
7fbcf23af000-7fbcf23b2000 ---p 00000000 00:00 0 
7fbcf23b2000-7fbcf24b0000 rw-p 00000000 00:00 0 
7fbcf24b0000-7fbcf24b3000 ---p 00000000 00:00 0 
7fbcf24b3000-7fbcf27b1000 rw-p 00000000 00:00 0 
7fbcf27b1000-7fbcf29b1000 rw-p 00000000 00:00 0 
7fbcf29b1000-7fbcf2bb1000 rw-p 00000000 00:00 0 
7fbcf2bb1000-7fbcf2db1000 rw-p 00000000 00:00 0 
7fbcf2db1000-7fbcf2dc2000 r--s 000d2000 fd:01 520508                     /root/.m2/repository/org/liquibase/liquibase-core/2.0.5/liquibase-core-2.0.5.jar
7fbcf2dc2000-7fbcf2dc8000 r--s 0004c000 fd:01 133604                     /root/.sdkman/candidates/grails/2.5.5/lib/org.grails/grails-datastore-simple/jars/grails-datastore-simple-3.1.5.RELEASE.jar
7fbcf2dc8000-7fbcf2dcd000 r--s 00048000 fd:01 520507                     /root/.m2/repository/dom4j/dom4j/1.6.1/dom4j-1.6.1.jar
7fbcf2dcd000-7fbcf2dce000 r--s 00002000 fd:01 520503                     /root/.m2/repository/org/jboss/logging/jboss-logging-annotations/1.2.0.Beta1/jboss-logging-annotations-1.2.0.Beta1.jar
7fbcf2dce000-7fbcf2dd1000 r--s 00010000 fd:01 520502                     /root/.m2/repository/org/hibernate/common/hibernate-commons-annotations/4.0.4.Final/hibernate-commons-annotations-4.0.4.Final.jar
7fbcf2dd1000-7fbcf2dd9000 r--s 00054000 fd:01 520499                     /root/.m2/repository/org/springframework/spring-orm/4.1.8.RELEASE/spring-orm-4.1.8.RELEASE.jar
7fbcf2dd9000-7fbcf2ddb000 r--s 0000a000 fd:01 520497                     /root/.m2/repository/org/grails/grails-datastore-gorm-plugin-support/3.1.5.RELEASE/grails-datastore-gorm-plugin-support-3.1.5.RELEASE.jar
7fbcf2ddb000-7fbcf2de1000 r--s 00041000 fd:01 520496                     /root/.m2/repository/org/grails/grails-datastore-gorm-hibernate-core/3.1.5.RELEASE/grails-datastore-gorm-hibernate-core-3.1.5.RELEASE.jar
7fbcf2de1000-7fbcf2de9000 r--s 00062000 fd:01 520493                     /root/.m2/repository/org/grails/grails-datastore-gorm-hibernate4/3.1.5.RELEASE/grails-datastore-gorm-hibernate4-3.1.5.RELEASE.jar
7fbcf2de9000-7fbcf2df3000 r--s 00080000 fd:01 133601                     /root/.sdkman/candidates/grails/2.5.5/lib/org.grails/grails-datastore-gorm/jars/grails-datastore-gorm-3.1.5.RELEASE.jar
7fbcf2df3000-7fbcf2dfe000 r--s 00054000 fd:01 133598                     /root/.sdkman/candidates/grails/2.5.5/lib/org.grails/grails-datastore-core/jars/grails-datastore-core-3.1.5.RELEASE.jar
7fbcf2dfe000-7fbcf2e00000 r--s 0000d000 fd:01 520491                     /root/.m2/repository/org/jboss/logging/jboss-logging/3.1.0.GA/jboss-logging-3.1.0.GA.jar
7fbcf2e00000-7fbcf2ed8000 r--s 007c3000 fd:01 520490                     /root/.m2/repository/net/sf/ehcache/ehcache/2.9.0/ehcache-2.9.0.jar
7fbcf2ed8000-7fbcf2eda000 r--s 00011000 fd:01 520487                     /root/.m2/repository/org/jboss/jandex/1.1.0.Final/jandex-1.1.0.Final.jar
7fbcf2eda000-7fbcf2edf000 r--s 00068000 fd:01 520485                     /root/.m2/repository/antlr/antlr/2.7.7/antlr-2.7.7.jar
7fbcf2edf000-7fbcf2ee0000 r--s 00006000 fd:01 520484                     /root/.m2/repository/org/jboss/spec/javax/transaction/jboss-transaction-api_1.2_spec/1.0.0.Final/jboss-transaction-api_1.2_spec-1.0.0.Final.jar
7fbcf2ee0000-7fbcf2f3f000 r--s 004ab000 fd:01 520483                     /root/.m2/repository/org/hibernate/hibernate-core/4.3.10.Final/hibernate-core-4.3.10.Final.jar
7fbcf2f3f000-7fbcf2f43000 r--s 0001e000 fd:01 520479                     /root/.m2/repository/org/hibernate/hibernate-ehcache/4.3.10.Final/hibernate-ehcache-4.3.10.Final.jar
7fbcf2f43000-7fbcf2f45000 r--s 0000d000 fd:01 520478                     /root/.m2/repository/com/fasterxml/classmate/1.0.0/classmate-1.0.0.jar
7fbcf2f45000-7fbcf2f49000 r--s 0000c000 fd:01 520475                     /root/.m2/repository/javax/validation/validation-api/1.1.0.Final/validation-api-1.1.0.Final.jar
7fbcf2f49000-7fbcf2f57000 r--s 0008d000 fd:01 520473                     /root/.m2/repository/org/hibernate/hibernate-validator/5.1.3.Final/hibernate-validator-5.1.3.Final.jar
7fbcf2f57000-7fbcf2f5f000 r--s 0007b000 fd:01 520470                     /root/.m2/repository/com/google/protobuf/protobuf-java/2.5.0/protobuf-java-2.5.0.jar
7fbcf2f5f000-7fbcf2f8a000 r--s 001fc000 fd:01 520468                     /root/.m2/repository/com/google/guava/guava/18.0/guava-18.0.jar
7fbcf2f8a000-7fbcf2f8d000 r--s 00010000 fd:01 520465                     /root/.m2/repository/args4j/args4j/2.0.26/args4j-2.0.26.jar
7fbcf2f8d000-7fbcf2f8e000 r--s 0001c000 fd:01 520463                     /root/.m2/repository/com/google/javascript/closure-compiler-externs/v20141023/closure-compiler-externs-v20141023.jar
7fbcf2f8e000-7fbcf2fbf000 r--s 002cc000 fd:01 520461                     /root/.m2/repository/com/google/javascript/closure-compiler/v20141023/closure-compiler-v20141023.jar
7fbcf2fbf000-7fbcf2fc3000 r--s 00035000 fd:01 520460                     /root/.m2/repository/com/bertramlabs/plugins/asset-pipeline-core/2.5.5/asset-pipeline-core-2.5.5.jar
7fbcf2fc3000-7fbcf2fd0000 r--s 00109000 fd:01 520459                     /root/.m2/repository/org/mozilla/rhino/1.7R4/rhino-1.7R4.jar
7fbcf2fd0000-7fbcf2fd9000 r--s 000a5000 fd:01 520455                     /root/.m2/repository/org/javassist/javassist/3.17.1-GA/javassist-3.17.1-GA.jar
7fbcf2fd9000-7fbcf2fdb000 r--s 00013000 fd:01 522495                     /root/.m2/repository/xml-resolver/xml-resolver/1.2/xml-resolver-1.2.jar
7fbcf2fdb000-7fbcf2ff2000 r--s 00112000 fd:01 522494                     /root/.m2/repository/xerces/xercesImpl/2.8.1/xercesImpl-2.8.1.jar
7fbcf2ff2000-7fbcf2ff5000 r--s 0001a000 fd:01 522493                     /root/.m2/repository/net/sourceforge/nekohtml/nekohtml/1.9.9/nekohtml-1.9.9.jar
7fbcf2ff5000-7fbcf2ff8000 r--s 00013000 fd:01 522492                     /root/.m2/repository/net/sf/ezmorph/ezmorph/1.0.6/ezmorph-1.0.6.jar
7fbcf2ff8000-7fbcf3006000 r--s 0007f000 fd:01 133294                     /root/.sdkman/candidates/grails/2.5.5/lib/commons-collections/commons-collections/jars/commons-collections-3.2.1.jar
7fbcf3006000-7fbcf300b000 r--s 00034000 fd:01 522486                     /root/.m2/repository/commons-beanutils/commons-beanutils/1.8.0/commons-beanutils-1.8.0.jar
7fbcf300b000-7fbcf300f000 r--s 00022000 fd:01 522484                     /root/.m2/repository/net/sf/json-lib/json-lib/2.3/json-lib-2.3-jdk15.jar
7fbcf300f000-7fbcf3011000 r--s 0000d000 fd:01 520471                     /root/.m2/repository/commons-logging/commons-logging/1.1.1/commons-logging-1.1.1.jar
7fbcf3011000-7fbcf3016000 r--s 00026000 fd:01 522482                     /root/.m2/repository/org/apache/httpcomponents/httpcore/4.0.1/httpcore-4.0.1.jar
7fbcf3016000-7fbcf301d000 r--s 00041000 fd:01 522480                     /root/.m2/repository/org/apache/httpcomponents/httpclient/4.0.3/httpclient-4.0.3.jar
7fbcf301d000-7fbcf301f000 r--s 00024000 fd:01 522478                     /root/.m2/repository/org/codehaus/groovy/modules/http-builder/http-builder/0.5.1/http-builder-0.5.1.jar
7fbcf301f000-7fbcf3021000 r--s 00008000 fd:01 520454                     /root/.m2/repository/org/grails/grails-datastore-test-support/1.0.2-grails-2.4/grails-datastore-test-support-1.0.2-grails-2.4.jar
7fbcf3021000-7fbcf3029000 r--s 000cf000 fd:01 520451                     /root/.m2/repository/mysql/mysql-connector-java/5.1.29/mysql-connector-java-5.1.29.jar
7fbcf3029000-7fbcf302b000 r--s 00087000 fd:01 134690                     /root/.sdkman/candidates/grails/2.5.5/dist/grails-resources-2.5.5.jar
7fbcf302b000-7fbcf3034000 r--s 0006f000 fd:01 133382                     /root/.sdkman/candidates/grails/2.5.5/lib/log4j/log4j/jars/log4j-1.2.17.jar
7fbcf3034000-7fbcf3041000 r--s 00189000 fd:01 133266                     /root/.sdkman/candidates/grails/2.5.5/lib/com.h2database/h2/jars/h2-1.3.176.jar
7fbcf3041000-7fbcf3043000 r--s 00009000 fd:01 133617                     /root/.sdkman/candidates/grails/2.5.5/lib/org.hamcrest/hamcrest-core/jars/hamcrest-core-1.3.jar
7fbcf3043000-7fbcf304b000 r--s 00045000 fd:01 133375                     /root/.sdkman/candidates/grails/2.5.5/lib/junit/junit/jars/junit-4.12.jar
7fbcf304b000-7fbcf3051000 r--s 0004a000 fd:01 520449                     /root/.m2/repository/cglib/cglib-nodep/2.2.2/cglib-nodep-2.2.2.jar
7fbcf3051000-7fbcf305e000 r--s 00083000 fd:01 133687                     /root/.sdkman/candidates/grails/2.5.5/lib/org.spockframework/spock-core/jars/spock-core-1.0-groovy-2.4.jar
7fbcf305e000-7fbcf3061000 r--s 00016000 fd:01 134417                     /root/.sdkman/candidates/grails/2.5.5/dist/grails-plugin-domain-class-2.5.5.jar
7fbcf3061000-7fbcf3064000 r--s 00009000 fd:01 133635                     /root/.sdkman/candidates/grails/2.5.5/lib/org.objenesis/objenesis/jars/objenesis-1.4.jar
7fbcf3064000-7fbcf3069000 r--s 00037000 fd:01 134753                     /root/.sdkman/candidates/grails/2.5.5/dist/grails-test-2.5.5.jar
7fbcf3069000-7fbcf306b000 r--s 0000a000 fd:01 134522                     /root/.sdkman/candidates/grails/2.5.5/dist/grails-plugin-mimetypes-2.5.5.jar
7fbcf306b000-7fbcf306c000 r--s 0000a000 fd:01 133220                     /root/.sdkman/candidates/grails/2.5.5/lib/asm/asm/jars/asm-3.3.1.jar
7fbcf306c000-7fbcf3073000 r--s 00040000 fd:01 133236                     /root/.sdkman/candidates/grails/2.5.5/lib/cglib/cglib/jars/cglib-2.2.2.jar
7fbcf3073000-7fbcf307f000 r--s 0006f000 fd:01 520448                     /root/.m2/repository/org/springframework/spring-test/4.1.8.RELEASE/spring-test-4.1.8.RELEASE.jar
7fbcf307f000-7fbcf3083000 r--s 0001e000 fd:01 134354                     /root/.sdkman/candidates/grails/2.5.5/dist/grails-plugin-converters-2.5.5.jar
7fbcf3083000-7fbcf308b000 r--s 00070000 fd:01 134606                     /root/.sdkman/candidates/grails/2.5.5/dist/grails-plugin-testing-2.5.5.jar
7fbcf308b000-7fbcf308c000 r--s 0000e000 fd:01 133509                     /root/.sdkman/candidates/grails/2.5.5/lib/org.codehaus.jsr166-mirror/jsr166y/jars/jsr166y-1.7.0.jar
7fbcf308c000-7fbcf30a8000 r--s 00136000 fd:01 133495                     /root/.sdkman/candidates/grails/2.5.5/lib/org.codehaus.gpars/gpars/jars/gpars-1.2.1.jar
7fbcf30a8000-7fbcf30aa000 r--s 0000c000 fd:01 134144                     /root/.sdkman/candidates/grails/2.5.5/dist/grails-async-2.5.5.jar
7fbcf30aa000-7fbcf30ac000 r--s 0000a000 fd:01 134291                     /root/.sdkman/candidates/grails/2.5.5/dist/grails-plugin-async-2.5.5.jar
7fbcf30ac000-7fbcf30b0000 r--s 00028000 fd:01 133313                     /root/.sdkman/candidates/grails/2.5.5/lib/commons-validator/commons-validator/jars/commons-validator-1.4.0.jar
7fbcf30b0000-7fbcf30b2000 r--s 00014000 fd:01 134774                     /root/.sdkman/candidates/grails/2.5.5/dist/grails-validation-2.5.5.jar
7fbcf30b2000-7fbcf30b6000 r--s 00019000 fd:01 133259                     /root/.sdkman/candidates/grails/2.5.5/lib/com.googlecode.concurrentlinkedhashmap/concurrentlinkedhashmap-lru/jars/concurrentlinkedhashmap-lru-1.4.jar
7fbcf30b6000-7fbcf30b8000 r--s 0000c000 fd:01 134627                     /root/.sdkman/candidates/grails/2.5.5/dist/grails-plugin-url-mappings-2.5.5.jar
7fbcf30b8000-7fbcf30ba000 r--s 00004000 fd:01 134585                     /root/.sdkman/candidates/grails/2.5.5/dist/grails-plugin-servlets-2.5.5.jar
7fbcf30ba000-7fbcf30c1000 r--s 00037000 fd:01 520445                     /root/.m2/repository/org/springframework/spring-tx/4.1.8.RELEASE/spring-tx-4.1.8.RELEASE.jar
7fbcf30c1000-7fbcf30c2000 r--s 00008000 fd:01 134564                     /root/.sdkman/candidates/grails/2.5.5/dist/grails-plugin-services-2.5.5.jar
7fbcf30c2000-7fbcf30c3000 r--s 00001000 fd:01 133648                     /root/.sdkman/candidates/grails/2.5.5/lib/org.slf4j/jul-to-slf4j/jars/jul-to-slf4j-1.7.5.jar
7fbcf30c3000-7fbcf30c5000 r--s 0000b000 fd:01 134501                     /root/.sdkman/candidates/grails/2.5.5/dist/grails-plugin-log4j-2.5.5.jar
7fbcf30c5000-7fbcf30c6000 r--s 00000000 fd:01 134270                     /root/.sdkman/candidates/grails/2.5.5/dist/grails-logging-2.5.5.jar
7fbcf30c6000-7fbcf30d6000 r--s 000a1000 fd:01 520444                     /root/.m2/repository/org/springframework/spring-web/4.1.8.RELEASE/spring-web-4.1.8.RELEASE.jar
7fbcf30d6000-7fbcf30db000 r--s 0002a000 fd:01 134249                     /root/.sdkman/candidates/grails/2.5.5/dist/grails-encoder-2.5.5.jar
7fbcf30db000-7fbcf30dd000 r--s 0000e000 fd:01 134312                     /root/.sdkman/candidates/grails/2.5.5/dist/grails-plugin-codecs-2.5.5.jar
7fbcf30dd000-7fbcf30de000 r--s 0000a000 fd:01 134921                     /root/.sdkman/candidates/grails/2.5.5/dist/grails-web-gsp-taglib-2.5.5.jar
7fbcf30de000-7fbcf30e4000 r--s 0004c000 fd:01 134459                     /root/.sdkman/candidates/grails/2.5.5/dist/grails-plugin-gsp-2.5.5.jar
7fbcf30e4000-7fbcf30e6000 r--s 00009000 fd:01 134438                     /root/.sdkman/candidates/grails/2.5.5/dist/grails-plugin-filters-2.5.5.jar
7fbcf30e6000-7fbcf30e7000 r--s 00004000 fd:01 134480                     /root/.sdkman/candidates/grails/2.5.5/dist/grails-plugin-i18n-2.5.5.jar
7fbcf30e7000-7fbcf30e8000 r--s 00009000 fd:01 134732                     /root/.sdkman/candidates/grails/2.5.5/dist/grails-spring-2.5.5.jar
7fbcf30e8000-7fbcf30f5000 r--s 000a1000 fd:01 520443                     /root/.m2/repository/org/springframework/spring-beans/4.1.8.RELEASE/spring-beans-4.1.8.RELEASE.jar
7fbcf30f5000-7fbcf30fa000 r--s 00017000 fd:01 133624                     /root/.sdkman/candidates/grails/2.5.5/lib/org.hibernate.javax.persistence/hibernate-jpa-2.1-api/jars/hibernate-jpa-2.1-api-1.0.0.Final.jar
7fbcf30fa000-7fbcf310f000 r--s 000e2000 fd:01 520442                     /root/.m2/repository/org/springframework/spring-core/4.1.8.RELEASE/spring-core-4.1.8.RELEASE.jar
7fbcf310f000-7fbcf311c000 r--s 00096000 fd:01 134186                     /root/.sdkman/candidates/grails/2.5.5/dist/grails-core-2.5.5.jar
7fbcf311c000-7fbcf311d000 r--s 00004000 fd:01 134375                     /root/.sdkman/candidates/grails/2.5.5/dist/grails-plugin-databinding-2.5.5.jar
7fbcf311d000-7fbcf3122000 r--s 0002a000 fd:01 133245                     /root/.sdkman/candidates/grails/2.5.5/lib/com.google.code.gson/gson/jars/gson-2.2.4.jar
7fbcf3122000-7fbcf3124000 r--s 00009000 fd:01 134648                     /root/.sdkman/candidates/grails/2.5.5/dist/grails-plugin-validation-2.5.5.jar
7fbcf3124000-7fbcf3127000 r--s 0001d000 fd:01 134333                     /root/.sdkman/candidates/grails/2.5.5/dist/grails-plugin-controllers-2.5.5.jar
7fbcf3127000-7fbcf312c000 r--s 0003b000 fd:01 520441                     /root/.m2/repository/org/springframework/spring-expression/4.1.8.RELEASE/spring-expression-4.1.8.RELEASE.jar
7fbcf312c000-7fbcf3135000 r--s 0004f000 fd:01 520435                     /root/.m2/repository/org/springframework/spring-aop/4.1.8.RELEASE/spring-aop-4.1.8.RELEASE.jar
7fbcf3135000-7fbcf314d000 r--s 000e3000 fd:01 520433                     /root/.m2/repository/org/springframework/spring-context/4.1.8.RELEASE/spring-context-4.1.8.RELEASE.jar
7fbcf314d000-7fbcf3157000 r--s 0005f000 fd:01 520431                     /root/.m2/repository/org/springframework/spring-jdbc/4.1.8.RELEASE/spring-jdbc-4.1.8.RELEASE.jar
7fbcf3157000-7fbcf3159000 r--s 00008000 fd:01 133468                     /root/.sdkman/candidates/grails/2.5.5/lib/org.apache.tomcat/tomcat-juli/jars/tomcat-juli-7.0.70.jar
7fbcf3159000-7fbcf315c000 r--s 0001d000 fd:01 133463                     /root/.sdkman/candidates/grails/2.5.5/lib/org.apache.tomcat/tomcat-jdbc/jars/tomcat-jdbc-7.0.70.jar
7fbcf315c000-7fbcf315e000 r--s 0000a000 fd:01 134396                     /root/.sdkman/candidates/grails/2.5.5/dist/grails-plugin-datasource-2.5.5.jar
7fbcf315e000-7fbcf3160000 r--s 0000c000 fd:01 133697                     /root/.sdkman/candidates/grails/2.5.5/lib/org.springframework/spring-aspects/jars/spring-aspects-4.1.9.RELEASE.jar
7fbcf3160000-7fbcf3163000 r--s 00020000 fd:01 134942                     /root/.sdkman/candidates/grails/2.5.5/dist/grails-web-jsp-2.5.5.jar
7fbcf3163000-7fbcf3167000 r--s 00027000 fd:01 133302                     /root/.sdkman/candidates/grails/2.5.5/lib/commons-io/commons-io/jars/commons-io-2.2.jar
7fbcf3167000-7fbcf3169000 r--s 0000f000 fd:01 133298                     /root/.sdkman/candidates/grails/2.5.5/lib/commons-fileupload/commons-fileupload/jars/commons-fileupload-1.3.1.jar
7fbcf3169000-7fbcf316a000 r--s 00000000 fd:01 134879                     /root/.sdkman/candidates/grails/2.5.5/dist/grails-web-fileupload-2.5.5.jar
7fbcf316a000-7fbcf316e000 r--s 00019000 fd:01 133481                     /root/.sdkman/candidates/grails/2.5.5/lib/org.aspectj/aspectjrt/jars/aspectjrt-1.8.7.jar
7fbcf316e000-7fbcf3172000 r--s 00028000 fd:01 520427                     /root/.m2/repository/org/springframework/spring-context-support/4.1.8.RELEASE/spring-context-support-4.1.8.RELEASE.jar
7fbcf3172000-7fbcf3181000 r--s 000b1000 fd:01 520418                     /root/.m2/repository/org/springframework/spring-webmvc/4.1.8.RELEASE/spring-webmvc-4.1.8.RELEASE.jar
7fbcf3181000-7fbcf3186000 r--s 0002c000 fd:01 134816                     /root/.sdkman/candidates/grails/2.5.5/dist/grails-web-common-2.5.5.jar
7fbcf3186000-7fbcf3189000 r--s 0000d000 fd:01 134207                     /root/.sdkman/candidates/grails/2.5.5/dist/grails-databinding-2.5.5.jar
7fbcf3189000-7fbcf318c000 r--s 00014000 fd:01 134837                     /root/.sdkman/candidates/grails/2.5.5/dist/grails-web-databinding-2.5.5.jar
7fbcf318c000-7fbcf31a5000 r--s 001af000 fd:01 133484                     /root/.sdkman/candidates/grails/2.5.5/lib/org.aspectj/aspectjweaver/jars/aspectjweaver-1.8.7.jar
7fbcf31a5000-7fbcf31a8000 r--s 00020000 fd:01 135005                     /root/.sdkman/candidates/grails/2.5.5/dist/grails-web-url-mappings-2.5.5.jar
7fbcf31a8000-7fbcf31ae000 r--s 00027000 fd:01 133390                     /root/.sdkman/candidates/grails/2.5.5/lib/opensymphony/sitemesh/jars/sitemesh-2.4.jar
7fbcf31ae000-7fbcf31b0000 r--s 0000b000 fd:01 134984                     /root/.sdkman/candidates/grails/2.5.5/dist/grails-web-sitemesh-2.5.5.jar
7fbcf31b0000-7fbcf31b7000 r--s 00049000 fd:01 134900                     /root/.sdkman/candidates/grails/2.5.5/dist/grails-web-gsp-2.5.5.jar
7fbcf31b7000-7fbcf31d8000 r--s 00270000 fd:01 519882                     /root/.m2/repository/org/apache/tomcat/embed/tomcat-embed-core/7.0.70/tomcat-embed-core-7.0.70.jar
7fbcf31d8000-7fbcf33d8000 rw-p 00000000 00:00 0 
7fbcf33d8000-7fbcf33e9000 r-xp 00000000 fd:01 518817                     /root/.sdkman/candidates/java/8u111/jre/lib/amd64/libnio.so
7fbcf33e9000-7fbcf35e8000 ---p 00011000 fd:01 518817                     /root/.sdkman/candidates/java/8u111/jre/lib/amd64/libnio.so
7fbcf35e8000-7fbcf35e9000 rw-p 00010000 fd:01 518817                     /root/.sdkman/candidates/java/8u111/jre/lib/amd64/libnio.so
7fbcf35e9000-7fbcf35ff000 r-xp 00000000 fd:01 518867                     /root/.sdkman/candidates/java/8u111/jre/lib/amd64/libnet.so
7fbcf35ff000-7fbcf37ff000 ---p 00016000 fd:01 518867                     /root/.sdkman/candidates/java/8u111/jre/lib/amd64/libnet.so
7fbcf37ff000-7fbcf3800000 rw-p 00016000 fd:01 518867                     /root/.sdkman/candidates/java/8u111/jre/lib/amd64/libnet.so
7fbcf3800000-7fbcf3a00000 rw-p 00000000 00:00 0 
7fbcf3a00000-7fbcf3c00000 rw-p 00000000 00:00 0 
7fbcf3c00000-7fbcf3e00000 rw-p 00000000 00:00 0 
7fbcf3e00000-7fbcf4000000 rw-p 00000000 00:00 0 
7fbcf4000000-7fbcf4026000 rw-p 00000000 00:00 0 
7fbcf4026000-7fbcf8000000 ---p 00000000 00:00 0 
7fbcf8000000-7fbcf8002000 r--s 00009000 fd:01 134963                     /root/.sdkman/candidates/grails/2.5.5/dist/grails-web-mvc-2.5.5.jar
7fbcf8002000-7fbcf8004000 r--s 00009000 fd:01 134795                     /root/.sdkman/candidates/grails/2.5.5/dist/grails-web-2.5.5.jar
7fbcf8004000-7fbcf8008000 r--s 00028000 fd:01 134543                     /root/.sdkman/candidates/grails/2.5.5/dist/grails-plugin-rest-2.5.5.jar
7fbcf8008000-7fbcf800b000 r--s 00012000 fd:01 133350                     /root/.sdkman/candidates/grails/2.5.5/lib/javax.servlet/javax.servlet-api/jars/javax.servlet-api-3.0.1.jar
7fbcf800b000-7fbcf8011000 r--s 00045000 fd:01 1422231                    /universe/Neeis/lib/commons-net-3.5.jar
7fbcf8011000-7fbcf8013000 r--s 00024000 fd:01 1422232                    /universe/Neeis/lib/groovy-wslite-1.1.3.jar
7fbcf8013000-7fbcf801a000 r--s 00088000 fd:01 1422233                    /universe/Neeis/lib/sqljdbc4.jar
7fbcf801a000-7fbcf802a000 r--s 0019c000 fd:01 519880                     /root/.m2/repository/org/eclipse/jdt/core/compiler/ecj/3.7.2/ecj-3.7.2.jar
7fbcf802a000-7fbcf802f000 r--s 00038000 fd:01 519878                     /root/.m2/repository/org/apache/tomcat/embed/tomcat-embed-websocket/7.0.70/tomcat-embed-websocket-7.0.70.jar
7fbcf802f000-7fbcf8031000 r--s 00013000 fd:01 133474                     /root/.sdkman/candidates/grails/2.5.5/lib/org.apache.tomcat.embed/tomcat-embed-logging-log4j/jars/tomcat-embed-logging-log4j-7.0.70.jar
7fbcf8031000-7fbcf8034000 r--s 00028000 fd:01 519876                     /root/.m2/repository/org/apache/tomcat/embed/tomcat-embed-el/7.0.70/tomcat-embed-el-7.0.70.jar
7fbcf8034000-7fbcf803d000 r--s 0009f000 fd:01 519874                     /root/.m2/repository/org/apache/tomcat/embed/tomcat-embed-jasper/7.0.70/tomcat-embed-jasper-7.0.70.jar
7fbcf803d000-7fbcf803f000 r--s 0000c000 fd:01 519872                     /root/.m2/repository/org/apache/tomcat/tomcat-catalina-ant/7.0.70/tomcat-catalina-ant-7.0.70.jar
7fbcf803f000-7fbcf8043000 r--s 0001c000 fd:01 133610                     /root/.sdkman/candidates/grails/2.5.5/lib/org.grails/grails-gdoc-engine/jars/grails-gdoc-engine-1.0.1.jar
7fbcf8043000-7fbcf8049000 r--s 00039000 fd:01 133770                     /root/.sdkman/candidates/grails/2.5.5/lib/org.yaml/snakeyaml/jars/snakeyaml-1.8.jar
7fbcf8049000-7fbcf805a000 r--s 000f7000 fd:01 133763                     /root/.sdkman/candidates/grails/2.5.5/lib/org.xhtmlrenderer/core-renderer/jars/core-renderer-R8.jar
7fbcf805a000-7fbcf805f000 r--s 00041000 fd:01 133309                     /root/.sdkman/candidates/grails/2.5.5/lib/commons-lang/commons-lang/jars/commons-lang-2.6.jar
7fbcf805f000-7fbcf8080000 r--s 0015a000 fd:01 133229                     /root/.sdkman/candidates/grails/2.5.5/lib/bouncycastle/bcprov-jdk14/jars/bcprov-jdk14-138.jar
7fbcf8080000-7fbcf8084000 r--s 0002b000 fd:01 133225                     /root/.sdkman/candidates/grails/2.5.5/lib/bouncycastle/bcmail-jdk14/jars/bcmail-jdk14-138.jar
7fbcf8084000-7fbcf8091000 r--s 0011c000 fd:01 133273                     /root/.sdkman/candidates/grails/2.5.5/lib/com.lowagie/itext/jars/itext-2.0.8.jar
7fbcf8091000-7fbcf8097000 r--s 00043000 fd:01 133631                     /root/.sdkman/candidates/grails/2.5.5/lib/org.jsoup/jsoup/jars/jsoup-1.7.3.jar
7fbcf8097000-7fbcf809a000 r--s 00044000 fd:01 134228                     /root/.sdkman/candidates/grails/2.5.5/dist/grails-docs-2.5.5.jar
7fbcf809a000-7fbcf80a1000 r--s 00081000 fd:01 134711                     /root/.sdkman/candidates/grails/2.5.5/dist/grails-scripts-2.5.5.jar
7fbcf80a1000-7fbcf80a6000 r--s 00033000 fd:01 134669                     /root/.sdkman/candidates/grails/2.5.5/dist/grails-project-api-2.5.5.jar
7fbcf80a6000-7fbcf80c4000 r--s 001cf000 fd:01 133394                     /root/.sdkman/candidates/grails/2.5.5/lib/org.apache.ant/ant/jars/ant-1.9.4.jar
7fbcf80c4000-7fbcf80c5000 r--s 00001000 fd:01 133403                     /root/.sdkman/candidates/grails/2.5.5/lib/org.apache.ant/ant-trax/jars/ant-trax-1.7.1.jar
7fbcf80c5000-7fbcf80ca000 r--s 00050000 fd:01 133488                     /root/.sdkman/candidates/grails/2.5.5/lib/org.codehaus.gant/gant_groovy1.8/jars/gant_groovy1.8-1.9.6.jar
7fbcf80ca000-7fbcf80cc000 r--s 0001a000 fd:01 133594                     /root/.sdkman/candidates/grails/2.5.5/lib/org.fusesource.jansi/jansi/jars/jansi-1.11.jar
7fbcf80cc000-7fbcf80d0000 r--s 000dc000 fd:01 133386                     /root/.sdkman/candidates/grails/2.5.5/lib/net.java.dev.jna/jna/jars/jna-4.0.0.jar
7fbcf80d0000-7fbcf80d4000 r--s 00031000 fd:01 133368                     /root/.sdkman/candidates/grails/2.5.5/lib/jline/jline/jars/jline-2.12.jar
7fbcf80d4000-7fbcf8143000 r--s 0063e000 fd:01 135504                     /root/.sdkman/candidates/grails/2.5.5/lib/org.codehaus.groovy/groovy-all/jars/groovy-all-2.4.4.jar
7fbcf8143000-7fbcf8145000 r--s 0001b000 fd:01 133397                     /root/.sdkman/candidates/grails/2.5.5/lib/org.apache.ant/ant-junit/jars/ant-junit-1.9.4.jar
7fbcf8145000-7fbcf8146000 r--s 00004000 fd:01 133400                     /root/.sdkman/candidates/grails/2.5.5/lib/org.apache.ant/ant-launcher/jars/ant-launcher-1.9.4.jar
7fbcf8146000-7fbcf814a000 r--s 00040000 fd:01 133777                     /root/.sdkman/candidates/grails/2.5.5/lib/xalan/serializer/jars/serializer-2.7.2.jar
7fbcf814a000-7fbcf814c000 r--s 00000000 fd:01 133215                     /root/.sdkman/candidates/grails/2.5.5/lib/aopalliance/aopalliance/jars/aopalliance-1.0.jar
7fbcf814c000-7fbcf814f000 r--s 00006000 fd:01 133241                     /root/.sdkman/candidates/grails/2.5.5/lib/com.google.code.findbugs/jsr305/jars/jsr305-1.3.9.jar
7fbcf814f000-7fbcf8150000 r--s 00000000 fd:01 133343                     /root/.sdkman/candidates/grails/2.5.5/lib/javax.inject/javax.inject/jars/javax.inject-1.jar
7fbcf8150000-7fbcf8151000 r--s 00001000 fd:01 133329                     /root/.sdkman/candidates/grails/2.5.5/lib/javax.annotation/jsr250-api/jars/jsr250-api-1.0.jar
7fbcf8151000-7fbcf8153000 r--s 00002000 fd:01 133667                     /root/.sdkman/candidates/grails/2.5.5/lib/org.sonatype.plexus/plexus-cipher/jars/plexus-cipher-1.4.jar
7fbcf8153000-7fbcf8159000 r--s 00033000 fd:01 133287                     /root/.sdkman/candidates/grails/2.5.5/lib/commons-codec/commons-codec/jars/commons-codec-1.6.jar
7fbcf8159000-7fbcf815f000 r--s 00032000 fd:01 133416                     /root/.sdkman/candidates/grails/2.5.5/lib/org.apache.httpcomponents/httpcore/jars/httpcore-4.2.5.jar
7fbcf815f000-7fbcf8174000 r--s 00116000 fd:01 133420                     /root/.sdkman/candidates/grails/2.5.5/lib/org.apache.ivy/ivy/jars/ivy-2.3.0.jar
7fbcf8174000-7fbcf8176000 r--s 0000a000 fd:01 133516                     /root/.sdkman/candidates/grails/2.5.5/lib/org.codehaus.plexus/plexus-classworlds/jars/plexus-classworlds-2.4.jar
7fbcf8176000-7fbcf817c000 r--s 00042000 fd:01 133584                     /root/.sdkman/candidates/grails/2.5.5/lib/org.eclipse.sisu/org.eclipse.sisu.inject/jars/org.eclipse.sisu.inject-0.0.0.M5.jar
7fbcf817c000-7fbcf8184000 r--s 00050000 fd:01 133679                     /root/.sdkman/candidates/grails/2.5.5/lib/org.sonatype.sisu/sisu-guice/jars/sisu-guice-3.1.0-no_aop.jar
7fbcf8184000-7fbcf81a2000 r--s 00151000 fd:01 133252                     /root/.sdkman/candidates/grails/2.5.5/lib/com.google.guava/guava/jars/guava-10.0.1.jar
7fbcf81a2000-7fbcf81a5000 r--s 00008000 fd:01 133336                     /root/.sdkman/candidates/grails/2.5.5/lib/javax.enterprise/cdi-api/jars/cdi-api-1.0.jar
7fbcf81a5000-7fbcf81a6000 r--s 00006000 fd:01 133673                     /root/.sdkman/candidates/grails/2.5.5/lib/org.sonatype.plexus/plexus-sec-dispatcher/jars/plexus-sec-dispatcher-1.3.jar
7fbcf81a6000-7fbcf81a8000 r--s 00009000 fd:01 133451                     /root/.sdkman/candidates/grails/2.5.5/lib/org.apache.maven/maven-settings/jars/maven-settings-3.2.5.jar
7fbcf81a8000-7fbcf81ab000 r--s 0000d000 fd:01 133528                     /root/.sdkman/candidates/grails/2.5.5/lib/org.codehaus.plexus/plexus-interpolation/jars/plexus-interpolation-1.21.jar
7fbcf81ab000-7fbcf81af000 r--s 00038000 fd:01 133534                     /root/.sdkman/candidates/grails/2.5.5/lib/org.codehaus.plexus/plexus-utils/jars/plexus-utils-3.0.20.jar
7fbcf81af000-7fbcf81b1000 r--s 00000000 fd:01 133522                     /root/.sdkman/candidates/grails/2.5.5/lib/org.codehaus.plexus/plexus-component-annotations/jars/plexus-component-annotations-1.5.5.jar
7fbcf81b1000-7fbcf81b3000 r--s 00005000 fd:01 133445                     /root/.sdkman/candidates/grails/2.5.5/lib/org.apache.maven/maven-repository-metadata/jars/maven-repository-metadata-3.2.5.jar
7fbcf81b3000-7fbcf81b8000 r--s 00025000 fd:01 133439                     /root/.sdkman/candidates/grails/2.5.5/lib/org.apache.maven/maven-model-builder/jars/maven-model-builder-3.2.5.jar
7fbcf81b8000-7fbcf81bb000 r--s 00025000 fd:01 133433                     /root/.sdkman/candidates/grails/2.5.5/lib/org.apache.maven/maven-model/jars/maven-model-3.2.5.jar
7fbcf81bb000-7fbcf81c5000 r--s 00061000 fd:01 133410                     /root/.sdkman/candidates/grails/2.5.5/lib/org.apache.httpcomponents/httpclient/jars/httpclient-4.2.6.jar
7fbcf81c5000-7fbcf81c7000 r--s 00006000 fd:01 133559                     /root/.sdkman/candidates/grails/2.5.5/lib/org.eclipse.aether/aether-spi/jars/aether-spi-1.0.2.v20150114.jar
7fbcf81c7000-7fbcf81c8000 r--s 00002000 fd:01 133660                     /root/.sdkman/candidates/grails/2.5.5/lib/org.slf4j/slf4j-simple/jars/slf4j-simple-1.7.5.jar
7fbcf81c8000-7fbcf81ce000 r--s 0002a000 fd:01 133590                     /root/.sdkman/candidates/grails/2.5.5/lib/org.eclipse.sisu/org.eclipse.sisu.plexus/jars/org.eclipse.sisu.plexus-0.0.0.M5.jar
7fbcf81ce000-7fbcf81d0000 r--s 00009000 fd:01 133457                     /root/.sdkman/candidates/grails/2.5.5/lib/org.apache.maven/maven-settings-builder/jars/maven-settings-builder-3.2.5.jar
7fbcf81d0000-7fbcf81d2000 r--s 0000f000 fd:01 133427                     /root/.sdkman/candidates/grails/2.5.5/lib/org.apache.maven/maven-aether-provider/jars/maven-aether-provider-3.2.5.jar
7fbcf81d2000-7fbcf81d4000 r--s 00001000 fd:01 133565                     /root/.sdkman/candidates/grails/2.5.5/lib/org.eclipse.aether/aether-transport-file/jars/aether-transport-file-1.0.2.v20150114.jar
7fbcf81d4000-7fbcf81d6000 r--s 00007000 fd:01 133571                     /root/.sdkman/candidates/grails/2.5.5/lib/org.eclipse.aether/aether-transport-http/jars/aether-transport-http-1.0.2.v20150114.jar
7fbcf81d6000-7fbcf81da000 r--s 00027000 fd:01 133553                     /root/.sdkman/candidates/grails/2.5.5/lib/org.eclipse.aether/aether-impl/jars/aether-impl-1.0.2.v20150114.jar
7fbcf81da000-7fbcf81de000 r--s 00020000 fd:01 133577                     /root/.sdkman/candidates/grails/2.5.5/lib/org.eclipse.aether/aether-util/jars/aether-util-1.0.2.v20150114.jar
7fbcf81de000-7fbcf81e3000 r--s 0001d000 fd:01 133541                     /root/.sdkman/candidates/grails/2.5.5/lib/org.eclipse.aether/aether-api/jars/aether-api-1.0.2.v20150114.jar
7fbcf81e3000-7fbcf81e5000 r--s 00003000 fd:01 133642                     /root/.sdkman/candidates/grails/2.5.5/lib/org.slf4j/jcl-over-slf4j/jars/jcl-over-slf4j-1.7.5.jar
7fbcf81e5000-7fbcf81e7000 r--s 00005000 fd:01 133654                     /root/.sdkman/candidates/grails/2.5.5/lib/org.slf4j/slf4j-api/jars/slf4j-api-1.7.5.jar
7fbcf81e7000-7fbcf81ea000 ---p 00000000 00:00 0 
7fbcf81ea000-7fbcf82e8000 rw-p 00000000 00:00 0                          [stack:30674]
7fbcf82e8000-7fbcf82e9000 r-xp 00000000 fd:01 281989                     /tmp/libjansi-64-7158228518370658316.so
7fbcf82e9000-7fbcf84e8000 ---p 00001000 fd:01 281989                     /tmp/libjansi-64-7158228518370658316.so
7fbcf84e8000-7fbcf84e9000 rw-p 00000000 fd:01 281989                     /tmp/libjansi-64-7158228518370658316.so
7fbcf84e9000-7fbcf84ec000 ---p 00000000 00:00 0 
7fbcf84ec000-7fbcf8722000 rw-p 00000000 00:00 0                          [stack:30663]
7fbcf8722000-7fbcf8726000 r--s 00097000 fd:01 518660                     /root/.sdkman/candidates/java/8u111/jre/lib/jsse.jar
7fbcf8726000-7fbcf879e000 r--s 010e6000 fd:01 518570                     /root/.sdkman/candidates/java/8u111/lib/tools.jar
7fbcf879e000-7fbcf87a3000 r--s 00050000 fd:01 133488                     /root/.sdkman/candidates/grails/2.5.5/lib/org.codehaus.gant/gant_groovy1.8/jars/gant_groovy1.8-1.9.6.jar
7fbcf87a3000-7fbcf87c1000 r--s 001cf000 fd:01 133394                     /root/.sdkman/candidates/grails/2.5.5/lib/org.apache.ant/ant/jars/ant-1.9.4.jar
7fbcf87c1000-7fbcf87d6000 r--s 00116000 fd:01 133420                     /root/.sdkman/candidates/grails/2.5.5/lib/org.apache.ivy/ivy/jars/ivy-2.3.0.jar
7fbcf87d6000-7fbcf8846000 r--s 0063d000 fd:01 133502                     /root/.sdkman/candidates/grails/2.5.5/lib/org.codehaus.groovy/groovy-all/jars/groovy-all-2.4.5.jar
7fbcf8846000-7fbcf8853000 r--s 000b3000 fd:01 134165                     /root/.sdkman/candidates/grails/2.5.5/dist/grails-bootstrap-2.5.5.jar
7fbcf8853000-7fbcf88c3000 r--s 0063d000 fd:01 133502                     /root/.sdkman/candidates/grails/2.5.5/lib/org.codehaus.groovy/groovy-all/jars/groovy-all-2.4.5.jar
7fbcf88c3000-7fbcf88c4000 ---p 00000000 00:00 0 
7fbcf88c4000-7fbcf89c4000 rw-p 00000000 00:00 0                          [stack:30661]
7fbcf89c4000-7fbcf89c7000 ---p 00000000 00:00 0 
7fbcf89c7000-7fbcf8ac5000 rw-p 00000000 00:00 0                          [stack:30660]
7fbcf8ac5000-7fbcf8ac8000 ---p 00000000 00:00 0 
7fbcf8ac8000-7fbcf8bc6000 rw-p 00000000 00:00 0                          [stack:30659]
7fbcf8bc6000-7fbcf8bc9000 ---p 00000000 00:00 0 
7fbcf8bc9000-7fbcf8cc7000 rw-p 00000000 00:00 0                          [stack:30658]
7fbcf8cc7000-7fbcf8cca000 ---p 00000000 00:00 0 
7fbcf8cca000-7fbcf8dc8000 rw-p 00000000 00:00 0                          [stack:30657]
7fbcf8dc8000-7fbcf8dcb000 ---p 00000000 00:00 0 
7fbcf8dcb000-7fbcf8ec9000 rw-p 00000000 00:00 0                          [stack:30656]
7fbcf8ec9000-7fbcf8ecc000 ---p 00000000 00:00 0 
7fbcf8ecc000-7fbcf8fca000 rw-p 00000000 00:00 0                          [stack:30655]
7fbcf8fca000-7fbcf8fcb000 ---p 00000000 00:00 0 
7fbcf8fcb000-7fbcf99f5000 rw-p 00000000 00:00 0                          [stack:30654]
7fbcf99f5000-7fbcf9bcd000 r--s 03d2a000 fd:01 518748                     /root/.sdkman/candidates/java/8u111/jre/lib/rt.jar
7fbcf9bcd000-7fbcfbd4d000 rw-p 00000000 00:00 0 
7fbcfbd4d000-7fbcfbd4e000 ---p 00000000 00:00 0 
7fbcfbd4e000-7fbcfbe4e000 rw-p 00000000 00:00 0                          [stack:30653]
7fbcfbe4e000-7fbcfbe4f000 ---p 00000000 00:00 0 
7fbcfbe4f000-7fbcfbf7e000 rw-p 00000000 00:00 0                          [stack:30652]
7fbcfbf7e000-7fbcfc04f000 ---p 00000000 00:00 0 
7fbcfc04f000-7fbcfc07e000 rw-p 00000000 00:00 0 
7fbcfc07e000-7fbcfc14f000 ---p 00000000 00:00 0 
7fbcfc14f000-7fbcfc1c0000 rw-p 00000000 00:00 0 
7fbcfc1c0000-7fbcfc1cf000 ---p 00000000 00:00 0 
7fbcfc1cf000-7fbcfc213000 rw-p 00000000 00:00 0 
7fbcfc213000-7fbcfc590000 ---p 00000000 00:00 0 
7fbcfc590000-7fbcfd620000 rwxp 00000000 00:00 0 
7fbcfd620000-7fbd0b590000 ---p 00000000 00:00 0 
7fbd0b590000-7fbd0b5aa000 r-xp 00000000 fd:01 518850                     /root/.sdkman/candidates/java/8u111/jre/lib/amd64/libzip.so
7fbd0b5aa000-7fbd0b7aa000 ---p 0001a000 fd:01 518850                     /root/.sdkman/candidates/java/8u111/jre/lib/amd64/libzip.so
7fbd0b7aa000-7fbd0b7ab000 rw-p 0001a000 fd:01 518850                     /root/.sdkman/candidates/java/8u111/jre/lib/amd64/libzip.so
7fbd0b7ab000-7fbd0b7b7000 r-xp 00000000 fd:01 262003                     /usr/lib64/libnss_files-2.17.so
7fbd0b7b7000-7fbd0b9b6000 ---p 0000c000 fd:01 262003                     /usr/lib64/libnss_files-2.17.so
7fbd0b9b6000-7fbd0b9b7000 r--p 0000b000 fd:01 262003                     /usr/lib64/libnss_files-2.17.so
7fbd0b9b7000-7fbd0b9b8000 rw-p 0000c000 fd:01 262003                     /usr/lib64/libnss_files-2.17.so
7fbd0b9b8000-7fbd0b9be000 rw-p 00000000 00:00 0 
7fbd0b9be000-7fbd0b9e9000 r-xp 00000000 fd:01 518825                     /root/.sdkman/candidates/java/8u111/jre/lib/amd64/libjava.so
7fbd0b9e9000-7fbd0bbe8000 ---p 0002b000 fd:01 518825                     /root/.sdkman/candidates/java/8u111/jre/lib/amd64/libjava.so
7fbd0bbe8000-7fbd0bbea000 rw-p 0002a000 fd:01 518825                     /root/.sdkman/candidates/java/8u111/jre/lib/amd64/libjava.so
7fbd0bbea000-7fbd0bbf7000 r-xp 00000000 fd:01 518842                     /root/.sdkman/candidates/java/8u111/jre/lib/amd64/libverify.so
7fbd0bbf7000-7fbd0bdf6000 ---p 0000d000 fd:01 518842                     /root/.sdkman/candidates/java/8u111/jre/lib/amd64/libverify.so
7fbd0bdf6000-7fbd0bdf8000 rw-p 0000c000 fd:01 518842                     /root/.sdkman/candidates/java/8u111/jre/lib/amd64/libverify.so
7fbd0bdf8000-7fbd0bdff000 r-xp 00000000 fd:01 262015                     /usr/lib64/librt-2.17.so
7fbd0bdff000-7fbd0bffe000 ---p 00007000 fd:01 262015                     /usr/lib64/librt-2.17.so
7fbd0bffe000-7fbd0bfff000 r--p 00006000 fd:01 262015                     /usr/lib64/librt-2.17.so
7fbd0bfff000-7fbd0c000000 rw-p 00007000 fd:01 262015                     /usr/lib64/librt-2.17.so
7fbd0c000000-7fbd0df35000 rw-p 00000000 00:00 0 
7fbd0df35000-7fbd10000000 ---p 00000000 00:00 0 
7fbd10000000-7fbd10003000 r--s 0001b000 fd:01 134123                     /root/.sdkman/candidates/grails/2.5.5/dist/grails-aether-2.5.5.jar
7fbd10003000-7fbd10010000 r--s 000b3000 fd:01 134165                     /root/.sdkman/candidates/grails/2.5.5/dist/grails-bootstrap-2.5.5.jar
7fbd10010000-7fbd100c8000 rw-p 00000000 00:00 0 
7fbd100c8000-7fbd101c9000 r-xp 00000000 fd:01 261993                     /usr/lib64/libm-2.17.so
7fbd101c9000-7fbd103c8000 ---p 00101000 fd:01 261993                     /usr/lib64/libm-2.17.so
7fbd103c8000-7fbd103c9000 r--p 00100000 fd:01 261993                     /usr/lib64/libm-2.17.so
7fbd103c9000-7fbd103ca000 rw-p 00101000 fd:01 261993                     /usr/lib64/libm-2.17.so
7fbd103ca000-7fbd11097000 r-xp 00000000 fd:01 518807                     /root/.sdkman/candidates/java/8u111/jre/lib/amd64/server/libjvm.so
7fbd11097000-7fbd11296000 ---p 00ccd000 fd:01 518807                     /root/.sdkman/candidates/java/8u111/jre/lib/amd64/server/libjvm.so
7fbd11296000-7fbd1136f000 rw-p 00ccc000 fd:01 518807                     /root/.sdkman/candidates/java/8u111/jre/lib/amd64/server/libjvm.so
7fbd1136f000-7fbd113ba000 rw-p 00000000 00:00 0 
7fbd113ba000-7fbd11571000 r-xp 00000000 fd:01 261985                     /usr/lib64/libc-2.17.so
7fbd11571000-7fbd11771000 ---p 001b7000 fd:01 261985                     /usr/lib64/libc-2.17.so
7fbd11771000-7fbd11775000 r--p 001b7000 fd:01 261985                     /usr/lib64/libc-2.17.so
7fbd11775000-7fbd11777000 rw-p 001bb000 fd:01 261985                     /usr/lib64/libc-2.17.so
7fbd11777000-7fbd1177c000 rw-p 00000000 00:00 0 
7fbd1177c000-7fbd1177f000 r-xp 00000000 fd:01 261991                     /usr/lib64/libdl-2.17.so
7fbd1177f000-7fbd1197e000 ---p 00003000 fd:01 261991                     /usr/lib64/libdl-2.17.so
7fbd1197e000-7fbd1197f000 r--p 00002000 fd:01 261991                     /usr/lib64/libdl-2.17.so
7fbd1197f000-7fbd11980000 rw-p 00003000 fd:01 261991                     /usr/lib64/libdl-2.17.so
7fbd11980000-7fbd11995000 r-xp 00000000 fd:01 518577                     /root/.sdkman/candidates/java/8u111/lib/amd64/jli/libjli.so
7fbd11995000-7fbd11b95000 ---p 00015000 fd:01 518577                     /root/.sdkman/candidates/java/8u111/lib/amd64/jli/libjli.so
7fbd11b95000-7fbd11b96000 rw-p 00015000 fd:01 518577                     /root/.sdkman/candidates/java/8u111/lib/amd64/jli/libjli.so
7fbd11b96000-7fbd11bac000 r-xp 00000000 fd:01 262011                     /usr/lib64/libpthread-2.17.so
7fbd11bac000-7fbd11dac000 ---p 00016000 fd:01 262011                     /usr/lib64/libpthread-2.17.so
7fbd11dac000-7fbd11dad000 r--p 00016000 fd:01 262011                     /usr/lib64/libpthread-2.17.so
7fbd11dad000-7fbd11dae000 rw-p 00017000 fd:01 262011                     /usr/lib64/libpthread-2.17.so
7fbd11dae000-7fbd11db2000 rw-p 00000000 00:00 0 
7fbd11db2000-7fbd11dd3000 r-xp 00000000 fd:01 261978                     /usr/lib64/ld-2.17.so
7fbd11dd3000-7fbd11dd5000 r--s 00001000 fd:01 518652                     /root/.sdkman/candidates/java/8u111/jre/lib/ext/dnsns.jar
7fbd11dd5000-7fbd11dd7000 r--s 00009000 fd:01 133280                     /root/.sdkman/candidates/grails/2.5.5/lib/commons-cli/commons-cli/jars/commons-cli-1.2.jar
7fbd11dd7000-7fbd11ddb000 r--s 000dc000 fd:01 133386                     /root/.sdkman/candidates/grails/2.5.5/lib/net.java.dev.jna/jna/jars/jna-4.0.0.jar
7fbd11ddb000-7fbd11ddf000 r--s 00031000 fd:01 133368                     /root/.sdkman/candidates/grails/2.5.5/lib/jline/jline/jars/jline-2.12.jar
7fbd11ddf000-7fbd11ec0000 rw-p 00000000 00:00 0 
7fbd11ec0000-7fbd11ec8000 rw-s 00000000 fd:01 522529                     /tmp/hsperfdata_root/30635
7fbd11ec8000-7fbd11ecb000 ---p 00000000 00:00 0 
7fbd11ecb000-7fbd11fcd000 rw-p 00000000 00:00 0                          [stack:30651]
7fbd11fcd000-7fbd11fce000 r--s 00008000 fd:01 133547                     /root/.sdkman/candidates/grails/2.5.5/lib/org.eclipse.aether/aether-connector-basic/jars/aether-connector-basic-1.0.2.v20150114.jar
7fbd11fce000-7fbd11fd0000 r--s 0001a000 fd:01 133594                     /root/.sdkman/candidates/grails/2.5.5/lib/org.fusesource.jansi/jansi/jars/jansi-1.11.jar
7fbd11fd0000-7fbd11fd1000 rw-p 00000000 00:00 0 
7fbd11fd1000-7fbd11fd2000 ---p 00000000 00:00 0 
7fbd11fd2000-7fbd11fd3000 rw-p 00000000 00:00 0 
7fbd11fd3000-7fbd11fd4000 r--p 00021000 fd:01 261978                     /usr/lib64/ld-2.17.so
7fbd11fd4000-7fbd11fd5000 rw-p 00022000 fd:01 261978                     /usr/lib64/ld-2.17.so
7fbd11fd5000-7fbd11fd6000 rw-p 00000000 00:00 0 
7fffe7c37000-7fffe7c58000 rw-p 00000000 00:00 0                          [stack]
7fffe7cf8000-7fffe7cfa000 r-xp 00000000 00:00 0                          [vdso]
ffffffffff600000-ffffffffff601000 r-xp 00000000 00:00 0                  [vsyscall]

VM Arguments:
jvm_args: -Xmx768M -Xms64M -Dfile.encoding=UTF-8 -Dgrails.home=/root/.sdkman/candidates/grails/current -Dtools.jar=/root/.sdkman/candidates/java/current/lib/tools.jar -Djava.net.preferIPv4Stack=true 
java_command: org.codehaus.groovy.grails.cli.support.GrailsStarter --main org.codehaus.groovy.grails.cli.GrailsScriptRunner --conf /root/.sdkman/candidates/grails/current/conf/groovy-starter.conf --classpath   war portal.war
java_class_path (initial): /root/.sdkman/candidates/grails/current/lib/org.codehaus.groovy/groovy-all/jars/groovy-all-2.4.5.jar:/root/.sdkman/candidates/grails/current/dist/grails-bootstrap-2.5.5.jar
Launcher Type: SUN_STANDARD

Environment Variables:
JAVA_HOME=/root/.sdkman/candidates/java/current
PATH=/root/.sdkman/candidates/java/current/bin:/root/.sdkman/candidates/groovy/current/bin:/root/.sdkman/candidates/grails/current/bin:/sbin:/bin:/usr/sbin:/usr/bin
USERNAME=root
SHELL=/bin/bash

Signal Handlers:
SIGSEGV: [libjvm.so+0xac64b0], sa_mask[0]=11111111011111111101111111111110, sa_flags=SA_RESTART|SA_SIGINFO
SIGBUS: [libjvm.so+0xac64b0], sa_mask[0]=11111111011111111101111111111110, sa_flags=SA_RESTART|SA_SIGINFO
SIGFPE: [libjvm.so+0x91f950], sa_mask[0]=11111111011111111101111111111110, sa_flags=SA_RESTART|SA_SIGINFO
SIGPIPE: [libjvm.so+0x91f950], sa_mask[0]=11111111011111111101111111111110, sa_flags=SA_RESTART|SA_SIGINFO
SIGXFSZ: [libjvm.so+0x91f950], sa_mask[0]=11111111011111111101111111111110, sa_flags=SA_RESTART|SA_SIGINFO
SIGILL: [libjvm.so+0x91f950], sa_mask[0]=11111111011111111101111111111110, sa_flags=SA_RESTART|SA_SIGINFO
SIGUSR1: SIG_DFL, sa_mask[0]=00000000000000000000000000000000, sa_flags=none
SIGUSR2: [libjvm.so+0x920f80], sa_mask[0]=00000000000000000000000000000000, sa_flags=SA_RESTART|SA_SIGINFO
SIGHUP: [libjvm.so+0x922380], sa_mask[0]=11111111011111111101111111111110, sa_flags=SA_RESTART|SA_SIGINFO
SIGINT: [libjvm.so+0x922380], sa_mask[0]=11111111011111111101111111111110, sa_flags=SA_RESTART|SA_SIGINFO
SIGTERM: [libjvm.so+0x922380], sa_mask[0]=11111111011111111101111111111110, sa_flags=SA_RESTART|SA_SIGINFO
SIGQUIT: [libjvm.so+0x922380], sa_mask[0]=11111111011111111101111111111110, sa_flags=SA_RESTART|SA_SIGINFO


---------------  S Y S T E M  ---------------

OS:CentOS Linux release 7.2.1511 (Core) 

uname:Linux 3.10.0-327.36.3.el7.x86_64 #1 SMP Mon Oct 24 16:09:20 UTC 2016 x86_64
libc:glibc 2.17 NPTL 2.17 
rlimit: STACK 8192k, CORE 0k, NPROC 7288, NOFILE 4096, AS infinity
load average:0.61 0.26 0.17

/proc/meminfo:
MemTotal:        1884100 kB
MemFree:           69412 kB
MemAvailable:      23872 kB
Buffers:             280 kB
Cached:           118448 kB
SwapCached:            0 kB
Active:          1686036 kB
Inactive:          64248 kB
Active(anon):    1685400 kB
Inactive(anon):    57380 kB
Active(file):        636 kB
Inactive(file):     6868 kB
Unevictable:           0 kB
Mlocked:               0 kB
SwapTotal:             0 kB
SwapFree:              0 kB
Dirty:                 0 kB
Writeback:             0 kB
AnonPages:       1631800 kB
Mapped:             6284 kB
Shmem:            110980 kB
Slab:              26748 kB
SReclaimable:      14040 kB
SUnreclaim:        12708 kB
KernelStack:        3344 kB
PageTables:         9196 kB
NFS_Unstable:          0 kB
Bounce:                0 kB
WritebackTmp:          0 kB
CommitLimit:      942048 kB
Committed_AS:    2362412 kB
VmallocTotal:   34359738367 kB
VmallocUsed:       93980 kB
VmallocChunk:   34359641080 kB
HardwareCorrupted:     0 kB
AnonHugePages:    706560 kB
HugePages_Total:       0
HugePages_Free:        0
HugePages_Rsvd:        0
HugePages_Surp:        0
Hugepagesize:       2048 kB
DirectMap4k:       57336 kB
DirectMap2M:     2039808 kB
DirectMap1G:           0 kB


CPU:total 2 (1 cores per cpu, 1 threads per core) family 6 model 62 stepping 4, cmov, cx8, fxsr, mmx, sse, sse2, sse3, ssse3, sse4.1, sse4.2, popcnt, avx, aes, clmul, erms, tsc

/proc/cpuinfo:
processor	: 0
vendor_id	: GenuineIntel
cpu family	: 6
model		: 62
model name	: Intel(R) Xeon(R) CPU E5-2630L v2 @ 2.40GHz
stepping	: 4
microcode	: 0x1
cpu MHz		: 2399.998
cache size	: 15360 KB
physical id	: 0
siblings	: 1
core id		: 0
cpu cores	: 1
apicid		: 0
initial apicid	: 0
fpu		: yes
fpu_exception	: yes
cpuid level	: 13
wp		: yes
flags		: fpu vme de pse tsc msr pae mce cx8 apic sep mtrr pge mca cmov pat pse36 clflush mmx fxsr sse sse2 ss syscall nx pdpe1gb rdtscp lm constant_tsc arch_perfmon rep_good nopl eagerfpu pni pclmulqdq vmx ssse3 cx16 pcid sse4_1 sse4_2 x2apic popcnt tsc_deadline_timer aes xsave avx f16c rdrand hypervisor lahf_lm arat vnmi ept fsgsbase tsc_adjust smep erms xsaveopt
bogomips	: 4799.99
clflush size	: 64
cache_alignment	: 64
address sizes	: 40 bits physical, 48 bits virtual
power management:

processor	: 1
vendor_id	: GenuineIntel
cpu family	: 6
model		: 62
model name	: Intel(R) Xeon(R) CPU E5-2630L v2 @ 2.40GHz
stepping	: 4
microcode	: 0x1
cpu MHz		: 2399.998
cache size	: 15360 KB
physical id	: 1
siblings	: 1
core id		: 0
cpu cores	: 1
apicid		: 1
initial apicid	: 1
fpu		: yes
fpu_exception	: yes
cpuid level	: 13
wp		: yes
flags		: fpu vme de pse tsc msr pae mce cx8 apic sep mtrr pge mca cmov pat pse36 clflush mmx fxsr sse sse2 ss syscall nx pdpe1gb rdtscp lm constant_tsc arch_perfmon rep_good nopl eagerfpu pni pclmulqdq vmx ssse3 cx16 pcid sse4_1 sse4_2 x2apic popcnt tsc_deadline_timer aes xsave avx f16c rdrand hypervisor lahf_lm arat vnmi ept fsgsbase tsc_adjust smep erms xsaveopt
bogomips	: 4799.99
clflush size	: 64
cache_alignment	: 64
address sizes	: 40 bits physical, 48 bits virtual
power management:



Memory: 4k page, physical 1884100k(69412k free), swap 0k(0k free)

vm_info: Java HotSpot(TM) 64-Bit Server VM (25.111-b14) for linux-amd64 JRE (1.8.0_111-b14), built on Sep 22 2016 16:14:03 by "java_re" with gcc 4.3.0 20080428 (Red Hat 4.3.0-8)

time: Thu Jan 19 20:39:59 2017
elapsed time: 18 seconds (0d 0h 0m 18s)

