#
# There is insufficient memory for the Java Runtime Environment to continue.
# Native memory allocation (mmap) failed to map 23592960 bytes for committing reserved memory.
# Possible reasons:
#   The system is out of physical RAM or swap space
#   In 32 bit mode, the process size limit was hit
# Possible solutions:
#   Reduce memory load on the system
#   Increase physical memory or swap space
#   Check if swap backing store is full
#   Use 64 bit Java on a 64 bit OS
#   Decrease Java heap size (-Xmx/-Xms)
#   Decrease number of Java threads
#   Decrease Java thread stack sizes (-Xss)
#   Set larger code cache with -XX:ReservedCodeCacheSize=
# This output file may be truncated or incomplete.
#
#  Out of Memory Error (os_linux.cpp:2627), pid=17598, tid=0x00007f2806ca8700
#
# JRE version: Java(TM) SE Runtime Environment (8.0_111-b14) (build 1.8.0_111-b14)
# Java VM: Java HotSpot(TM) 64-Bit Server VM (25.111-b14 mixed mode linux-amd64 compressed oops)
# Failed to write core dump. Core dumps have been disabled. To enable core dumping, try "ulimit -c unlimited" before starting Java again
#

---------------  T H R E A D  ---------------

Current thread (0x00007f2820073000):  VMThread [stack: 0x00007f2806ba8000,0x00007f2806ca9000] [id=17617]

Stack: [0x00007f2806ba8000,0x00007f2806ca9000],  sp=0x00007f2806ca70e0,  free space=1020k
Native frames: (J=compiled Java code, j=interpreted, Vv=VM code, C=native code)
V  [libjvm.so+0xac5c2a]  VMError::report_and_die()+0x2ba
V  [libjvm.so+0x4fc50b]  report_vm_out_of_memory(char const*, int, unsigned long, VMErrorType, char const*)+0x8b
V  [libjvm.so+0x922ae3]  os::Linux::commit_memory_impl(char*, unsigned long, bool)+0x103
V  [libjvm.so+0x923039]  os::pd_commit_memory(char*, unsigned long, unsigned long, bool)+0x29
V  [libjvm.so+0x91d33a]  os::commit_memory(char*, unsigned long, unsigned long, bool)+0x2a
V  [libjvm.so+0x991ac3]  PSVirtualSpace::expand_by(unsigned long)+0x53
V  [libjvm.so+0x992ec8]  PSYoungGen::resize_generation(unsigned long, unsigned long)+0xf8
V  [libjvm.so+0x992022]  PSYoungGen::resize(unsigned long, unsigned long)+0x22
V  [libjvm.so+0x98f2fb]  PSScavenge::invoke_no_policy()+0xf3b
V  [libjvm.so+0x98fa81]  PSScavenge::invoke()+0x41
V  [libjvm.so+0x9467d0]  ParallelScavengeHeap::failed_mem_allocate(unsigned long)+0x70
V  [libjvm.so+0xac7647]  VM_ParallelGCFailedAllocation::doit()+0x97
V  [libjvm.so+0xacf125]  VM_Operation::evaluate()+0x55
V  [libjvm.so+0xacd4fa]  VMThread::evaluate_operation(VM_Operation*)+0xba
V  [libjvm.so+0xacd87e]  VMThread::loop()+0x1ce
V  [libjvm.so+0xacdcf0]  VMThread::run()+0x70
V  [libjvm.so+0x924ea8]  java_start(Thread*)+0x108

VM_Operation (0x00007f28269cf970): ParallelGCFailedAllocation, mode: safepoint, requested by thread 0x00007f2820009000


---------------  P R O C E S S  ---------------

Java Threads: ( => current thread )
  0x00007f27cc030800 JavaThread "Thread-8" [_thread_in_native, id=17669, stack(0x00007f27ec9d6000,0x00007f27ecad7000)]
  0x00007f27cc030000 JavaThread "Thread-7" [_thread_in_native, id=17666, stack(0x00007f28040e5000,0x00007f28041e6000)]
  0x00007f27cc01f800 JavaThread "Thread-5" [_thread_in_native, id=17663, stack(0x00007f27ec8d5000,0x00007f27ec9d6000)]
  0x00007f2821d33000 JavaThread "Thread-4" [_thread_blocked, id=17662, stack(0x00007f27ecad7000,0x00007f27ecbd8000)]
  0x00007f282043b000 JavaThread "NonBlockingInputStreamThread" daemon [_thread_blocked, id=17637, stack(0x00007f2805e20000,0x00007f2805f21000)]
  0x00007f28203b2000 JavaThread "process reaper" daemon [_thread_in_native, id=17626, stack(0x00007f2806122000,0x00007f280615b000)]
  0x00007f28200b9800 JavaThread "Service Thread" daemon [_thread_blocked, id=17623, stack(0x00007f28065a2000,0x00007f28066a3000)]
  0x00007f28200b6800 JavaThread "C1 CompilerThread1" daemon [_thread_blocked, id=17622, stack(0x00007f28066a3000,0x00007f28067a4000)]
  0x00007f28200b3800 JavaThread "C2 CompilerThread0" daemon [_thread_blocked, id=17621, stack(0x00007f28067a4000,0x00007f28068a5000)]
  0x00007f28200b2000 JavaThread "Signal Dispatcher" daemon [_thread_blocked, id=17620, stack(0x00007f28068a5000,0x00007f28069a6000)]
  0x00007f282007f000 JavaThread "Finalizer" daemon [_thread_blocked, id=17619, stack(0x00007f28069a6000,0x00007f2806aa7000)]
  0x00007f282007a800 JavaThread "Reference Handler" daemon [_thread_blocked, id=17618, stack(0x00007f2806aa7000,0x00007f2806ba8000)]
  0x00007f2820009000 JavaThread "main" [_thread_blocked, id=17614, stack(0x00007f28268e1000,0x00007f28269e2000)]

Other Threads:
=>0x00007f2820073000 VMThread [stack: 0x00007f2806ba8000,0x00007f2806ca9000] [id=17617]
  0x00007f28200bc800 WatcherThread [stack: 0x00007f28064a1000,0x00007f28065a2000] [id=17624]

VM state:at safepoint (normal execution)

VM Mutex/Monitor currently owned by a thread:  ([mutex/lock_event])
[0x00007f2820006580] Threads_lock - owner thread: 0x00007f2820073000
[0x00007f2820006a80] Heap_lock - owner thread: 0x00007f2820009000

Heap:
 PSYoungGen      total 471040K, used 45044K [0x00000000d5d80000, 0x00000000f8c00000, 0x0000000100000000)
  eden space 425984K, 0% used [0x00000000d5d80000,0x00000000d5d80000,0x00000000efd80000)
  from space 45056K, 99% used [0x00000000f6000000,0x00000000f8bfd1d0,0x00000000f8c00000)
  to   space 38400K, 0% used [0x00000000efd80000,0x00000000efd80000,0x00000000f2300000)
 ParOldGen       total 102400K, used 90558K [0x0000000081800000, 0x0000000087c00000, 0x00000000d5d80000)
  object space 102400K, 88% used [0x0000000081800000,0x000000008706f9e0,0x0000000087c00000)
 Metaspace       used 51185K, capacity 53300K, committed 53464K, reserved 1095680K
  class space    used 5965K, capacity 6561K, committed 6656K, reserved 1048576K

Card table byte_map: [0x00007f281084b000,0x00007f2810c40000] byte_map_base: 0x00007f281043f000

Marking Bits: (ParMarkBitMap*) 0x00007f2825da6220
 Begin Bits: [0x00007f280c466000, 0x00007f280e406000)
 End Bits:   [0x00007f280e406000, 0x00007f28103a6000)

Polling page: 0x00007f28269ea000

CodeCache: size=245760Kb used=28185Kb max_used=28514Kb free=217574Kb
 bounds [0x00007f2811000000, 0x00007f2812c10000, 0x00007f2820000000]
 total_blobs=8706 nmethods=8023 adapters=595
 compilation: enabled

Compilation events (10 events):
Event: 2144.891 Thread 0x00007f28200b6800 9895   !   3       sun.reflect.GeneratedMethodAccessor160::invoke (65 bytes)
Event: 2144.892 Thread 0x00007f28200b6800 nmethod 9895 0x00007f2812247d50 code [0x00007f2812247f80, 0x00007f2812248838]
Event: 2225.455 Thread 0x00007f28200b6800 9896       3       java.io.FileInputStream::read (8 bytes)
Event: 2225.455 Thread 0x00007f28200b6800 nmethod 9896 0x00007f2811184a50 code [0x00007f2811184bc0, 0x00007f2811184d48]
Event: 2273.052 Thread 0x00007f28200b6800 9897   !   3       java_io_Closeable$close::call (32 bytes)
Event: 2273.053 Thread 0x00007f28200b6800 nmethod 9897 0x00007f2812a11c90 code [0x00007f2812a11e40, 0x00007f2812a12328]
Event: 2384.597 Thread 0x00007f28200b6800 9898  s    3       java.lang.Throwable::getCause (17 bytes)
Event: 2384.598 Thread 0x00007f28200b6800 nmethod 9898 0x00007f2812b1cf50 code [0x00007f2812b1d0c0, 0x00007f2812b1d3d0]
Event: 2413.615 Thread 0x00007f28200b3800 9899 % !   4       java.io.BufferedReader::readLine @ 131 (304 bytes)
Event: 2413.756 Thread 0x00007f28200b3800 nmethod 9899% 0x00007f28124cb150 code [0x00007f28124cb380, 0x00007f28124cdbe8]

GC Heap History (10 events):
Event: 35.882 GC heap after
Heap after GC invocations=28 (full 3):
 PSYoungGen      total 368640K, used 22265K [0x00000000d5d80000, 0x00000000f1500000, 0x0000000100000000)
  eden space 335360K, 0% used [0x00000000d5d80000,0x00000000d5d80000,0x00000000ea500000)
  from space 33280K, 66% used [0x00000000ea500000,0x00000000ebabe690,0x00000000ec580000)
  to   space 34816K, 0% used [0x00000000ef300000,0x00000000ef300000,0x00000000f1500000)
 ParOldGen       total 102400K, used 63246K [0x0000000081800000, 0x0000000087c00000, 0x00000000d5d80000)
  object space 102400K, 61% used [0x0000000081800000,0x00000000855c3878,0x0000000087c00000)
 Metaspace       used 43032K, capacity 44720K, committed 44888K, reserved 1089536K
  class space    used 4878K, capacity 5403K, committed 5504K, reserved 1048576K
}
Event: 37.965 GC heap before
{Heap before GC invocations=29 (full 3):
 PSYoungGen      total 368640K, used 357625K [0x00000000d5d80000, 0x00000000f1500000, 0x0000000100000000)
  eden space 335360K, 100% used [0x00000000d5d80000,0x00000000ea500000,0x00000000ea500000)
  from space 33280K, 66% used [0x00000000ea500000,0x00000000ebabe690,0x00000000ec580000)
  to   space 34816K, 0% used [0x00000000ef300000,0x00000000ef300000,0x00000000f1500000)
 ParOldGen       total 102400K, used 63246K [0x0000000081800000, 0x0000000087c00000, 0x00000000d5d80000)
  object space 102400K, 61% used [0x0000000081800000,0x00000000855c3878,0x0000000087c00000)
 Metaspace       used 43196K, capacity 44886K, committed 45144K, reserved 1089536K
  class space    used 4891K, capacity 5437K, committed 5504K, reserved 1048576K
Event: 38.034 GC heap after
Heap after GC invocations=29 (full 3):
 PSYoungGen      total 413184K, used 26039K [0x00000000d5d80000, 0x00000000f1a00000, 0x0000000100000000)
  eden space 378368K, 0% used [0x00000000d5d80000,0x00000000d5d80000,0x00000000ecf00000)
  from space 34816K, 74% used [0x00000000ef300000,0x00000000f0c6dd60,0x00000000f1500000)
  to   space 36864K, 0% used [0x00000000ecf00000,0x00000000ecf00000,0x00000000ef300000)
 ParOldGen       total 102400K, used 63246K [0x0000000081800000, 0x0000000087c00000, 0x00000000d5d80000)
  object space 102400K, 61% used [0x0000000081800000,0x00000000855c3878,0x0000000087c00000)
 Metaspace       used 43196K, capacity 44886K, committed 45144K, reserved 1089536K
  class space    used 4891K, capacity 5437K, committed 5504K, reserved 1048576K
}
Event: 39.998 GC heap before
{Heap before GC invocations=30 (full 3):
 PSYoungGen      total 413184K, used 404407K [0x00000000d5d80000, 0x00000000f1a00000, 0x0000000100000000)
  eden space 378368K, 100% used [0x00000000d5d80000,0x00000000ecf00000,0x00000000ecf00000)
  from space 34816K, 74% used [0x00000000ef300000,0x00000000f0c6dd60,0x00000000f1500000)
  to   space 36864K, 0% used [0x00000000ecf00000,0x00000000ecf00000,0x00000000ef300000)
 ParOldGen       total 102400K, used 63246K [0x0000000081800000, 0x0000000087c00000, 0x00000000d5d80000)
  object space 102400K, 61% used [0x0000000081800000,0x00000000855c3878,0x0000000087c00000)
 Metaspace       used 43196K, capacity 44886K, committed 45144K, reserved 1089536K
  class space    used 4891K, capacity 5437K, committed 5504K, reserved 1048576K
Event: 40.044 GC heap after
Heap after GC invocations=30 (full 3):
 PSYoungGen      total 415232K, used 22785K [0x00000000d5d80000, 0x00000000f4900000, 0x0000000100000000)
  eden space 378368K, 0% used [0x00000000d5d80000,0x00000000d5d80000,0x00000000ecf00000)
  from space 36864K, 61% used [0x00000000ecf00000,0x00000000ee540460,0x00000000ef300000)
  to   space 37376K, 0% used [0x00000000f2480000,0x00000000f2480000,0x00000000f4900000)
 ParOldGen       total 102400K, used 63246K [0x0000000081800000, 0x0000000087c00000, 0x00000000d5d80000)
  object space 102400K, 61% used [0x0000000081800000,0x00000000855c3878,0x0000000087c00000)
 Metaspace       used 43196K, capacity 44886K, committed 45144K, reserved 1089536K
  class space    used 4891K, capacity 5437K, committed 5504K, reserved 1048576K
}
Event: 42.397 GC heap before
{Heap before GC invocations=31 (full 3):
 PSYoungGen      total 415232K, used 401153K [0x00000000d5d80000, 0x00000000f4900000, 0x0000000100000000)
  eden space 378368K, 100% used [0x00000000d5d80000,0x00000000ecf00000,0x00000000ecf00000)
  from space 36864K, 61% used [0x00000000ecf00000,0x00000000ee540460,0x00000000ef300000)
  to   space 37376K, 0% used [0x00000000f2480000,0x00000000f2480000,0x00000000f4900000)
 ParOldGen       total 102400K, used 63246K [0x0000000081800000, 0x0000000087c00000, 0x00000000d5d80000)
  object space 102400K, 61% used [0x0000000081800000,0x00000000855c3878,0x0000000087c00000)
 Metaspace       used 43239K, capacity 44950K, committed 45144K, reserved 1089536K
  class space    used 4894K, capacity 5437K, committed 5504K, reserved 1048576K
Event: 42.440 GC heap after
Heap after GC invocations=31 (full 3):
 PSYoungGen      total 462848K, used 23784K [0x00000000d5d80000, 0x00000000f4880000, 0x0000000100000000)
  eden space 425984K, 0% used [0x00000000d5d80000,0x00000000d5d80000,0x00000000efd80000)
  from space 36864K, 64% used [0x00000000f2480000,0x00000000f3bba348,0x00000000f4880000)
  to   space 38400K, 0% used [0x00000000efd80000,0x00000000efd80000,0x00000000f2300000)
 ParOldGen       total 102400K, used 63246K [0x0000000081800000, 0x0000000087c00000, 0x00000000d5d80000)
  object space 102400K, 61% used [0x0000000081800000,0x00000000855c3878,0x0000000087c00000)
 Metaspace       used 43239K, capacity 44950K, committed 45144K, reserved 1089536K
  class space    used 4894K, capacity 5437K, committed 5504K, reserved 1048576K
}
Event: 45.746 GC heap before
{Heap before GC invocations=32 (full 3):
 PSYoungGen      total 462848K, used 449768K [0x00000000d5d80000, 0x00000000f4880000, 0x0000000100000000)
  eden space 425984K, 100% used [0x00000000d5d80000,0x00000000efd80000,0x00000000efd80000)
  from space 36864K, 64% used [0x00000000f2480000,0x00000000f3bba348,0x00000000f4880000)
  to   space 38400K, 0% used [0x00000000efd80000,0x00000000efd80000,0x00000000f2300000)
 ParOldGen       total 102400K, used 63246K [0x0000000081800000, 0x0000000087c00000, 0x00000000d5d80000)
  object space 102400K, 61% used [0x0000000081800000,0x00000000855c3878,0x0000000087c00000)
 Metaspace       used 44796K, capacity 46680K, committed 46936K, reserved 1091584K
  class space    used 5120K, capacity 5670K, committed 5760K, reserved 1048576K
Event: 45.861 GC heap after
Heap after GC invocations=32 (full 3):
 PSYoungGen      total 464384K, used 38374K [0x00000000d5d80000, 0x00000000f8c00000, 0x0000000100000000)
  eden space 425984K, 0% used [0x00000000d5d80000,0x00000000d5d80000,0x00000000efd80000)
  from space 38400K, 99% used [0x00000000efd80000,0x00000000f22f9820,0x00000000f2300000)
  to   space 45056K, 0% used [0x00000000f6000000,0x00000000f6000000,0x00000000f8c00000)
 ParOldGen       total 102400K, used 66324K [0x0000000081800000, 0x0000000087c00000, 0x00000000d5d80000)
  object space 102400K, 64% used [0x0000000081800000,0x00000000858c5018,0x0000000087c00000)
 Metaspace       used 44796K, capacity 46680K, committed 46936K, reserved 1091584K
  class space    used 5120K, capacity 5670K, committed 5760K, reserved 1048576K
}
Event: 2495.624 GC heap before
{Heap before GC invocations=33 (full 3):
 PSYoungGen      total 464384K, used 464358K [0x00000000d5d80000, 0x00000000f8c00000, 0x0000000100000000)
  eden space 425984K, 100% used [0x00000000d5d80000,0x00000000efd80000,0x00000000efd80000)
  from space 38400K, 99% used [0x00000000efd80000,0x00000000f22f9820,0x00000000f2300000)
  to   space 45056K, 0% used [0x00000000f6000000,0x00000000f6000000,0x00000000f8c00000)
 ParOldGen       total 102400K, used 66324K [0x0000000081800000, 0x0000000087c00000, 0x00000000d5d80000)
  object space 102400K, 64% used [0x0000000081800000,0x00000000858c5018,0x0000000087c00000)
 Metaspace       used 51185K, capacity 53300K, committed 53464K, reserved 1095680K
  class space    used 5965K, capacity 6561K, committed 6656K, reserved 1048576K

Deoptimization events (10 events):
Event: 48.734 Thread 0x00007f2820009000 Uncommon trap: reason=array_check action=maybe_recompile pc=0x00007f28123152e0 method=java.util.ComparableTimSort.binarySort([Ljava/lang/Object;III)V @ 193
Event: 48.741 Thread 0x00007f2820009000 Uncommon trap: reason=array_check action=maybe_recompile pc=0x00007f28123153b4 method=java.util.ComparableTimSort.binarySort([Ljava/lang/Object;III)V @ 183
Event: 48.748 Thread 0x00007f2820009000 Uncommon trap: reason=array_check action=maybe_recompile pc=0x00007f28123153b4 method=java.util.ComparableTimSort.binarySort([Ljava/lang/Object;III)V @ 183
Event: 49.218 Thread 0x00007f2820009000 Uncommon trap: reason=unstable_if action=reinterpret pc=0x00007f28123d0dec method=java.lang.Class.newInstance()Ljava/lang/Object; @ 106
Event: 49.218 Thread 0x00007f2820009000 Uncommon trap: reason=predicate action=maybe_recompile pc=0x00007f2811ce507c method=java.lang.String.regionMatches(ZILjava/lang/String;II)Z @ 63
Event: 49.231 Thread 0x00007f2820009000 Uncommon trap: reason=unstable_if action=reinterpret pc=0x00007f281172d8c0 method=java.net.URI.match(CJJ)Z @ 45
Event: 49.231 Thread 0x00007f2820009000 Uncommon trap: reason=unstable_if action=reinterpret pc=0x00007f28117a0f6c method=java.net.URI.match(CJJ)Z @ 19
Event: 55.068 Thread 0x00007f2820009000 Uncommon trap: reason=null_check action=make_not_entrant pc=0x00007f2811467b9c method=java.net.URL.getURLStreamHandler(Ljava/lang/String;)Ljava/net/URLStreamHandler; @ 7
Event: 62.991 Thread 0x00007f27cc030000 Uncommon trap: reason=unstable_if action=reinterpret pc=0x00007f28116d90d4 method=java.io.BufferedReader.readLine(Z)Ljava/lang/String; @ 192
Event: 67.815 Thread 0x00007f27cc01f800 Uncommon trap: reason=predicate action=maybe_recompile pc=0x00007f28122c06a0 method=java.util.AbstractCollection.toArray([Ljava/lang/Object;)[Ljava/lang/Object; @ 49

Internal exceptions (10 events):
Event: 54.966 Thread 0x00007f2820009000 Exception <a 'java/net/ConnectException'> (0x00000000ed90d1a0) thrown at [/HUDSON3/workspace/8-2-build-linux-amd64/jdk8u111/7883/hotspot/src/share/vm/prims/jni.cpp, line 709]
Event: 55.068 Thread 0x00007f2820009000 Implicit null exception at 0x00007f28114654d4 to 0x00007f2811467b91
Event: 67.813 Thread 0x00007f27cc01f800 Exception <a 'java/lang/ClassNotFoundException': java/net/SocketBeanInfo> (0x00000000ee2ad1e0) thrown at [/HUDSON3/workspace/8-2-build-linux-amd64/jdk8u111/7883/hotspot/src/share/vm/classfile/systemDictionary.cpp, line 210]
Event: 67.814 Thread 0x00007f27cc01f800 Exception <a 'java/lang/ClassNotFoundException': java/net/SocketCustomizer> (0x00000000ee2bda38) thrown at [/HUDSON3/workspace/8-2-build-linux-amd64/jdk8u111/7883/hotspot/src/share/vm/classfile/systemDictionary.cpp, line 210]
Event: 82.886 Thread 0x00007f2820009000 Exception <a 'java/lang/ClassNotFoundException': org/codehaus/groovy/grails/compiler/GrailsProjectWatcherBeanInfo> (0x00000000ed9caf88) thrown at [/HUDSON3/workspace/8-2-build-linux-amd64/jdk8u111/7883/hotspot/src/share/vm/classfile/systemDictionary.cpp, 
Event: 82.888 Thread 0x00007f2820009000 Exception <a 'java/lang/ClassNotFoundException': org/codehaus/groovy/grails/project/compiler/GrailsProjectWatcherBeanInfo> (0x00000000eda091b8) thrown at [/HUDSON3/workspace/8-2-build-linux-amd64/jdk8u111/7883/hotspot/src/share/vm/classfile/systemDictiona
Event: 82.890 Thread 0x00007f2820009000 Exception <a 'java/lang/ClassNotFoundException': org/codehaus/groovy/grails/project/compiler/GrailsProjectWatcherCustomizer> (0x00000000eda47530) thrown at [/HUDSON3/workspace/8-2-build-linux-amd64/jdk8u111/7883/hotspot/src/share/vm/classfile/systemDictio
Event: 82.929 Thread 0x00007f2820009000 Exception <a 'java/lang/ClassNotFoundException': org/codehaus/groovy/grails/compiler/GrailsProjectWatcherCustomizer> (0x00000000eda8c2d0) thrown at [/HUDSON3/workspace/8-2-build-linux-amd64/jdk8u111/7883/hotspot/src/share/vm/classfile/systemDictionary.cpp
Event: 82.975 Thread 0x00007f2820009000 Exception <a 'java/lang/ClassNotFoundException': org/codehaus/groovy/grails/cli/interactive/InteractiveModeBeanInfo> (0x00000000edb395e0) thrown at [/HUDSON3/workspace/8-2-build-linux-amd64/jdk8u111/7883/hotspot/src/share/vm/classfile/systemDictionary.cpp
Event: 82.979 Thread 0x00007f2820009000 Exception <a 'java/lang/ClassNotFoundException': org/codehaus/groovy/grails/cli/interactive/InteractiveModeCustomizer> (0x00000000edb75558) thrown at [/HUDSON3/workspace/8-2-build-linux-amd64/jdk8u111/7883/hotspot/src/share/vm/classfile/systemDictionary.c

Events (10 events):
Event: 1943.020 Thread 0x00007f28200b6800 flushing nmethod 0x00007f2811259d50
Event: 2011.891 Thread 0x00007f28200b6800 flushing nmethod 0x00007f28117e5f50
Event: 2014.023 Thread 0x00007f28200b6800 flushing nmethod 0x00007f2811bf19d0
Event: 2014.024 Thread 0x00007f28200b6800 flushing nmethod 0x00007f2811c3b750
Event: 2014.103 Thread 0x00007f28200b6800 flushing nmethod 0x00007f28120c48d0
Event: 2049.515 Thread 0x00007f28200b6800 flushing nmethod 0x00007f28120e3650
Event: 2049.515 Thread 0x00007f28200b6800 flushing nmethod 0x00007f28120e6b10
Event: 2114.829 Thread 0x00007f28200b6800 flushing nmethod 0x00007f2812a11010
Event: 2114.831 Thread 0x00007f28200b6800 flushing nmethod 0x00007f2812b1ce10
Event: 2495.624 Executing VM operation: ParallelGCFailedAllocation


Dynamic libraries:
00400000-00401000 r-xp 00000000 fd:01 518620                             /root/.sdkman/candidates/java/8u111/bin/java
00600000-00601000 rw-p 00000000 fd:01 518620                             /root/.sdkman/candidates/java/8u111/bin/java
021b2000-021d3000 rw-p 00000000 00:00 0                                  [heap]
81800000-87c00000 rw-p 00000000 00:00 0 
87c00000-d5d80000 ---p 00000000 00:00 0 
d5d80000-f8c00000 rw-p 00000000 00:00 0 
fa280000-100000000 ---p 00000000 00:00 0 
100000000-100680000 rw-p 00000000 00:00 0 
100680000-140000000 ---p 00000000 00:00 0 
7f27c8000000-7f27c8021000 rw-p 00000000 00:00 0 
7f27c8021000-7f27cc000000 ---p 00000000 00:00 0 
7f27cc000000-7f27cc03a000 rw-p 00000000 00:00 0 
7f27cc03a000-7f27d0000000 ---p 00000000 00:00 0 
7f27d0000000-7f27d0021000 rw-p 00000000 00:00 0 
7f27d0021000-7f27d4000000 ---p 00000000 00:00 0 
7f27d4000000-7f27d4021000 rw-p 00000000 00:00 0 
7f27d4021000-7f27d8000000 ---p 00000000 00:00 0 
7f27d8000000-7f27d8021000 rw-p 00000000 00:00 0 
7f27d8021000-7f27dc000000 ---p 00000000 00:00 0 
7f27dc000000-7f27dc021000 rw-p 00000000 00:00 0 
7f27dc021000-7f27e0000000 ---p 00000000 00:00 0 
7f27e0000000-7f27e28ed000 rw-p 00000000 00:00 0 
7f27e28ed000-7f27e4000000 ---p 00000000 00:00 0 
7f27e4000000-7f27e4f28000 rw-p 00000000 00:00 0 
7f27e4f28000-7f27e8000000 ---p 00000000 00:00 0 
7f27e8000000-7f27e8021000 rw-p 00000000 00:00 0 
7f27e8021000-7f27ec000000 ---p 00000000 00:00 0 
7f27ec3d4000-7f27ec594000 rw-p 00000000 00:00 0 
7f27ec594000-7f27ec5d4000 ---p 00000000 00:00 0 
7f27ec5d4000-7f27ec7d4000 rw-p 00000000 00:00 0 
7f27ec7d4000-7f27ec7d7000 ---p 00000000 00:00 0 
7f27ec7d7000-7f27ec8d5000 rw-p 00000000 00:00 0 
7f27ec8d5000-7f27ec8d8000 ---p 00000000 00:00 0 
7f27ec8d8000-7f27ec9d6000 rw-p 00000000 00:00 0                          [stack:17663]
7f27ec9d6000-7f27ec9d9000 ---p 00000000 00:00 0 
7f27ec9d9000-7f27ecad7000 rw-p 00000000 00:00 0                          [stack:17669]
7f27ecad7000-7f27ecada000 ---p 00000000 00:00 0 
7f27ecada000-7f27ecbd8000 rw-p 00000000 00:00 0                          [stack:17662]
7f27ecbd8000-7f27ecbdb000 ---p 00000000 00:00 0 
7f27ecbdb000-7f27eced9000 rw-p 00000000 00:00 0 
7f27eced9000-7f27ed0d9000 rw-p 00000000 00:00 0 
7f27ed0d9000-7f27ed2d9000 rw-p 00000000 00:00 0 
7f27ed2d9000-7f27ed4d9000 rw-p 00000000 00:00 0 
7f27ed4d9000-7f27ed6d9000 rw-p 00000000 00:00 0 
7f27ed6d9000-7f27ed8d9000 rw-p 00000000 00:00 0 
7f27ed8d9000-7f27edad9000 rw-p 00000000 00:00 0 
7f27edad9000-7f27f4000000 r--p 00000000 fd:01 262303                     /usr/lib/locale/locale-archive
7f27f4000000-7f27f4021000 rw-p 00000000 00:00 0 
7f27f4021000-7f27f8000000 ---p 00000000 00:00 0 
7f27f8000000-7f27f8021000 rw-p 00000000 00:00 0 
7f27f8021000-7f27fc000000 ---p 00000000 00:00 0 
7f27fc000000-7f27fc308000 rw-p 00000000 00:00 0 
7f27fc308000-7f2800000000 ---p 00000000 00:00 0 
7f2800000000-7f2800030000 rw-p 00000000 00:00 0 
7f2800030000-7f2804000000 ---p 00000000 00:00 0 
7f28040a6000-7f28040a7000 rw-p 00000000 00:00 0 
7f28040a7000-7f28040c3000 r--s 00393000 fd:01 518657                     /root/.sdkman/candidates/java/8u111/jre/lib/ext/cldrdata.jar
7f28040c3000-7f28040cd000 r--s 00116000 fd:01 518653                     /root/.sdkman/candidates/java/8u111/jre/lib/ext/localedata.jar
7f28040cd000-7f28040d2000 r--s 002f9000 fd:01 518769                     /root/.sdkman/candidates/java/8u111/jre/lib/charsets.jar
7f28040d2000-7f28040e5000 r--s 00345000 fd:01 518733                     /root/.sdkman/candidates/java/8u111/jre/lib/resources.jar
7f28040e5000-7f28040e8000 ---p 00000000 00:00 0 
7f28040e8000-7f28043dc000 rw-p 00000000 00:00 0                          [stack:17666]
7f28043dc000-7f28043e6000 ---p 00000000 00:00 0 
7f28043e6000-7f28045e6000 rw-p 00000000 00:00 0 
7f28045e6000-7f28047e6000 rw-p 00000000 00:00 0 
7f28047e6000-7f28049e6000 rw-p 00000000 00:00 0 
7f28049e6000-7f28049f7000 r--s 000d2000 fd:01 520508                     /root/.m2/repository/org/liquibase/liquibase-core/2.0.5/liquibase-core-2.0.5.jar
7f28049f7000-7f28049fd000 r--s 0004c000 fd:01 133604                     /root/.sdkman/candidates/grails/2.5.5/lib/org.grails/grails-datastore-simple/jars/grails-datastore-simple-3.1.5.RELEASE.jar
7f28049fd000-7f2804a02000 r--s 00048000 fd:01 520507                     /root/.m2/repository/dom4j/dom4j/1.6.1/dom4j-1.6.1.jar
7f2804a02000-7f2804a03000 r--s 00002000 fd:01 520503                     /root/.m2/repository/org/jboss/logging/jboss-logging-annotations/1.2.0.Beta1/jboss-logging-annotations-1.2.0.Beta1.jar
7f2804a03000-7f2804a06000 r--s 00010000 fd:01 520502                     /root/.m2/repository/org/hibernate/common/hibernate-commons-annotations/4.0.4.Final/hibernate-commons-annotations-4.0.4.Final.jar
7f2804a06000-7f2804a0e000 r--s 00054000 fd:01 520499                     /root/.m2/repository/org/springframework/spring-orm/4.1.8.RELEASE/spring-orm-4.1.8.RELEASE.jar
7f2804a0e000-7f2804a10000 r--s 0000a000 fd:01 520497                     /root/.m2/repository/org/grails/grails-datastore-gorm-plugin-support/3.1.5.RELEASE/grails-datastore-gorm-plugin-support-3.1.5.RELEASE.jar
7f2804a10000-7f2804a16000 r--s 00041000 fd:01 520496                     /root/.m2/repository/org/grails/grails-datastore-gorm-hibernate-core/3.1.5.RELEASE/grails-datastore-gorm-hibernate-core-3.1.5.RELEASE.jar
7f2804a16000-7f2804a1e000 r--s 00062000 fd:01 520493                     /root/.m2/repository/org/grails/grails-datastore-gorm-hibernate4/3.1.5.RELEASE/grails-datastore-gorm-hibernate4-3.1.5.RELEASE.jar
7f2804a1e000-7f2804a28000 r--s 00080000 fd:01 133601                     /root/.sdkman/candidates/grails/2.5.5/lib/org.grails/grails-datastore-gorm/jars/grails-datastore-gorm-3.1.5.RELEASE.jar
7f2804a28000-7f2804a33000 r--s 00054000 fd:01 133598                     /root/.sdkman/candidates/grails/2.5.5/lib/org.grails/grails-datastore-core/jars/grails-datastore-core-3.1.5.RELEASE.jar
7f2804a33000-7f2804a35000 r--s 0000d000 fd:01 520491                     /root/.m2/repository/org/jboss/logging/jboss-logging/3.1.0.GA/jboss-logging-3.1.0.GA.jar
7f2804a35000-7f2804b0d000 r--s 007c3000 fd:01 520490                     /root/.m2/repository/net/sf/ehcache/ehcache/2.9.0/ehcache-2.9.0.jar
7f2804b0d000-7f2804b0f000 r--s 00011000 fd:01 520487                     /root/.m2/repository/org/jboss/jandex/1.1.0.Final/jandex-1.1.0.Final.jar
7f2804b0f000-7f2804b14000 r--s 00068000 fd:01 520485                     /root/.m2/repository/antlr/antlr/2.7.7/antlr-2.7.7.jar
7f2804b14000-7f2804b15000 r--s 00006000 fd:01 520484                     /root/.m2/repository/org/jboss/spec/javax/transaction/jboss-transaction-api_1.2_spec/1.0.0.Final/jboss-transaction-api_1.2_spec-1.0.0.Final.jar
7f2804b15000-7f2804b74000 r--s 004ab000 fd:01 520483                     /root/.m2/repository/org/hibernate/hibernate-core/4.3.10.Final/hibernate-core-4.3.10.Final.jar
7f2804b74000-7f2804b78000 r--s 0001e000 fd:01 520479                     /root/.m2/repository/org/hibernate/hibernate-ehcache/4.3.10.Final/hibernate-ehcache-4.3.10.Final.jar
7f2804b78000-7f2804b7a000 r--s 0000d000 fd:01 520478                     /root/.m2/repository/com/fasterxml/classmate/1.0.0/classmate-1.0.0.jar
7f2804b7a000-7f2804b7e000 r--s 0000c000 fd:01 520475                     /root/.m2/repository/javax/validation/validation-api/1.1.0.Final/validation-api-1.1.0.Final.jar
7f2804b7e000-7f2804b8c000 r--s 0008d000 fd:01 520473                     /root/.m2/repository/org/hibernate/hibernate-validator/5.1.3.Final/hibernate-validator-5.1.3.Final.jar
7f2804b8c000-7f2804b94000 r--s 0007b000 fd:01 520470                     /root/.m2/repository/com/google/protobuf/protobuf-java/2.5.0/protobuf-java-2.5.0.jar
7f2804b94000-7f2804bbf000 r--s 001fc000 fd:01 520468                     /root/.m2/repository/com/google/guava/guava/18.0/guava-18.0.jar
7f2804bbf000-7f2804bc2000 r--s 00010000 fd:01 520465                     /root/.m2/repository/args4j/args4j/2.0.26/args4j-2.0.26.jar
7f2804bc2000-7f2804bc3000 r--s 0001c000 fd:01 520463                     /root/.m2/repository/com/google/javascript/closure-compiler-externs/v20141023/closure-compiler-externs-v20141023.jar
7f2804bc3000-7f2804bf4000 r--s 002cc000 fd:01 520461                     /root/.m2/repository/com/google/javascript/closure-compiler/v20141023/closure-compiler-v20141023.jar
7f2804bf4000-7f2804bf8000 r--s 00035000 fd:01 520460                     /root/.m2/repository/com/bertramlabs/plugins/asset-pipeline-core/2.5.5/asset-pipeline-core-2.5.5.jar
7f2804bf8000-7f2804c05000 r--s 00109000 fd:01 520459                     /root/.m2/repository/org/mozilla/rhino/1.7R4/rhino-1.7R4.jar
7f2804c05000-7f2804c0e000 r--s 000a5000 fd:01 520455                     /root/.m2/repository/org/javassist/javassist/3.17.1-GA/javassist-3.17.1-GA.jar
7f2804c0e000-7f2804c10000 r--s 00013000 fd:01 522495                     /root/.m2/repository/xml-resolver/xml-resolver/1.2/xml-resolver-1.2.jar
7f2804c10000-7f2804c27000 r--s 00112000 fd:01 522494                     /root/.m2/repository/xerces/xercesImpl/2.8.1/xercesImpl-2.8.1.jar
7f2804c27000-7f2804c2a000 r--s 0001a000 fd:01 522493                     /root/.m2/repository/net/sourceforge/nekohtml/nekohtml/1.9.9/nekohtml-1.9.9.jar
7f2804c2a000-7f2804c2d000 r--s 00013000 fd:01 522492                     /root/.m2/repository/net/sf/ezmorph/ezmorph/1.0.6/ezmorph-1.0.6.jar
7f2804c2d000-7f2804c3b000 r--s 0007f000 fd:01 133294                     /root/.sdkman/candidates/grails/2.5.5/lib/commons-collections/commons-collections/jars/commons-collections-3.2.1.jar
7f2804c3b000-7f2804c40000 r--s 00034000 fd:01 522486                     /root/.m2/repository/commons-beanutils/commons-beanutils/1.8.0/commons-beanutils-1.8.0.jar
7f2804c40000-7f2804c44000 r--s 00022000 fd:01 522484                     /root/.m2/repository/net/sf/json-lib/json-lib/2.3/json-lib-2.3-jdk15.jar
7f2804c44000-7f2804c46000 r--s 0000d000 fd:01 520471                     /root/.m2/repository/commons-logging/commons-logging/1.1.1/commons-logging-1.1.1.jar
7f2804c46000-7f2804c4b000 r--s 00026000 fd:01 522482                     /root/.m2/repository/org/apache/httpcomponents/httpcore/4.0.1/httpcore-4.0.1.jar
7f2804c4b000-7f2804c52000 r--s 00041000 fd:01 522480                     /root/.m2/repository/org/apache/httpcomponents/httpclient/4.0.3/httpclient-4.0.3.jar
7f2804c52000-7f2804c54000 r--s 00024000 fd:01 522478                     /root/.m2/repository/org/codehaus/groovy/modules/http-builder/http-builder/0.5.1/http-builder-0.5.1.jar
7f2804c54000-7f2804c56000 r--s 00008000 fd:01 520454                     /root/.m2/repository/org/grails/grails-datastore-test-support/1.0.2-grails-2.4/grails-datastore-test-support-1.0.2-grails-2.4.jar
7f2804c56000-7f2804c5e000 r--s 000cf000 fd:01 520451                     /root/.m2/repository/mysql/mysql-connector-java/5.1.29/mysql-connector-java-5.1.29.jar
7f2804c5e000-7f2804c60000 r--s 00087000 fd:01 134690                     /root/.sdkman/candidates/grails/2.5.5/dist/grails-resources-2.5.5.jar
7f2804c60000-7f2804c69000 r--s 0006f000 fd:01 133382                     /root/.sdkman/candidates/grails/2.5.5/lib/log4j/log4j/jars/log4j-1.2.17.jar
7f2804c69000-7f2804c76000 r--s 00189000 fd:01 133266                     /root/.sdkman/candidates/grails/2.5.5/lib/com.h2database/h2/jars/h2-1.3.176.jar
7f2804c76000-7f2804c78000 r--s 00009000 fd:01 133617                     /root/.sdkman/candidates/grails/2.5.5/lib/org.hamcrest/hamcrest-core/jars/hamcrest-core-1.3.jar
7f2804c78000-7f2804c80000 r--s 00045000 fd:01 133375                     /root/.sdkman/candidates/grails/2.5.5/lib/junit/junit/jars/junit-4.12.jar
7f2804c80000-7f2804c86000 r--s 0004a000 fd:01 520449                     /root/.m2/repository/cglib/cglib-nodep/2.2.2/cglib-nodep-2.2.2.jar
7f2804c86000-7f2804c93000 r--s 00083000 fd:01 133687                     /root/.sdkman/candidates/grails/2.5.5/lib/org.spockframework/spock-core/jars/spock-core-1.0-groovy-2.4.jar
7f2804c93000-7f2804c96000 r--s 00016000 fd:01 134417                     /root/.sdkman/candidates/grails/2.5.5/dist/grails-plugin-domain-class-2.5.5.jar
7f2804c96000-7f2804c99000 r--s 00009000 fd:01 133635                     /root/.sdkman/candidates/grails/2.5.5/lib/org.objenesis/objenesis/jars/objenesis-1.4.jar
7f2804c99000-7f2804c9e000 r--s 00037000 fd:01 134753                     /root/.sdkman/candidates/grails/2.5.5/dist/grails-test-2.5.5.jar
7f2804c9e000-7f2804ca0000 r--s 0000a000 fd:01 134522                     /root/.sdkman/candidates/grails/2.5.5/dist/grails-plugin-mimetypes-2.5.5.jar
7f2804ca0000-7f2804ca1000 r--s 0000a000 fd:01 133220                     /root/.sdkman/candidates/grails/2.5.5/lib/asm/asm/jars/asm-3.3.1.jar
7f2804ca1000-7f2804ca8000 r--s 00040000 fd:01 133236                     /root/.sdkman/candidates/grails/2.5.5/lib/cglib/cglib/jars/cglib-2.2.2.jar
7f2804ca8000-7f2804cb4000 r--s 0006f000 fd:01 520448                     /root/.m2/repository/org/springframework/spring-test/4.1.8.RELEASE/spring-test-4.1.8.RELEASE.jar
7f2804cb4000-7f2804cb8000 r--s 0001e000 fd:01 134354                     /root/.sdkman/candidates/grails/2.5.5/dist/grails-plugin-converters-2.5.5.jar
7f2804cb8000-7f2804cc0000 r--s 00070000 fd:01 134606                     /root/.sdkman/candidates/grails/2.5.5/dist/grails-plugin-testing-2.5.5.jar
7f2804cc0000-7f2804cc1000 r--s 0000e000 fd:01 133509                     /root/.sdkman/candidates/grails/2.5.5/lib/org.codehaus.jsr166-mirror/jsr166y/jars/jsr166y-1.7.0.jar
7f2804cc1000-7f2804cdd000 r--s 00136000 fd:01 133495                     /root/.sdkman/candidates/grails/2.5.5/lib/org.codehaus.gpars/gpars/jars/gpars-1.2.1.jar
7f2804cdd000-7f2804cdf000 r--s 0000c000 fd:01 134144                     /root/.sdkman/candidates/grails/2.5.5/dist/grails-async-2.5.5.jar
7f2804cdf000-7f2804ce1000 r--s 0000a000 fd:01 134291                     /root/.sdkman/candidates/grails/2.5.5/dist/grails-plugin-async-2.5.5.jar
7f2804ce1000-7f2804ce5000 r--s 00028000 fd:01 133313                     /root/.sdkman/candidates/grails/2.5.5/lib/commons-validator/commons-validator/jars/commons-validator-1.4.0.jar
7f2804ce5000-7f2804ce7000 r--s 00014000 fd:01 134774                     /root/.sdkman/candidates/grails/2.5.5/dist/grails-validation-2.5.5.jar
7f2804ce7000-7f2804ceb000 r--s 00019000 fd:01 133259                     /root/.sdkman/candidates/grails/2.5.5/lib/com.googlecode.concurrentlinkedhashmap/concurrentlinkedhashmap-lru/jars/concurrentlinkedhashmap-lru-1.4.jar
7f2804ceb000-7f2804ced000 r--s 0000c000 fd:01 134627                     /root/.sdkman/candidates/grails/2.5.5/dist/grails-plugin-url-mappings-2.5.5.jar
7f2804ced000-7f2804cef000 r--s 00004000 fd:01 134585                     /root/.sdkman/candidates/grails/2.5.5/dist/grails-plugin-servlets-2.5.5.jar
7f2804cef000-7f2804cf6000 r--s 00037000 fd:01 520445                     /root/.m2/repository/org/springframework/spring-tx/4.1.8.RELEASE/spring-tx-4.1.8.RELEASE.jar
7f2804cf6000-7f2804cf7000 r--s 00008000 fd:01 134564                     /root/.sdkman/candidates/grails/2.5.5/dist/grails-plugin-services-2.5.5.jar
7f2804cf7000-7f2804cf8000 r--s 00001000 fd:01 133648                     /root/.sdkman/candidates/grails/2.5.5/lib/org.slf4j/jul-to-slf4j/jars/jul-to-slf4j-1.7.5.jar
7f2804cf8000-7f2804cfa000 r--s 0000b000 fd:01 134501                     /root/.sdkman/candidates/grails/2.5.5/dist/grails-plugin-log4j-2.5.5.jar
7f2804cfa000-7f2804cfb000 r--s 00000000 fd:01 134270                     /root/.sdkman/candidates/grails/2.5.5/dist/grails-logging-2.5.5.jar
7f2804cfb000-7f2804d0b000 r--s 000a1000 fd:01 520444                     /root/.m2/repository/org/springframework/spring-web/4.1.8.RELEASE/spring-web-4.1.8.RELEASE.jar
7f2804d0b000-7f2804d10000 r--s 0002a000 fd:01 134249                     /root/.sdkman/candidates/grails/2.5.5/dist/grails-encoder-2.5.5.jar
7f2804d10000-7f2804d12000 r--s 0000e000 fd:01 134312                     /root/.sdkman/candidates/grails/2.5.5/dist/grails-plugin-codecs-2.5.5.jar
7f2804d12000-7f2804d13000 r--s 0000a000 fd:01 134921                     /root/.sdkman/candidates/grails/2.5.5/dist/grails-web-gsp-taglib-2.5.5.jar
7f2804d13000-7f2804d19000 r--s 0004c000 fd:01 134459                     /root/.sdkman/candidates/grails/2.5.5/dist/grails-plugin-gsp-2.5.5.jar
7f2804d19000-7f2804d1b000 r--s 00009000 fd:01 134438                     /root/.sdkman/candidates/grails/2.5.5/dist/grails-plugin-filters-2.5.5.jar
7f2804d1b000-7f2804d1c000 r--s 00004000 fd:01 134480                     /root/.sdkman/candidates/grails/2.5.5/dist/grails-plugin-i18n-2.5.5.jar
7f2804d1c000-7f2804d1d000 r--s 00009000 fd:01 134732                     /root/.sdkman/candidates/grails/2.5.5/dist/grails-spring-2.5.5.jar
7f2804d1d000-7f2804d2a000 r--s 000a1000 fd:01 520443                     /root/.m2/repository/org/springframework/spring-beans/4.1.8.RELEASE/spring-beans-4.1.8.RELEASE.jar
7f2804d2a000-7f2804d2f000 r--s 00017000 fd:01 133624                     /root/.sdkman/candidates/grails/2.5.5/lib/org.hibernate.javax.persistence/hibernate-jpa-2.1-api/jars/hibernate-jpa-2.1-api-1.0.0.Final.jar
7f2804d2f000-7f2804d44000 r--s 000e2000 fd:01 520442                     /root/.m2/repository/org/springframework/spring-core/4.1.8.RELEASE/spring-core-4.1.8.RELEASE.jar
7f2804d44000-7f2804d51000 r--s 00096000 fd:01 134186                     /root/.sdkman/candidates/grails/2.5.5/dist/grails-core-2.5.5.jar
7f2804d51000-7f2804d52000 r--s 00004000 fd:01 134375                     /root/.sdkman/candidates/grails/2.5.5/dist/grails-plugin-databinding-2.5.5.jar
7f2804d52000-7f2804d57000 r--s 0002a000 fd:01 133245                     /root/.sdkman/candidates/grails/2.5.5/lib/com.google.code.gson/gson/jars/gson-2.2.4.jar
7f2804d57000-7f2804d59000 r--s 00009000 fd:01 134648                     /root/.sdkman/candidates/grails/2.5.5/dist/grails-plugin-validation-2.5.5.jar
7f2804d59000-7f2804d5e000 r--s 0003b000 fd:01 520441                     /root/.m2/repository/org/springframework/spring-expression/4.1.8.RELEASE/spring-expression-4.1.8.RELEASE.jar
7f2804d5e000-7f2804d67000 r--s 0004f000 fd:01 520435                     /root/.m2/repository/org/springframework/spring-aop/4.1.8.RELEASE/spring-aop-4.1.8.RELEASE.jar
7f2804d67000-7f2804d7f000 r--s 000e3000 fd:01 520433                     /root/.m2/repository/org/springframework/spring-context/4.1.8.RELEASE/spring-context-4.1.8.RELEASE.jar
7f2804d7f000-7f2804f7f000 rw-p 00000000 00:00 0 
7f2804f7f000-7f2804f90000 r-xp 00000000 fd:01 518817                     /root/.sdkman/candidates/java/8u111/jre/lib/amd64/libnio.so
7f2804f90000-7f280518f000 ---p 00011000 fd:01 518817                     /root/.sdkman/candidates/java/8u111/jre/lib/amd64/libnio.so
7f280518f000-7f2805190000 rw-p 00010000 fd:01 518817                     /root/.sdkman/candidates/java/8u111/jre/lib/amd64/libnio.so
7f2805190000-7f28051a6000 r-xp 00000000 fd:01 518867                     /root/.sdkman/candidates/java/8u111/jre/lib/amd64/libnet.so
7f28051a6000-7f28053a6000 ---p 00016000 fd:01 518867                     /root/.sdkman/candidates/java/8u111/jre/lib/amd64/libnet.so
7f28053a6000-7f28053a7000 rw-p 00016000 fd:01 518867                     /root/.sdkman/candidates/java/8u111/jre/lib/amd64/libnet.so
7f28053a7000-7f28055a7000 rw-p 00000000 00:00 0 
7f28055a7000-7f28055aa000 r--s 0001d000 fd:01 134333                     /root/.sdkman/candidates/grails/2.5.5/dist/grails-plugin-controllers-2.5.5.jar
7f28055aa000-7f28055b4000 r--s 0005f000 fd:01 520431                     /root/.m2/repository/org/springframework/spring-jdbc/4.1.8.RELEASE/spring-jdbc-4.1.8.RELEASE.jar
7f28055b4000-7f28055b6000 r--s 00008000 fd:01 133468                     /root/.sdkman/candidates/grails/2.5.5/lib/org.apache.tomcat/tomcat-juli/jars/tomcat-juli-7.0.70.jar
7f28055b6000-7f28055b9000 r--s 0001d000 fd:01 133463                     /root/.sdkman/candidates/grails/2.5.5/lib/org.apache.tomcat/tomcat-jdbc/jars/tomcat-jdbc-7.0.70.jar
7f28055b9000-7f28055bb000 r--s 0000a000 fd:01 134396                     /root/.sdkman/candidates/grails/2.5.5/dist/grails-plugin-datasource-2.5.5.jar
7f28055bb000-7f28055bd000 r--s 0000c000 fd:01 133697                     /root/.sdkman/candidates/grails/2.5.5/lib/org.springframework/spring-aspects/jars/spring-aspects-4.1.9.RELEASE.jar
7f28055bd000-7f28055c0000 r--s 00020000 fd:01 134942                     /root/.sdkman/candidates/grails/2.5.5/dist/grails-web-jsp-2.5.5.jar
7f28055c0000-7f28055c4000 r--s 00027000 fd:01 133302                     /root/.sdkman/candidates/grails/2.5.5/lib/commons-io/commons-io/jars/commons-io-2.2.jar
7f28055c4000-7f28055c6000 r--s 0000f000 fd:01 133298                     /root/.sdkman/candidates/grails/2.5.5/lib/commons-fileupload/commons-fileupload/jars/commons-fileupload-1.3.1.jar
7f28055c6000-7f28055c7000 r--s 00000000 fd:01 134879                     /root/.sdkman/candidates/grails/2.5.5/dist/grails-web-fileupload-2.5.5.jar
7f28055c7000-7f28055cb000 r--s 00019000 fd:01 133481                     /root/.sdkman/candidates/grails/2.5.5/lib/org.aspectj/aspectjrt/jars/aspectjrt-1.8.7.jar
7f28055cb000-7f28055cf000 r--s 00028000 fd:01 520427                     /root/.m2/repository/org/springframework/spring-context-support/4.1.8.RELEASE/spring-context-support-4.1.8.RELEASE.jar
7f28055cf000-7f28055de000 r--s 000b1000 fd:01 520418                     /root/.m2/repository/org/springframework/spring-webmvc/4.1.8.RELEASE/spring-webmvc-4.1.8.RELEASE.jar
7f28055de000-7f28055e3000 r--s 0002c000 fd:01 134816                     /root/.sdkman/candidates/grails/2.5.5/dist/grails-web-common-2.5.5.jar
7f28055e3000-7f28055e6000 r--s 0000d000 fd:01 134207                     /root/.sdkman/candidates/grails/2.5.5/dist/grails-databinding-2.5.5.jar
7f28055e6000-7f28055e9000 r--s 00014000 fd:01 134837                     /root/.sdkman/candidates/grails/2.5.5/dist/grails-web-databinding-2.5.5.jar
7f28055e9000-7f2805602000 r--s 001af000 fd:01 133484                     /root/.sdkman/candidates/grails/2.5.5/lib/org.aspectj/aspectjweaver/jars/aspectjweaver-1.8.7.jar
7f2805602000-7f2805605000 r--s 00020000 fd:01 135005                     /root/.sdkman/candidates/grails/2.5.5/dist/grails-web-url-mappings-2.5.5.jar
7f2805605000-7f280560b000 r--s 00027000 fd:01 133390                     /root/.sdkman/candidates/grails/2.5.5/lib/opensymphony/sitemesh/jars/sitemesh-2.4.jar
7f280560b000-7f280560d000 r--s 0000b000 fd:01 134984                     /root/.sdkman/candidates/grails/2.5.5/dist/grails-web-sitemesh-2.5.5.jar
7f280560d000-7f280560f000 r--s 00009000 fd:01 134963                     /root/.sdkman/candidates/grails/2.5.5/dist/grails-web-mvc-2.5.5.jar
7f280560f000-7f2805616000 r--s 00049000 fd:01 134900                     /root/.sdkman/candidates/grails/2.5.5/dist/grails-web-gsp-2.5.5.jar
7f2805616000-7f2805618000 r--s 00009000 fd:01 134795                     /root/.sdkman/candidates/grails/2.5.5/dist/grails-web-2.5.5.jar
7f2805618000-7f280561c000 r--s 00028000 fd:01 134543                     /root/.sdkman/candidates/grails/2.5.5/dist/grails-plugin-rest-2.5.5.jar
7f280561c000-7f280561f000 r--s 00012000 fd:01 133350                     /root/.sdkman/candidates/grails/2.5.5/lib/javax.servlet/javax.servlet-api/jars/javax.servlet-api-3.0.1.jar
7f280561f000-7f2805625000 r--s 00045000 fd:01 1422231                    /universe/Neeis/lib/commons-net-3.5.jar
7f2805625000-7f2805627000 r--s 00024000 fd:01 1422232                    /universe/Neeis/lib/groovy-wslite-1.1.3.jar
7f2805627000-7f280562e000 r--s 00088000 fd:01 1422233                    /universe/Neeis/lib/sqljdbc4.jar
7f280562e000-7f280564f000 r--s 00270000 fd:01 519882                     /root/.m2/repository/org/apache/tomcat/embed/tomcat-embed-core/7.0.70/tomcat-embed-core-7.0.70.jar
7f280564f000-7f280565f000 r--s 0019c000 fd:01 519880                     /root/.m2/repository/org/eclipse/jdt/core/compiler/ecj/3.7.2/ecj-3.7.2.jar
7f280565f000-7f2805664000 r--s 00038000 fd:01 519878                     /root/.m2/repository/org/apache/tomcat/embed/tomcat-embed-websocket/7.0.70/tomcat-embed-websocket-7.0.70.jar
7f2805664000-7f2805666000 r--s 00013000 fd:01 133474                     /root/.sdkman/candidates/grails/2.5.5/lib/org.apache.tomcat.embed/tomcat-embed-logging-log4j/jars/tomcat-embed-logging-log4j-7.0.70.jar
7f2805666000-7f2805669000 r--s 00028000 fd:01 519876                     /root/.m2/repository/org/apache/tomcat/embed/tomcat-embed-el/7.0.70/tomcat-embed-el-7.0.70.jar
7f2805669000-7f2805672000 r--s 0009f000 fd:01 519874                     /root/.m2/repository/org/apache/tomcat/embed/tomcat-embed-jasper/7.0.70/tomcat-embed-jasper-7.0.70.jar
7f2805672000-7f2805674000 r--s 0000c000 fd:01 519872                     /root/.m2/repository/org/apache/tomcat/tomcat-catalina-ant/7.0.70/tomcat-catalina-ant-7.0.70.jar
7f2805674000-7f2805678000 r--s 0001c000 fd:01 133610                     /root/.sdkman/candidates/grails/2.5.5/lib/org.grails/grails-gdoc-engine/jars/grails-gdoc-engine-1.0.1.jar
7f2805678000-7f280567e000 r--s 00039000 fd:01 133770                     /root/.sdkman/candidates/grails/2.5.5/lib/org.yaml/snakeyaml/jars/snakeyaml-1.8.jar
7f280567e000-7f280568f000 r--s 000f7000 fd:01 133763                     /root/.sdkman/candidates/grails/2.5.5/lib/org.xhtmlrenderer/core-renderer/jars/core-renderer-R8.jar
7f280568f000-7f2805694000 r--s 00041000 fd:01 133309                     /root/.sdkman/candidates/grails/2.5.5/lib/commons-lang/commons-lang/jars/commons-lang-2.6.jar
7f2805694000-7f28056b5000 r--s 0015a000 fd:01 133229                     /root/.sdkman/candidates/grails/2.5.5/lib/bouncycastle/bcprov-jdk14/jars/bcprov-jdk14-138.jar
7f28056b5000-7f28056b9000 r--s 0002b000 fd:01 133225                     /root/.sdkman/candidates/grails/2.5.5/lib/bouncycastle/bcmail-jdk14/jars/bcmail-jdk14-138.jar
7f28056b9000-7f28056c6000 r--s 0011c000 fd:01 133273                     /root/.sdkman/candidates/grails/2.5.5/lib/com.lowagie/itext/jars/itext-2.0.8.jar
7f28056c6000-7f28056cc000 r--s 00043000 fd:01 133631                     /root/.sdkman/candidates/grails/2.5.5/lib/org.jsoup/jsoup/jars/jsoup-1.7.3.jar
7f28056cc000-7f28056cf000 r--s 00044000 fd:01 134228                     /root/.sdkman/candidates/grails/2.5.5/dist/grails-docs-2.5.5.jar
7f28056cf000-7f28056d6000 r--s 00081000 fd:01 134711                     /root/.sdkman/candidates/grails/2.5.5/dist/grails-scripts-2.5.5.jar
7f28056d6000-7f28056db000 r--s 00033000 fd:01 134669                     /root/.sdkman/candidates/grails/2.5.5/dist/grails-project-api-2.5.5.jar
7f28056db000-7f28056f9000 r--s 001cf000 fd:01 133394                     /root/.sdkman/candidates/grails/2.5.5/lib/org.apache.ant/ant/jars/ant-1.9.4.jar
7f28056f9000-7f28056fa000 r--s 00001000 fd:01 133403                     /root/.sdkman/candidates/grails/2.5.5/lib/org.apache.ant/ant-trax/jars/ant-trax-1.7.1.jar
7f28056fa000-7f28056ff000 r--s 00050000 fd:01 133488                     /root/.sdkman/candidates/grails/2.5.5/lib/org.codehaus.gant/gant_groovy1.8/jars/gant_groovy1.8-1.9.6.jar
7f28056ff000-7f2805701000 r--s 0001a000 fd:01 133594                     /root/.sdkman/candidates/grails/2.5.5/lib/org.fusesource.jansi/jansi/jars/jansi-1.11.jar
7f2805701000-7f2805705000 r--s 000dc000 fd:01 133386                     /root/.sdkman/candidates/grails/2.5.5/lib/net.java.dev.jna/jna/jars/jna-4.0.0.jar
7f2805705000-7f2805709000 r--s 00031000 fd:01 133368                     /root/.sdkman/candidates/grails/2.5.5/lib/jline/jline/jars/jline-2.12.jar
7f2805709000-7f2805778000 r--s 0063e000 fd:01 135504                     /root/.sdkman/candidates/grails/2.5.5/lib/org.codehaus.groovy/groovy-all/jars/groovy-all-2.4.4.jar
7f2805778000-7f280577a000 r--s 0001b000 fd:01 133397                     /root/.sdkman/candidates/grails/2.5.5/lib/org.apache.ant/ant-junit/jars/ant-junit-1.9.4.jar
7f280577a000-7f280577b000 r--s 00004000 fd:01 133400                     /root/.sdkman/candidates/grails/2.5.5/lib/org.apache.ant/ant-launcher/jars/ant-launcher-1.9.4.jar
7f280577b000-7f280577f000 r--s 00040000 fd:01 133777                     /root/.sdkman/candidates/grails/2.5.5/lib/xalan/serializer/jars/serializer-2.7.2.jar
7f280577f000-7f280597f000 rw-p 00000000 00:00 0 
7f280597f000-7f2805981000 r--s 00000000 fd:01 133215                     /root/.sdkman/candidates/grails/2.5.5/lib/aopalliance/aopalliance/jars/aopalliance-1.0.jar
7f2805981000-7f2805984000 r--s 00006000 fd:01 133241                     /root/.sdkman/candidates/grails/2.5.5/lib/com.google.code.findbugs/jsr305/jars/jsr305-1.3.9.jar
7f2805984000-7f2805985000 r--s 00000000 fd:01 133343                     /root/.sdkman/candidates/grails/2.5.5/lib/javax.inject/javax.inject/jars/javax.inject-1.jar
7f2805985000-7f2805986000 r--s 00001000 fd:01 133329                     /root/.sdkman/candidates/grails/2.5.5/lib/javax.annotation/jsr250-api/jars/jsr250-api-1.0.jar
7f2805986000-7f2805988000 r--s 00002000 fd:01 133667                     /root/.sdkman/candidates/grails/2.5.5/lib/org.sonatype.plexus/plexus-cipher/jars/plexus-cipher-1.4.jar
7f2805988000-7f280598e000 r--s 00033000 fd:01 133287                     /root/.sdkman/candidates/grails/2.5.5/lib/commons-codec/commons-codec/jars/commons-codec-1.6.jar
7f280598e000-7f2805994000 r--s 00032000 fd:01 133416                     /root/.sdkman/candidates/grails/2.5.5/lib/org.apache.httpcomponents/httpcore/jars/httpcore-4.2.5.jar
7f2805994000-7f28059a9000 r--s 00116000 fd:01 133420                     /root/.sdkman/candidates/grails/2.5.5/lib/org.apache.ivy/ivy/jars/ivy-2.3.0.jar
7f28059a9000-7f28059ab000 r--s 0000a000 fd:01 133516                     /root/.sdkman/candidates/grails/2.5.5/lib/org.codehaus.plexus/plexus-classworlds/jars/plexus-classworlds-2.4.jar
7f28059ab000-7f28059b1000 r--s 00042000 fd:01 133584                     /root/.sdkman/candidates/grails/2.5.5/lib/org.eclipse.sisu/org.eclipse.sisu.inject/jars/org.eclipse.sisu.inject-0.0.0.M5.jar
7f28059b1000-7f28059b9000 r--s 00050000 fd:01 133679                     /root/.sdkman/candidates/grails/2.5.5/lib/org.sonatype.sisu/sisu-guice/jars/sisu-guice-3.1.0-no_aop.jar
7f28059b9000-7f28059d7000 r--s 00151000 fd:01 133252                     /root/.sdkman/candidates/grails/2.5.5/lib/com.google.guava/guava/jars/guava-10.0.1.jar
7f28059d7000-7f28059da000 r--s 00008000 fd:01 133336                     /root/.sdkman/candidates/grails/2.5.5/lib/javax.enterprise/cdi-api/jars/cdi-api-1.0.jar
7f28059da000-7f28059db000 r--s 00006000 fd:01 133673                     /root/.sdkman/candidates/grails/2.5.5/lib/org.sonatype.plexus/plexus-sec-dispatcher/jars/plexus-sec-dispatcher-1.3.jar
7f28059db000-7f28059dd000 r--s 00009000 fd:01 133451                     /root/.sdkman/candidates/grails/2.5.5/lib/org.apache.maven/maven-settings/jars/maven-settings-3.2.5.jar
7f28059dd000-7f28059e0000 r--s 0000d000 fd:01 133528                     /root/.sdkman/candidates/grails/2.5.5/lib/org.codehaus.plexus/plexus-interpolation/jars/plexus-interpolation-1.21.jar
7f28059e0000-7f28059e4000 r--s 00038000 fd:01 133534                     /root/.sdkman/candidates/grails/2.5.5/lib/org.codehaus.plexus/plexus-utils/jars/plexus-utils-3.0.20.jar
7f28059e4000-7f28059e6000 r--s 00000000 fd:01 133522                     /root/.sdkman/candidates/grails/2.5.5/lib/org.codehaus.plexus/plexus-component-annotations/jars/plexus-component-annotations-1.5.5.jar
7f28059e6000-7f28059e8000 r--s 00005000 fd:01 133445                     /root/.sdkman/candidates/grails/2.5.5/lib/org.apache.maven/maven-repository-metadata/jars/maven-repository-metadata-3.2.5.jar
7f28059e8000-7f28059ed000 r--s 00025000 fd:01 133439                     /root/.sdkman/candidates/grails/2.5.5/lib/org.apache.maven/maven-model-builder/jars/maven-model-builder-3.2.5.jar
7f28059ed000-7f28059f0000 r--s 00025000 fd:01 133433                     /root/.sdkman/candidates/grails/2.5.5/lib/org.apache.maven/maven-model/jars/maven-model-3.2.5.jar
7f28059f0000-7f28059fa000 r--s 00061000 fd:01 133410                     /root/.sdkman/candidates/grails/2.5.5/lib/org.apache.httpcomponents/httpclient/jars/httpclient-4.2.6.jar
7f28059fa000-7f28059fc000 r--s 00006000 fd:01 133559                     /root/.sdkman/candidates/grails/2.5.5/lib/org.eclipse.aether/aether-spi/jars/aether-spi-1.0.2.v20150114.jar
7f28059fc000-7f2805a02000 r--s 0002a000 fd:01 133590                     /root/.sdkman/candidates/grails/2.5.5/lib/org.eclipse.sisu/org.eclipse.sisu.plexus/jars/org.eclipse.sisu.plexus-0.0.0.M5.jar
7f2805a02000-7f2805a04000 r--s 00009000 fd:01 133457                     /root/.sdkman/candidates/grails/2.5.5/lib/org.apache.maven/maven-settings-builder/jars/maven-settings-builder-3.2.5.jar
7f2805a04000-7f2805a06000 r--s 0000f000 fd:01 133427                     /root/.sdkman/candidates/grails/2.5.5/lib/org.apache.maven/maven-aether-provider/jars/maven-aether-provider-3.2.5.jar
7f2805a06000-7f2805a08000 r--s 00001000 fd:01 133565                     /root/.sdkman/candidates/grails/2.5.5/lib/org.eclipse.aether/aether-transport-file/jars/aether-transport-file-1.0.2.v20150114.jar
7f2805a08000-7f2805a0a000 r--s 00007000 fd:01 133571                     /root/.sdkman/candidates/grails/2.5.5/lib/org.eclipse.aether/aether-transport-http/jars/aether-transport-http-1.0.2.v20150114.jar
7f2805a0a000-7f2805a0e000 r--s 00027000 fd:01 133553                     /root/.sdkman/candidates/grails/2.5.5/lib/org.eclipse.aether/aether-impl/jars/aether-impl-1.0.2.v20150114.jar
7f2805a0e000-7f2805a12000 r--s 00020000 fd:01 133577                     /root/.sdkman/candidates/grails/2.5.5/lib/org.eclipse.aether/aether-util/jars/aether-util-1.0.2.v20150114.jar
7f2805a12000-7f2805a17000 r--s 0001d000 fd:01 133541                     /root/.sdkman/candidates/grails/2.5.5/lib/org.eclipse.aether/aether-api/jars/aether-api-1.0.2.v20150114.jar
7f2805a17000-7f2805a19000 r--s 00003000 fd:01 133642                     /root/.sdkman/candidates/grails/2.5.5/lib/org.slf4j/jcl-over-slf4j/jars/jcl-over-slf4j-1.7.5.jar
7f2805a19000-7f2805a1b000 r--s 00005000 fd:01 133654                     /root/.sdkman/candidates/grails/2.5.5/lib/org.slf4j/slf4j-api/jars/slf4j-api-1.7.5.jar
7f2805a1b000-7f2805a1e000 r--s 0001b000 fd:01 134123                     /root/.sdkman/candidates/grails/2.5.5/dist/grails-aether-2.5.5.jar
7f2805a1e000-7f2805c1e000 rw-p 00000000 00:00 0 
7f2805c1e000-7f2805e1e000 rw-p 00000000 00:00 0 
7f2805e1e000-7f2805e20000 r--s 00001000 fd:01 518652                     /root/.sdkman/candidates/java/8u111/jre/lib/ext/dnsns.jar
7f2805e20000-7f2805e23000 ---p 00000000 00:00 0 
7f2805e23000-7f2805f21000 rw-p 00000000 00:00 0                          [stack:17637]
7f2805f21000-7f2805f22000 r-xp 00000000 fd:01 281670                     /tmp/libjansi-64-6151905664533300198.so
7f2805f22000-7f2806121000 ---p 00001000 fd:01 281670                     /tmp/libjansi-64-6151905664533300198.so
7f2806121000-7f2806122000 rw-p 00000000 fd:01 281670                     /tmp/libjansi-64-6151905664533300198.so
7f2806122000-7f2806125000 ---p 00000000 00:00 0 
7f2806125000-7f280635b000 rw-p 00000000 00:00 0                          [stack:17626]
7f280635b000-7f280635f000 r--s 00097000 fd:01 518660                     /root/.sdkman/candidates/java/8u111/jre/lib/jsse.jar
7f280635f000-7f28063d7000 r--s 010e6000 fd:01 518570                     /root/.sdkman/candidates/java/8u111/lib/tools.jar
7f28063d7000-7f28063dc000 r--s 00050000 fd:01 133488                     /root/.sdkman/candidates/grails/2.5.5/lib/org.codehaus.gant/gant_groovy1.8/jars/gant_groovy1.8-1.9.6.jar
7f28063dc000-7f28063fa000 r--s 001cf000 fd:01 133394                     /root/.sdkman/candidates/grails/2.5.5/lib/org.apache.ant/ant/jars/ant-1.9.4.jar
7f28063fa000-7f280640f000 r--s 00116000 fd:01 133420                     /root/.sdkman/candidates/grails/2.5.5/lib/org.apache.ivy/ivy/jars/ivy-2.3.0.jar
7f280640f000-7f280647f000 r--s 0063d000 fd:01 133502                     /root/.sdkman/candidates/grails/2.5.5/lib/org.codehaus.groovy/groovy-all/jars/groovy-all-2.4.5.jar
7f280647f000-7f2806483000 r--s 000dc000 fd:01 133386                     /root/.sdkman/candidates/grails/2.5.5/lib/net.java.dev.jna/jna/jars/jna-4.0.0.jar
7f2806483000-7f2806487000 r--s 00031000 fd:01 133368                     /root/.sdkman/candidates/grails/2.5.5/lib/jline/jline/jars/jline-2.12.jar
7f2806487000-7f2806494000 r--s 000b3000 fd:01 134165                     /root/.sdkman/candidates/grails/2.5.5/dist/grails-bootstrap-2.5.5.jar
7f2806494000-7f28064a1000 r--s 000b3000 fd:01 134165                     /root/.sdkman/candidates/grails/2.5.5/dist/grails-bootstrap-2.5.5.jar
7f28064a1000-7f28064a2000 ---p 00000000 00:00 0 
7f28064a2000-7f28065a2000 rw-p 00000000 00:00 0                          [stack:17624]
7f28065a2000-7f28065a5000 ---p 00000000 00:00 0 
7f28065a5000-7f28066a3000 rw-p 00000000 00:00 0                          [stack:17623]
7f28066a3000-7f28066a6000 ---p 00000000 00:00 0 
7f28066a6000-7f28067a4000 rw-p 00000000 00:00 0                          [stack:17622]
7f28067a4000-7f28067a7000 ---p 00000000 00:00 0 
7f28067a7000-7f28068a5000 rw-p 00000000 00:00 0                          [stack:17621]
7f28068a5000-7f28068a8000 ---p 00000000 00:00 0 
7f28068a8000-7f28069a6000 rw-p 00000000 00:00 0                          [stack:17620]
7f28069a6000-7f28069a9000 ---p 00000000 00:00 0 
7f28069a9000-7f2806aa7000 rw-p 00000000 00:00 0                          [stack:17619]
7f2806aa7000-7f2806aaa000 ---p 00000000 00:00 0 
7f2806aaa000-7f2806ba8000 rw-p 00000000 00:00 0                          [stack:17618]
7f2806ba8000-7f2806ba9000 ---p 00000000 00:00 0 
7f2806ba9000-7f28075b2000 rw-p 00000000 00:00 0                          [stack:17617]
7f28075b2000-7f280778a000 r--s 03d2a000 fd:01 518748                     /root/.sdkman/candidates/java/8u111/jre/lib/rt.jar
7f280778a000-7f2808000000 rw-p 00000000 00:00 0 
7f2808000000-7f280803d000 rw-p 00000000 00:00 0 
7f280803d000-7f280c000000 ---p 00000000 00:00 0 
7f280c000000-7f280c002000 r--s 00009000 fd:01 133280                     /root/.sdkman/candidates/grails/2.5.5/lib/commons-cli/commons-cli/jars/commons-cli-1.2.jar
7f280c002000-7f280c072000 r--s 0063d000 fd:01 133502                     /root/.sdkman/candidates/grails/2.5.5/lib/org.codehaus.groovy/groovy-all/jars/groovy-all-2.4.5.jar
7f280c072000-7f28103a6000 rw-p 00000000 00:00 0 
7f28103a6000-7f28103a7000 ---p 00000000 00:00 0 
7f28103a7000-7f28104a7000 rw-p 00000000 00:00 0                          [stack:17616]
7f28104a7000-7f28104a8000 ---p 00000000 00:00 0 
7f28104a8000-7f28105da000 rw-p 00000000 00:00 0                          [stack:17615]
7f28105da000-7f281084b000 ---p 00000000 00:00 0 
7f281084b000-7f281087d000 rw-p 00000000 00:00 0 
7f281087d000-7f2810aed000 ---p 00000000 00:00 0 
7f2810aed000-7f2810c05000 rw-p 00000000 00:00 0 
7f2810c05000-7f2810c3f000 ---p 00000000 00:00 0 
7f2810c3f000-7f2810cb1000 rw-p 00000000 00:00 0 
7f2810cb1000-7f2811000000 ---p 00000000 00:00 0 
7f2811000000-7f2812c10000 rwxp 00000000 00:00 0 
7f2812c10000-7f2820000000 ---p 00000000 00:00 0 
7f2820000000-7f28226a7000 rw-p 00000000 00:00 0 
7f28226a7000-7f2824000000 ---p 00000000 00:00 0 
7f2824000000-7f2824001000 r--s 00002000 fd:01 133660                     /root/.sdkman/candidates/grails/2.5.5/lib/org.slf4j/slf4j-simple/jars/slf4j-simple-1.7.5.jar
7f2824001000-7f2824071000 rw-p 00000000 00:00 0 
7f2824071000-7f282408b000 r-xp 00000000 fd:01 518850                     /root/.sdkman/candidates/java/8u111/jre/lib/amd64/libzip.so
7f282408b000-7f282428b000 ---p 0001a000 fd:01 518850                     /root/.sdkman/candidates/java/8u111/jre/lib/amd64/libzip.so
7f282428b000-7f282428c000 rw-p 0001a000 fd:01 518850                     /root/.sdkman/candidates/java/8u111/jre/lib/amd64/libzip.so
7f282428c000-7f2824298000 r-xp 00000000 fd:01 262003                     /usr/lib64/libnss_files-2.17.so
7f2824298000-7f2824497000 ---p 0000c000 fd:01 262003                     /usr/lib64/libnss_files-2.17.so
7f2824497000-7f2824498000 r--p 0000b000 fd:01 262003                     /usr/lib64/libnss_files-2.17.so
7f2824498000-7f2824499000 rw-p 0000c000 fd:01 262003                     /usr/lib64/libnss_files-2.17.so
7f2824499000-7f282449f000 rw-p 00000000 00:00 0 
7f282449f000-7f28244ca000 r-xp 00000000 fd:01 518825                     /root/.sdkman/candidates/java/8u111/jre/lib/amd64/libjava.so
7f28244ca000-7f28246c9000 ---p 0002b000 fd:01 518825                     /root/.sdkman/candidates/java/8u111/jre/lib/amd64/libjava.so
7f28246c9000-7f28246cb000 rw-p 0002a000 fd:01 518825                     /root/.sdkman/candidates/java/8u111/jre/lib/amd64/libjava.so
7f28246cb000-7f28246d8000 r-xp 00000000 fd:01 518842                     /root/.sdkman/candidates/java/8u111/jre/lib/amd64/libverify.so
7f28246d8000-7f28248d7000 ---p 0000d000 fd:01 518842                     /root/.sdkman/candidates/java/8u111/jre/lib/amd64/libverify.so
7f28248d7000-7f28248d9000 rw-p 0000c000 fd:01 518842                     /root/.sdkman/candidates/java/8u111/jre/lib/amd64/libverify.so
7f28248d9000-7f28248e0000 r-xp 00000000 fd:01 262015                     /usr/lib64/librt-2.17.so
7f28248e0000-7f2824adf000 ---p 00007000 fd:01 262015                     /usr/lib64/librt-2.17.so
7f2824adf000-7f2824ae0000 r--p 00006000 fd:01 262015                     /usr/lib64/librt-2.17.so
7f2824ae0000-7f2824ae1000 rw-p 00007000 fd:01 262015                     /usr/lib64/librt-2.17.so
7f2824ae1000-7f2824be2000 r-xp 00000000 fd:01 261993                     /usr/lib64/libm-2.17.so
7f2824be2000-7f2824de1000 ---p 00101000 fd:01 261993                     /usr/lib64/libm-2.17.so
7f2824de1000-7f2824de2000 r--p 00100000 fd:01 261993                     /usr/lib64/libm-2.17.so
7f2824de2000-7f2824de3000 rw-p 00101000 fd:01 261993                     /usr/lib64/libm-2.17.so
7f2824de3000-7f2825ab0000 r-xp 00000000 fd:01 518807                     /root/.sdkman/candidates/java/8u111/jre/lib/amd64/server/libjvm.so
7f2825ab0000-7f2825caf000 ---p 00ccd000 fd:01 518807                     /root/.sdkman/candidates/java/8u111/jre/lib/amd64/server/libjvm.so
7f2825caf000-7f2825d88000 rw-p 00ccc000 fd:01 518807                     /root/.sdkman/candidates/java/8u111/jre/lib/amd64/server/libjvm.so
7f2825d88000-7f2825dd3000 rw-p 00000000 00:00 0 
7f2825dd3000-7f2825f8a000 r-xp 00000000 fd:01 261985                     /usr/lib64/libc-2.17.so
7f2825f8a000-7f282618a000 ---p 001b7000 fd:01 261985                     /usr/lib64/libc-2.17.so
7f282618a000-7f282618e000 r--p 001b7000 fd:01 261985                     /usr/lib64/libc-2.17.so
7f282618e000-7f2826190000 rw-p 001bb000 fd:01 261985                     /usr/lib64/libc-2.17.so
7f2826190000-7f2826195000 rw-p 00000000 00:00 0 
7f2826195000-7f2826198000 r-xp 00000000 fd:01 261991                     /usr/lib64/libdl-2.17.so
7f2826198000-7f2826397000 ---p 00003000 fd:01 261991                     /usr/lib64/libdl-2.17.so
7f2826397000-7f2826398000 r--p 00002000 fd:01 261991                     /usr/lib64/libdl-2.17.so
7f2826398000-7f2826399000 rw-p 00003000 fd:01 261991                     /usr/lib64/libdl-2.17.so
7f2826399000-7f28263ae000 r-xp 00000000 fd:01 518577                     /root/.sdkman/candidates/java/8u111/lib/amd64/jli/libjli.so
7f28263ae000-7f28265ae000 ---p 00015000 fd:01 518577                     /root/.sdkman/candidates/java/8u111/lib/amd64/jli/libjli.so
7f28265ae000-7f28265af000 rw-p 00015000 fd:01 518577                     /root/.sdkman/candidates/java/8u111/lib/amd64/jli/libjli.so
7f28265af000-7f28265c5000 r-xp 00000000 fd:01 262011                     /usr/lib64/libpthread-2.17.so
7f28265c5000-7f28267c5000 ---p 00016000 fd:01 262011                     /usr/lib64/libpthread-2.17.so
7f28267c5000-7f28267c6000 r--p 00016000 fd:01 262011                     /usr/lib64/libpthread-2.17.so
7f28267c6000-7f28267c7000 rw-p 00017000 fd:01 262011                     /usr/lib64/libpthread-2.17.so
7f28267c7000-7f28267cb000 rw-p 00000000 00:00 0 
7f28267cb000-7f28267ec000 r-xp 00000000 fd:01 261978                     /usr/lib64/ld-2.17.so
7f28267ec000-7f28268d9000 rw-p 00000000 00:00 0 
7f28268d9000-7f28268e1000 rw-s 00000000 fd:01 518780                     /tmp/hsperfdata_root/17598
7f28268e1000-7f28268e4000 ---p 00000000 00:00 0 
7f28268e4000-7f28269e6000 rw-p 00000000 00:00 0                          [stack:17614]
7f28269e6000-7f28269e7000 r--s 00008000 fd:01 133547                     /root/.sdkman/candidates/grails/2.5.5/lib/org.eclipse.aether/aether-connector-basic/jars/aether-connector-basic-1.0.2.v20150114.jar
7f28269e7000-7f28269e9000 r--s 0001a000 fd:01 133594                     /root/.sdkman/candidates/grails/2.5.5/lib/org.fusesource.jansi/jansi/jars/jansi-1.11.jar
7f28269e9000-7f28269ea000 rw-p 00000000 00:00 0 
7f28269ea000-7f28269eb000 ---p 00000000 00:00 0 
7f28269eb000-7f28269ec000 rw-p 00000000 00:00 0 
7f28269ec000-7f28269ed000 r--p 00021000 fd:01 261978                     /usr/lib64/ld-2.17.so
7f28269ed000-7f28269ee000 rw-p 00022000 fd:01 261978                     /usr/lib64/ld-2.17.so
7f28269ee000-7f28269ef000 rw-p 00000000 00:00 0 
7ffdda38f000-7ffdda3b0000 rw-p 00000000 00:00 0                          [stack]
7ffdda3e1000-7ffdda3e3000 r-xp 00000000 00:00 0                          [vdso]
ffffffffff600000-ffffffffff601000 r-xp 00000000 00:00 0                  [vsyscall]

VM Arguments:
jvm_args: -XX:MaxPermSize=2024m -Xmx2024M -XX:+HeapDumpOnOutOfMemoryError -XX:HeapDumpPath=/universe/Neeis/logs -Dgrails.home=/root/.sdkman/candidates/grails/current -Dtools.jar=/root/.sdkman/candidates/java/current/lib/tools.jar -Djava.net.preferIPv4Stack=true 
java_command: org.codehaus.groovy.grails.cli.support.GrailsStarter --main org.codehaus.groovy.grails.cli.GrailsScriptRunner --conf /root/.sdkman/candidates/grails/current/conf/groovy-starter.conf --classpath   run-app --non-interactive
java_class_path (initial): /root/.sdkman/candidates/grails/current/lib/org.codehaus.groovy/groovy-all/jars/groovy-all-2.4.5.jar:/root/.sdkman/candidates/grails/current/dist/grails-bootstrap-2.5.5.jar
Launcher Type: SUN_STANDARD

Environment Variables:
JAVA_HOME=/root/.sdkman/candidates/java/current
PATH=/root/.sdkman/candidates/grails/current/bin:/root/.sdkman/candidates/groovy/current/bin:/root/.sdkman/candidates/grails/current/bin:/usr/local/rvm/gems/ruby-1.9.2-p330/bin:/usr/local/rvm/gems/ruby-1.9.2-p330@global/bin:/usr/local/rvm/rubies/ruby-1.9.2-p330/bin:/usr/local/sbin:/usr/local/bin:/sbin:/bin:/usr/sbin:/usr/bin:/usr/local/rvm/bin:/root/bin
SHELL=/bin/bash

Signal Handlers:
SIGSEGV: [libjvm.so+0xac64b0], sa_mask[0]=11111111011111111101111111111110, sa_flags=SA_RESTART|SA_SIGINFO
SIGBUS: [libjvm.so+0xac64b0], sa_mask[0]=11111111011111111101111111111110, sa_flags=SA_RESTART|SA_SIGINFO
SIGFPE: [libjvm.so+0x91f950], sa_mask[0]=11111111011111111101111111111110, sa_flags=SA_RESTART|SA_SIGINFO
SIGPIPE: [libjvm.so+0x91f950], sa_mask[0]=11111111011111111101111111111110, sa_flags=SA_RESTART|SA_SIGINFO
SIGXFSZ: [libjvm.so+0x91f950], sa_mask[0]=11111111011111111101111111111110, sa_flags=SA_RESTART|SA_SIGINFO
SIGILL: [libjvm.so+0x91f950], sa_mask[0]=11111111011111111101111111111110, sa_flags=SA_RESTART|SA_SIGINFO
SIGUSR1: SIG_DFL, sa_mask[0]=00000000000000000000000000000000, sa_flags=none
SIGUSR2: [libjvm.so+0x920f80], sa_mask[0]=00000000000000000000000000000000, sa_flags=SA_RESTART|SA_SIGINFO
SIGHUP: SIG_IGN, sa_mask[0]=00000000000000000000000000000000, sa_flags=none
SIGINT: SIG_IGN, sa_mask[0]=00000000000000000000000000000000, sa_flags=none
SIGTERM: [libjvm.so+0x922380], sa_mask[0]=11111111011111111101111111111110, sa_flags=SA_RESTART|SA_SIGINFO
SIGQUIT: [libjvm.so+0x922380], sa_mask[0]=11111111011111111101111111111110, sa_flags=SA_RESTART|SA_SIGINFO


---------------  S Y S T E M  ---------------

OS:CentOS Linux release 7.2.1511 (Core) 

uname:Linux 3.10.0-327.36.3.el7.x86_64 #1 SMP Mon Oct 24 16:09:20 UTC 2016 x86_64
libc:glibc 2.17 NPTL 2.17 
rlimit: STACK 8192k, CORE 0k, NPROC 7288, NOFILE 4096, AS infinity
load average:0.00 0.03 0.05

/proc/meminfo:
MemTotal:        1884100 kB
MemFree:           52464 kB
MemAvailable:      13496 kB
Buffers:             316 kB
Cached:            84224 kB
SwapCached:            0 kB
Active:          1713092 kB
Inactive:          58124 kB
Active(anon):    1712616 kB
Inactive(anon):    38060 kB
Active(file):        476 kB
Inactive(file):    20064 kB
Unevictable:           0 kB
Mlocked:               0 kB
SwapTotal:             0 kB
SwapFree:              0 kB
Dirty:                60 kB
Writeback:             0 kB
AnonPages:       1684884 kB
Mapped:             2752 kB
Shmem:             63780 kB
Slab:              25864 kB
SReclaimable:      14144 kB
SUnreclaim:        11720 kB
KernelStack:        3008 kB
PageTables:         7184 kB
NFS_Unstable:          0 kB
Bounce:                0 kB
WritebackTmp:          0 kB
CommitLimit:      942048 kB
Committed_AS:    2269160 kB
VmallocTotal:   34359738367 kB
VmallocUsed:       93980 kB
VmallocChunk:   34359641080 kB
HardwareCorrupted:     0 kB
AnonHugePages:    888832 kB
HugePages_Total:       0
HugePages_Free:        0
HugePages_Rsvd:        0
HugePages_Surp:        0
Hugepagesize:       2048 kB
DirectMap4k:       57336 kB
DirectMap2M:     2039808 kB
DirectMap1G:           0 kB


CPU:total 2 (1 cores per cpu, 1 threads per core) family 6 model 62 stepping 4, cmov, cx8, fxsr, mmx, sse, sse2, sse3, ssse3, sse4.1, sse4.2, popcnt, avx, aes, clmul, erms, tsc

/proc/cpuinfo:
processor	: 0
vendor_id	: GenuineIntel
cpu family	: 6
model		: 62
model name	: Intel(R) Xeon(R) CPU E5-2630L v2 @ 2.40GHz
stepping	: 4
microcode	: 0x1
cpu MHz		: 2399.998
cache size	: 15360 KB
physical id	: 0
siblings	: 1
core id		: 0
cpu cores	: 1
apicid		: 0
initial apicid	: 0
fpu		: yes
fpu_exception	: yes
cpuid level	: 13
wp		: yes
flags		: fpu vme de pse tsc msr pae mce cx8 apic sep mtrr pge mca cmov pat pse36 clflush mmx fxsr sse sse2 ss syscall nx pdpe1gb rdtscp lm constant_tsc arch_perfmon rep_good nopl eagerfpu pni pclmulqdq vmx ssse3 cx16 pcid sse4_1 sse4_2 x2apic popcnt tsc_deadline_timer aes xsave avx f16c rdrand hypervisor lahf_lm arat vnmi ept fsgsbase tsc_adjust smep erms xsaveopt
bogomips	: 4799.99
clflush size	: 64
cache_alignment	: 64
address sizes	: 40 bits physical, 48 bits virtual
power management:

processor	: 1
vendor_id	: GenuineIntel
cpu family	: 6
model		: 62
model name	: Intel(R) Xeon(R) CPU E5-2630L v2 @ 2.40GHz
stepping	: 4
microcode	: 0x1
cpu MHz		: 2399.998
cache size	: 15360 KB
physical id	: 1
siblings	: 1
core id		: 0
cpu cores	: 1
apicid		: 1
initial apicid	: 1
fpu		: yes
fpu_exception	: yes
cpuid level	: 13
wp		: yes
flags		: fpu vme de pse tsc msr pae mce cx8 apic sep mtrr pge mca cmov pat pse36 clflush mmx fxsr sse sse2 ss syscall nx pdpe1gb rdtscp lm constant_tsc arch_perfmon rep_good nopl eagerfpu pni pclmulqdq vmx ssse3 cx16 pcid sse4_1 sse4_2 x2apic popcnt tsc_deadline_timer aes xsave avx f16c rdrand hypervisor lahf_lm arat vnmi ept fsgsbase tsc_adjust smep erms xsaveopt
bogomips	: 4799.99
clflush size	: 64
cache_alignment	: 64
address sizes	: 40 bits physical, 48 bits virtual
power management:



Memory: 4k page, physical 1884100k(52248k free), swap 0k(0k free)

vm_info: Java HotSpot(TM) 64-Bit Server VM (25.111-b14) for linux-amd64 JRE (1.8.0_111-b14), built on Sep 22 2016 16:14:03 by "java_re" with gcc 4.3.0 20080428 (Red Hat 4.3.0-8)

time: Sat Jan 14 11:27:14 2017
elapsed time: 2496 seconds (0d 0h 41m 36s)

