#
# There is insufficient memory for the Java Runtime Environment to continue.
# Native memory allocation (mmap) failed to map 70778880 bytes for committing reserved memory.
# Possible reasons:
#   The system is out of physical RAM or swap space
#   In 32 bit mode, the process size limit was hit
# Possible solutions:
#   Reduce memory load on the system
#   Increase physical memory or swap space
#   Check if swap backing store is full
#   Use 64 bit Java on a 64 bit OS
#   Decrease Java heap size (-Xmx/-Xms)
#   Decrease number of Java threads
#   Decrease Java thread stack sizes (-Xss)
#   Set larger code cache with -XX:ReservedCodeCacheSize=
# This output file may be truncated or incomplete.
#
#  Out of Memory Error (os_linux.cpp:2627), pid=1927, tid=0x00007f9d83fff700
#
# JRE version: Java(TM) SE Runtime Environment (8.0_111-b14) (build 1.8.0_111-b14)
# Java VM: Java HotSpot(TM) 64-Bit Server VM (25.111-b14 mixed mode linux-amd64 compressed oops)
# Failed to write core dump. Core dumps have been disabled. To enable core dumping, try "ulimit -c unlimited" before starting Java again
#

---------------  T H R E A D  ---------------

Current thread (0x00007f9d980fc000):  VMThread [stack: 0x00007f9d83eff000,0x00007f9d84000000] [id=1933]

Stack: [0x00007f9d83eff000,0x00007f9d84000000],  sp=0x00007f9d83ffe0e0,  free space=1020k
Native frames: (J=compiled Java code, j=interpreted, Vv=VM code, C=native code)
V  [libjvm.so+0xac5c2a]  VMError::report_and_die()+0x2ba
V  [libjvm.so+0x4fc50b]  report_vm_out_of_memory(char const*, int, unsigned long, VMErrorType, char const*)+0x8b
V  [libjvm.so+0x922ae3]  os::Linux::commit_memory_impl(char*, unsigned long, bool)+0x103
V  [libjvm.so+0x923039]  os::pd_commit_memory(char*, unsigned long, unsigned long, bool)+0x29
V  [libjvm.so+0x91d33a]  os::commit_memory(char*, unsigned long, unsigned long, bool)+0x2a
V  [libjvm.so+0x991ac3]  PSVirtualSpace::expand_by(unsigned long)+0x53
V  [libjvm.so+0x982380]  PSOldGen::expand(unsigned long)+0x170
V  [libjvm.so+0x98258b]  PSOldGen::resize(unsigned long)+0x1cb
V  [libjvm.so+0x98a291]  PSParallelCompact::invoke_no_policy(bool)+0x991
V  [libjvm.so+0x98fbed]  PSScavenge::invoke()+0x1ad
V  [libjvm.so+0x9467d0]  ParallelScavengeHeap::failed_mem_allocate(unsigned long)+0x70
V  [libjvm.so+0xac7647]  VM_ParallelGCFailedAllocation::doit()+0x97
V  [libjvm.so+0xacf125]  VM_Operation::evaluate()+0x55
V  [libjvm.so+0xacd4fa]  VMThread::evaluate_operation(VM_Operation*)+0xba
V  [libjvm.so+0xacd87e]  VMThread::loop()+0x1ce
V  [libjvm.so+0xacdcf0]  VMThread::run()+0x70
V  [libjvm.so+0x924ea8]  java_start(Thread*)+0x108

VM_Operation (0x00007f9d43ff8f60): ParallelGCFailedAllocation, mode: safepoint, requested by thread 0x00007f9d780c5000


---------------  P R O C E S S  ---------------

Java Threads: ( => current thread )
  0x00007f9d780c5000 JavaThread "http-bio-8080-exec-14" daemon [_thread_blocked, id=2135, stack(0x00007f9d43eff000,0x00007f9d44000000)]
  0x00007f9d780b8800 JavaThread "http-bio-8080-exec-13" daemon [_thread_blocked, id=2134, stack(0x00007f9d43bfc000,0x00007f9d43cfd000)]
  0x00007f9d49412000 JavaThread "http-bio-8080-exec-11" daemon [_thread_in_native, id=2012, stack(0x00007f9d42fa5000,0x00007f9d430a6000)]
  0x00007f9d493e4000 JavaThread "http-bio-8080-exec-10" daemon [_thread_blocked, id=2011, stack(0x00007f9d430a6000,0x00007f9d431a7000)]
  0x00007f9d5c2dd800 JavaThread "http-bio-8080-exec-9" daemon [_thread_blocked, id=2010, stack(0x00007f9d431a7000,0x00007f9d432a8000)]
  0x00007f9d982bc000 JavaThread "http-bio-8080-exec-7" daemon [_thread_blocked, id=2008, stack(0x00007f9d433a9000,0x00007f9d434aa000)]
  0x00007f9d70164000 JavaThread "Thread-14" daemon [_thread_in_native, id=2001, stack(0x00007f9d434aa000,0x00007f9d435ab000)]
  0x00007f9d84073800 JavaThread "http-bio-8080-exec-6" daemon [_thread_blocked, id=2000, stack(0x00007f9d438fb000,0x00007f9d439fc000)]
  0x00007f9d780f5000 JavaThread "http-bio-8080-exec-5" daemon [_thread_blocked, id=1999, stack(0x00007f9d435ab000,0x00007f9d436ac000)]
  0x00007f9d5c2ed000 JavaThread "http-bio-8080-exec-3" daemon [_thread_blocked, id=1994, stack(0x00007f9d43cfd000,0x00007f9d43dfe000)]
  0x00007f9d9800b000 JavaThread "DestroyJavaVM" [_thread_blocked, id=1928, stack(0x00007f9da112d000,0x00007f9da122e000)]
  0x00007f9d98455000 JavaThread "Thread-12" [_thread_blocked, id=1992, stack(0x00007f9d43dfe000,0x00007f9d43eff000)]
  0x00007f9d5c295000 JavaThread "http-bio-8080-exec-1" daemon [_thread_blocked, id=1990, stack(0x00007f9d68078000,0x00007f9d68179000)]
  0x00007f9d9845d000 JavaThread "http-bio-8080-AsyncTimeout" daemon [_thread_blocked, id=1989, stack(0x00007f9d6847a000,0x00007f9d6857b000)]
  0x00007f9d9845c000 JavaThread "http-bio-8080-Acceptor-0" daemon [_thread_in_native, id=1988, stack(0x00007f9d697d8000,0x00007f9d698d9000)]
  0x00007f9d98456800 JavaThread "ContainerBackgroundProcessor[StandardEngine[Tomcat]]" daemon [_thread_blocked, id=1987, stack(0x00007f9d68379000,0x00007f9d6847a000)]
  0x00007f9d48b7e000 JavaThread "__DEFAULT__" daemon [_thread_blocked, id=1976, stack(0x00007f9d8000a000,0x00007f9d8010b000)]
  0x00007f9d4889c000 JavaThread "Abandoned connection cleanup thread" daemon [_thread_blocked, id=1974, stack(0x00007f9d8050b000,0x00007f9d8060c000)]
  0x00007f9d4887f000 JavaThread "Tomcat JDBC Pool Cleaner[1989132530:1484955722562]" daemon [_thread_blocked, id=1973, stack(0x00007f9d8060c000,0x00007f9d8070d000)]
  0x00007f9d48190000 JavaThread "FileSystemWatcher: files=#146 cl=groovy.lang.GroovyClassLoader@768fc0f2" daemon [_thread_blocked, id=1972, stack(0x00007f9d817bf000,0x00007f9d818c0000)]
  0x00007f9d982e6000 JavaThread "Thread-3" [_thread_in_native, id=1965, stack(0x00007f9d822f3000,0x00007f9d823f4000)]
  0x00007f9d98a4f800 JavaThread "Thread-2" [_thread_blocked, id=1964, stack(0x00007f9d82d76000,0x00007f9d82e77000)]
  0x00007f9d98789000 JavaThread "NonBlockingInputStreamThread" daemon [_thread_blocked, id=1953, stack(0x00007f9d83077000,0x00007f9d83178000)]
  0x00007f9d982ce000 JavaThread "Service Thread" daemon [_thread_blocked, id=1939, stack(0x00007f9d838f9000,0x00007f9d839fa000)]
  0x00007f9d982b7000 JavaThread "C1 CompilerThread1" daemon [_thread_blocked, id=1938, stack(0x00007f9d839fa000,0x00007f9d83afb000)]
  0x00007f9d982a6000 JavaThread "C2 CompilerThread0" daemon [_thread_blocked, id=1937, stack(0x00007f9d83afb000,0x00007f9d83bfc000)]
  0x00007f9d9813b800 JavaThread "Signal Dispatcher" daemon [_thread_blocked, id=1936, stack(0x00007f9d83bfc000,0x00007f9d83cfd000)]
  0x00007f9d98108800 JavaThread "Finalizer" daemon [_thread_blocked, id=1935, stack(0x00007f9d83cfd000,0x00007f9d83dfe000)]
  0x00007f9d98104000 JavaThread "Reference Handler" daemon [_thread_blocked, id=1934, stack(0x00007f9d83dfe000,0x00007f9d83eff000)]

Other Threads:
=>0x00007f9d980fc000 VMThread [stack: 0x00007f9d83eff000,0x00007f9d84000000] [id=1933]
  0x00007f9d982da800 WatcherThread [stack: 0x00007f9d837f8000,0x00007f9d838f9000] [id=1940]

VM state:at safepoint (normal execution)

VM Mutex/Monitor currently owned by a thread:  ([mutex/lock_event])
[0x00007f9d98003d10] ExpandHeap_lock - owner thread: 0x00007f9d980fc000
[0x00007f9d98008a30] Threads_lock - owner thread: 0x00007f9d980fc000
[0x00007f9d98008f30] Heap_lock - owner thread: 0x00007f9d780c5000

Heap:
 PSYoungGen      total 206336K, used 8136K [0x00000000f0000000, 0x0000000100000000, 0x0000000100000000)
  eden space 153088K, 0% used [0x00000000f0000000,0x00000000f0000000,0x00000000f9580000)
  from space 53248K, 15% used [0x00000000fc880000,0x00000000fd0721e8,0x00000000ffc80000)
  to   space 52224K, 0% used [0x00000000f9580000,0x00000000f9580000,0x00000000fc880000)
 ParOldGen       total 133632K, used 133367K [0x00000000d0000000, 0x00000000d8280000, 0x00000000f0000000)
  object space 133632K, 99% used [0x00000000d0000000,0x00000000d823dce0,0x00000000d8280000)
 Metaspace       used 79035K, capacity 83170K, committed 83544K, reserved 1122304K
  class space    used 9448K, capacity 10528K, committed 10624K, reserved 1048576K

Card table byte_map: [0x00007f9d9e172000,0x00007f9d9e2f3000] byte_map_base: 0x00007f9d9daf2000

Marking Bits: (ParMarkBitMap*) 0x00007f9da05f2220
 Begin Bits: [0x00007f9d9c670000, 0x00007f9d9d270000)
 End Bits:   [0x00007f9d9d270000, 0x00007f9d9de70000)

Polling page: 0x00007f9da1236000

CodeCache: size=245760Kb used=35604Kb max_used=35616Kb free=210155Kb
 bounds [0x00007f9d89000000, 0x00007f9d8b310000, 0x00007f9d98000000]
 total_blobs=11016 nmethods=10201 adapters=728
 compilation: enabled

Compilation events (10 events):
Event: 682.249 Thread 0x00007f9d982a6000 13005       4       java.lang.Class$MethodArray::getFirst (36 bytes)
Event: 682.251 Thread 0x00007f9d982a6000 nmethod 13005 0x00007f9d8b2d6250 code [0x00007f9d8b2d63a0, 0x00007f9d8b2d6458]
Event: 682.251 Thread 0x00007f9d982a6000 13013       4       java.util.ComparableTimSort::binarySort (223 bytes)
Event: 682.258 Thread 0x00007f9d982a6000 nmethod 13013 0x00007f9d8b2e2090 code [0x00007f9d8b2e2220, 0x00007f9d8b2e2828]
Event: 682.258 Thread 0x00007f9d982a6000 13011       4       java.lang.Class::getMethod0 (40 bytes)
Event: 682.268 Thread 0x00007f9d982a6000 nmethod 13011 0x00007f9d8b2e3910 code [0x00007f9d8b2e3ac0, 0x00007f9d8b2e4178]
Event: 682.268 Thread 0x00007f9d982a6000 13012       4       java.util.LinkedList$ListItr::<init> (47 bytes)
Event: 682.270 Thread 0x00007f9d982a6000 nmethod 13012 0x00007f9d8b2d5e50 code [0x00007f9d8b2d5fa0, 0x00007f9d8b2d60b8]
Event: 682.270 Thread 0x00007f9d982a6000 13015       4       java.lang.Throwable::<init> (34 bytes)
Event: 682.271 Thread 0x00007f9d982a6000 nmethod 13015 0x00007f9d8b2e3650 code [0x00007f9d8b2e37a0, 0x00007f9d8b2e3878]

GC Heap History (10 events):
Event: 517.081 GC heap after
Heap after GC invocations=37 (full 3):
 PSYoungGen      total 206336K, used 36270K [0x00000000f0000000, 0x0000000100000000, 0x0000000100000000)
  eden space 152576K, 0% used [0x00000000f0000000,0x00000000f0000000,0x00000000f9500000)
  from space 53760K, 67% used [0x00000000fcb80000,0x00000000feeebbc0,0x0000000100000000)
  to   space 54784K, 0% used [0x00000000f9500000,0x00000000f9500000,0x00000000fca80000)
 ParOldGen       total 133632K, used 102045K [0x00000000d0000000, 0x00000000d8280000, 0x00000000f0000000)
  object space 133632K, 76% used [0x00000000d0000000,0x00000000d63a7740,0x00000000d8280000)
 Metaspace       used 77974K, capacity 82116K, committed 82264K, reserved 1122304K
  class space    used 9233K, capacity 10295K, committed 10368K, reserved 1048576K
}
Event: 679.830 GC heap before
{Heap before GC invocations=38 (full 3):
 PSYoungGen      total 206336K, used 188810K [0x00000000f0000000, 0x0000000100000000, 0x0000000100000000)
  eden space 152576K, 99% used [0x00000000f0000000,0x00000000f94f7020,0x00000000f9500000)
  from space 53760K, 67% used [0x00000000fcb80000,0x00000000feeebbc0,0x0000000100000000)
  to   space 54784K, 0% used [0x00000000f9500000,0x00000000f9500000,0x00000000fca80000)
 ParOldGen       total 133632K, used 102045K [0x00000000d0000000, 0x00000000d8280000, 0x00000000f0000000)
  object space 133632K, 76% used [0x00000000d0000000,0x00000000d63a7740,0x00000000d8280000)
 Metaspace       used 78236K, capacity 82444K, committed 82520K, reserved 1122304K
  class space    used 9255K, capacity 10337K, committed 10368K, reserved 1048576K
Event: 679.921 GC heap after
Heap after GC invocations=38 (full 3):
 PSYoungGen      total 190464K, used 37561K [0x00000000f0000000, 0x0000000100000000, 0x0000000100000000)
  eden space 152576K, 0% used [0x00000000f0000000,0x00000000f0000000,0x00000000f9500000)
  from space 37888K, 99% used [0x00000000f9500000,0x00000000fb9ae710,0x00000000fba00000)
  to   space 55296K, 0% used [0x00000000fca00000,0x00000000fca00000,0x0000000100000000)
 ParOldGen       total 133632K, used 102053K [0x00000000d0000000, 0x00000000d8280000, 0x00000000f0000000)
  object space 133632K, 76% used [0x00000000d0000000,0x00000000d63a9740,0x00000000d8280000)
 Metaspace       used 78236K, capacity 82444K, committed 82520K, reserved 1122304K
  class space    used 9255K, capacity 10337K, committed 10368K, reserved 1048576K
}
Event: 680.646 GC heap before
{Heap before GC invocations=39 (full 3):
 PSYoungGen      total 190464K, used 190137K [0x00000000f0000000, 0x0000000100000000, 0x0000000100000000)
  eden space 152576K, 100% used [0x00000000f0000000,0x00000000f9500000,0x00000000f9500000)
  from space 37888K, 99% used [0x00000000f9500000,0x00000000fb9ae710,0x00000000fba00000)
  to   space 55296K, 0% used [0x00000000fca00000,0x00000000fca00000,0x0000000100000000)
 ParOldGen       total 133632K, used 102053K [0x00000000d0000000, 0x00000000d8280000, 0x00000000f0000000)
  object space 133632K, 76% used [0x00000000d0000000,0x00000000d63a9740,0x00000000d8280000)
 Metaspace       used 78796K, capacity 83000K, committed 83288K, reserved 1122304K
  class space    used 9406K, capacity 10505K, committed 10624K, reserved 1048576K
Event: 680.803 GC heap after
Heap after GC invocations=39 (full 3):
 PSYoungGen      total 207360K, used 34016K [0x00000000f0000000, 0x0000000100000000, 0x0000000100000000)
  eden space 152064K, 0% used [0x00000000f0000000,0x00000000f0000000,0x00000000f9480000)
  from space 55296K, 61% used [0x00000000fca00000,0x00000000feb382a0,0x0000000100000000)
  to   space 54784K, 0% used [0x00000000f9480000,0x00000000f9480000,0x00000000fca00000)
 ParOldGen       total 133632K, used 107435K [0x00000000d0000000, 0x00000000d8280000, 0x00000000f0000000)
  object space 133632K, 80% used [0x00000000d0000000,0x00000000d68eadb0,0x00000000d8280000)
 Metaspace       used 78796K, capacity 83000K, committed 83288K, reserved 1122304K
  class space    used 9406K, capacity 10505K, committed 10624K, reserved 1048576K
}
Event: 681.492 GC heap before
{Heap before GC invocations=40 (full 3):
 PSYoungGen      total 207360K, used 186080K [0x00000000f0000000, 0x0000000100000000, 0x0000000100000000)
  eden space 152064K, 100% used [0x00000000f0000000,0x00000000f9480000,0x00000000f9480000)
  from space 55296K, 61% used [0x00000000fca00000,0x00000000feb382a0,0x0000000100000000)
  to   space 54784K, 0% used [0x00000000f9480000,0x00000000f9480000,0x00000000fca00000)
 ParOldGen       total 133632K, used 107435K [0x00000000d0000000, 0x00000000d8280000, 0x00000000f0000000)
  object space 133632K, 80% used [0x00000000d0000000,0x00000000d68eadb0,0x00000000d8280000)
 Metaspace       used 79000K, capacity 83224K, committed 83544K, reserved 1122304K
  class space    used 9453K, capacity 10537K, committed 10624K, reserved 1048576K
Event: 681.561 GC heap after
Heap after GC invocations=40 (full 3):
 PSYoungGen      total 176128K, used 23636K [0x00000000f0000000, 0x00000000ffc80000, 0x0000000100000000)
  eden space 152064K, 0% used [0x00000000f0000000,0x00000000f0000000,0x00000000f9480000)
  from space 24064K, 98% used [0x00000000f9480000,0x00000000fab95020,0x00000000fac00000)
  to   space 53248K, 0% used [0x00000000fc880000,0x00000000fc880000,0x00000000ffc80000)
 ParOldGen       total 133632K, used 119409K [0x00000000d0000000, 0x00000000d8280000, 0x00000000f0000000)
  object space 133632K, 89% used [0x00000000d0000000,0x00000000d749c728,0x00000000d8280000)
 Metaspace       used 79000K, capacity 83224K, committed 83544K, reserved 1122304K
  class space    used 9453K, capacity 10537K, committed 10624K, reserved 1048576K
}
Event: 682.291 GC heap before
{Heap before GC invocations=41 (full 3):
 PSYoungGen      total 176128K, used 175700K [0x00000000f0000000, 0x00000000ffc80000, 0x0000000100000000)
  eden space 152064K, 100% used [0x00000000f0000000,0x00000000f9480000,0x00000000f9480000)
  from space 24064K, 98% used [0x00000000f9480000,0x00000000fab95020,0x00000000fac00000)
  to   space 53248K, 0% used [0x00000000fc880000,0x00000000fc880000,0x00000000ffc80000)
 ParOldGen       total 133632K, used 119409K [0x00000000d0000000, 0x00000000d8280000, 0x00000000f0000000)
  object space 133632K, 89% used [0x00000000d0000000,0x00000000d749c728,0x00000000d8280000)
 Metaspace       used 79055K, capacity 83224K, committed 83544K, reserved 1122304K
  class space    used 9453K, capacity 10537K, committed 10624K, reserved 1048576K
Event: 682.344 GC heap after
Heap after GC invocations=41 (full 3):
 PSYoungGen      total 206336K, used 21072K [0x00000000f0000000, 0x0000000100000000, 0x0000000100000000)
  eden space 153088K, 0% used [0x00000000f0000000,0x00000000f0000000,0x00000000f9580000)
  from space 53248K, 39% used [0x00000000fc880000,0x00000000fdd14138,0x00000000ffc80000)
  to   space 52224K, 0% used [0x00000000f9580000,0x00000000f9580000,0x00000000fc880000)
 ParOldGen       total 133632K, used 125851K [0x00000000d0000000, 0x00000000d8280000, 0x00000000f0000000)
  object space 133632K, 94% used [0x00000000d0000000,0x00000000d7ae6ce8,0x00000000d8280000)
 Metaspace       used 79055K, capacity 83224K, committed 83544K, reserved 1122304K
  class space    used 9453K, capacity 10537K, committed 10624K, reserved 1048576K
}
Event: 682.344 GC heap before
{Heap before GC invocations=42 (full 4):
 PSYoungGen      total 206336K, used 21072K [0x00000000f0000000, 0x0000000100000000, 0x0000000100000000)
  eden space 153088K, 0% used [0x00000000f0000000,0x00000000f0000000,0x00000000f9580000)
  from space 53248K, 39% used [0x00000000fc880000,0x00000000fdd14138,0x00000000ffc80000)
  to   space 52224K, 0% used [0x00000000f9580000,0x00000000f9580000,0x00000000fc880000)
 ParOldGen       total 133632K, used 125851K [0x00000000d0000000, 0x00000000d8280000, 0x00000000f0000000)
  object space 133632K, 94% used [0x00000000d0000000,0x00000000d7ae6ce8,0x00000000d8280000)
 Metaspace       used 79055K, capacity 83224K, committed 83544K, reserved 1122304K
  class space    used 9453K, capacity 10537K, committed 10624K, reserved 1048576K

Deoptimization events (10 events):
Event: 488.046 Thread 0x00007f9d780f5000 Uncommon trap: reason=predicate action=maybe_recompile pc=0x00007f9d8aded7bc method=java.util.TimSort.reverseRange([Ljava/lang/Object;II)V @ 8
Event: 488.047 Thread 0x00007f9d780f5000 Uncommon trap: reason=predicate action=maybe_recompile pc=0x00007f9d8af07258 method=java.util.TimSort.binarySort([Ljava/lang/Object;IIILjava/util/Comparator;)V @ 37
Event: 579.045 Thread 0x00007f9d5c2dd800 Uncommon trap: reason=class_check action=maybe_recompile pc=0x00007f9d8a03fe10 method=java.util.regex.Pattern$CharProperty$1.isSatisfiedBy(I)Z @ 5
Event: 579.045 Thread 0x00007f9d5c2dd800 Uncommon trap: reason=class_check action=maybe_recompile pc=0x00007f9d8a03fe10 method=java.util.regex.Pattern$CharProperty$1.isSatisfiedBy(I)Z @ 5
Event: 579.045 Thread 0x00007f9d5c2dd800 Uncommon trap: reason=class_check action=maybe_recompile pc=0x00007f9d8a03fe10 method=java.util.regex.Pattern$CharProperty$1.isSatisfiedBy(I)Z @ 5
Event: 579.045 Thread 0x00007f9d5c2dd800 Uncommon trap: reason=class_check action=maybe_recompile pc=0x00007f9d8a03fe10 method=java.util.regex.Pattern$CharProperty$1.isSatisfiedBy(I)Z @ 5
Event: 579.102 Thread 0x00007f9d5c2dd800 Uncommon trap: reason=bimorphic action=maybe_recompile pc=0x00007f9d8afd7eb0 method=java.util.regex.Pattern$BmpCharProperty.match(Ljava/util/regex/Matcher;ILjava/lang/CharSequence;)Z @ 11
Event: 579.102 Thread 0x00007f9d5c2dd800 Uncommon trap: reason=bimorphic action=maybe_recompile pc=0x00007f9d8afd7eb0 method=java.util.regex.Pattern$BmpCharProperty.match(Ljava/util/regex/Matcher;ILjava/lang/CharSequence;)Z @ 11
Event: 579.457 Thread 0x00007f9d5c2dd800 Uncommon trap: reason=unstable_if action=reinterpret pc=0x00007f9d8abbed30 method=groovy.lang.MetaClassImpl.getMethodWithCachingInternal(Ljava/lang/Class;Lorg/codehaus/groovy/runtime/callsite/CallSite;[Ljava/lang/Class;)Lgroovy/lang/MetaMethod; @ 38
Event: 682.265 Thread 0x00007f9d780c5000 Uncommon trap: reason=predicate action=maybe_recompile pc=0x00007f9d8b2e2790 method=java.util.ComparableTimSort.binarySort([Ljava/lang/Object;III)V @ 37

Internal exceptions (10 events):
Event: 682.244 Thread 0x00007f9d780c5000 Exception <a 'java/lang/ClassNotFoundException': universe_Neeis_grails_app_views_forms_specFilm_gsp$_run_closure165Customizer> (0x00000000f8c4a410) thrown at [/HUDSON3/workspace/8-2-build-linux-amd64/jdk8u111/7883/hotspot/src/share/vm/classfile/systemDict
Event: 682.250 Thread 0x00007f9d780c5000 Exception <a 'java/lang/ClassNotFoundException': universe_Neeis_grails_app_views_forms_specFilm_gsp$_run_closure166BeanInfo> (0x00000000f8d307a0) thrown at [/HUDSON3/workspace/8-2-build-linux-amd64/jdk8u111/7883/hotspot/src/share/vm/classfile/systemDictio
Event: 682.253 Thread 0x00007f9d780c5000 Exception <a 'java/lang/ClassNotFoundException': universe_Neeis_grails_app_views_forms_specFilm_gsp$_run_closure166Customizer> (0x00000000f8df1d10) thrown at [/HUDSON3/workspace/8-2-build-linux-amd64/jdk8u111/7883/hotspot/src/share/vm/classfile/systemDict
Event: 682.260 Thread 0x00007f9d780c5000 Exception <a 'java/lang/ClassNotFoundException': universe_Neeis_grails_app_views_forms_specFilm_gsp$_run_closure167BeanInfo> (0x00000000f8ed7508) thrown at [/HUDSON3/workspace/8-2-build-linux-amd64/jdk8u111/7883/hotspot/src/share/vm/classfile/systemDictio
Event: 682.263 Thread 0x00007f9d780c5000 Exception <a 'java/lang/ClassNotFoundException': universe_Neeis_grails_app_views_forms_specFilm_gsp$_run_closure167Customizer> (0x00000000f8f98ad0) thrown at [/HUDSON3/workspace/8-2-build-linux-amd64/jdk8u111/7883/hotspot/src/share/vm/classfile/systemDict
Event: 682.269 Thread 0x00007f9d780c5000 Exception <a 'java/lang/ClassNotFoundException': universe_Neeis_grails_app_views_forms_specFilm_gsp$_run_closure168BeanInfo> (0x00000000f9081828) thrown at [/HUDSON3/workspace/8-2-build-linux-amd64/jdk8u111/7883/hotspot/src/share/vm/classfile/systemDictio
Event: 682.273 Thread 0x00007f9d780c5000 Exception <a 'java/lang/ClassNotFoundException': universe_Neeis_grails_app_views_forms_specFilm_gsp$_run_closure168Customizer> (0x00000000f9142df8) thrown at [/HUDSON3/workspace/8-2-build-linux-amd64/jdk8u111/7883/hotspot/src/share/vm/classfile/systemDict
Event: 682.279 Thread 0x00007f9d780c5000 Exception <a 'java/lang/ClassNotFoundException': universe_Neeis_grails_app_views_forms_specFilm_gsp$_run_closure169BeanInfo> (0x00000000f9228638) thrown at [/HUDSON3/workspace/8-2-build-linux-amd64/jdk8u111/7883/hotspot/src/share/vm/classfile/systemDictio
Event: 682.282 Thread 0x00007f9d780c5000 Exception <a 'java/lang/ClassNotFoundException': universe_Neeis_grails_app_views_forms_specFilm_gsp$_run_closure169Customizer> (0x00000000f92e9c50) thrown at [/HUDSON3/workspace/8-2-build-linux-amd64/jdk8u111/7883/hotspot/src/share/vm/classfile/systemDict
Event: 682.288 Thread 0x00007f9d780c5000 Exception <a 'java/lang/ClassNotFoundException': universe_Neeis_grails_app_views_forms_specFilm_gsp$_run_closure170BeanInfo> (0x00000000f93cf448) thrown at [/HUDSON3/workspace/8-2-build-linux-amd64/jdk8u111/7883/hotspot/src/share/vm/classfile/systemDictio

Events (10 events):
Event: 682.284 loading class universe_Neeis_grails_app_views_forms_specFilm_gsp$_run_closure170BeanInfo done
Event: 682.286 loading class universe_Neeis_grails_app_views_forms_specFilm_gsp$_run_closure170BeanInfo
Event: 682.286 loading class universe_Neeis_grails_app_views_forms_specFilm_gsp$_run_closure170BeanInfo done
Event: 682.287 loading class universe_Neeis_grails_app_views_forms_specFilm_gsp$_run_closure170BeanInfo
Event: 682.287 loading class universe_Neeis_grails_app_views_forms_specFilm_gsp$_run_closure170BeanInfo done
Event: 682.288 loading class universe_Neeis_grails_app_views_forms_specFilm_gsp$_run_closure170Customizer
Event: 682.288 loading class universe_Neeis_grails_app_views_forms_specFilm_gsp$_run_closure170Customizer done
Event: 682.289 loading class universe_Neeis_grails_app_views_forms_specFilm_gsp$_run_closure170Customizer
Event: 682.289 loading class universe_Neeis_grails_app_views_forms_specFilm_gsp$_run_closure170Customizer done
Event: 682.290 Executing VM operation: ParallelGCFailedAllocation


Dynamic libraries:
00400000-00401000 r-xp 00000000 fd:01 518620                             /root/.sdkman/candidates/java/8u111/bin/java
00600000-00601000 rw-p 00000000 fd:01 518620                             /root/.sdkman/candidates/java/8u111/bin/java
015f1000-01612000 rw-p 00000000 00:00 0                                  [heap]
d0000000-d8280000 rw-p 00000000 00:00 0 
dc600000-f0000000 ---p 00000000 00:00 0 
f0000000-100000000 rw-p 00000000 00:00 0 
100000000-100a60000 rw-p 00000000 00:00 0 
100a60000-140000000 ---p 00000000 00:00 0 
7f9d427a5000-7f9d428e5000 rw-p 00000000 00:00 0 
7f9d428e5000-7f9d429a5000 ---p 00000000 00:00 0 
7f9d429a5000-7f9d42ba5000 rw-p 00000000 00:00 0 
7f9d42ba5000-7f9d42da5000 rw-p 00000000 00:00 0 
7f9d42da5000-7f9d42fa5000 rw-p 00000000 00:00 0 
7f9d42fa5000-7f9d42fa8000 ---p 00000000 00:00 0 
7f9d42fa8000-7f9d430a6000 rw-p 00000000 00:00 0                          [stack:2012]
7f9d430a6000-7f9d430a9000 ---p 00000000 00:00 0 
7f9d430a9000-7f9d431a7000 rw-p 00000000 00:00 0                          [stack:2011]
7f9d431a7000-7f9d431aa000 ---p 00000000 00:00 0 
7f9d431aa000-7f9d432a8000 rw-p 00000000 00:00 0                          [stack:2010]
7f9d432a8000-7f9d432ab000 ---p 00000000 00:00 0 
7f9d432ab000-7f9d433a9000 rw-p 00000000 00:00 0 
7f9d433a9000-7f9d433ac000 ---p 00000000 00:00 0 
7f9d433ac000-7f9d434aa000 rw-p 00000000 00:00 0                          [stack:2008]
7f9d434aa000-7f9d434ad000 ---p 00000000 00:00 0 
7f9d434ad000-7f9d435ab000 rw-p 00000000 00:00 0                          [stack:2001]
7f9d435ab000-7f9d435ae000 ---p 00000000 00:00 0 
7f9d435ae000-7f9d436ac000 rw-p 00000000 00:00 0                          [stack:1999]
7f9d436fb000-7f9d438fb000 rw-p 00000000 00:00 0 
7f9d438fb000-7f9d438fe000 ---p 00000000 00:00 0 
7f9d438fe000-7f9d43bfc000 rw-p 00000000 00:00 0                          [stack:2000]
7f9d43bfc000-7f9d43bff000 ---p 00000000 00:00 0 
7f9d43bff000-7f9d43cfd000 rw-p 00000000 00:00 0                          [stack:2134]
7f9d43cfd000-7f9d43d00000 ---p 00000000 00:00 0 
7f9d43d00000-7f9d43dfe000 rw-p 00000000 00:00 0                          [stack:1994]
7f9d43dfe000-7f9d43e01000 ---p 00000000 00:00 0 
7f9d43e01000-7f9d43eff000 rw-p 00000000 00:00 0                          [stack:1992]
7f9d43eff000-7f9d43f02000 ---p 00000000 00:00 0 
7f9d43f02000-7f9d44000000 rw-p 00000000 00:00 0                          [stack:2135]
7f9d44000000-7f9d441eb000 rw-p 00000000 00:00 0 
7f9d441eb000-7f9d48000000 ---p 00000000 00:00 0 
7f9d48000000-7f9d49430000 rw-p 00000000 00:00 0 
7f9d49430000-7f9d4c000000 ---p 00000000 00:00 0 
7f9d4c000000-7f9d4c1ac000 rw-p 00000000 00:00 0 
7f9d4c1ac000-7f9d50000000 ---p 00000000 00:00 0 
7f9d50000000-7f9d5024a000 rw-p 00000000 00:00 0 
7f9d5024a000-7f9d54000000 ---p 00000000 00:00 0 
7f9d54000000-7f9d54021000 rw-p 00000000 00:00 0 
7f9d54021000-7f9d58000000 ---p 00000000 00:00 0 
7f9d58000000-7f9d58161000 rw-p 00000000 00:00 0 
7f9d58161000-7f9d5c000000 ---p 00000000 00:00 0 
7f9d5c000000-7f9d5e8d1000 rw-p 00000000 00:00 0 
7f9d5e8d1000-7f9d60000000 ---p 00000000 00:00 0 
7f9d60000000-7f9d61845000 rw-p 00000000 00:00 0 
7f9d61845000-7f9d64000000 ---p 00000000 00:00 0 
7f9d64000000-7f9d64021000 rw-p 00000000 00:00 0 
7f9d64021000-7f9d68000000 ---p 00000000 00:00 0 
7f9d68078000-7f9d6807b000 ---p 00000000 00:00 0 
7f9d6807b000-7f9d68379000 rw-p 00000000 00:00 0                          [stack:1990]
7f9d68379000-7f9d6837c000 ---p 00000000 00:00 0 
7f9d6837c000-7f9d6847a000 rw-p 00000000 00:00 0                          [stack:1987]
7f9d6847a000-7f9d6847d000 ---p 00000000 00:00 0 
7f9d6847d000-7f9d6877b000 rw-p 00000000 00:00 0                          [stack:1989]
7f9d6877b000-7f9d6897b000 rw-p 00000000 00:00 0 
7f9d6897b000-7f9d68b7b000 rw-p 00000000 00:00 0 
7f9d68b7b000-7f9d68d7b000 rw-p 00000000 00:00 0 
7f9d68d7b000-7f9d68f7b000 rw-p 00000000 00:00 0 
7f9d68f7b000-7f9d68f90000 r-xp 00000000 fd:01 258589                     /usr/lib64/libgcc_s-4.8.5-20150702.so.1
7f9d68f90000-7f9d6918f000 ---p 00015000 fd:01 258589                     /usr/lib64/libgcc_s-4.8.5-20150702.so.1
7f9d6918f000-7f9d69190000 r--p 00014000 fd:01 258589                     /usr/lib64/libgcc_s-4.8.5-20150702.so.1
7f9d69190000-7f9d69191000 rw-p 00015000 fd:01 258589                     /usr/lib64/libgcc_s-4.8.5-20150702.so.1
7f9d69191000-7f9d691c3000 r-xp 00000000 fd:01 518855                     /root/.sdkman/candidates/java/8u111/jre/lib/amd64/libsunec.so
7f9d691c3000-7f9d693c2000 ---p 00032000 fd:01 518855                     /root/.sdkman/candidates/java/8u111/jre/lib/amd64/libsunec.so
7f9d693c2000-7f9d693c8000 rw-p 00031000 fd:01 518855                     /root/.sdkman/candidates/java/8u111/jre/lib/amd64/libsunec.so
7f9d693c8000-7f9d695d8000 rw-p 00000000 00:00 0 
7f9d695d8000-7f9d697d8000 rw-p 00000000 00:00 0 
7f9d697d8000-7f9d697db000 ---p 00000000 00:00 0 
7f9d697db000-7f9d69ad9000 rw-p 00000000 00:00 0                          [stack:1988]
7f9d69ad9000-7f9d70000000 r--p 00000000 fd:01 262303                     /usr/lib/locale/locale-archive
7f9d70000000-7f9d701a4000 rw-p 00000000 00:00 0 
7f9d701a4000-7f9d74000000 ---p 00000000 00:00 0 
7f9d74000000-7f9d74023000 rw-p 00000000 00:00 0 
7f9d74023000-7f9d78000000 ---p 00000000 00:00 0 
7f9d78000000-7f9d7837d000 rw-p 00000000 00:00 0 
7f9d7837d000-7f9d7c000000 ---p 00000000 00:00 0 
7f9d7c000000-7f9d7c39f000 rw-p 00000000 00:00 0 
7f9d7c39f000-7f9d80000000 ---p 00000000 00:00 0 
7f9d8000a000-7f9d8000d000 ---p 00000000 00:00 0 
7f9d8000d000-7f9d8030b000 rw-p 00000000 00:00 0                          [stack:1976]
7f9d8030b000-7f9d8050b000 rw-p 00000000 00:00 0 
7f9d8050b000-7f9d8050e000 ---p 00000000 00:00 0 
7f9d8050e000-7f9d8060c000 rw-p 00000000 00:00 0                          [stack:1974]
7f9d8060c000-7f9d8060f000 ---p 00000000 00:00 0 
7f9d8060f000-7f9d8090d000 rw-p 00000000 00:00 0                          [stack:1973]
7f9d8090d000-7f9d80b0d000 rw-p 00000000 00:00 0 
7f9d80b0d000-7f9d80d0d000 rw-p 00000000 00:00 0 
7f9d80d0d000-7f9d80f0d000 rw-p 00000000 00:00 0 
7f9d80fae000-7f9d80faf000 rw-p 00000000 00:00 0 
7f9d80faf000-7f9d80fb4000 r--s 002f9000 fd:01 518769                     /root/.sdkman/candidates/java/8u111/jre/lib/charsets.jar
7f9d80fb4000-7f9d80fba000 r--s 0003f000 fd:01 518656                     /root/.sdkman/candidates/java/8u111/jre/lib/ext/sunjce_provider.jar
7f9d80fba000-7f9d80fbc000 r--s 00009000 fd:01 518650                     /root/.sdkman/candidates/java/8u111/jre/lib/ext/sunec.jar
7f9d80fbc000-7f9d80fbf000 r--s 0001a000 fd:01 518735                     /root/.sdkman/candidates/java/8u111/jre/lib/jce.jar
7f9d80fbf000-7f9d811b5000 rw-p 00000000 00:00 0 
7f9d811b5000-7f9d811bf000 ---p 00000000 00:00 0 
7f9d811bf000-7f9d813bf000 rw-p 00000000 00:00 0 
7f9d813bf000-7f9d815bf000 rw-p 00000000 00:00 0 
7f9d815bf000-7f9d817bf000 rw-p 00000000 00:00 0 
7f9d817bf000-7f9d817c2000 ---p 00000000 00:00 0 
7f9d817c2000-7f9d81ac0000 rw-p 00000000 00:00 0                          [stack:1972]
7f9d81ac0000-7f9d81ac3000 ---p 00000000 00:00 0 
7f9d81ac3000-7f9d81bc1000 rw-p 00000000 00:00 0 
7f9d81bc1000-7f9d81bc4000 ---p 00000000 00:00 0 
7f9d81bc4000-7f9d81cc2000 rw-p 00000000 00:00 0 
7f9d81cc2000-7f9d81cd3000 r-xp 00000000 fd:01 518817                     /root/.sdkman/candidates/java/8u111/jre/lib/amd64/libnio.so
7f9d81cd3000-7f9d81ed2000 ---p 00011000 fd:01 518817                     /root/.sdkman/candidates/java/8u111/jre/lib/amd64/libnio.so
7f9d81ed2000-7f9d81ed3000 rw-p 00010000 fd:01 518817                     /root/.sdkman/candidates/java/8u111/jre/lib/amd64/libnio.so
7f9d81ed3000-7f9d81edc000 r-xp 00000000 fd:01 518815                     /root/.sdkman/candidates/java/8u111/jre/lib/amd64/libmanagement.so
7f9d81edc000-7f9d820db000 ---p 00009000 fd:01 518815                     /root/.sdkman/candidates/java/8u111/jre/lib/amd64/libmanagement.so
7f9d820db000-7f9d820dc000 rw-p 00008000 fd:01 518815                     /root/.sdkman/candidates/java/8u111/jre/lib/amd64/libmanagement.so
7f9d820dc000-7f9d820f2000 r-xp 00000000 fd:01 518867                     /root/.sdkman/candidates/java/8u111/jre/lib/amd64/libnet.so
7f9d820f2000-7f9d822f2000 ---p 00016000 fd:01 518867                     /root/.sdkman/candidates/java/8u111/jre/lib/amd64/libnet.so
7f9d822f2000-7f9d822f3000 rw-p 00016000 fd:01 518867                     /root/.sdkman/candidates/java/8u111/jre/lib/amd64/libnet.so
7f9d822f3000-7f9d822f6000 ---p 00000000 00:00 0 
7f9d822f6000-7f9d825f4000 rw-p 00000000 00:00 0                          [stack:1965]
7f9d825f4000-7f9d827f4000 rw-p 00000000 00:00 0 
7f9d827f4000-7f9d82807000 r--s 00345000 fd:01 518733                     /root/.sdkman/candidates/java/8u111/jre/lib/resources.jar
7f9d82807000-7f9d8280a000 r--s 00012000 fd:01 133350                     /root/.sdkman/candidates/grails/2.5.5/lib/javax.servlet/javax.servlet-api/jars/javax.servlet-api-3.0.1.jar
7f9d8280a000-7f9d8280f000 r--s 00033000 fd:01 134669                     /root/.sdkman/candidates/grails/2.5.5/dist/grails-project-api-2.5.5.jar
7f9d8280f000-7f9d82815000 r--s 00045000 fd:01 1422231                    /universe/Neeis/lib/commons-net-3.5.jar
7f9d82815000-7f9d82817000 r--s 00024000 fd:01 1422232                    /universe/Neeis/lib/groovy-wslite-1.1.3.jar
7f9d82817000-7f9d8281e000 r--s 00088000 fd:01 1422233                    /universe/Neeis/lib/sqljdbc4.jar
7f9d8281e000-7f9d8282f000 r--s 000d2000 fd:01 520508                     /root/.m2/repository/org/liquibase/liquibase-core/2.0.5/liquibase-core-2.0.5.jar
7f9d8282f000-7f9d82835000 r--s 0004c000 fd:01 133604                     /root/.sdkman/candidates/grails/2.5.5/lib/org.grails/grails-datastore-simple/jars/grails-datastore-simple-3.1.5.RELEASE.jar
7f9d82835000-7f9d8283a000 r--s 00048000 fd:01 520507                     /root/.m2/repository/dom4j/dom4j/1.6.1/dom4j-1.6.1.jar
7f9d8283a000-7f9d8283b000 r--s 00002000 fd:01 520503                     /root/.m2/repository/org/jboss/logging/jboss-logging-annotations/1.2.0.Beta1/jboss-logging-annotations-1.2.0.Beta1.jar
7f9d8283b000-7f9d8283e000 r--s 00010000 fd:01 520502                     /root/.m2/repository/org/hibernate/common/hibernate-commons-annotations/4.0.4.Final/hibernate-commons-annotations-4.0.4.Final.jar
7f9d8283e000-7f9d82846000 r--s 00054000 fd:01 520499                     /root/.m2/repository/org/springframework/spring-orm/4.1.8.RELEASE/spring-orm-4.1.8.RELEASE.jar
7f9d82846000-7f9d82848000 r--s 0000a000 fd:01 520497                     /root/.m2/repository/org/grails/grails-datastore-gorm-plugin-support/3.1.5.RELEASE/grails-datastore-gorm-plugin-support-3.1.5.RELEASE.jar
7f9d82848000-7f9d8284e000 r--s 00041000 fd:01 520496                     /root/.m2/repository/org/grails/grails-datastore-gorm-hibernate-core/3.1.5.RELEASE/grails-datastore-gorm-hibernate-core-3.1.5.RELEASE.jar
7f9d8284e000-7f9d82856000 r--s 00062000 fd:01 520493                     /root/.m2/repository/org/grails/grails-datastore-gorm-hibernate4/3.1.5.RELEASE/grails-datastore-gorm-hibernate4-3.1.5.RELEASE.jar
7f9d82856000-7f9d82860000 r--s 00080000 fd:01 133601                     /root/.sdkman/candidates/grails/2.5.5/lib/org.grails/grails-datastore-gorm/jars/grails-datastore-gorm-3.1.5.RELEASE.jar
7f9d82860000-7f9d8286b000 r--s 00054000 fd:01 133598                     /root/.sdkman/candidates/grails/2.5.5/lib/org.grails/grails-datastore-core/jars/grails-datastore-core-3.1.5.RELEASE.jar
7f9d8286b000-7f9d8286d000 r--s 0000d000 fd:01 520491                     /root/.m2/repository/org/jboss/logging/jboss-logging/3.1.0.GA/jboss-logging-3.1.0.GA.jar
7f9d8286d000-7f9d82945000 r--s 007c3000 fd:01 520490                     /root/.m2/repository/net/sf/ehcache/ehcache/2.9.0/ehcache-2.9.0.jar
7f9d82945000-7f9d82947000 r--s 00011000 fd:01 520487                     /root/.m2/repository/org/jboss/jandex/1.1.0.Final/jandex-1.1.0.Final.jar
7f9d82947000-7f9d8294c000 r--s 00068000 fd:01 520485                     /root/.m2/repository/antlr/antlr/2.7.7/antlr-2.7.7.jar
7f9d8294c000-7f9d8294d000 r--s 00006000 fd:01 520484                     /root/.m2/repository/org/jboss/spec/javax/transaction/jboss-transaction-api_1.2_spec/1.0.0.Final/jboss-transaction-api_1.2_spec-1.0.0.Final.jar
7f9d8294d000-7f9d829ac000 r--s 004ab000 fd:01 520483                     /root/.m2/repository/org/hibernate/hibernate-core/4.3.10.Final/hibernate-core-4.3.10.Final.jar
7f9d829ac000-7f9d829b0000 r--s 0001e000 fd:01 520479                     /root/.m2/repository/org/hibernate/hibernate-ehcache/4.3.10.Final/hibernate-ehcache-4.3.10.Final.jar
7f9d829b0000-7f9d829b2000 r--s 0000d000 fd:01 520478                     /root/.m2/repository/com/fasterxml/classmate/1.0.0/classmate-1.0.0.jar
7f9d829b2000-7f9d829b6000 r--s 0000c000 fd:01 520475                     /root/.m2/repository/javax/validation/validation-api/1.1.0.Final/validation-api-1.1.0.Final.jar
7f9d829b6000-7f9d829c4000 r--s 0008d000 fd:01 520473                     /root/.m2/repository/org/hibernate/hibernate-validator/5.1.3.Final/hibernate-validator-5.1.3.Final.jar
7f9d829c4000-7f9d829c7000 r--s 00006000 fd:01 133241                     /root/.sdkman/candidates/grails/2.5.5/lib/com.google.code.findbugs/jsr305/jars/jsr305-1.3.9.jar
7f9d829c7000-7f9d829cf000 r--s 0007b000 fd:01 520470                     /root/.m2/repository/com/google/protobuf/protobuf-java/2.5.0/protobuf-java-2.5.0.jar
7f9d829cf000-7f9d829fa000 r--s 001fc000 fd:01 520468                     /root/.m2/repository/com/google/guava/guava/18.0/guava-18.0.jar
7f9d829fa000-7f9d829fd000 r--s 00010000 fd:01 520465                     /root/.m2/repository/args4j/args4j/2.0.26/args4j-2.0.26.jar
7f9d829fd000-7f9d829fe000 r--s 0001c000 fd:01 520463                     /root/.m2/repository/com/google/javascript/closure-compiler-externs/v20141023/closure-compiler-externs-v20141023.jar
7f9d829fe000-7f9d82a2f000 r--s 002cc000 fd:01 520461                     /root/.m2/repository/com/google/javascript/closure-compiler/v20141023/closure-compiler-v20141023.jar
7f9d82a2f000-7f9d82a33000 r--s 00035000 fd:01 520460                     /root/.m2/repository/com/bertramlabs/plugins/asset-pipeline-core/2.5.5/asset-pipeline-core-2.5.5.jar
7f9d82a33000-7f9d82a40000 r--s 00109000 fd:01 520459                     /root/.m2/repository/org/mozilla/rhino/1.7R4/rhino-1.7R4.jar
7f9d82a40000-7f9d82a49000 r--s 000a5000 fd:01 520455                     /root/.m2/repository/org/javassist/javassist/3.17.1-GA/javassist-3.17.1-GA.jar
7f9d82a49000-7f9d82a4b000 r--s 00013000 fd:01 522495                     /root/.m2/repository/xml-resolver/xml-resolver/1.2/xml-resolver-1.2.jar
7f9d82a4b000-7f9d82a62000 r--s 00112000 fd:01 522494                     /root/.m2/repository/xerces/xercesImpl/2.8.1/xercesImpl-2.8.1.jar
7f9d82a62000-7f9d82a65000 r--s 0001a000 fd:01 522493                     /root/.m2/repository/net/sourceforge/nekohtml/nekohtml/1.9.9/nekohtml-1.9.9.jar
7f9d82a65000-7f9d82a68000 r--s 00013000 fd:01 522492                     /root/.m2/repository/net/sf/ezmorph/ezmorph/1.0.6/ezmorph-1.0.6.jar
7f9d82a68000-7f9d82a76000 r--s 0007f000 fd:01 133294                     /root/.sdkman/candidates/grails/2.5.5/lib/commons-collections/commons-collections/jars/commons-collections-3.2.1.jar
7f9d82a76000-7f9d82a7b000 r--s 00034000 fd:01 522486                     /root/.m2/repository/commons-beanutils/commons-beanutils/1.8.0/commons-beanutils-1.8.0.jar
7f9d82a7b000-7f9d82a7f000 r--s 00022000 fd:01 522484                     /root/.m2/repository/net/sf/json-lib/json-lib/2.3/json-lib-2.3-jdk15.jar
7f9d82a7f000-7f9d82a81000 r--s 0000d000 fd:01 520471                     /root/.m2/repository/commons-logging/commons-logging/1.1.1/commons-logging-1.1.1.jar
7f9d82a81000-7f9d82a86000 r--s 00026000 fd:01 522482                     /root/.m2/repository/org/apache/httpcomponents/httpcore/4.0.1/httpcore-4.0.1.jar
7f9d82a86000-7f9d82a8d000 r--s 00041000 fd:01 522480                     /root/.m2/repository/org/apache/httpcomponents/httpclient/4.0.3/httpclient-4.0.3.jar
7f9d82a8d000-7f9d82a8f000 r--s 00024000 fd:01 522478                     /root/.m2/repository/org/codehaus/groovy/modules/http-builder/http-builder/0.5.1/http-builder-0.5.1.jar
7f9d82a8f000-7f9d82a97000 r--s 000cf000 fd:01 520451                     /root/.m2/repository/mysql/mysql-connector-java/5.1.29/mysql-connector-java-5.1.29.jar
7f9d82a97000-7f9d82a99000 r--s 00087000 fd:01 134690                     /root/.sdkman/candidates/grails/2.5.5/dist/grails-resources-2.5.5.jar
7f9d82a99000-7f9d82aa6000 r--s 00189000 fd:01 133266                     /root/.sdkman/candidates/grails/2.5.5/lib/com.h2database/h2/jars/h2-1.3.176.jar
7f9d82aa6000-7f9d82aa9000 r--s 00016000 fd:01 134417                     /root/.sdkman/candidates/grails/2.5.5/dist/grails-plugin-domain-class-2.5.5.jar
7f9d82aa9000-7f9d82aab000 r--s 0000a000 fd:01 134522                     /root/.sdkman/candidates/grails/2.5.5/dist/grails-plugin-mimetypes-2.5.5.jar
7f9d82aab000-7f9d82aaf000 r--s 0001e000 fd:01 134354                     /root/.sdkman/candidates/grails/2.5.5/dist/grails-plugin-converters-2.5.5.jar
7f9d82aaf000-7f9d82ab0000 r--s 0000e000 fd:01 133509                     /root/.sdkman/candidates/grails/2.5.5/lib/org.codehaus.jsr166-mirror/jsr166y/jars/jsr166y-1.7.0.jar
7f9d82ab0000-7f9d82acc000 r--s 00136000 fd:01 133495                     /root/.sdkman/candidates/grails/2.5.5/lib/org.codehaus.gpars/gpars/jars/gpars-1.2.1.jar
7f9d82acc000-7f9d82ace000 r--s 0000c000 fd:01 134144                     /root/.sdkman/candidates/grails/2.5.5/dist/grails-async-2.5.5.jar
7f9d82ace000-7f9d82ad0000 r--s 0000a000 fd:01 134291                     /root/.sdkman/candidates/grails/2.5.5/dist/grails-plugin-async-2.5.5.jar
7f9d82ad0000-7f9d82ad4000 r--s 00028000 fd:01 133313                     /root/.sdkman/candidates/grails/2.5.5/lib/commons-validator/commons-validator/jars/commons-validator-1.4.0.jar
7f9d82ad4000-7f9d82ad6000 r--s 00014000 fd:01 134774                     /root/.sdkman/candidates/grails/2.5.5/dist/grails-validation-2.5.5.jar
7f9d82ad6000-7f9d82ada000 r--s 00019000 fd:01 133259                     /root/.sdkman/candidates/grails/2.5.5/lib/com.googlecode.concurrentlinkedhashmap/concurrentlinkedhashmap-lru/jars/concurrentlinkedhashmap-lru-1.4.jar
7f9d82ada000-7f9d82adc000 r--s 0000c000 fd:01 134627                     /root/.sdkman/candidates/grails/2.5.5/dist/grails-plugin-url-mappings-2.5.5.jar
7f9d82adc000-7f9d82ade000 r--s 00004000 fd:01 134585                     /root/.sdkman/candidates/grails/2.5.5/dist/grails-plugin-servlets-2.5.5.jar
7f9d82ade000-7f9d82ae5000 r--s 00037000 fd:01 520445                     /root/.m2/repository/org/springframework/spring-tx/4.1.8.RELEASE/spring-tx-4.1.8.RELEASE.jar
7f9d82ae5000-7f9d82ae6000 r--s 00008000 fd:01 134564                     /root/.sdkman/candidates/grails/2.5.5/dist/grails-plugin-services-2.5.5.jar
7f9d82ae6000-7f9d82ae7000 r--s 00001000 fd:01 133648                     /root/.sdkman/candidates/grails/2.5.5/lib/org.slf4j/jul-to-slf4j/jars/jul-to-slf4j-1.7.5.jar
7f9d82ae7000-7f9d82ae8000 r--s 00000000 fd:01 134270                     /root/.sdkman/candidates/grails/2.5.5/dist/grails-logging-2.5.5.jar
7f9d82ae8000-7f9d82aee000 r--s 00033000 fd:01 133287                     /root/.sdkman/candidates/grails/2.5.5/lib/commons-codec/commons-codec/jars/commons-codec-1.6.jar
7f9d82aee000-7f9d82afe000 r--s 000a1000 fd:01 520444                     /root/.m2/repository/org/springframework/spring-web/4.1.8.RELEASE/spring-web-4.1.8.RELEASE.jar
7f9d82afe000-7f9d82b03000 r--s 0002a000 fd:01 134249                     /root/.sdkman/candidates/grails/2.5.5/dist/grails-encoder-2.5.5.jar
7f9d82b03000-7f9d82b05000 r--s 0000e000 fd:01 134312                     /root/.sdkman/candidates/grails/2.5.5/dist/grails-plugin-codecs-2.5.5.jar
7f9d82b05000-7f9d82b06000 r--s 0000a000 fd:01 134921                     /root/.sdkman/candidates/grails/2.5.5/dist/grails-web-gsp-taglib-2.5.5.jar
7f9d82b06000-7f9d82b0c000 r--s 0004c000 fd:01 134459                     /root/.sdkman/candidates/grails/2.5.5/dist/grails-plugin-gsp-2.5.5.jar
7f9d82b0c000-7f9d82b0e000 r--s 00009000 fd:01 134438                     /root/.sdkman/candidates/grails/2.5.5/dist/grails-plugin-filters-2.5.5.jar
7f9d82b0e000-7f9d82b13000 r--s 00041000 fd:01 133309                     /root/.sdkman/candidates/grails/2.5.5/lib/commons-lang/commons-lang/jars/commons-lang-2.6.jar
7f9d82b13000-7f9d82b14000 r--s 00004000 fd:01 134480                     /root/.sdkman/candidates/grails/2.5.5/dist/grails-plugin-i18n-2.5.5.jar
7f9d82b14000-7f9d82b15000 r--s 00009000 fd:01 134732                     /root/.sdkman/candidates/grails/2.5.5/dist/grails-spring-2.5.5.jar
7f9d82b15000-7f9d82b17000 r--s 00000000 fd:01 133215                     /root/.sdkman/candidates/grails/2.5.5/lib/aopalliance/aopalliance/jars/aopalliance-1.0.jar
7f9d82b17000-7f9d82b24000 r--s 000a1000 fd:01 520443                     /root/.m2/repository/org/springframework/spring-beans/4.1.8.RELEASE/spring-beans-4.1.8.RELEASE.jar
7f9d82b24000-7f9d82b29000 r--s 00017000 fd:01 133624                     /root/.sdkman/candidates/grails/2.5.5/lib/org.hibernate.javax.persistence/hibernate-jpa-2.1-api/jars/hibernate-jpa-2.1-api-1.0.0.Final.jar
7f9d82b29000-7f9d82b3e000 r--s 000e2000 fd:01 520442                     /root/.m2/repository/org/springframework/spring-core/4.1.8.RELEASE/spring-core-4.1.8.RELEASE.jar
7f9d82b3e000-7f9d82b42000 r--s 00040000 fd:01 133777                     /root/.sdkman/candidates/grails/2.5.5/lib/xalan/serializer/jars/serializer-2.7.2.jar
7f9d82b42000-7f9d82b4f000 r--s 00096000 fd:01 134186                     /root/.sdkman/candidates/grails/2.5.5/dist/grails-core-2.5.5.jar
7f9d82b4f000-7f9d82b54000 r--s 0002a000 fd:01 133245                     /root/.sdkman/candidates/grails/2.5.5/lib/com.google.code.gson/gson/jars/gson-2.2.4.jar
7f9d82b54000-7f9d82b56000 r--s 00009000 fd:01 134648                     /root/.sdkman/candidates/grails/2.5.5/dist/grails-plugin-validation-2.5.5.jar
7f9d82b56000-7f9d82b59000 r--s 0001d000 fd:01 134333                     /root/.sdkman/candidates/grails/2.5.5/dist/grails-plugin-controllers-2.5.5.jar
7f9d82b59000-7f9d82b5e000 r--s 0003b000 fd:01 520441                     /root/.m2/repository/org/springframework/spring-expression/4.1.8.RELEASE/spring-expression-4.1.8.RELEASE.jar
7f9d82b5e000-7f9d82b76000 r--s 000e3000 fd:01 520433                     /root/.m2/repository/org/springframework/spring-context/4.1.8.RELEASE/spring-context-4.1.8.RELEASE.jar
7f9d82b76000-7f9d82d76000 rw-p 00000000 00:00 0 
7f9d82d76000-7f9d82d79000 ---p 00000000 00:00 0 
7f9d82d79000-7f9d83077000 rw-p 00000000 00:00 0                          [stack:1964]
7f9d83077000-7f9d8307a000 ---p 00000000 00:00 0 
7f9d8307a000-7f9d83178000 rw-p 00000000 00:00 0                          [stack:1953]
7f9d83178000-7f9d83179000 r--s 00004000 fd:01 134375                     /root/.sdkman/candidates/grails/2.5.5/dist/grails-plugin-databinding-2.5.5.jar
7f9d83179000-7f9d83182000 r--s 0004f000 fd:01 520435                     /root/.m2/repository/org/springframework/spring-aop/4.1.8.RELEASE/spring-aop-4.1.8.RELEASE.jar
7f9d83182000-7f9d8318c000 r--s 0005f000 fd:01 520431                     /root/.m2/repository/org/springframework/spring-jdbc/4.1.8.RELEASE/spring-jdbc-4.1.8.RELEASE.jar
7f9d8318c000-7f9d8318e000 r--s 00008000 fd:01 133468                     /root/.sdkman/candidates/grails/2.5.5/lib/org.apache.tomcat/tomcat-juli/jars/tomcat-juli-7.0.70.jar
7f9d8318e000-7f9d83191000 r--s 0001d000 fd:01 133463                     /root/.sdkman/candidates/grails/2.5.5/lib/org.apache.tomcat/tomcat-jdbc/jars/tomcat-jdbc-7.0.70.jar
7f9d83191000-7f9d83193000 r--s 0000a000 fd:01 134396                     /root/.sdkman/candidates/grails/2.5.5/dist/grails-plugin-datasource-2.5.5.jar
7f9d83193000-7f9d83195000 r--s 0000c000 fd:01 133697                     /root/.sdkman/candidates/grails/2.5.5/lib/org.springframework/spring-aspects/jars/spring-aspects-4.1.9.RELEASE.jar
7f9d83195000-7f9d83198000 r--s 00020000 fd:01 134942                     /root/.sdkman/candidates/grails/2.5.5/dist/grails-web-jsp-2.5.5.jar
7f9d83198000-7f9d8319c000 r--s 00027000 fd:01 133302                     /root/.sdkman/candidates/grails/2.5.5/lib/commons-io/commons-io/jars/commons-io-2.2.jar
7f9d8319c000-7f9d831a0000 r--s 00019000 fd:01 133481                     /root/.sdkman/candidates/grails/2.5.5/lib/org.aspectj/aspectjrt/jars/aspectjrt-1.8.7.jar
7f9d831a0000-7f9d831a4000 r--s 00028000 fd:01 520427                     /root/.m2/repository/org/springframework/spring-context-support/4.1.8.RELEASE/spring-context-support-4.1.8.RELEASE.jar
7f9d831a4000-7f9d831b3000 r--s 000b1000 fd:01 520418                     /root/.m2/repository/org/springframework/spring-webmvc/4.1.8.RELEASE/spring-webmvc-4.1.8.RELEASE.jar
7f9d831b3000-7f9d831b8000 r--s 0002c000 fd:01 134816                     /root/.sdkman/candidates/grails/2.5.5/dist/grails-web-common-2.5.5.jar
7f9d831b8000-7f9d831bb000 r--s 0000d000 fd:01 134207                     /root/.sdkman/candidates/grails/2.5.5/dist/grails-databinding-2.5.5.jar
7f9d831bb000-7f9d831be000 r--s 00014000 fd:01 134837                     /root/.sdkman/candidates/grails/2.5.5/dist/grails-web-databinding-2.5.5.jar
7f9d831be000-7f9d833be000 rw-p 00000000 00:00 0 
7f9d833be000-7f9d833bf000 r-xp 00000000 fd:01 281985                     /tmp/libjansi-64-7997990961568708658.so
7f9d833bf000-7f9d835be000 ---p 00001000 fd:01 281985                     /tmp/libjansi-64-7997990961568708658.so
7f9d835be000-7f9d835bf000 rw-p 00000000 fd:01 281985                     /tmp/libjansi-64-7997990961568708658.so
7f9d835bf000-7f9d835c2000 ---p 00000000 00:00 0 
7f9d835c2000-7f9d837f8000 rw-p 00000000 00:00 0 
7f9d837f8000-7f9d837f9000 ---p 00000000 00:00 0 
7f9d837f9000-7f9d838f9000 rw-p 00000000 00:00 0                          [stack:1940]
7f9d838f9000-7f9d838fc000 ---p 00000000 00:00 0 
7f9d838fc000-7f9d839fa000 rw-p 00000000 00:00 0                          [stack:1939]
7f9d839fa000-7f9d839fd000 ---p 00000000 00:00 0 
7f9d839fd000-7f9d83afb000 rw-p 00000000 00:00 0                          [stack:1938]
7f9d83afb000-7f9d83afe000 ---p 00000000 00:00 0 
7f9d83afe000-7f9d83bfc000 rw-p 00000000 00:00 0                          [stack:1937]
7f9d83bfc000-7f9d83bff000 ---p 00000000 00:00 0 
7f9d83bff000-7f9d83cfd000 rw-p 00000000 00:00 0                          [stack:1936]
7f9d83cfd000-7f9d83d00000 ---p 00000000 00:00 0 
7f9d83d00000-7f9d83dfe000 rw-p 00000000 00:00 0                          [stack:1935]
7f9d83dfe000-7f9d83e01000 ---p 00000000 00:00 0 
7f9d83e01000-7f9d83eff000 rw-p 00000000 00:00 0                          [stack:1934]
7f9d83eff000-7f9d83f00000 ---p 00000000 00:00 0 
7f9d83f00000-7f9d84000000 rw-p 00000000 00:00 0                          [stack:1933]
7f9d84000000-7f9d84155000 rw-p 00000000 00:00 0 
7f9d84155000-7f9d88000000 ---p 00000000 00:00 0 
7f9d88000000-7f9d88002000 r--s 0000f000 fd:01 133298                     /root/.sdkman/candidates/grails/2.5.5/lib/commons-fileupload/commons-fileupload/jars/commons-fileupload-1.3.1.jar
7f9d88002000-7f9d8801b000 r--s 001af000 fd:01 133484                     /root/.sdkman/candidates/grails/2.5.5/lib/org.aspectj/aspectjweaver/jars/aspectjweaver-1.8.7.jar
7f9d8801b000-7f9d8801e000 r--s 00020000 fd:01 135005                     /root/.sdkman/candidates/grails/2.5.5/dist/grails-web-url-mappings-2.5.5.jar
7f9d8801e000-7f9d88024000 r--s 00027000 fd:01 133390                     /root/.sdkman/candidates/grails/2.5.5/lib/opensymphony/sitemesh/jars/sitemesh-2.4.jar
7f9d88024000-7f9d88026000 r--s 0000b000 fd:01 134984                     /root/.sdkman/candidates/grails/2.5.5/dist/grails-web-sitemesh-2.5.5.jar
7f9d88026000-7f9d88028000 r--s 00009000 fd:01 134963                     /root/.sdkman/candidates/grails/2.5.5/dist/grails-web-mvc-2.5.5.jar
7f9d88028000-7f9d8802f000 r--s 00049000 fd:01 134900                     /root/.sdkman/candidates/grails/2.5.5/dist/grails-web-gsp-2.5.5.jar
7f9d8802f000-7f9d88031000 r--s 00009000 fd:01 134795                     /root/.sdkman/candidates/grails/2.5.5/dist/grails-web-2.5.5.jar
7f9d88031000-7f9d88035000 r--s 00028000 fd:01 134543                     /root/.sdkman/candidates/grails/2.5.5/dist/grails-plugin-rest-2.5.5.jar
7f9d88035000-7f9d88037000 r--s 00001000 fd:01 518652                     /root/.sdkman/candidates/java/8u111/jre/lib/ext/dnsns.jar
7f9d88037000-7f9d8803b000 r--s 00097000 fd:01 518660                     /root/.sdkman/candidates/java/8u111/jre/lib/jsse.jar
7f9d8803b000-7f9d8804b000 r--s 0019c000 fd:01 519880                     /root/.m2/repository/org/eclipse/jdt/core/compiler/ecj/3.7.2/ecj-3.7.2.jar
7f9d8804b000-7f9d8806c000 r--s 00270000 fd:01 519882                     /root/.m2/repository/org/apache/tomcat/embed/tomcat-embed-core/7.0.70/tomcat-embed-core-7.0.70.jar
7f9d8806c000-7f9d8808a000 r--s 001cf000 fd:01 133394                     /root/.sdkman/candidates/grails/2.5.5/lib/org.apache.ant/ant/jars/ant-1.9.4.jar
7f9d8808a000-7f9d880f9000 r--s 0063e000 fd:01 135504                     /root/.sdkman/candidates/grails/2.5.5/lib/org.codehaus.groovy/groovy-all/jars/groovy-all-2.4.4.jar
7f9d880f9000-7f9d89000000 rw-p 00000000 00:00 0 
7f9d89000000-7f9d8b310000 rwxp 00000000 00:00 0 
7f9d8b310000-7f9d98000000 ---p 00000000 00:00 0 
7f9d98000000-7f9d992db000 rw-p 00000000 00:00 0 
7f9d992db000-7f9d9c000000 ---p 00000000 00:00 0 
7f9d9c000000-7f9d9c001000 r--s 00000000 fd:01 134879                     /root/.sdkman/candidates/grails/2.5.5/dist/grails-web-fileupload-2.5.5.jar
7f9d9c001000-7f9d9c008000 r--s 00062000 fd:01 133757                     /root/.sdkman/candidates/grails/2.5.5/lib/org.springframework/springloaded/jars/springloaded-1.2.5.RELEASE.jar
7f9d9c008000-7f9d9c00a000 r--s 00010000 fd:01 1422641                    /universe/Neeis/target/work/plugins/tomcat-7.0.70/grails-plugin-tomcat-7.0.70.jar
7f9d9c00a000-7f9d9c00f000 r--s 00038000 fd:01 519878                     /root/.m2/repository/org/apache/tomcat/embed/tomcat-embed-websocket/7.0.70/tomcat-embed-websocket-7.0.70.jar
7f9d9c00f000-7f9d9c012000 r--s 00028000 fd:01 519876                     /root/.m2/repository/org/apache/tomcat/embed/tomcat-embed-el/7.0.70/tomcat-embed-el-7.0.70.jar
7f9d9c012000-7f9d9c01b000 r--s 0009f000 fd:01 519874                     /root/.m2/repository/org/apache/tomcat/embed/tomcat-embed-jasper/7.0.70/tomcat-embed-jasper-7.0.70.jar
7f9d9c01b000-7f9d9c01d000 r--s 0000c000 fd:01 519872                     /root/.m2/repository/org/apache/tomcat/tomcat-catalina-ant/7.0.70/tomcat-catalina-ant-7.0.70.jar
7f9d9c01d000-7f9d9c01f000 r--s 00005000 fd:01 133654                     /root/.sdkman/candidates/grails/2.5.5/lib/org.slf4j/slf4j-api/jars/slf4j-api-1.7.5.jar
7f9d9c01f000-7f9d9c034000 r--s 00116000 fd:01 133420                     /root/.sdkman/candidates/grails/2.5.5/lib/org.apache.ivy/ivy/jars/ivy-2.3.0.jar
7f9d9c034000-7f9d9c035000 r--s 00001000 fd:01 133403                     /root/.sdkman/candidates/grails/2.5.5/lib/org.apache.ant/ant-trax/jars/ant-trax-1.7.1.jar
7f9d9c035000-7f9d9c039000 r--s 00031000 fd:01 133368                     /root/.sdkman/candidates/grails/2.5.5/lib/jline/jline/jars/jline-2.12.jar
7f9d9c039000-7f9d9c046000 r--s 000b3000 fd:01 134165                     /root/.sdkman/candidates/grails/2.5.5/dist/grails-bootstrap-2.5.5.jar
7f9d9c046000-7f9d9c04f000 r--s 0006f000 fd:01 133382                     /root/.sdkman/candidates/grails/2.5.5/lib/log4j/log4j/jars/log4j-1.2.17.jar
7f9d9c04f000-7f9d9c0c7000 r--s 010e6000 fd:01 518570                     /root/.sdkman/candidates/java/8u111/lib/tools.jar
7f9d9c0c7000-7f9d9c318000 rw-p 00000000 00:00 0 
7f9d9c318000-7f9d9c4f0000 r--s 03d2a000 fd:01 518748                     /root/.sdkman/candidates/java/8u111/jre/lib/rt.jar
7f9d9c4f0000-7f9d9de70000 rw-p 00000000 00:00 0 
7f9d9de70000-7f9d9de71000 ---p 00000000 00:00 0 
7f9d9de71000-7f9d9df71000 rw-p 00000000 00:00 0                          [stack:1932]
7f9d9df71000-7f9d9df72000 ---p 00000000 00:00 0 
7f9d9df72000-7f9d9e0b4000 rw-p 00000000 00:00 0                          [stack:1931]
7f9d9e0b4000-7f9d9e172000 ---p 00000000 00:00 0 
7f9d9e172000-7f9d9e1b4000 rw-p 00000000 00:00 0 
7f9d9e1b4000-7f9d9e272000 ---p 00000000 00:00 0 
7f9d9e272000-7f9d9e2f2000 rw-p 00000000 00:00 0 
7f9d9e2f2000-7f9d9e380000 rw-p 00000000 00:00 0 
7f9d9e380000-7f9d9e6b3000 ---p 00000000 00:00 0 
7f9d9e6b3000-7f9d9e6cd000 r-xp 00000000 fd:01 518850                     /root/.sdkman/candidates/java/8u111/jre/lib/amd64/libzip.so
7f9d9e6cd000-7f9d9e8cd000 ---p 0001a000 fd:01 518850                     /root/.sdkman/candidates/java/8u111/jre/lib/amd64/libzip.so
7f9d9e8cd000-7f9d9e8ce000 rw-p 0001a000 fd:01 518850                     /root/.sdkman/candidates/java/8u111/jre/lib/amd64/libzip.so
7f9d9e8ce000-7f9d9e8da000 r-xp 00000000 fd:01 262003                     /usr/lib64/libnss_files-2.17.so
7f9d9e8da000-7f9d9ead9000 ---p 0000c000 fd:01 262003                     /usr/lib64/libnss_files-2.17.so
7f9d9ead9000-7f9d9eada000 r--p 0000b000 fd:01 262003                     /usr/lib64/libnss_files-2.17.so
7f9d9eada000-7f9d9eadb000 rw-p 0000c000 fd:01 262003                     /usr/lib64/libnss_files-2.17.so
7f9d9eadb000-7f9d9eae1000 rw-p 00000000 00:00 0 
7f9d9eae1000-7f9d9eaeb000 r-xp 00000000 fd:01 518823                     /root/.sdkman/candidates/java/8u111/jre/lib/amd64/libinstrument.so
7f9d9eaeb000-7f9d9ecea000 ---p 0000a000 fd:01 518823                     /root/.sdkman/candidates/java/8u111/jre/lib/amd64/libinstrument.so
7f9d9ecea000-7f9d9eceb000 rw-p 00009000 fd:01 518823                     /root/.sdkman/candidates/java/8u111/jre/lib/amd64/libinstrument.so
7f9d9eceb000-7f9d9ed16000 r-xp 00000000 fd:01 518825                     /root/.sdkman/candidates/java/8u111/jre/lib/amd64/libjava.so
7f9d9ed16000-7f9d9ef15000 ---p 0002b000 fd:01 518825                     /root/.sdkman/candidates/java/8u111/jre/lib/amd64/libjava.so
7f9d9ef15000-7f9d9ef17000 rw-p 0002a000 fd:01 518825                     /root/.sdkman/candidates/java/8u111/jre/lib/amd64/libjava.so
7f9d9ef17000-7f9d9ef24000 r-xp 00000000 fd:01 518842                     /root/.sdkman/candidates/java/8u111/jre/lib/amd64/libverify.so
7f9d9ef24000-7f9d9f123000 ---p 0000d000 fd:01 518842                     /root/.sdkman/candidates/java/8u111/jre/lib/amd64/libverify.so
7f9d9f123000-7f9d9f125000 rw-p 0000c000 fd:01 518842                     /root/.sdkman/candidates/java/8u111/jre/lib/amd64/libverify.so
7f9d9f125000-7f9d9f12c000 r-xp 00000000 fd:01 262015                     /usr/lib64/librt-2.17.so
7f9d9f12c000-7f9d9f32b000 ---p 00007000 fd:01 262015                     /usr/lib64/librt-2.17.so
7f9d9f32b000-7f9d9f32c000 r--p 00006000 fd:01 262015                     /usr/lib64/librt-2.17.so
7f9d9f32c000-7f9d9f32d000 rw-p 00007000 fd:01 262015                     /usr/lib64/librt-2.17.so
7f9d9f32d000-7f9d9f42e000 r-xp 00000000 fd:01 261993                     /usr/lib64/libm-2.17.so
7f9d9f42e000-7f9d9f62d000 ---p 00101000 fd:01 261993                     /usr/lib64/libm-2.17.so
7f9d9f62d000-7f9d9f62e000 r--p 00100000 fd:01 261993                     /usr/lib64/libm-2.17.so
7f9d9f62e000-7f9d9f62f000 rw-p 00101000 fd:01 261993                     /usr/lib64/libm-2.17.so
7f9d9f62f000-7f9da02fc000 r-xp 00000000 fd:01 518807                     /root/.sdkman/candidates/java/8u111/jre/lib/amd64/server/libjvm.so
7f9da02fc000-7f9da04fb000 ---p 00ccd000 fd:01 518807                     /root/.sdkman/candidates/java/8u111/jre/lib/amd64/server/libjvm.so
7f9da04fb000-7f9da05d4000 rw-p 00ccc000 fd:01 518807                     /root/.sdkman/candidates/java/8u111/jre/lib/amd64/server/libjvm.so
7f9da05d4000-7f9da061f000 rw-p 00000000 00:00 0 
7f9da061f000-7f9da07d6000 r-xp 00000000 fd:01 261985                     /usr/lib64/libc-2.17.so
7f9da07d6000-7f9da09d6000 ---p 001b7000 fd:01 261985                     /usr/lib64/libc-2.17.so
7f9da09d6000-7f9da09da000 r--p 001b7000 fd:01 261985                     /usr/lib64/libc-2.17.so
7f9da09da000-7f9da09dc000 rw-p 001bb000 fd:01 261985                     /usr/lib64/libc-2.17.so
7f9da09dc000-7f9da09e1000 rw-p 00000000 00:00 0 
7f9da09e1000-7f9da09e4000 r-xp 00000000 fd:01 261991                     /usr/lib64/libdl-2.17.so
7f9da09e4000-7f9da0be3000 ---p 00003000 fd:01 261991                     /usr/lib64/libdl-2.17.so
7f9da0be3000-7f9da0be4000 r--p 00002000 fd:01 261991                     /usr/lib64/libdl-2.17.so
7f9da0be4000-7f9da0be5000 rw-p 00003000 fd:01 261991                     /usr/lib64/libdl-2.17.so
7f9da0be5000-7f9da0bfa000 r-xp 00000000 fd:01 518577                     /root/.sdkman/candidates/java/8u111/lib/amd64/jli/libjli.so
7f9da0bfa000-7f9da0dfa000 ---p 00015000 fd:01 518577                     /root/.sdkman/candidates/java/8u111/lib/amd64/jli/libjli.so
7f9da0dfa000-7f9da0dfb000 rw-p 00015000 fd:01 518577                     /root/.sdkman/candidates/java/8u111/lib/amd64/jli/libjli.so
7f9da0dfb000-7f9da0e11000 r-xp 00000000 fd:01 262011                     /usr/lib64/libpthread-2.17.so
7f9da0e11000-7f9da1011000 ---p 00016000 fd:01 262011                     /usr/lib64/libpthread-2.17.so
7f9da1011000-7f9da1012000 r--p 00016000 fd:01 262011                     /usr/lib64/libpthread-2.17.so
7f9da1012000-7f9da1013000 rw-p 00017000 fd:01 262011                     /usr/lib64/libpthread-2.17.so
7f9da1013000-7f9da1017000 rw-p 00000000 00:00 0 
7f9da1017000-7f9da1038000 r-xp 00000000 fd:01 261978                     /usr/lib64/ld-2.17.so
7f9da1038000-7f9da103a000 r--s 0001a000 fd:01 133594                     /root/.sdkman/candidates/grails/2.5.5/lib/org.fusesource.jansi/jansi/jars/jansi-1.11.jar
7f9da103a000-7f9da103c000 r--s 0001b000 fd:01 133397                     /root/.sdkman/candidates/grails/2.5.5/lib/org.apache.ant/ant-junit/jars/ant-junit-1.9.4.jar
7f9da103c000-7f9da103e000 r--s 0000b000 fd:01 134501                     /root/.sdkman/candidates/grails/2.5.5/dist/grails-plugin-log4j-2.5.5.jar
7f9da103e000-7f9da1040000 r--s 00013000 fd:01 133474                     /root/.sdkman/candidates/grails/2.5.5/lib/org.apache.tomcat.embed/tomcat-embed-logging-log4j/jars/tomcat-embed-logging-log4j-7.0.70.jar
7f9da1040000-7f9da1045000 r--s 00050000 fd:01 133488                     /root/.sdkman/candidates/grails/2.5.5/lib/org.codehaus.gant/gant_groovy1.8/jars/gant_groovy1.8-1.9.6.jar
7f9da1045000-7f9da1125000 rw-p 00000000 00:00 0 
7f9da1125000-7f9da112d000 rw-s 00000000 fd:01 520511                     /tmp/hsperfdata_root/1927
7f9da112d000-7f9da1130000 ---p 00000000 00:00 0 
7f9da1130000-7f9da1232000 rw-p 00000000 00:00 0                          [stack:1928]
7f9da1232000-7f9da1233000 r--s 00004000 fd:01 133400                     /root/.sdkman/candidates/grails/2.5.5/lib/org.apache.ant/ant-launcher/jars/ant-launcher-1.9.4.jar
7f9da1233000-7f9da1235000 r--s 00003000 fd:01 133642                     /root/.sdkman/candidates/grails/2.5.5/lib/org.slf4j/jcl-over-slf4j/jars/jcl-over-slf4j-1.7.5.jar
7f9da1235000-7f9da1236000 rw-p 00000000 00:00 0 
7f9da1236000-7f9da1237000 ---p 00000000 00:00 0 
7f9da1237000-7f9da1238000 rw-p 00000000 00:00 0 
7f9da1238000-7f9da1239000 r--p 00021000 fd:01 261978                     /usr/lib64/ld-2.17.so
7f9da1239000-7f9da123a000 rw-p 00022000 fd:01 261978                     /usr/lib64/ld-2.17.so
7f9da123a000-7f9da123b000 rw-p 00000000 00:00 0 
7ffe89e97000-7ffe89eb9000 rw-p 00000000 00:00 0                          [stack]
7ffe89f9a000-7ffe89f9c000 r-xp 00000000 00:00 0                          [vdso]
ffffffffff600000-ffffffffff601000 r-xp 00000000 00:00 0                  [vsyscall]

VM Arguments:
jvm_args: -Dfile.encoding=UTF-8 -Xmx768M -Xms64M -Dgrails.fork.parent.process.port=37566 -Dgrails.fork.active=true -Dgrails.build.execution.context=/tmp/Neeis3669082288184624868grails-execution-context -Dgrails.home=/root/.sdkman/candidates/grails/2.5.5 -javaagent:/root/.sdkman/candidates/grails/2.5.5/lib/org.springframework/springloaded/jars/springloaded-1.2.5.RELEASE.jar -Xverify:none -Dspringloaded.synchronize=true -Djdk.reflect.allowGetCallerClass=true -Dspringloaded=profile=grails;cacheDir=/root/.grails/2.5.5 
java_command: org.grails.plugins.tomcat.fork.ForkedTomcatServer
java_class_path (initial): /root/.sdkman/candidates/java/current/lib/tools.jar:/root/.sdkman/candidates/grails/2.5.5/lib/org.codehaus.groovy/groovy-all/jars/groovy-all-2.4.4.jar:/root/.sdkman/candidates/grails/2.5.5/lib/org.slf4j/jcl-over-slf4j/jars/jcl-over-slf4j-1.7.5.jar:/root/.sdkman/candidates/grails/current/lib/org.codehaus.gant/gant_groovy1.8/jars/gant_groovy1.8-1.9.6.jar:/root/.sdkman/candidates/grails/2.5.5/lib/org.apache.tomcat.embed/tomcat-embed-logging-log4j/jars/tomcat-embed-logging-log4j-7.0.70.jar:/root/.sdkman/candidates/grails/2.5.5/dist/grails-plugin-log4j-2.5.5.jar:/root/.sdkman/candidates/grails/2.5.5/lib/log4j/log4j/jars/log4j-1.2.17.jar:/root/.sdkman/candidates/grails/2.5.5/dist/grails-bootstrap-2.5.5.jar:/root/.sdkman/candidates/grails/2.5.5/lib/org.apache.ant/ant-launcher/jars/ant-launcher-1.9.4.jar:/root/.sdkman/candidates/grails/2.5.5/lib/org.apache.ant/ant-junit/jars/ant-junit-1.9.4.jar:/root/.sdkman/candidates/grails/2.5.5/lib/jline/jline/jars/jline-2.12.jar:/root/.sdkman/candidates/grails/2.5.5/lib/org.fusesource.jansi/jansi/jars/jansi-1.11.jar:/root/.sdkman/candidates/grails/2.5.5/lib/org.apache.ant/ant-trax/jars/ant-trax-1.7.1.jar:/root/.sdkman/candidates/grails/2.5.5/lib/org.apache.ivy/ivy/jars/ivy-2.3.0.jar:/root/.sdkman/candidates/grails/2.5.5/lib/org.slf4j/slf4j-api/jars/slf4j-api-1.7.5.jar:/root/.sdkman/candidates/grails/2.5.5/lib/org.apache.ant/ant/jars/ant-1.9.4.jar:/root/.m2/repository/org/apache/tomcat/tomcat-catalina-ant/7.0.70/tomcat-catalina-ant-7.0.70.jar:/root/.m2/repository/org/apache/tomcat/embed/tomcat-embed-jasper/7.0.70/tomcat-embed-jasper-7.0.70.jar:/root/.m2/repository/org/apache/tomcat/embed/tomcat-embed-el/7.0.70/tomcat-embed-el-7.0.70.jar:/root/.sdkman/candidates/grails/2.5.5/lib/org.apache.tomcat.embed/tomcat-embed-logging-log4j/jars/tomcat-embed-logging-log4j-7.0.70.jar:/root/.m2/repository/org/apache/tomcat/embed/tomcat-embed-websocket/7.0.70/tomcat-embed-websocket-7.0.70.jar:/root/.m2/repository/org/apache
Launcher Type: SUN_STANDARD

Environment Variables:
JAVA_HOME=/root/.sdkman/candidates/java/current
PATH=/root/.sdkman/candidates/grails/current/bin:/root/.sdkman/candidates/groovy/current/bin:/root/.sdkman/candidates/grails/current/bin:/usr/local/rvm/gems/ruby-1.9.2-p330/bin:/usr/local/rvm/gems/ruby-1.9.2-p330@global/bin:/usr/local/rvm/rubies/ruby-1.9.2-p330/bin:/usr/local/sbin:/usr/local/bin:/sbin:/bin:/usr/sbin:/usr/bin:/usr/local/rvm/bin:/root/bin
SHELL=/bin/bash

Signal Handlers:
SIGSEGV: [libjvm.so+0xac64b0], sa_mask[0]=11111111011111111101111111111110, sa_flags=SA_RESTART|SA_SIGINFO
SIGBUS: [libjvm.so+0xac64b0], sa_mask[0]=11111111011111111101111111111110, sa_flags=SA_RESTART|SA_SIGINFO
SIGFPE: [libjvm.so+0x91f950], sa_mask[0]=11111111011111111101111111111110, sa_flags=SA_RESTART|SA_SIGINFO
SIGPIPE: [libjvm.so+0x91f950], sa_mask[0]=11111111011111111101111111111110, sa_flags=SA_RESTART|SA_SIGINFO
SIGXFSZ: [libjvm.so+0x91f950], sa_mask[0]=11111111011111111101111111111110, sa_flags=SA_RESTART|SA_SIGINFO
SIGILL: [libjvm.so+0x91f950], sa_mask[0]=11111111011111111101111111111110, sa_flags=SA_RESTART|SA_SIGINFO
SIGUSR1: SIG_DFL, sa_mask[0]=00000000000000000000000000000000, sa_flags=none
SIGUSR2: [libjvm.so+0x920f80], sa_mask[0]=00100000000000000000000000000000, sa_flags=SA_RESTART|SA_SIGINFO
SIGHUP: SIG_IGN, sa_mask[0]=00000000000000000000000000000000, sa_flags=none
SIGINT: SIG_IGN, sa_mask[0]=00000000000000000000000000000000, sa_flags=none
SIGTERM: [libjvm.so+0x922380], sa_mask[0]=11111111011111111101111111111110, sa_flags=SA_RESTART|SA_SIGINFO
SIGQUIT: [libjvm.so+0x922380], sa_mask[0]=11111111011111111101111111111110, sa_flags=SA_RESTART|SA_SIGINFO


---------------  S Y S T E M  ---------------

OS:CentOS Linux release 7.2.1511 (Core) 

uname:Linux 3.10.0-327.36.3.el7.x86_64 #1 SMP Mon Oct 24 16:09:20 UTC 2016 x86_64
libc:glibc 2.17 NPTL 2.17 
rlimit: STACK 8192k, CORE 0k, NPROC 7288, NOFILE 4096, AS infinity
load average:0.31 0.24 0.31

/proc/meminfo:
MemTotal:        1884100 kB
MemFree:           70168 kB
MemAvailable:      33316 kB
Buffers:             432 kB
Cached:           134620 kB
SwapCached:            0 kB
Active:          1678404 kB
Inactive:          66988 kB
Active(anon):    1665832 kB
Inactive(anon):    55764 kB
Active(file):      12572 kB
Inactive(file):    11224 kB
Unevictable:           0 kB
Mlocked:               0 kB
SwapTotal:             0 kB
SwapFree:              0 kB
Dirty:                16 kB
Writeback:             0 kB
AnonPages:       1610716 kB
Mapped:            12012 kB
Shmem:            110988 kB
Slab:              28844 kB
SReclaimable:      15120 kB
SUnreclaim:        13724 kB
KernelStack:        3296 kB
PageTables:        10040 kB
NFS_Unstable:          0 kB
Bounce:                0 kB
WritebackTmp:          0 kB
CommitLimit:      942048 kB
Committed_AS:    2198256 kB
VmallocTotal:   34359738367 kB
VmallocUsed:       93980 kB
VmallocChunk:   34359641080 kB
HardwareCorrupted:     0 kB
AnonHugePages:    661504 kB
HugePages_Total:       0
HugePages_Free:        0
HugePages_Rsvd:        0
HugePages_Surp:        0
Hugepagesize:       2048 kB
DirectMap4k:       57336 kB
DirectMap2M:     2039808 kB
DirectMap1G:           0 kB


CPU:total 2 (1 cores per cpu, 1 threads per core) family 6 model 62 stepping 4, cmov, cx8, fxsr, mmx, sse, sse2, sse3, ssse3, sse4.1, sse4.2, popcnt, avx, aes, clmul, erms, tsc

/proc/cpuinfo:
processor	: 0
vendor_id	: GenuineIntel
cpu family	: 6
model		: 62
model name	: Intel(R) Xeon(R) CPU E5-2630L v2 @ 2.40GHz
stepping	: 4
microcode	: 0x1
cpu MHz		: 2399.998
cache size	: 15360 KB
physical id	: 0
siblings	: 1
core id		: 0
cpu cores	: 1
apicid		: 0
initial apicid	: 0
fpu		: yes
fpu_exception	: yes
cpuid level	: 13
wp		: yes
flags		: fpu vme de pse tsc msr pae mce cx8 apic sep mtrr pge mca cmov pat pse36 clflush mmx fxsr sse sse2 ss syscall nx pdpe1gb rdtscp lm constant_tsc arch_perfmon rep_good nopl eagerfpu pni pclmulqdq vmx ssse3 cx16 pcid sse4_1 sse4_2 x2apic popcnt tsc_deadline_timer aes xsave avx f16c rdrand hypervisor lahf_lm arat vnmi ept fsgsbase tsc_adjust smep erms xsaveopt
bogomips	: 4799.99
clflush size	: 64
cache_alignment	: 64
address sizes	: 40 bits physical, 48 bits virtual
power management:

processor	: 1
vendor_id	: GenuineIntel
cpu family	: 6
model		: 62
model name	: Intel(R) Xeon(R) CPU E5-2630L v2 @ 2.40GHz
stepping	: 4
microcode	: 0x1
cpu MHz		: 2399.998
cache size	: 15360 KB
physical id	: 1
siblings	: 1
core id		: 0
cpu cores	: 1
apicid		: 1
initial apicid	: 1
fpu		: yes
fpu_exception	: yes
cpuid level	: 13
wp		: yes
flags		: fpu vme de pse tsc msr pae mce cx8 apic sep mtrr pge mca cmov pat pse36 clflush mmx fxsr sse sse2 ss syscall nx pdpe1gb rdtscp lm constant_tsc arch_perfmon rep_good nopl eagerfpu pni pclmulqdq vmx ssse3 cx16 pcid sse4_1 sse4_2 x2apic popcnt tsc_deadline_timer aes xsave avx f16c rdrand hypervisor lahf_lm arat vnmi ept fsgsbase tsc_adjust smep erms xsaveopt
bogomips	: 4799.99
clflush size	: 64
cache_alignment	: 64
address sizes	: 40 bits physical, 48 bits virtual
power management:



Memory: 4k page, physical 1884100k(70168k free), swap 0k(0k free)

vm_info: Java HotSpot(TM) 64-Bit Server VM (25.111-b14) for linux-amd64 JRE (1.8.0_111-b14), built on Sep 22 2016 16:14:03 by "java_re" with gcc 4.3.0 20080428 (Red Hat 4.3.0-8)

time: Fri Jan 20 23:53:11 2017
elapsed time: 683 seconds (0d 0h 11m 23s)

