#
# There is insufficient memory for the Java Runtime Environment to continue.
# Native memory allocation (mmap) failed to map 26214400 bytes for committing reserved memory.
# Possible reasons:
#   The system is out of physical RAM or swap space
#   In 32 bit mode, the process size limit was hit
# Possible solutions:
#   Reduce memory load on the system
#   Increase physical memory or swap space
#   Check if swap backing store is full
#   Use 64 bit Java on a 64 bit OS
#   Decrease Java heap size (-Xmx/-Xms)
#   Decrease number of Java threads
#   Decrease Java thread stack sizes (-Xss)
#   Set larger code cache with -XX:ReservedCodeCacheSize=
# This output file may be truncated or incomplete.
#
#  Out of Memory Error (os_linux.cpp:2627), pid=30464, tid=0x00007fb6e523b700
#
# JRE version: Java(TM) SE Runtime Environment (8.0_111-b14) (build 1.8.0_111-b14)
# Java VM: Java HotSpot(TM) 64-Bit Server VM (25.111-b14 mixed mode linux-amd64 compressed oops)
# Failed to write core dump. Core dumps have been disabled. To enable core dumping, try "ulimit -c unlimited" before starting Java again
#

---------------  T H R E A D  ---------------

Current thread (0x00007fb6f8073000):  VMThread [stack: 0x00007fb6e513b000,0x00007fb6e523c000] [id=30483]

Stack: [0x00007fb6e513b000,0x00007fb6e523c000],  sp=0x00007fb6e523a1e0,  free space=1020k
Native frames: (J=compiled Java code, j=interpreted, Vv=VM code, C=native code)
V  [libjvm.so+0xac5c2a]  VMError::report_and_die()+0x2ba
V  [libjvm.so+0x4fc50b]  report_vm_out_of_memory(char const*, int, unsigned long, VMErrorType, char const*)+0x8b
V  [libjvm.so+0x922ae3]  os::Linux::commit_memory_impl(char*, unsigned long, bool)+0x103
V  [libjvm.so+0x923039]  os::pd_commit_memory(char*, unsigned long, unsigned long, bool)+0x29
V  [libjvm.so+0x91d33a]  os::commit_memory(char*, unsigned long, unsigned long, bool)+0x2a
V  [libjvm.so+0x991ac3]  PSVirtualSpace::expand_by(unsigned long)+0x53
V  [libjvm.so+0x992ec8]  PSYoungGen::resize_generation(unsigned long, unsigned long)+0xf8
V  [libjvm.so+0x992022]  PSYoungGen::resize(unsigned long, unsigned long)+0x22
V  [libjvm.so+0x98f2fb]  PSScavenge::invoke_no_policy()+0xf3b
V  [libjvm.so+0x98fa81]  PSScavenge::invoke()+0x41
V  [libjvm.so+0x9467d0]  ParallelScavengeHeap::failed_mem_allocate(unsigned long)+0x70
V  [libjvm.so+0xac7647]  VM_ParallelGCFailedAllocation::doit()+0x97
V  [libjvm.so+0xacf125]  VM_Operation::evaluate()+0x55
V  [libjvm.so+0xacd4fa]  VMThread::evaluate_operation(VM_Operation*)+0xba
V  [libjvm.so+0xacd87e]  VMThread::loop()+0x1ce
V  [libjvm.so+0xacdcf0]  VMThread::run()+0x70
V  [libjvm.so+0x924ea8]  java_start(Thread*)+0x108

VM_Operation (0x00007fb6fe111d50): ParallelGCFailedAllocation, mode: safepoint, requested by thread 0x00007fb6f8009000


---------------  P R O C E S S  ---------------

Java Threads: ( => current thread )
  0x00007fb6f839c000 JavaThread "NonBlockingInputStreamThread" daemon [_thread_blocked, id=30503, stack(0x00007fb6e4350000,0x00007fb6e4451000)]
  0x00007fb6f8392800 JavaThread "process reaper" daemon [_thread_blocked, id=30492, stack(0x00007fb6e4652000,0x00007fb6e468b000)]
  0x00007fb6f80d3800 JavaThread "Service Thread" daemon [_thread_blocked, id=30489, stack(0x00007fb6e4b35000,0x00007fb6e4c36000)]
  0x00007fb6f80b6800 JavaThread "C1 CompilerThread1" daemon [_thread_blocked, id=30488, stack(0x00007fb6e4c36000,0x00007fb6e4d37000)]
  0x00007fb6f80b3800 JavaThread "C2 CompilerThread0" daemon [_thread_blocked, id=30487, stack(0x00007fb6e4d37000,0x00007fb6e4e38000)]
  0x00007fb6f80b2000 JavaThread "Signal Dispatcher" daemon [_thread_blocked, id=30486, stack(0x00007fb6e4e38000,0x00007fb6e4f39000)]
  0x00007fb6f807f000 JavaThread "Finalizer" daemon [_thread_blocked, id=30485, stack(0x00007fb6e4f39000,0x00007fb6e503a000)]
  0x00007fb6f807a800 JavaThread "Reference Handler" daemon [_thread_blocked, id=30484, stack(0x00007fb6e503a000,0x00007fb6e513b000)]
  0x00007fb6f8009000 JavaThread "main" [_thread_blocked, id=30480, stack(0x00007fb6fe02f000,0x00007fb6fe130000)]

Other Threads:
=>0x00007fb6f8073000 VMThread [stack: 0x00007fb6e513b000,0x00007fb6e523c000] [id=30483]
  0x00007fb6f80de800 WatcherThread [stack: 0x00007fb6e4a34000,0x00007fb6e4b35000] [id=30490]

VM state:at safepoint (normal execution)

VM Mutex/Monitor currently owned by a thread:  ([mutex/lock_event])
[0x00007fb6f80065b0] Threads_lock - owner thread: 0x00007fb6f8073000
[0x00007fb6f8006ab0] Heap_lock - owner thread: 0x00007fb6f8009000

Heap:
 PSYoungGen      total 206336K, used 19957K [0x00000000f0000000, 0x00000000fe700000, 0x0000000100000000)
  eden space 186368K, 0% used [0x00000000f0000000,0x00000000f0000000,0x00000000fb600000)
  from space 19968K, 99% used [0x00000000fb600000,0x00000000fc97d540,0x00000000fc980000)
  to   space 15360K, 0% used [0x00000000fc980000,0x00000000fc980000,0x00000000fd880000)
 ParOldGen       total 50176K, used 46938K [0x00000000d0000000, 0x00000000d3100000, 0x00000000f0000000)
  object space 50176K, 93% used [0x00000000d0000000,0x00000000d2dd6bd0,0x00000000d3100000)
 Metaspace       used 33323K, capacity 35028K, committed 35328K, reserved 1079296K
  class space    used 3985K, capacity 4515K, committed 4608K, reserved 1048576K

Card table byte_map: [0x00007fb6e8257000,0x00007fb6e83d8000] byte_map_base: 0x00007fb6e7bd7000

Marking Bits: (ParMarkBitMap*) 0x00007fb6fd4f4220
 Begin Bits: [0x00007fb6e6755000, 0x00007fb6e7355000)
 End Bits:   [0x00007fb6e7355000, 0x00007fb6e7f55000)

Polling page: 0x00007fb6fe138000

CodeCache: size=245760Kb used=16877Kb max_used=17147Kb free=228882Kb
 bounds [0x00007fb6e8798000, 0x00007fb6e9878000, 0x00007fb6f7798000]
 total_blobs=5382 nmethods=4746 adapters=550
 compilation: enabled

Compilation events (10 events):
Event: 13.916 Thread 0x00007fb6f80b6800 5578       3       org.springframework.util.ConcurrentReferenceHashMap$Segment::<init> (47 bytes)
Event: 13.918 Thread 0x00007fb6f80b6800 nmethod 5578 0x00007fb6e9567610 code [0x00007fb6e9567860, 0x00007fb6e9568648]
Event: 13.918 Thread 0x00007fb6f80b6800 5577       3       org.springframework.core.BridgeMethodResolver::findBridgedMethod (110 bytes)
Event: 13.921 Thread 0x00007fb6f80b6800 nmethod 5577 0x00007fb6e92c8fd0 code [0x00007fb6e92c9260, 0x00007fb6e92ca2d8]
Event: 13.921 Thread 0x00007fb6f80b6800 5579       3       org.springframework.util.ConcurrentReferenceHashMap::createReferenceManager (9 bytes)
Event: 13.921 Thread 0x00007fb6f80b6800 nmethod 5579 0x00007fb6e962f350 code [0x00007fb6e962f500, 0x00007fb6e962fa30]
Event: 13.921 Thread 0x00007fb6f80b6800 5580       3       org.springframework.util.ConcurrentReferenceHashMap$ReferenceManager::<init> (21 bytes)
Event: 13.922 Thread 0x00007fb6f80b6800 nmethod 5580 0x00007fb6e9566d90 code [0x00007fb6e9566f20, 0x00007fb6e9567390]
Event: 13.949 Thread 0x00007fb6f80b6800 5584       3       java.lang.Class::searchFields (41 bytes)
Event: 13.950 Thread 0x00007fb6f80b6800 nmethod 5584 0x00007fb6e92c7f90 code [0x00007fb6e92c81a0, 0x00007fb6e92c8b28]

GC Heap History (10 events):
Event: 5.129 GC heap after
Heap after GC invocations=7 (full 1):
 PSYoungGen      total 104960K, used 4544K [0x00000000f0000000, 0x00000000f8e00000, 0x0000000100000000)
  eden space 100352K, 0% used [0x00000000f0000000,0x00000000f0000000,0x00000000f6200000)
  from space 4608K, 98% used [0x00000000f8980000,0x00000000f8df0000,0x00000000f8e00000)
  to   space 9728K, 0% used [0x00000000f7b00000,0x00000000f7b00000,0x00000000f8480000)
 ParOldGen       total 50176K, used 18799K [0x00000000d0000000, 0x00000000d3100000, 0x00000000f0000000)
  object space 50176K, 37% used [0x00000000d0000000,0x00000000d125bf38,0x00000000d3100000)
 Metaspace       used 21488K, capacity 21922K, committed 22144K, reserved 1069056K
  class space    used 2479K, capacity 2586K, committed 2688K, reserved 1048576K
}
Event: 6.666 GC heap before
{Heap before GC invocations=8 (full 1):
 PSYoungGen      total 104960K, used 104896K [0x00000000f0000000, 0x00000000f8e00000, 0x0000000100000000)
  eden space 100352K, 100% used [0x00000000f0000000,0x00000000f6200000,0x00000000f6200000)
  from space 4608K, 98% used [0x00000000f8980000,0x00000000f8df0000,0x00000000f8e00000)
  to   space 9728K, 0% used [0x00000000f7b00000,0x00000000f7b00000,0x00000000f8480000)
 ParOldGen       total 50176K, used 18799K [0x00000000d0000000, 0x00000000d3100000, 0x00000000f0000000)
  object space 50176K, 37% used [0x00000000d0000000,0x00000000d125bf38,0x00000000d3100000)
 Metaspace       used 22046K, capacity 22516K, committed 22656K, reserved 1069056K
  class space    used 2485K, capacity 2589K, committed 2688K, reserved 1048576K
Event: 6.684 GC heap after
Heap after GC invocations=8 (full 1):
 PSYoungGen      total 135680K, used 4912K [0x00000000f0000000, 0x00000000fa500000, 0x0000000100000000)
  eden space 125952K, 0% used [0x00000000f0000000,0x00000000f0000000,0x00000000f7b00000)
  from space 9728K, 50% used [0x00000000f7b00000,0x00000000f7fcc010,0x00000000f8480000)
  to   space 9728K, 0% used [0x00000000f9b80000,0x00000000f9b80000,0x00000000fa500000)
 ParOldGen       total 50176K, used 18807K [0x00000000d0000000, 0x00000000d3100000, 0x00000000f0000000)
  object space 50176K, 37% used [0x00000000d0000000,0x00000000d125df38,0x00000000d3100000)
 Metaspace       used 22046K, capacity 22516K, committed 22656K, reserved 1069056K
  class space    used 2485K, capacity 2589K, committed 2688K, reserved 1048576K
}
Event: 8.399 GC heap before
{Heap before GC invocations=9 (full 1):
 PSYoungGen      total 135680K, used 130864K [0x00000000f0000000, 0x00000000fa500000, 0x0000000100000000)
  eden space 125952K, 100% used [0x00000000f0000000,0x00000000f7b00000,0x00000000f7b00000)
  from space 9728K, 50% used [0x00000000f7b00000,0x00000000f7fcc010,0x00000000f8480000)
  to   space 9728K, 0% used [0x00000000f9b80000,0x00000000f9b80000,0x00000000fa500000)
 ParOldGen       total 50176K, used 18807K [0x00000000d0000000, 0x00000000d3100000, 0x00000000f0000000)
  object space 50176K, 37% used [0x00000000d0000000,0x00000000d125df38,0x00000000d3100000)
 Metaspace       used 25550K, capacity 26168K, committed 26496K, reserved 1073152K
  class space    used 2927K, capacity 3093K, committed 3200K, reserved 1048576K
Event: 8.451 GC heap after
Heap after GC invocations=9 (full 1):
 PSYoungGen      total 157184K, used 9722K [0x00000000f0000000, 0x00000000fcf00000, 0x0000000100000000)
  eden space 147456K, 0% used [0x00000000f0000000,0x00000000f0000000,0x00000000f9000000)
  from space 9728K, 99% used [0x00000000f9b80000,0x00000000fa4fe9e0,0x00000000fa500000)
  to   space 11776K, 0% used [0x00000000f9000000,0x00000000f9000000,0x00000000f9b80000)
 ParOldGen       total 50176K, used 21399K [0x00000000d0000000, 0x00000000d3100000, 0x00000000f0000000)
  object space 50176K, 42% used [0x00000000d0000000,0x00000000d14e5cc0,0x00000000d3100000)
 Metaspace       used 25550K, capacity 26168K, committed 26496K, reserved 1073152K
  class space    used 2927K, capacity 3093K, committed 3200K, reserved 1048576K
}
Event: 10.395 GC heap before
{Heap before GC invocations=10 (full 1):
 PSYoungGen      total 157184K, used 157178K [0x00000000f0000000, 0x00000000fcf00000, 0x0000000100000000)
  eden space 147456K, 100% used [0x00000000f0000000,0x00000000f9000000,0x00000000f9000000)
  from space 9728K, 99% used [0x00000000f9b80000,0x00000000fa4fe9e0,0x00000000fa500000)
  to   space 11776K, 0% used [0x00000000f9000000,0x00000000f9000000,0x00000000f9b80000)
 ParOldGen       total 50176K, used 21399K [0x00000000d0000000, 0x00000000d3100000, 0x00000000f0000000)
  object space 50176K, 42% used [0x00000000d0000000,0x00000000d14e5cc0,0x00000000d3100000)
 Metaspace       used 28138K, capacity 29508K, committed 29696K, reserved 1075200K
  class space    used 3292K, capacity 3719K, committed 3840K, reserved 1048576K
Event: 10.447 GC heap after
Heap after GC invocations=10 (full 1):
 PSYoungGen      total 159232K, used 11744K [0x00000000f0000000, 0x00000000fd880000, 0x0000000100000000)
  eden space 147456K, 0% used [0x00000000f0000000,0x00000000f0000000,0x00000000f9000000)
  from space 11776K, 99% used [0x00000000f9000000,0x00000000f9b78138,0x00000000f9b80000)
  to   space 15360K, 0% used [0x00000000fc980000,0x00000000fc980000,0x00000000fd880000)
 ParOldGen       total 50176K, used 26660K [0x00000000d0000000, 0x00000000d3100000, 0x00000000f0000000)
  object space 50176K, 53% used [0x00000000d0000000,0x00000000d1a091a8,0x00000000d3100000)
 Metaspace       used 28138K, capacity 29508K, committed 29696K, reserved 1075200K
  class space    used 3292K, capacity 3719K, committed 3840K, reserved 1048576K
}
Event: 11.973 GC heap before
{Heap before GC invocations=11 (full 1):
 PSYoungGen      total 159232K, used 159200K [0x00000000f0000000, 0x00000000fd880000, 0x0000000100000000)
  eden space 147456K, 100% used [0x00000000f0000000,0x00000000f9000000,0x00000000f9000000)
  from space 11776K, 99% used [0x00000000f9000000,0x00000000f9b78138,0x00000000f9b80000)
  to   space 15360K, 0% used [0x00000000fc980000,0x00000000fc980000,0x00000000fd880000)
 ParOldGen       total 50176K, used 26660K [0x00000000d0000000, 0x00000000d3100000, 0x00000000f0000000)
  object space 50176K, 53% used [0x00000000d0000000,0x00000000d1a091a8,0x00000000d3100000)
 Metaspace       used 30953K, capacity 32444K, committed 32640K, reserved 1077248K
  class space    used 3693K, capacity 4188K, committed 4224K, reserved 1048576K
Event: 12.063 GC heap after
Heap after GC invocations=11 (full 1):
 PSYoungGen      total 201728K, used 15334K [0x00000000f0000000, 0x00000000fe700000, 0x0000000100000000)
  eden space 186368K, 0% used [0x00000000f0000000,0x00000000f0000000,0x00000000fb600000)
  from space 15360K, 99% used [0x00000000fc980000,0x00000000fd879a30,0x00000000fd880000)
  to   space 19968K, 0% used [0x00000000fb600000,0x00000000fb600000,0x00000000fc980000)
 ParOldGen       total 50176K, used 32389K [0x00000000d0000000, 0x00000000d3100000, 0x00000000f0000000)
  object space 50176K, 64% used [0x00000000d0000000,0x00000000d1fa14a8,0x00000000d3100000)
 Metaspace       used 30953K, capacity 32444K, committed 32640K, reserved 1077248K
  class space    used 3693K, capacity 4188K, committed 4224K, reserved 1048576K
}
Event: 13.951 GC heap before
{Heap before GC invocations=12 (full 1):
 PSYoungGen      total 201728K, used 201702K [0x00000000f0000000, 0x00000000fe700000, 0x0000000100000000)
  eden space 186368K, 100% used [0x00000000f0000000,0x00000000fb600000,0x00000000fb600000)
  from space 15360K, 99% used [0x00000000fc980000,0x00000000fd879a30,0x00000000fd880000)
  to   space 19968K, 0% used [0x00000000fb600000,0x00000000fb600000,0x00000000fc980000)
 ParOldGen       total 50176K, used 32389K [0x00000000d0000000, 0x00000000d3100000, 0x00000000f0000000)
  object space 50176K, 64% used [0x00000000d0000000,0x00000000d1fa14a8,0x00000000d3100000)
 Metaspace       used 33323K, capacity 35028K, committed 35328K, reserved 1079296K
  class space    used 3985K, capacity 4515K, committed 4608K, reserved 1048576K

Deoptimization events (10 events):
Event: 12.481 Thread 0x00007fb6f91bd800 Uncommon trap: reason=unstable_if action=reinterpret pc=0x00007fb6e93ae7dc method=java.lang.StringCoding.decode(Ljava/lang/String;[BII)[C @ 51
Event: 12.932 Thread 0x00007fb6f8009000 Uncommon trap: reason=bimorphic action=maybe_recompile pc=0x00007fb6e8997084 method=java.util.Hashtable.put(Ljava/lang/Object;Ljava/lang/Object;)Ljava/lang/Object; @ 60
Event: 12.963 Thread 0x00007fb6f8009000 Uncommon trap: reason=bimorphic action=maybe_recompile pc=0x00007fb6e8997084 method=java.util.Hashtable.put(Ljava/lang/Object;Ljava/lang/Object;)Ljava/lang/Object; @ 60
Event: 12.963 Thread 0x00007fb6f8009000 Uncommon trap: reason=bimorphic action=maybe_recompile pc=0x00007fb6e8997084 method=java.util.Hashtable.put(Ljava/lang/Object;Ljava/lang/Object;)Ljava/lang/Object; @ 60
Event: 13.200 Thread 0x00007fb6f8009000 Uncommon trap: reason=bimorphic action=maybe_recompile pc=0x00007fb6e89970a4 method=java.util.Hashtable.addEntry(ILjava/lang/Object;Ljava/lang/Object;I)V @ 38
Event: 13.247 Thread 0x00007fb6f8009000 Uncommon trap: reason=class_check action=maybe_recompile pc=0x00007fb6e896a6d4 method=java.lang.Throwable.<init>(Ljava/lang/String;Ljava/lang/Throwable;)V @ 24
Event: 13.247 Thread 0x00007fb6f8009000 Uncommon trap: reason=class_check action=maybe_recompile pc=0x00007fb6e896a6d4 method=java.lang.Throwable.<init>(Ljava/lang/String;Ljava/lang/Throwable;)V @ 24
Event: 13.247 Thread 0x00007fb6f8009000 Uncommon trap: reason=class_check action=maybe_recompile pc=0x00007fb6e896a6d4 method=java.lang.Throwable.<init>(Ljava/lang/String;Ljava/lang/Throwable;)V @ 24
Event: 13.248 Thread 0x00007fb6f8009000 Uncommon trap: reason=class_check action=maybe_recompile pc=0x00007fb6e896a6d4 method=java.lang.Throwable.<init>(Ljava/lang/String;Ljava/lang/Throwable;)V @ 24
Event: 13.360 Thread 0x00007fb6f8009000 Uncommon trap: reason=unstable_if action=reinterpret pc=0x00007fb6e8f24360 method=groovy.lang.MetaClassImpl.filterPropertyMethod(Ljava/lang/Object;ZZ)Ljava/lang/Object; @ 82

Internal exceptions (10 events):
Event: 13.881 Thread 0x00007fb6f8009000 Exception <a 'java/lang/ClassNotFoundException': org/codehaus/groovy/grails/plugins/web/async/ControllersAsyncGrailsPlugin$_closure1BeanInfo> (0x00000000fb0b3928) thrown at [/HUDSON3/workspace/8-2-build-linux-amd64/jdk8u111/7883/hotspot/src/share/vm/class
Event: 13.883 Thread 0x00007fb6f8009000 Exception <a 'java/lang/ClassNotFoundException': org/codehaus/groovy/grails/plugins/web/async/ControllersAsyncGrailsPlugin$_closure1Customizer> (0x00000000fb1057b0) thrown at [/HUDSON3/workspace/8-2-build-linux-amd64/jdk8u111/7883/hotspot/src/share/vm/cla
Event: 13.889 Thread 0x00007fb6f8009000 Exception <a 'java/lang/ClassNotFoundException': org/codehaus/groovy/grails/plugins/web/async/ControllersAsyncGrailsPlugin$_closure2BeanInfo> (0x00000000fb1bcd50) thrown at [/HUDSON3/workspace/8-2-build-linux-amd64/jdk8u111/7883/hotspot/src/share/vm/class
Event: 13.891 Thread 0x00007fb6f8009000 Exception <a 'java/lang/ClassNotFoundException': org/codehaus/groovy/grails/plugins/web/async/ControllersAsyncGrailsPlugin$_closure2Customizer> (0x00000000fb20ebd8) thrown at [/HUDSON3/workspace/8-2-build-linux-amd64/jdk8u111/7883/hotspot/src/share/vm/cla
Event: 13.901 Thread 0x00007fb6f8009000 Exception <a 'java/lang/ClassNotFoundException': org/codehaus/groovy/grails/plugins/converters/ConvertersGrailsPluginBeanInfo> (0x00000000fb2f1a38) thrown at [/HUDSON3/workspace/8-2-build-linux-amd64/jdk8u111/7883/hotspot/src/share/vm/classfile/systemDict
Event: 13.903 Thread 0x00007fb6f8009000 Exception <a 'java/lang/ClassNotFoundException': org/codehaus/groovy/grails/plugins/converters/ConvertersGrailsPluginCustomizer> (0x00000000fb339dc8) thrown at [/HUDSON3/workspace/8-2-build-linux-amd64/jdk8u111/7883/hotspot/src/share/vm/classfile/systemDi
Event: 13.931 Thread 0x00007fb6f8009000 Exception <a 'java/lang/ClassNotFoundException': org/codehaus/groovy/grails/plugins/converters/ConvertersGrailsPlugin$_closure1BeanInfo> (0x00000000fb4029d8) thrown at [/HUDSON3/workspace/8-2-build-linux-amd64/jdk8u111/7883/hotspot/src/share/vm/classfile/
Event: 13.933 Thread 0x00007fb6f8009000 Exception <a 'java/lang/ClassNotFoundException': org/codehaus/groovy/grails/plugins/converters/ConvertersGrailsPlugin$_closure1Customizer> (0x00000000fb451998) thrown at [/HUDSON3/workspace/8-2-build-linux-amd64/jdk8u111/7883/hotspot/src/share/vm/classfil
Event: 13.939 Thread 0x00007fb6f8009000 Exception <a 'java/lang/ClassNotFoundException': org/codehaus/groovy/grails/plugins/converters/ConvertersGrailsPlugin$_closure2BeanInfo> (0x00000000fb502770) thrown at [/HUDSON3/workspace/8-2-build-linux-amd64/jdk8u111/7883/hotspot/src/share/vm/classfile/
Event: 13.941 Thread 0x00007fb6f8009000 Exception <a 'java/lang/ClassNotFoundException': org/codehaus/groovy/grails/plugins/converters/ConvertersGrailsPlugin$_closure2Customizer> (0x00000000fb551730) thrown at [/HUDSON3/workspace/8-2-build-linux-amd64/jdk8u111/7883/hotspot/src/share/vm/classfil

Events (10 events):
Event: 13.939 loading class org/codehaus/groovy/grails/plugins/converters/ConvertersGrailsPlugin$_closure2BeanInfo done
Event: 13.939 loading class org/codehaus/groovy/grails/plugins/converters/ConvertersGrailsPlugin$_closure2Customizer
Event: 13.939 loading class org/codehaus/groovy/grails/plugins/converters/ConvertersGrailsPlugin$_closure2Customizer done
Event: 13.940 loading class org/codehaus/groovy/grails/plugins/converters/ConvertersGrailsPlugin$_closure2Customizer
Event: 13.940 loading class org/codehaus/groovy/grails/plugins/converters/ConvertersGrailsPlugin$_closure2Customizer done
Event: 13.941 loading class org/codehaus/groovy/grails/plugins/converters/ConvertersGrailsPlugin$_closure2Customizer
Event: 13.941 loading class org/codehaus/groovy/grails/plugins/converters/ConvertersGrailsPlugin$_closure2Customizer done
Event: 13.942 loading class groovy/runtime/metaclass/org/codehaus/groovy/grails/plugins/converters/ConvertersGrailsPluginMetaClass
Event: 13.942 loading class groovy/runtime/metaclass/org/codehaus/groovy/grails/plugins/converters/ConvertersGrailsPluginMetaClass done
Event: 13.950 Executing VM operation: ParallelGCFailedAllocation


Dynamic libraries:
00400000-00401000 r-xp 00000000 fd:01 518620                             /root/.sdkman/candidates/java/8u111/bin/java
00600000-00601000 rw-p 00000000 fd:01 518620                             /root/.sdkman/candidates/java/8u111/bin/java
01e5a000-01e9d000 rw-p 00000000 00:00 0                                  [heap]
d0000000-d3100000 rw-p 00000000 00:00 0 
d3100000-f0000000 ---p 00000000 00:00 0 
f0000000-fe700000 rw-p 00000000 00:00 0 
100000000-100480000 rw-p 00000000 00:00 0 
100480000-140000000 ---p 00000000 00:00 0 
7fb69c000000-7fb69c021000 rw-p 00000000 00:00 0 
7fb69c021000-7fb6a0000000 ---p 00000000 00:00 0 
7fb6a4000000-7fb6a4021000 rw-p 00000000 00:00 0 
7fb6a4021000-7fb6a8000000 ---p 00000000 00:00 0 
7fb6ab8fb000-7fb6abafb000 rw-p 00000000 00:00 0 
7fb6abafb000-7fb6abafe000 ---p 00000000 00:00 0 
7fb6abafe000-7fb6abbfc000 rw-p 00000000 00:00 0 
7fb6abbfc000-7fb6abbff000 ---p 00000000 00:00 0 
7fb6abbff000-7fb6abcfd000 rw-p 00000000 00:00 0 
7fb6abcfd000-7fb6abd00000 ---p 00000000 00:00 0 
7fb6abd00000-7fb6abdfe000 rw-p 00000000 00:00 0 
7fb6abdfe000-7fb6abe01000 ---p 00000000 00:00 0 
7fb6abe01000-7fb6abeff000 rw-p 00000000 00:00 0 
7fb6abeff000-7fb6abf02000 ---p 00000000 00:00 0 
7fb6abf02000-7fb6ac000000 rw-p 00000000 00:00 0 
7fb6ac000000-7fb6ac021000 rw-p 00000000 00:00 0 
7fb6ac021000-7fb6b0000000 ---p 00000000 00:00 0 
7fb6b0000000-7fb6b0021000 rw-p 00000000 00:00 0 
7fb6b0021000-7fb6b4000000 ---p 00000000 00:00 0 
7fb6b4000000-7fb6b4021000 rw-p 00000000 00:00 0 
7fb6b4021000-7fb6b8000000 ---p 00000000 00:00 0 
7fb6b8000000-7fb6b8021000 rw-p 00000000 00:00 0 
7fb6b8021000-7fb6bc000000 ---p 00000000 00:00 0 
7fb6bc000000-7fb6bdc3b000 rw-p 00000000 00:00 0 
7fb6bdc3b000-7fb6c0000000 ---p 00000000 00:00 0 
7fb6c0000000-7fb6c1061000 rw-p 00000000 00:00 0 
7fb6c1061000-7fb6c4000000 ---p 00000000 00:00 0 
7fb6c4000000-7fb6c4021000 rw-p 00000000 00:00 0 
7fb6c4021000-7fb6c8000000 ---p 00000000 00:00 0 
7fb6c80ef000-7fb6c80f0000 rw-p 00000000 00:00 0 
7fb6c80f0000-7fb6c80f3000 ---p 00000000 00:00 0 
7fb6c80f3000-7fb6c83f1000 rw-p 00000000 00:00 0 
7fb6c83f1000-7fb6c85f1000 rw-p 00000000 00:00 0 
7fb6c85f1000-7fb6c87f1000 rw-p 00000000 00:00 0 
7fb6c87f1000-7fb6c89f1000 rw-p 00000000 00:00 0 
7fb6c89f1000-7fb6c8a02000 r--s 000d2000 fd:01 520508                     /root/.m2/repository/org/liquibase/liquibase-core/2.0.5/liquibase-core-2.0.5.jar
7fb6c8a02000-7fb6c8a08000 r--s 0004c000 fd:01 133604                     /root/.sdkman/candidates/grails/2.5.5/lib/org.grails/grails-datastore-simple/jars/grails-datastore-simple-3.1.5.RELEASE.jar
7fb6c8a08000-7fb6c8a0d000 r--s 00048000 fd:01 520507                     /root/.m2/repository/dom4j/dom4j/1.6.1/dom4j-1.6.1.jar
7fb6c8a0d000-7fb6c8a0e000 r--s 00002000 fd:01 520503                     /root/.m2/repository/org/jboss/logging/jboss-logging-annotations/1.2.0.Beta1/jboss-logging-annotations-1.2.0.Beta1.jar
7fb6c8a0e000-7fb6c8a11000 r--s 00010000 fd:01 520502                     /root/.m2/repository/org/hibernate/common/hibernate-commons-annotations/4.0.4.Final/hibernate-commons-annotations-4.0.4.Final.jar
7fb6c8a11000-7fb6c8a19000 r--s 00054000 fd:01 520499                     /root/.m2/repository/org/springframework/spring-orm/4.1.8.RELEASE/spring-orm-4.1.8.RELEASE.jar
7fb6c8a19000-7fb6c8a1b000 r--s 0000a000 fd:01 520497                     /root/.m2/repository/org/grails/grails-datastore-gorm-plugin-support/3.1.5.RELEASE/grails-datastore-gorm-plugin-support-3.1.5.RELEASE.jar
7fb6c8a1b000-7fb6c8a21000 r--s 00041000 fd:01 520496                     /root/.m2/repository/org/grails/grails-datastore-gorm-hibernate-core/3.1.5.RELEASE/grails-datastore-gorm-hibernate-core-3.1.5.RELEASE.jar
7fb6c8a21000-7fb6c8a29000 r--s 00062000 fd:01 520493                     /root/.m2/repository/org/grails/grails-datastore-gorm-hibernate4/3.1.5.RELEASE/grails-datastore-gorm-hibernate4-3.1.5.RELEASE.jar
7fb6c8a29000-7fb6c8a33000 r--s 00080000 fd:01 133601                     /root/.sdkman/candidates/grails/2.5.5/lib/org.grails/grails-datastore-gorm/jars/grails-datastore-gorm-3.1.5.RELEASE.jar
7fb6c8a33000-7fb6c8a3e000 r--s 00054000 fd:01 133598                     /root/.sdkman/candidates/grails/2.5.5/lib/org.grails/grails-datastore-core/jars/grails-datastore-core-3.1.5.RELEASE.jar
7fb6c8a3e000-7fb6c8a40000 r--s 0000d000 fd:01 520491                     /root/.m2/repository/org/jboss/logging/jboss-logging/3.1.0.GA/jboss-logging-3.1.0.GA.jar
7fb6c8a40000-7fb6c8b18000 r--s 007c3000 fd:01 520490                     /root/.m2/repository/net/sf/ehcache/ehcache/2.9.0/ehcache-2.9.0.jar
7fb6c8b18000-7fb6c8b1a000 r--s 00011000 fd:01 520487                     /root/.m2/repository/org/jboss/jandex/1.1.0.Final/jandex-1.1.0.Final.jar
7fb6c8b1a000-7fb6c8b1f000 r--s 00068000 fd:01 520485                     /root/.m2/repository/antlr/antlr/2.7.7/antlr-2.7.7.jar
7fb6c8b1f000-7fb6c8b20000 r--s 00006000 fd:01 520484                     /root/.m2/repository/org/jboss/spec/javax/transaction/jboss-transaction-api_1.2_spec/1.0.0.Final/jboss-transaction-api_1.2_spec-1.0.0.Final.jar
7fb6c8b20000-7fb6c8b7f000 r--s 004ab000 fd:01 520483                     /root/.m2/repository/org/hibernate/hibernate-core/4.3.10.Final/hibernate-core-4.3.10.Final.jar
7fb6c8b7f000-7fb6c8b83000 r--s 0001e000 fd:01 520479                     /root/.m2/repository/org/hibernate/hibernate-ehcache/4.3.10.Final/hibernate-ehcache-4.3.10.Final.jar
7fb6c8b83000-7fb6c8b85000 r--s 0000d000 fd:01 520478                     /root/.m2/repository/com/fasterxml/classmate/1.0.0/classmate-1.0.0.jar
7fb6c8b85000-7fb6c8b89000 r--s 0000c000 fd:01 520475                     /root/.m2/repository/javax/validation/validation-api/1.1.0.Final/validation-api-1.1.0.Final.jar
7fb6c8b89000-7fb6c8b97000 r--s 0008d000 fd:01 520473                     /root/.m2/repository/org/hibernate/hibernate-validator/5.1.3.Final/hibernate-validator-5.1.3.Final.jar
7fb6c8b97000-7fb6c8b9f000 r--s 0007b000 fd:01 520470                     /root/.m2/repository/com/google/protobuf/protobuf-java/2.5.0/protobuf-java-2.5.0.jar
7fb6c8b9f000-7fb6c8bca000 r--s 001fc000 fd:01 520468                     /root/.m2/repository/com/google/guava/guava/18.0/guava-18.0.jar
7fb6c8bca000-7fb6c8bcd000 r--s 00010000 fd:01 520465                     /root/.m2/repository/args4j/args4j/2.0.26/args4j-2.0.26.jar
7fb6c8bcd000-7fb6c8bce000 r--s 0001c000 fd:01 520463                     /root/.m2/repository/com/google/javascript/closure-compiler-externs/v20141023/closure-compiler-externs-v20141023.jar
7fb6c8bce000-7fb6c8bff000 r--s 002cc000 fd:01 520461                     /root/.m2/repository/com/google/javascript/closure-compiler/v20141023/closure-compiler-v20141023.jar
7fb6c8bff000-7fb6c8c03000 r--s 00035000 fd:01 520460                     /root/.m2/repository/com/bertramlabs/plugins/asset-pipeline-core/2.5.5/asset-pipeline-core-2.5.5.jar
7fb6c8c03000-7fb6c8c10000 r--s 00109000 fd:01 520459                     /root/.m2/repository/org/mozilla/rhino/1.7R4/rhino-1.7R4.jar
7fb6c8c10000-7fb6c8c19000 r--s 000a5000 fd:01 520455                     /root/.m2/repository/org/javassist/javassist/3.17.1-GA/javassist-3.17.1-GA.jar
7fb6c8c19000-7fb6c8c1b000 r--s 00013000 fd:01 522495                     /root/.m2/repository/xml-resolver/xml-resolver/1.2/xml-resolver-1.2.jar
7fb6c8c1b000-7fb6c8c32000 r--s 00112000 fd:01 522494                     /root/.m2/repository/xerces/xercesImpl/2.8.1/xercesImpl-2.8.1.jar
7fb6c8c32000-7fb6c8c35000 r--s 0001a000 fd:01 522493                     /root/.m2/repository/net/sourceforge/nekohtml/nekohtml/1.9.9/nekohtml-1.9.9.jar
7fb6c8c35000-7fb6c8c38000 r--s 00013000 fd:01 522492                     /root/.m2/repository/net/sf/ezmorph/ezmorph/1.0.6/ezmorph-1.0.6.jar
7fb6c8c38000-7fb6c8c46000 r--s 0007f000 fd:01 133294                     /root/.sdkman/candidates/grails/2.5.5/lib/commons-collections/commons-collections/jars/commons-collections-3.2.1.jar
7fb6c8c46000-7fb6c8c4b000 r--s 00034000 fd:01 522486                     /root/.m2/repository/commons-beanutils/commons-beanutils/1.8.0/commons-beanutils-1.8.0.jar
7fb6c8c4b000-7fb6c8c4f000 r--s 00022000 fd:01 522484                     /root/.m2/repository/net/sf/json-lib/json-lib/2.3/json-lib-2.3-jdk15.jar
7fb6c8c4f000-7fb6c8c51000 r--s 0000d000 fd:01 520471                     /root/.m2/repository/commons-logging/commons-logging/1.1.1/commons-logging-1.1.1.jar
7fb6c8c51000-7fb6c8c56000 r--s 00026000 fd:01 522482                     /root/.m2/repository/org/apache/httpcomponents/httpcore/4.0.1/httpcore-4.0.1.jar
7fb6c8c56000-7fb6c8c5d000 r--s 00041000 fd:01 522480                     /root/.m2/repository/org/apache/httpcomponents/httpclient/4.0.3/httpclient-4.0.3.jar
7fb6c8c5d000-7fb6c8c5f000 r--s 00024000 fd:01 522478                     /root/.m2/repository/org/codehaus/groovy/modules/http-builder/http-builder/0.5.1/http-builder-0.5.1.jar
7fb6c8c5f000-7fb6c8c61000 r--s 00008000 fd:01 520454                     /root/.m2/repository/org/grails/grails-datastore-test-support/1.0.2-grails-2.4/grails-datastore-test-support-1.0.2-grails-2.4.jar
7fb6c8c61000-7fb6c8c69000 r--s 000cf000 fd:01 520451                     /root/.m2/repository/mysql/mysql-connector-java/5.1.29/mysql-connector-java-5.1.29.jar
7fb6c8c69000-7fb6c8c6b000 r--s 00087000 fd:01 134690                     /root/.sdkman/candidates/grails/2.5.5/dist/grails-resources-2.5.5.jar
7fb6c8c6b000-7fb6c8c74000 r--s 0006f000 fd:01 133382                     /root/.sdkman/candidates/grails/2.5.5/lib/log4j/log4j/jars/log4j-1.2.17.jar
7fb6c8c74000-7fb6c8c81000 r--s 00189000 fd:01 133266                     /root/.sdkman/candidates/grails/2.5.5/lib/com.h2database/h2/jars/h2-1.3.176.jar
7fb6c8c81000-7fb6c8c83000 r--s 00009000 fd:01 133617                     /root/.sdkman/candidates/grails/2.5.5/lib/org.hamcrest/hamcrest-core/jars/hamcrest-core-1.3.jar
7fb6c8c83000-7fb6c8c8b000 r--s 00045000 fd:01 133375                     /root/.sdkman/candidates/grails/2.5.5/lib/junit/junit/jars/junit-4.12.jar
7fb6c8c8b000-7fb6c8c91000 r--s 0004a000 fd:01 520449                     /root/.m2/repository/cglib/cglib-nodep/2.2.2/cglib-nodep-2.2.2.jar
7fb6c8c91000-7fb6c8c9e000 r--s 00083000 fd:01 133687                     /root/.sdkman/candidates/grails/2.5.5/lib/org.spockframework/spock-core/jars/spock-core-1.0-groovy-2.4.jar
7fb6c8c9e000-7fb6c8ca1000 r--s 00016000 fd:01 134417                     /root/.sdkman/candidates/grails/2.5.5/dist/grails-plugin-domain-class-2.5.5.jar
7fb6c8ca1000-7fb6c8ca4000 r--s 00009000 fd:01 133635                     /root/.sdkman/candidates/grails/2.5.5/lib/org.objenesis/objenesis/jars/objenesis-1.4.jar
7fb6c8ca4000-7fb6c8ca9000 r--s 00037000 fd:01 134753                     /root/.sdkman/candidates/grails/2.5.5/dist/grails-test-2.5.5.jar
7fb6c8ca9000-7fb6c8cab000 r--s 0000a000 fd:01 134522                     /root/.sdkman/candidates/grails/2.5.5/dist/grails-plugin-mimetypes-2.5.5.jar
7fb6c8cab000-7fb6c8cac000 r--s 0000a000 fd:01 133220                     /root/.sdkman/candidates/grails/2.5.5/lib/asm/asm/jars/asm-3.3.1.jar
7fb6c8cac000-7fb6c8cb3000 r--s 00040000 fd:01 133236                     /root/.sdkman/candidates/grails/2.5.5/lib/cglib/cglib/jars/cglib-2.2.2.jar
7fb6c8cb3000-7fb6c8cbf000 r--s 0006f000 fd:01 520448                     /root/.m2/repository/org/springframework/spring-test/4.1.8.RELEASE/spring-test-4.1.8.RELEASE.jar
7fb6c8cbf000-7fb6c8cc3000 r--s 0001e000 fd:01 134354                     /root/.sdkman/candidates/grails/2.5.5/dist/grails-plugin-converters-2.5.5.jar
7fb6c8cc3000-7fb6c8ccb000 r--s 00070000 fd:01 134606                     /root/.sdkman/candidates/grails/2.5.5/dist/grails-plugin-testing-2.5.5.jar
7fb6c8ccb000-7fb6c8ccc000 r--s 0000e000 fd:01 133509                     /root/.sdkman/candidates/grails/2.5.5/lib/org.codehaus.jsr166-mirror/jsr166y/jars/jsr166y-1.7.0.jar
7fb6c8ccc000-7fb6c8ce8000 r--s 00136000 fd:01 133495                     /root/.sdkman/candidates/grails/2.5.5/lib/org.codehaus.gpars/gpars/jars/gpars-1.2.1.jar
7fb6c8ce8000-7fb6c8cea000 r--s 0000c000 fd:01 134144                     /root/.sdkman/candidates/grails/2.5.5/dist/grails-async-2.5.5.jar
7fb6c8cea000-7fb6c8cec000 r--s 0000a000 fd:01 134291                     /root/.sdkman/candidates/grails/2.5.5/dist/grails-plugin-async-2.5.5.jar
7fb6c8cec000-7fb6c8cf0000 r--s 00028000 fd:01 133313                     /root/.sdkman/candidates/grails/2.5.5/lib/commons-validator/commons-validator/jars/commons-validator-1.4.0.jar
7fb6c8cf0000-7fb6c8cf2000 r--s 00014000 fd:01 134774                     /root/.sdkman/candidates/grails/2.5.5/dist/grails-validation-2.5.5.jar
7fb6c8cf2000-7fb6c8cf6000 r--s 00019000 fd:01 133259                     /root/.sdkman/candidates/grails/2.5.5/lib/com.googlecode.concurrentlinkedhashmap/concurrentlinkedhashmap-lru/jars/concurrentlinkedhashmap-lru-1.4.jar
7fb6c8cf6000-7fb6c8cf8000 r--s 0000c000 fd:01 134627                     /root/.sdkman/candidates/grails/2.5.5/dist/grails-plugin-url-mappings-2.5.5.jar
7fb6c8cf8000-7fb6c8cfa000 r--s 00004000 fd:01 134585                     /root/.sdkman/candidates/grails/2.5.5/dist/grails-plugin-servlets-2.5.5.jar
7fb6c8cfa000-7fb6c8d01000 r--s 00037000 fd:01 520445                     /root/.m2/repository/org/springframework/spring-tx/4.1.8.RELEASE/spring-tx-4.1.8.RELEASE.jar
7fb6c8d01000-7fb6c8d02000 r--s 00008000 fd:01 134564                     /root/.sdkman/candidates/grails/2.5.5/dist/grails-plugin-services-2.5.5.jar
7fb6c8d02000-7fb6c8d03000 r--s 00001000 fd:01 133648                     /root/.sdkman/candidates/grails/2.5.5/lib/org.slf4j/jul-to-slf4j/jars/jul-to-slf4j-1.7.5.jar
7fb6c8d03000-7fb6c8d05000 r--s 0000b000 fd:01 134501                     /root/.sdkman/candidates/grails/2.5.5/dist/grails-plugin-log4j-2.5.5.jar
7fb6c8d05000-7fb6c8d06000 r--s 00000000 fd:01 134270                     /root/.sdkman/candidates/grails/2.5.5/dist/grails-logging-2.5.5.jar
7fb6c8d06000-7fb6c8d16000 r--s 000a1000 fd:01 520444                     /root/.m2/repository/org/springframework/spring-web/4.1.8.RELEASE/spring-web-4.1.8.RELEASE.jar
7fb6c8d16000-7fb6c8d1b000 r--s 0002a000 fd:01 134249                     /root/.sdkman/candidates/grails/2.5.5/dist/grails-encoder-2.5.5.jar
7fb6c8d1b000-7fb6c8d1d000 r--s 0000e000 fd:01 134312                     /root/.sdkman/candidates/grails/2.5.5/dist/grails-plugin-codecs-2.5.5.jar
7fb6c8d1d000-7fb6c8d1e000 r--s 0000a000 fd:01 134921                     /root/.sdkman/candidates/grails/2.5.5/dist/grails-web-gsp-taglib-2.5.5.jar
7fb6c8d1e000-7fb6c8d24000 r--s 0004c000 fd:01 134459                     /root/.sdkman/candidates/grails/2.5.5/dist/grails-plugin-gsp-2.5.5.jar
7fb6c8d24000-7fb6c8d26000 r--s 00009000 fd:01 134438                     /root/.sdkman/candidates/grails/2.5.5/dist/grails-plugin-filters-2.5.5.jar
7fb6c8d26000-7fb6c8d27000 r--s 00004000 fd:01 134480                     /root/.sdkman/candidates/grails/2.5.5/dist/grails-plugin-i18n-2.5.5.jar
7fb6c8d27000-7fb6c8d28000 r--s 00009000 fd:01 134732                     /root/.sdkman/candidates/grails/2.5.5/dist/grails-spring-2.5.5.jar
7fb6c8d28000-7fb6c8d35000 r--s 000a1000 fd:01 520443                     /root/.m2/repository/org/springframework/spring-beans/4.1.8.RELEASE/spring-beans-4.1.8.RELEASE.jar
7fb6c8d35000-7fb6c8d3a000 r--s 00017000 fd:01 133624                     /root/.sdkman/candidates/grails/2.5.5/lib/org.hibernate.javax.persistence/hibernate-jpa-2.1-api/jars/hibernate-jpa-2.1-api-1.0.0.Final.jar
7fb6c8d3a000-7fb6c8d4f000 r--s 000e2000 fd:01 520442                     /root/.m2/repository/org/springframework/spring-core/4.1.8.RELEASE/spring-core-4.1.8.RELEASE.jar
7fb6c8d4f000-7fb6c8d5c000 r--s 00096000 fd:01 134186                     /root/.sdkman/candidates/grails/2.5.5/dist/grails-core-2.5.5.jar
7fb6c8d5c000-7fb6c8d5d000 r--s 00004000 fd:01 134375                     /root/.sdkman/candidates/grails/2.5.5/dist/grails-plugin-databinding-2.5.5.jar
7fb6c8d5d000-7fb6c8d62000 r--s 0002a000 fd:01 133245                     /root/.sdkman/candidates/grails/2.5.5/lib/com.google.code.gson/gson/jars/gson-2.2.4.jar
7fb6c8d62000-7fb6c8d64000 r--s 00009000 fd:01 134648                     /root/.sdkman/candidates/grails/2.5.5/dist/grails-plugin-validation-2.5.5.jar
7fb6c8d64000-7fb6c8d67000 r--s 0001d000 fd:01 134333                     /root/.sdkman/candidates/grails/2.5.5/dist/grails-plugin-controllers-2.5.5.jar
7fb6c8d67000-7fb6c8d6c000 r--s 0003b000 fd:01 520441                     /root/.m2/repository/org/springframework/spring-expression/4.1.8.RELEASE/spring-expression-4.1.8.RELEASE.jar
7fb6c8d6c000-7fb6c8d75000 r--s 0004f000 fd:01 520435                     /root/.m2/repository/org/springframework/spring-aop/4.1.8.RELEASE/spring-aop-4.1.8.RELEASE.jar
7fb6c8d75000-7fb6c8d8d000 r--s 000e3000 fd:01 520433                     /root/.m2/repository/org/springframework/spring-context/4.1.8.RELEASE/spring-context-4.1.8.RELEASE.jar
7fb6c8d8d000-7fb6c8d97000 r--s 0005f000 fd:01 520431                     /root/.m2/repository/org/springframework/spring-jdbc/4.1.8.RELEASE/spring-jdbc-4.1.8.RELEASE.jar
7fb6c8d97000-7fb6c8d99000 r--s 00008000 fd:01 133468                     /root/.sdkman/candidates/grails/2.5.5/lib/org.apache.tomcat/tomcat-juli/jars/tomcat-juli-7.0.70.jar
7fb6c8d99000-7fb6c8d9c000 r--s 0001d000 fd:01 133463                     /root/.sdkman/candidates/grails/2.5.5/lib/org.apache.tomcat/tomcat-jdbc/jars/tomcat-jdbc-7.0.70.jar
7fb6c8d9c000-7fb6c8d9e000 r--s 0000a000 fd:01 134396                     /root/.sdkman/candidates/grails/2.5.5/dist/grails-plugin-datasource-2.5.5.jar
7fb6c8d9e000-7fb6c8da0000 r--s 0000c000 fd:01 133697                     /root/.sdkman/candidates/grails/2.5.5/lib/org.springframework/spring-aspects/jars/spring-aspects-4.1.9.RELEASE.jar
7fb6c8da0000-7fb6c8da3000 r--s 00020000 fd:01 134942                     /root/.sdkman/candidates/grails/2.5.5/dist/grails-web-jsp-2.5.5.jar
7fb6c8da3000-7fb6c8da7000 r--s 00027000 fd:01 133302                     /root/.sdkman/candidates/grails/2.5.5/lib/commons-io/commons-io/jars/commons-io-2.2.jar
7fb6c8da7000-7fb6c8da9000 r--s 0000f000 fd:01 133298                     /root/.sdkman/candidates/grails/2.5.5/lib/commons-fileupload/commons-fileupload/jars/commons-fileupload-1.3.1.jar
7fb6c8da9000-7fb6c8dad000 r--s 00019000 fd:01 133481                     /root/.sdkman/candidates/grails/2.5.5/lib/org.aspectj/aspectjrt/jars/aspectjrt-1.8.7.jar
7fb6c8dad000-7fb6c8db1000 r--s 00028000 fd:01 520427                     /root/.m2/repository/org/springframework/spring-context-support/4.1.8.RELEASE/spring-context-support-4.1.8.RELEASE.jar
7fb6c8db1000-7fb6c8dc0000 r--s 000b1000 fd:01 520418                     /root/.m2/repository/org/springframework/spring-webmvc/4.1.8.RELEASE/spring-webmvc-4.1.8.RELEASE.jar
7fb6c8dc0000-7fb6c8dc5000 r--s 0002c000 fd:01 134816                     /root/.sdkman/candidates/grails/2.5.5/dist/grails-web-common-2.5.5.jar
7fb6c8dc5000-7fb6c8dc8000 r--s 0000d000 fd:01 134207                     /root/.sdkman/candidates/grails/2.5.5/dist/grails-databinding-2.5.5.jar
7fb6c8dc8000-7fb6c8dcb000 r--s 00014000 fd:01 134837                     /root/.sdkman/candidates/grails/2.5.5/dist/grails-web-databinding-2.5.5.jar
7fb6c8dcb000-7fb6c8de4000 r--s 001af000 fd:01 133484                     /root/.sdkman/candidates/grails/2.5.5/lib/org.aspectj/aspectjweaver/jars/aspectjweaver-1.8.7.jar
7fb6c8de4000-7fb6c8de7000 r--s 00020000 fd:01 135005                     /root/.sdkman/candidates/grails/2.5.5/dist/grails-web-url-mappings-2.5.5.jar
7fb6c8de7000-7fb6c8ded000 r--s 00027000 fd:01 133390                     /root/.sdkman/candidates/grails/2.5.5/lib/opensymphony/sitemesh/jars/sitemesh-2.4.jar
7fb6c8ded000-7fb6c8def000 r--s 0000b000 fd:01 134984                     /root/.sdkman/candidates/grails/2.5.5/dist/grails-web-sitemesh-2.5.5.jar
7fb6c8def000-7fb6c8df1000 r--s 00009000 fd:01 134963                     /root/.sdkman/candidates/grails/2.5.5/dist/grails-web-mvc-2.5.5.jar
7fb6c8df1000-7fb6c8df8000 r--s 00049000 fd:01 134900                     /root/.sdkman/candidates/grails/2.5.5/dist/grails-web-gsp-2.5.5.jar
7fb6c8df8000-7fb6c8dfa000 r--s 00009000 fd:01 134795                     /root/.sdkman/candidates/grails/2.5.5/dist/grails-web-2.5.5.jar
7fb6c8dfa000-7fb6c8dfe000 r--s 00028000 fd:01 134543                     /root/.sdkman/candidates/grails/2.5.5/dist/grails-plugin-rest-2.5.5.jar
7fb6c8dfe000-7fb6c8e01000 r--s 00012000 fd:01 133350                     /root/.sdkman/candidates/grails/2.5.5/lib/javax.servlet/javax.servlet-api/jars/javax.servlet-api-3.0.1.jar
7fb6c8e01000-7fb6c8e07000 r--s 00045000 fd:01 1422231                    /universe/Neeis/lib/commons-net-3.5.jar
7fb6c8e07000-7fb6c8e09000 r--s 00024000 fd:01 1422232                    /universe/Neeis/lib/groovy-wslite-1.1.3.jar
7fb6c8e09000-7fb6c8e10000 r--s 00088000 fd:01 1422233                    /universe/Neeis/lib/sqljdbc4.jar
7fb6c8e10000-7fb6c8e31000 r--s 00270000 fd:01 519882                     /root/.m2/repository/org/apache/tomcat/embed/tomcat-embed-core/7.0.70/tomcat-embed-core-7.0.70.jar
7fb6c8e31000-7fb6c8e41000 r--s 0019c000 fd:01 519880                     /root/.m2/repository/org/eclipse/jdt/core/compiler/ecj/3.7.2/ecj-3.7.2.jar
7fb6c8e41000-7fb6c8e46000 r--s 00038000 fd:01 519878                     /root/.m2/repository/org/apache/tomcat/embed/tomcat-embed-websocket/7.0.70/tomcat-embed-websocket-7.0.70.jar
7fb6c8e46000-7fb6c8e48000 r--s 00013000 fd:01 133474                     /root/.sdkman/candidates/grails/2.5.5/lib/org.apache.tomcat.embed/tomcat-embed-logging-log4j/jars/tomcat-embed-logging-log4j-7.0.70.jar
7fb6c8e48000-7fb6c8e4b000 r--s 00028000 fd:01 519876                     /root/.m2/repository/org/apache/tomcat/embed/tomcat-embed-el/7.0.70/tomcat-embed-el-7.0.70.jar
7fb6c8e4b000-7fb6c8e54000 r--s 0009f000 fd:01 519874                     /root/.m2/repository/org/apache/tomcat/embed/tomcat-embed-jasper/7.0.70/tomcat-embed-jasper-7.0.70.jar
7fb6c8e54000-7fb6c8e56000 r--s 0000c000 fd:01 519872                     /root/.m2/repository/org/apache/tomcat/tomcat-catalina-ant/7.0.70/tomcat-catalina-ant-7.0.70.jar
7fb6c8e56000-7fb6c8e5a000 r--s 0001c000 fd:01 133610                     /root/.sdkman/candidates/grails/2.5.5/lib/org.grails/grails-gdoc-engine/jars/grails-gdoc-engine-1.0.1.jar
7fb6c8e5a000-7fb6c8e60000 r--s 00039000 fd:01 133770                     /root/.sdkman/candidates/grails/2.5.5/lib/org.yaml/snakeyaml/jars/snakeyaml-1.8.jar
7fb6c8e60000-7fb6c8e71000 r--s 000f7000 fd:01 133763                     /root/.sdkman/candidates/grails/2.5.5/lib/org.xhtmlrenderer/core-renderer/jars/core-renderer-R8.jar
7fb6c8e71000-7fb6c8e76000 r--s 00041000 fd:01 133309                     /root/.sdkman/candidates/grails/2.5.5/lib/commons-lang/commons-lang/jars/commons-lang-2.6.jar
7fb6c8e76000-7fb6c8e97000 r--s 0015a000 fd:01 133229                     /root/.sdkman/candidates/grails/2.5.5/lib/bouncycastle/bcprov-jdk14/jars/bcprov-jdk14-138.jar
7fb6c8e97000-7fb6c8e9b000 r--s 0002b000 fd:01 133225                     /root/.sdkman/candidates/grails/2.5.5/lib/bouncycastle/bcmail-jdk14/jars/bcmail-jdk14-138.jar
7fb6c8e9b000-7fb6c8ea8000 r--s 0011c000 fd:01 133273                     /root/.sdkman/candidates/grails/2.5.5/lib/com.lowagie/itext/jars/itext-2.0.8.jar
7fb6c8ea8000-7fb6c8eae000 r--s 00043000 fd:01 133631                     /root/.sdkman/candidates/grails/2.5.5/lib/org.jsoup/jsoup/jars/jsoup-1.7.3.jar
7fb6c8eae000-7fb6c8eb1000 r--s 00044000 fd:01 134228                     /root/.sdkman/candidates/grails/2.5.5/dist/grails-docs-2.5.5.jar
7fb6c8eb1000-7fb6c90b1000 rw-p 00000000 00:00 0 
7fb6c90b1000-7fb6c90c2000 r-xp 00000000 fd:01 518817                     /root/.sdkman/candidates/java/8u111/jre/lib/amd64/libnio.so
7fb6c90c2000-7fb6c92c1000 ---p 00011000 fd:01 518817                     /root/.sdkman/candidates/java/8u111/jre/lib/amd64/libnio.so
7fb6c92c1000-7fb6c92c2000 rw-p 00010000 fd:01 518817                     /root/.sdkman/candidates/java/8u111/jre/lib/amd64/libnio.so
7fb6c92c2000-7fb6c92d8000 r-xp 00000000 fd:01 518867                     /root/.sdkman/candidates/java/8u111/jre/lib/amd64/libnet.so
7fb6c92d8000-7fb6c94d8000 ---p 00016000 fd:01 518867                     /root/.sdkman/candidates/java/8u111/jre/lib/amd64/libnet.so
7fb6c94d8000-7fb6c94d9000 rw-p 00016000 fd:01 518867                     /root/.sdkman/candidates/java/8u111/jre/lib/amd64/libnet.so
7fb6c94d9000-7fb6c96d9000 rw-p 00000000 00:00 0 
7fb6c96d9000-7fb6c98d9000 rw-p 00000000 00:00 0 
7fb6c98d9000-7fb6c9ad9000 rw-p 00000000 00:00 0 
7fb6c9ad9000-7fb6d0000000 r--p 00000000 fd:01 262303                     /usr/lib/locale/locale-archive
7fb6d0000000-7fb6d0021000 rw-p 00000000 00:00 0 
7fb6d0021000-7fb6d4000000 ---p 00000000 00:00 0 
7fb6d4000000-7fb6d4021000 rw-p 00000000 00:00 0 
7fb6d4021000-7fb6d8000000 ---p 00000000 00:00 0 
7fb6d8000000-7fb6d8021000 rw-p 00000000 00:00 0 
7fb6d8021000-7fb6dc000000 ---p 00000000 00:00 0 
7fb6dc000000-7fb6dc385000 rw-p 00000000 00:00 0 
7fb6dc385000-7fb6e0000000 ---p 00000000 00:00 0 
7fb6e0000000-7fb6e003c000 rw-p 00000000 00:00 0 
7fb6e003c000-7fb6e4000000 ---p 00000000 00:00 0 
7fb6e4000000-7fb6e4001000 r--s 00000000 fd:01 134879                     /root/.sdkman/candidates/grails/2.5.5/dist/grails-web-fileupload-2.5.5.jar
7fb6e4001000-7fb6e4008000 r--s 00081000 fd:01 134711                     /root/.sdkman/candidates/grails/2.5.5/dist/grails-scripts-2.5.5.jar
7fb6e4008000-7fb6e400d000 r--s 00033000 fd:01 134669                     /root/.sdkman/candidates/grails/2.5.5/dist/grails-project-api-2.5.5.jar
7fb6e400d000-7fb6e402b000 r--s 001cf000 fd:01 133394                     /root/.sdkman/candidates/grails/2.5.5/lib/org.apache.ant/ant/jars/ant-1.9.4.jar
7fb6e402b000-7fb6e402c000 r--s 00001000 fd:01 133403                     /root/.sdkman/candidates/grails/2.5.5/lib/org.apache.ant/ant-trax/jars/ant-trax-1.7.1.jar
7fb6e402c000-7fb6e4031000 r--s 00050000 fd:01 133488                     /root/.sdkman/candidates/grails/2.5.5/lib/org.codehaus.gant/gant_groovy1.8/jars/gant_groovy1.8-1.9.6.jar
7fb6e4031000-7fb6e4033000 r--s 0001a000 fd:01 133594                     /root/.sdkman/candidates/grails/2.5.5/lib/org.fusesource.jansi/jansi/jars/jansi-1.11.jar
7fb6e4033000-7fb6e4037000 r--s 000dc000 fd:01 133386                     /root/.sdkman/candidates/grails/2.5.5/lib/net.java.dev.jna/jna/jars/jna-4.0.0.jar
7fb6e4037000-7fb6e403b000 r--s 00031000 fd:01 133368                     /root/.sdkman/candidates/grails/2.5.5/lib/jline/jline/jars/jline-2.12.jar
7fb6e403b000-7fb6e40aa000 r--s 0063e000 fd:01 135504                     /root/.sdkman/candidates/grails/2.5.5/lib/org.codehaus.groovy/groovy-all/jars/groovy-all-2.4.4.jar
7fb6e40aa000-7fb6e40ac000 r--s 0001b000 fd:01 133397                     /root/.sdkman/candidates/grails/2.5.5/lib/org.apache.ant/ant-junit/jars/ant-junit-1.9.4.jar
7fb6e40ac000-7fb6e40ad000 r--s 00004000 fd:01 133400                     /root/.sdkman/candidates/grails/2.5.5/lib/org.apache.ant/ant-launcher/jars/ant-launcher-1.9.4.jar
7fb6e40ad000-7fb6e40b1000 r--s 00040000 fd:01 133777                     /root/.sdkman/candidates/grails/2.5.5/lib/xalan/serializer/jars/serializer-2.7.2.jar
7fb6e40b1000-7fb6e40b3000 r--s 00000000 fd:01 133215                     /root/.sdkman/candidates/grails/2.5.5/lib/aopalliance/aopalliance/jars/aopalliance-1.0.jar
7fb6e40b3000-7fb6e40b6000 r--s 00006000 fd:01 133241                     /root/.sdkman/candidates/grails/2.5.5/lib/com.google.code.findbugs/jsr305/jars/jsr305-1.3.9.jar
7fb6e40b6000-7fb6e40b7000 r--s 00000000 fd:01 133343                     /root/.sdkman/candidates/grails/2.5.5/lib/javax.inject/javax.inject/jars/javax.inject-1.jar
7fb6e40b7000-7fb6e40b8000 r--s 00001000 fd:01 133329                     /root/.sdkman/candidates/grails/2.5.5/lib/javax.annotation/jsr250-api/jars/jsr250-api-1.0.jar
7fb6e40b8000-7fb6e40ba000 r--s 00002000 fd:01 133667                     /root/.sdkman/candidates/grails/2.5.5/lib/org.sonatype.plexus/plexus-cipher/jars/plexus-cipher-1.4.jar
7fb6e40ba000-7fb6e40c0000 r--s 00033000 fd:01 133287                     /root/.sdkman/candidates/grails/2.5.5/lib/commons-codec/commons-codec/jars/commons-codec-1.6.jar
7fb6e40c0000-7fb6e40c6000 r--s 00032000 fd:01 133416                     /root/.sdkman/candidates/grails/2.5.5/lib/org.apache.httpcomponents/httpcore/jars/httpcore-4.2.5.jar
7fb6e40c6000-7fb6e40db000 r--s 00116000 fd:01 133420                     /root/.sdkman/candidates/grails/2.5.5/lib/org.apache.ivy/ivy/jars/ivy-2.3.0.jar
7fb6e40db000-7fb6e40dd000 r--s 0000a000 fd:01 133516                     /root/.sdkman/candidates/grails/2.5.5/lib/org.codehaus.plexus/plexus-classworlds/jars/plexus-classworlds-2.4.jar
7fb6e40dd000-7fb6e40e3000 r--s 00042000 fd:01 133584                     /root/.sdkman/candidates/grails/2.5.5/lib/org.eclipse.sisu/org.eclipse.sisu.inject/jars/org.eclipse.sisu.inject-0.0.0.M5.jar
7fb6e40e3000-7fb6e40eb000 r--s 00050000 fd:01 133679                     /root/.sdkman/candidates/grails/2.5.5/lib/org.sonatype.sisu/sisu-guice/jars/sisu-guice-3.1.0-no_aop.jar
7fb6e40eb000-7fb6e4109000 r--s 00151000 fd:01 133252                     /root/.sdkman/candidates/grails/2.5.5/lib/com.google.guava/guava/jars/guava-10.0.1.jar
7fb6e4109000-7fb6e410c000 r--s 00008000 fd:01 133336                     /root/.sdkman/candidates/grails/2.5.5/lib/javax.enterprise/cdi-api/jars/cdi-api-1.0.jar
7fb6e410c000-7fb6e410d000 r--s 00006000 fd:01 133673                     /root/.sdkman/candidates/grails/2.5.5/lib/org.sonatype.plexus/plexus-sec-dispatcher/jars/plexus-sec-dispatcher-1.3.jar
7fb6e410d000-7fb6e410f000 r--s 00009000 fd:01 133451                     /root/.sdkman/candidates/grails/2.5.5/lib/org.apache.maven/maven-settings/jars/maven-settings-3.2.5.jar
7fb6e410f000-7fb6e4112000 r--s 0000d000 fd:01 133528                     /root/.sdkman/candidates/grails/2.5.5/lib/org.codehaus.plexus/plexus-interpolation/jars/plexus-interpolation-1.21.jar
7fb6e4112000-7fb6e4116000 r--s 00038000 fd:01 133534                     /root/.sdkman/candidates/grails/2.5.5/lib/org.codehaus.plexus/plexus-utils/jars/plexus-utils-3.0.20.jar
7fb6e4116000-7fb6e4118000 r--s 00000000 fd:01 133522                     /root/.sdkman/candidates/grails/2.5.5/lib/org.codehaus.plexus/plexus-component-annotations/jars/plexus-component-annotations-1.5.5.jar
7fb6e4118000-7fb6e411a000 r--s 00005000 fd:01 133445                     /root/.sdkman/candidates/grails/2.5.5/lib/org.apache.maven/maven-repository-metadata/jars/maven-repository-metadata-3.2.5.jar
7fb6e411a000-7fb6e411f000 r--s 00025000 fd:01 133439                     /root/.sdkman/candidates/grails/2.5.5/lib/org.apache.maven/maven-model-builder/jars/maven-model-builder-3.2.5.jar
7fb6e411f000-7fb6e4122000 r--s 00025000 fd:01 133433                     /root/.sdkman/candidates/grails/2.5.5/lib/org.apache.maven/maven-model/jars/maven-model-3.2.5.jar
7fb6e4122000-7fb6e412c000 r--s 00061000 fd:01 133410                     /root/.sdkman/candidates/grails/2.5.5/lib/org.apache.httpcomponents/httpclient/jars/httpclient-4.2.6.jar
7fb6e412c000-7fb6e412e000 r--s 00006000 fd:01 133559                     /root/.sdkman/candidates/grails/2.5.5/lib/org.eclipse.aether/aether-spi/jars/aether-spi-1.0.2.v20150114.jar
7fb6e412e000-7fb6e4134000 r--s 0002a000 fd:01 133590                     /root/.sdkman/candidates/grails/2.5.5/lib/org.eclipse.sisu/org.eclipse.sisu.plexus/jars/org.eclipse.sisu.plexus-0.0.0.M5.jar
7fb6e4134000-7fb6e4136000 r--s 00009000 fd:01 133457                     /root/.sdkman/candidates/grails/2.5.5/lib/org.apache.maven/maven-settings-builder/jars/maven-settings-builder-3.2.5.jar
7fb6e4136000-7fb6e4138000 r--s 0000f000 fd:01 133427                     /root/.sdkman/candidates/grails/2.5.5/lib/org.apache.maven/maven-aether-provider/jars/maven-aether-provider-3.2.5.jar
7fb6e4138000-7fb6e413a000 r--s 00001000 fd:01 133565                     /root/.sdkman/candidates/grails/2.5.5/lib/org.eclipse.aether/aether-transport-file/jars/aether-transport-file-1.0.2.v20150114.jar
7fb6e413a000-7fb6e413c000 r--s 00007000 fd:01 133571                     /root/.sdkman/candidates/grails/2.5.5/lib/org.eclipse.aether/aether-transport-http/jars/aether-transport-http-1.0.2.v20150114.jar
7fb6e413c000-7fb6e4140000 r--s 00027000 fd:01 133553                     /root/.sdkman/candidates/grails/2.5.5/lib/org.eclipse.aether/aether-impl/jars/aether-impl-1.0.2.v20150114.jar
7fb6e4140000-7fb6e4144000 r--s 00020000 fd:01 133577                     /root/.sdkman/candidates/grails/2.5.5/lib/org.eclipse.aether/aether-util/jars/aether-util-1.0.2.v20150114.jar
7fb6e4144000-7fb6e4149000 r--s 0001d000 fd:01 133541                     /root/.sdkman/candidates/grails/2.5.5/lib/org.eclipse.aether/aether-api/jars/aether-api-1.0.2.v20150114.jar
7fb6e4149000-7fb6e414b000 r--s 00003000 fd:01 133642                     /root/.sdkman/candidates/grails/2.5.5/lib/org.slf4j/jcl-over-slf4j/jars/jcl-over-slf4j-1.7.5.jar
7fb6e414b000-7fb6e414d000 r--s 00005000 fd:01 133654                     /root/.sdkman/candidates/grails/2.5.5/lib/org.slf4j/slf4j-api/jars/slf4j-api-1.7.5.jar
7fb6e414d000-7fb6e4150000 r--s 0001b000 fd:01 134123                     /root/.sdkman/candidates/grails/2.5.5/dist/grails-aether-2.5.5.jar
7fb6e4150000-7fb6e4350000 rw-p 00000000 00:00 0 
7fb6e4350000-7fb6e4353000 ---p 00000000 00:00 0 
7fb6e4353000-7fb6e4451000 rw-p 00000000 00:00 0                          [stack:30503]
7fb6e4451000-7fb6e4452000 r-xp 00000000 fd:01 281988                     /tmp/libjansi-64-6633407243145537110.so
7fb6e4452000-7fb6e4651000 ---p 00001000 fd:01 281988                     /tmp/libjansi-64-6633407243145537110.so
7fb6e4651000-7fb6e4652000 rw-p 00000000 fd:01 281988                     /tmp/libjansi-64-6633407243145537110.so
7fb6e4652000-7fb6e4655000 ---p 00000000 00:00 0 
7fb6e4655000-7fb6e488b000 rw-p 00000000 00:00 0                          [stack:30492]
7fb6e488b000-7fb6e488f000 r--s 00097000 fd:01 518660                     /root/.sdkman/candidates/java/8u111/jre/lib/jsse.jar
7fb6e488f000-7fb6e4907000 r--s 010e6000 fd:01 518570                     /root/.sdkman/candidates/java/8u111/lib/tools.jar
7fb6e4907000-7fb6e4925000 r--s 001cf000 fd:01 133394                     /root/.sdkman/candidates/grails/2.5.5/lib/org.apache.ant/ant/jars/ant-1.9.4.jar
7fb6e4925000-7fb6e493a000 r--s 00116000 fd:01 133420                     /root/.sdkman/candidates/grails/2.5.5/lib/org.apache.ivy/ivy/jars/ivy-2.3.0.jar
7fb6e493a000-7fb6e49aa000 r--s 0063d000 fd:01 133502                     /root/.sdkman/candidates/grails/2.5.5/lib/org.codehaus.groovy/groovy-all/jars/groovy-all-2.4.5.jar
7fb6e49aa000-7fb6e49b7000 r--s 000b3000 fd:01 134165                     /root/.sdkman/candidates/grails/2.5.5/dist/grails-bootstrap-2.5.5.jar
7fb6e49b7000-7fb6e49c4000 r--s 000b3000 fd:01 134165                     /root/.sdkman/candidates/grails/2.5.5/dist/grails-bootstrap-2.5.5.jar
7fb6e49c4000-7fb6e4a34000 r--s 0063d000 fd:01 133502                     /root/.sdkman/candidates/grails/2.5.5/lib/org.codehaus.groovy/groovy-all/jars/groovy-all-2.4.5.jar
7fb6e4a34000-7fb6e4a35000 ---p 00000000 00:00 0 
7fb6e4a35000-7fb6e4b35000 rw-p 00000000 00:00 0                          [stack:30490]
7fb6e4b35000-7fb6e4b38000 ---p 00000000 00:00 0 
7fb6e4b38000-7fb6e4c36000 rw-p 00000000 00:00 0                          [stack:30489]
7fb6e4c36000-7fb6e4c39000 ---p 00000000 00:00 0 
7fb6e4c39000-7fb6e4d37000 rw-p 00000000 00:00 0                          [stack:30488]
7fb6e4d37000-7fb6e4d3a000 ---p 00000000 00:00 0 
7fb6e4d3a000-7fb6e4e38000 rw-p 00000000 00:00 0                          [stack:30487]
7fb6e4e38000-7fb6e4e3b000 ---p 00000000 00:00 0 
7fb6e4e3b000-7fb6e4f39000 rw-p 00000000 00:00 0                          [stack:30486]
7fb6e4f39000-7fb6e4f3c000 ---p 00000000 00:00 0 
7fb6e4f3c000-7fb6e503a000 rw-p 00000000 00:00 0                          [stack:30485]
7fb6e503a000-7fb6e503d000 ---p 00000000 00:00 0 
7fb6e503d000-7fb6e513b000 rw-p 00000000 00:00 0                          [stack:30484]
7fb6e513b000-7fb6e513c000 ---p 00000000 00:00 0 
7fb6e513c000-7fb6e5b87000 rw-p 00000000 00:00 0                          [stack:30483]
7fb6e5b87000-7fb6e5d5f000 r--s 03d2a000 fd:01 518748                     /root/.sdkman/candidates/java/8u111/jre/lib/rt.jar
7fb6e5d5f000-7fb6e7f55000 rw-p 00000000 00:00 0 
7fb6e7f55000-7fb6e7f56000 ---p 00000000 00:00 0 
7fb6e7f56000-7fb6e8056000 rw-p 00000000 00:00 0                          [stack:30482]
7fb6e8056000-7fb6e8057000 ---p 00000000 00:00 0 
7fb6e8057000-7fb6e8170000 rw-p 00000000 00:00 0                          [stack:30481]
7fb6e8170000-7fb6e8257000 ---p 00000000 00:00 0 
7fb6e8257000-7fb6e8270000 rw-p 00000000 00:00 0 
7fb6e8270000-7fb6e8357000 ---p 00000000 00:00 0 
7fb6e8357000-7fb6e83cb000 rw-p 00000000 00:00 0 
7fb6e83cb000-7fb6e83d7000 ---p 00000000 00:00 0 
7fb6e83d7000-7fb6e841c000 rw-p 00000000 00:00 0 
7fb6e841c000-7fb6e8798000 ---p 00000000 00:00 0 
7fb6e8798000-7fb6e9878000 rwxp 00000000 00:00 0 
7fb6e9878000-7fb6f7798000 ---p 00000000 00:00 0 
7fb6f7798000-7fb6f77b2000 r-xp 00000000 fd:01 518850                     /root/.sdkman/candidates/java/8u111/jre/lib/amd64/libzip.so
7fb6f77b2000-7fb6f79b2000 ---p 0001a000 fd:01 518850                     /root/.sdkman/candidates/java/8u111/jre/lib/amd64/libzip.so
7fb6f79b2000-7fb6f79b3000 rw-p 0001a000 fd:01 518850                     /root/.sdkman/candidates/java/8u111/jre/lib/amd64/libzip.so
7fb6f79b3000-7fb6f79bf000 r-xp 00000000 fd:01 262003                     /usr/lib64/libnss_files-2.17.so
7fb6f79bf000-7fb6f7bbe000 ---p 0000c000 fd:01 262003                     /usr/lib64/libnss_files-2.17.so
7fb6f7bbe000-7fb6f7bbf000 r--p 0000b000 fd:01 262003                     /usr/lib64/libnss_files-2.17.so
7fb6f7bbf000-7fb6f7bc0000 rw-p 0000c000 fd:01 262003                     /usr/lib64/libnss_files-2.17.so
7fb6f7bc0000-7fb6f7bc6000 rw-p 00000000 00:00 0 
7fb6f7bc6000-7fb6f7bf1000 r-xp 00000000 fd:01 518825                     /root/.sdkman/candidates/java/8u111/jre/lib/amd64/libjava.so
7fb6f7bf1000-7fb6f7df0000 ---p 0002b000 fd:01 518825                     /root/.sdkman/candidates/java/8u111/jre/lib/amd64/libjava.so
7fb6f7df0000-7fb6f7df2000 rw-p 0002a000 fd:01 518825                     /root/.sdkman/candidates/java/8u111/jre/lib/amd64/libjava.so
7fb6f7df2000-7fb6f7dff000 r-xp 00000000 fd:01 518842                     /root/.sdkman/candidates/java/8u111/jre/lib/amd64/libverify.so
7fb6f7dff000-7fb6f7ffe000 ---p 0000d000 fd:01 518842                     /root/.sdkman/candidates/java/8u111/jre/lib/amd64/libverify.so
7fb6f7ffe000-7fb6f8000000 rw-p 0000c000 fd:01 518842                     /root/.sdkman/candidates/java/8u111/jre/lib/amd64/libverify.so
7fb6f8000000-7fb6fa040000 rw-p 00000000 00:00 0 
7fb6fa040000-7fb6fc000000 ---p 00000000 00:00 0 
7fb6fc000000-7fb6fc001000 r--s 00002000 fd:01 133660                     /root/.sdkman/candidates/grails/2.5.5/lib/org.slf4j/slf4j-simple/jars/slf4j-simple-1.7.5.jar
7fb6fc001000-7fb6fc006000 r--s 00050000 fd:01 133488                     /root/.sdkman/candidates/grails/2.5.5/lib/org.codehaus.gant/gant_groovy1.8/jars/gant_groovy1.8-1.9.6.jar
7fb6fc006000-7fb6fc027000 rw-p 00000000 00:00 0 
7fb6fc027000-7fb6fc02e000 r-xp 00000000 fd:01 262015                     /usr/lib64/librt-2.17.so
7fb6fc02e000-7fb6fc22d000 ---p 00007000 fd:01 262015                     /usr/lib64/librt-2.17.so
7fb6fc22d000-7fb6fc22e000 r--p 00006000 fd:01 262015                     /usr/lib64/librt-2.17.so
7fb6fc22e000-7fb6fc22f000 rw-p 00007000 fd:01 262015                     /usr/lib64/librt-2.17.so
7fb6fc22f000-7fb6fc330000 r-xp 00000000 fd:01 261993                     /usr/lib64/libm-2.17.so
7fb6fc330000-7fb6fc52f000 ---p 00101000 fd:01 261993                     /usr/lib64/libm-2.17.so
7fb6fc52f000-7fb6fc530000 r--p 00100000 fd:01 261993                     /usr/lib64/libm-2.17.so
7fb6fc530000-7fb6fc531000 rw-p 00101000 fd:01 261993                     /usr/lib64/libm-2.17.so
7fb6fc531000-7fb6fd1fe000 r-xp 00000000 fd:01 518807                     /root/.sdkman/candidates/java/8u111/jre/lib/amd64/server/libjvm.so
7fb6fd1fe000-7fb6fd3fd000 ---p 00ccd000 fd:01 518807                     /root/.sdkman/candidates/java/8u111/jre/lib/amd64/server/libjvm.so
7fb6fd3fd000-7fb6fd4d6000 rw-p 00ccc000 fd:01 518807                     /root/.sdkman/candidates/java/8u111/jre/lib/amd64/server/libjvm.so
7fb6fd4d6000-7fb6fd521000 rw-p 00000000 00:00 0 
7fb6fd521000-7fb6fd6d8000 r-xp 00000000 fd:01 261985                     /usr/lib64/libc-2.17.so
7fb6fd6d8000-7fb6fd8d8000 ---p 001b7000 fd:01 261985                     /usr/lib64/libc-2.17.so
7fb6fd8d8000-7fb6fd8dc000 r--p 001b7000 fd:01 261985                     /usr/lib64/libc-2.17.so
7fb6fd8dc000-7fb6fd8de000 rw-p 001bb000 fd:01 261985                     /usr/lib64/libc-2.17.so
7fb6fd8de000-7fb6fd8e3000 rw-p 00000000 00:00 0 
7fb6fd8e3000-7fb6fd8e6000 r-xp 00000000 fd:01 261991                     /usr/lib64/libdl-2.17.so
7fb6fd8e6000-7fb6fdae5000 ---p 00003000 fd:01 261991                     /usr/lib64/libdl-2.17.so
7fb6fdae5000-7fb6fdae6000 r--p 00002000 fd:01 261991                     /usr/lib64/libdl-2.17.so
7fb6fdae6000-7fb6fdae7000 rw-p 00003000 fd:01 261991                     /usr/lib64/libdl-2.17.so
7fb6fdae7000-7fb6fdafc000 r-xp 00000000 fd:01 518577                     /root/.sdkman/candidates/java/8u111/lib/amd64/jli/libjli.so
7fb6fdafc000-7fb6fdcfc000 ---p 00015000 fd:01 518577                     /root/.sdkman/candidates/java/8u111/lib/amd64/jli/libjli.so
7fb6fdcfc000-7fb6fdcfd000 rw-p 00015000 fd:01 518577                     /root/.sdkman/candidates/java/8u111/lib/amd64/jli/libjli.so
7fb6fdcfd000-7fb6fdd13000 r-xp 00000000 fd:01 262011                     /usr/lib64/libpthread-2.17.so
7fb6fdd13000-7fb6fdf13000 ---p 00016000 fd:01 262011                     /usr/lib64/libpthread-2.17.so
7fb6fdf13000-7fb6fdf14000 r--p 00016000 fd:01 262011                     /usr/lib64/libpthread-2.17.so
7fb6fdf14000-7fb6fdf15000 rw-p 00017000 fd:01 262011                     /usr/lib64/libpthread-2.17.so
7fb6fdf15000-7fb6fdf19000 rw-p 00000000 00:00 0 
7fb6fdf19000-7fb6fdf3a000 r-xp 00000000 fd:01 261978                     /usr/lib64/ld-2.17.so
7fb6fdf3a000-7fb6fdf3c000 r--s 00001000 fd:01 518652                     /root/.sdkman/candidates/java/8u111/jre/lib/ext/dnsns.jar
7fb6fdf3c000-7fb6fdf3e000 r--s 00009000 fd:01 133280                     /root/.sdkman/candidates/grails/2.5.5/lib/commons-cli/commons-cli/jars/commons-cli-1.2.jar
7fb6fdf3e000-7fb6fdf42000 r--s 000dc000 fd:01 133386                     /root/.sdkman/candidates/grails/2.5.5/lib/net.java.dev.jna/jna/jars/jna-4.0.0.jar
7fb6fdf42000-7fb6fdf46000 r--s 00031000 fd:01 133368                     /root/.sdkman/candidates/grails/2.5.5/lib/jline/jline/jars/jline-2.12.jar
7fb6fdf46000-7fb6fe027000 rw-p 00000000 00:00 0 
7fb6fe027000-7fb6fe02f000 rw-s 00000000 fd:01 522528                     /tmp/hsperfdata_root/30464
7fb6fe02f000-7fb6fe032000 ---p 00000000 00:00 0 
7fb6fe032000-7fb6fe134000 rw-p 00000000 00:00 0                          [stack:30480]
7fb6fe134000-7fb6fe135000 r--s 00008000 fd:01 133547                     /root/.sdkman/candidates/grails/2.5.5/lib/org.eclipse.aether/aether-connector-basic/jars/aether-connector-basic-1.0.2.v20150114.jar
7fb6fe135000-7fb6fe137000 r--s 0001a000 fd:01 133594                     /root/.sdkman/candidates/grails/2.5.5/lib/org.fusesource.jansi/jansi/jars/jansi-1.11.jar
7fb6fe137000-7fb6fe138000 rw-p 00000000 00:00 0 
7fb6fe138000-7fb6fe139000 ---p 00000000 00:00 0 
7fb6fe139000-7fb6fe13a000 rw-p 00000000 00:00 0 
7fb6fe13a000-7fb6fe13b000 r--p 00021000 fd:01 261978                     /usr/lib64/ld-2.17.so
7fb6fe13b000-7fb6fe13c000 rw-p 00022000 fd:01 261978                     /usr/lib64/ld-2.17.so
7fb6fe13c000-7fb6fe13d000 rw-p 00000000 00:00 0 
7fff8e2f0000-7fff8e311000 rw-p 00000000 00:00 0                          [stack]
7fff8e39b000-7fff8e39d000 r-xp 00000000 00:00 0                          [vdso]
ffffffffff600000-ffffffffff601000 r-xp 00000000 00:00 0                  [vsyscall]

VM Arguments:
jvm_args: -Xmx768M -Xms64M -Dfile.encoding=UTF-8 -Dgrails.home=/root/.sdkman/candidates/grails/current -Dtools.jar=/root/.sdkman/candidates/java/current/lib/tools.jar -Djava.net.preferIPv4Stack=true 
java_command: org.codehaus.groovy.grails.cli.support.GrailsStarter --main org.codehaus.groovy.grails.cli.GrailsScriptRunner --conf /root/.sdkman/candidates/grails/current/conf/groovy-starter.conf --classpath   war portal.war
java_class_path (initial): /root/.sdkman/candidates/grails/current/lib/org.codehaus.groovy/groovy-all/jars/groovy-all-2.4.5.jar:/root/.sdkman/candidates/grails/current/dist/grails-bootstrap-2.5.5.jar
Launcher Type: SUN_STANDARD

Environment Variables:
JAVA_HOME=/root/.sdkman/candidates/java/current
PATH=/root/.sdkman/candidates/java/current/bin:/root/.sdkman/candidates/groovy/current/bin:/root/.sdkman/candidates/grails/current/bin:/sbin:/bin:/usr/sbin:/usr/bin
USERNAME=root
SHELL=/bin/bash

Signal Handlers:
SIGSEGV: [libjvm.so+0xac64b0], sa_mask[0]=11111111011111111101111111111110, sa_flags=SA_RESTART|SA_SIGINFO
SIGBUS: [libjvm.so+0xac64b0], sa_mask[0]=11111111011111111101111111111110, sa_flags=SA_RESTART|SA_SIGINFO
SIGFPE: [libjvm.so+0x91f950], sa_mask[0]=11111111011111111101111111111110, sa_flags=SA_RESTART|SA_SIGINFO
SIGPIPE: [libjvm.so+0x91f950], sa_mask[0]=11111111011111111101111111111110, sa_flags=SA_RESTART|SA_SIGINFO
SIGXFSZ: [libjvm.so+0x91f950], sa_mask[0]=11111111011111111101111111111110, sa_flags=SA_RESTART|SA_SIGINFO
SIGILL: [libjvm.so+0x91f950], sa_mask[0]=11111111011111111101111111111110, sa_flags=SA_RESTART|SA_SIGINFO
SIGUSR1: SIG_DFL, sa_mask[0]=00000000000000000000000000000000, sa_flags=none
SIGUSR2: [libjvm.so+0x920f80], sa_mask[0]=00000000000000000000000000000000, sa_flags=SA_RESTART|SA_SIGINFO
SIGHUP: [libjvm.so+0x922380], sa_mask[0]=11111111011111111101111111111110, sa_flags=SA_RESTART|SA_SIGINFO
SIGINT: [libjvm.so+0x922380], sa_mask[0]=11111111011111111101111111111110, sa_flags=SA_RESTART|SA_SIGINFO
SIGTERM: [libjvm.so+0x922380], sa_mask[0]=11111111011111111101111111111110, sa_flags=SA_RESTART|SA_SIGINFO
SIGQUIT: [libjvm.so+0x922380], sa_mask[0]=11111111011111111101111111111110, sa_flags=SA_RESTART|SA_SIGINFO


---------------  S Y S T E M  ---------------

OS:CentOS Linux release 7.2.1511 (Core) 

uname:Linux 3.10.0-327.36.3.el7.x86_64 #1 SMP Mon Oct 24 16:09:20 UTC 2016 x86_64
libc:glibc 2.17 NPTL 2.17 
rlimit: STACK 8192k, CORE 0k, NPROC 7288, NOFILE 4096, AS infinity
load average:0.35 0.24 0.15

/proc/meminfo:
MemTotal:        1884100 kB
MemFree:           62464 kB
MemAvailable:      22928 kB
Buffers:             356 kB
Cached:           129804 kB
SwapCached:            0 kB
Active:          1686912 kB
Inactive:          68904 kB
Active(anon):    1679392 kB
Inactive(anon):    57372 kB
Active(file):       7520 kB
Inactive(file):    11532 kB
Unevictable:           0 kB
Mlocked:               0 kB
SwapTotal:             0 kB
SwapFree:              0 kB
Dirty:               160 kB
Writeback:             0 kB
AnonPages:       1625880 kB
Mapped:             7076 kB
Shmem:            110952 kB
Slab:              27220 kB
SReclaimable:      14492 kB
SUnreclaim:        12728 kB
KernelStack:        3344 kB
PageTables:         9188 kB
NFS_Unstable:          0 kB
Bounce:                0 kB
WritebackTmp:          0 kB
CommitLimit:      942048 kB
Committed_AS:    2318040 kB
VmallocTotal:   34359738367 kB
VmallocUsed:       93980 kB
VmallocChunk:   34359641080 kB
HardwareCorrupted:     0 kB
AnonHugePages:    706560 kB
HugePages_Total:       0
HugePages_Free:        0
HugePages_Rsvd:        0
HugePages_Surp:        0
Hugepagesize:       2048 kB
DirectMap4k:       57336 kB
DirectMap2M:     2039808 kB
DirectMap1G:           0 kB


CPU:total 2 (1 cores per cpu, 1 threads per core) family 6 model 62 stepping 4, cmov, cx8, fxsr, mmx, sse, sse2, sse3, ssse3, sse4.1, sse4.2, popcnt, avx, aes, clmul, erms, tsc

/proc/cpuinfo:
processor	: 0
vendor_id	: GenuineIntel
cpu family	: 6
model		: 62
model name	: Intel(R) Xeon(R) CPU E5-2630L v2 @ 2.40GHz
stepping	: 4
microcode	: 0x1
cpu MHz		: 2399.998
cache size	: 15360 KB
physical id	: 0
siblings	: 1
core id		: 0
cpu cores	: 1
apicid		: 0
initial apicid	: 0
fpu		: yes
fpu_exception	: yes
cpuid level	: 13
wp		: yes
flags		: fpu vme de pse tsc msr pae mce cx8 apic sep mtrr pge mca cmov pat pse36 clflush mmx fxsr sse sse2 ss syscall nx pdpe1gb rdtscp lm constant_tsc arch_perfmon rep_good nopl eagerfpu pni pclmulqdq vmx ssse3 cx16 pcid sse4_1 sse4_2 x2apic popcnt tsc_deadline_timer aes xsave avx f16c rdrand hypervisor lahf_lm arat vnmi ept fsgsbase tsc_adjust smep erms xsaveopt
bogomips	: 4799.99
clflush size	: 64
cache_alignment	: 64
address sizes	: 40 bits physical, 48 bits virtual
power management:

processor	: 1
vendor_id	: GenuineIntel
cpu family	: 6
model		: 62
model name	: Intel(R) Xeon(R) CPU E5-2630L v2 @ 2.40GHz
stepping	: 4
microcode	: 0x1
cpu MHz		: 2399.998
cache size	: 15360 KB
physical id	: 1
siblings	: 1
core id		: 0
cpu cores	: 1
apicid		: 1
initial apicid	: 1
fpu		: yes
fpu_exception	: yes
cpuid level	: 13
wp		: yes
flags		: fpu vme de pse tsc msr pae mce cx8 apic sep mtrr pge mca cmov pat pse36 clflush mmx fxsr sse sse2 ss syscall nx pdpe1gb rdtscp lm constant_tsc arch_perfmon rep_good nopl eagerfpu pni pclmulqdq vmx ssse3 cx16 pcid sse4_1 sse4_2 x2apic popcnt tsc_deadline_timer aes xsave avx f16c rdrand hypervisor lahf_lm arat vnmi ept fsgsbase tsc_adjust smep erms xsaveopt
bogomips	: 4799.99
clflush size	: 64
cache_alignment	: 64
address sizes	: 40 bits physical, 48 bits virtual
power management:



Memory: 4k page, physical 1884100k(64628k free), swap 0k(0k free)

vm_info: Java HotSpot(TM) 64-Bit Server VM (25.111-b14) for linux-amd64 JRE (1.8.0_111-b14), built on Sep 22 2016 16:14:03 by "java_re" with gcc 4.3.0 20080428 (Red Hat 4.3.0-8)

time: Thu Jan 19 20:36:44 2017
elapsed time: 14 seconds (0d 0h 0m 14s)

