#
# There is insufficient memory for the Java Runtime Environment to continue.
# Native memory allocation (mmap) failed to map 36175872 bytes for committing reserved memory.
# Possible reasons:
#   The system is out of physical RAM or swap space
#   In 32 bit mode, the process size limit was hit
# Possible solutions:
#   Reduce memory load on the system
#   Increase physical memory or swap space
#   Check if swap backing store is full
#   Use 64 bit Java on a 64 bit OS
#   Decrease Java heap size (-Xmx/-Xms)
#   Decrease number of Java threads
#   Decrease Java thread stack sizes (-Xss)
#   Set larger code cache with -XX:ReservedCodeCacheSize=
# This output file may be truncated or incomplete.
#
#  Out of Memory Error (os_linux.cpp:2627), pid=1487, tid=0x00007fc6c65fd700
#
# JRE version: Java(TM) SE Runtime Environment (8.0_111-b14) (build 1.8.0_111-b14)
# Java VM: Java HotSpot(TM) 64-Bit Server VM (25.111-b14 mixed mode linux-amd64 compressed oops)
# Failed to write core dump. Core dumps have been disabled. To enable core dumping, try "ulimit -c unlimited" before starting Java again
#

---------------  T H R E A D  ---------------

Current thread (0x00007fc6dc073000):  VMThread [stack: 0x00007fc6c64fd000,0x00007fc6c65fe000] [id=1506]

Stack: [0x00007fc6c64fd000,0x00007fc6c65fe000],  sp=0x00007fc6c65fc060,  free space=1020k
Native frames: (J=compiled Java code, j=interpreted, Vv=VM code, C=native code)
V  [libjvm.so+0xac5c2a]  VMError::report_and_die()+0x2ba
V  [libjvm.so+0x4fc50b]  report_vm_out_of_memory(char const*, int, unsigned long, VMErrorType, char const*)+0x8b
V  [libjvm.so+0x922ae3]  os::Linux::commit_memory_impl(char*, unsigned long, bool)+0x103
V  [libjvm.so+0x923039]  os::pd_commit_memory(char*, unsigned long, unsigned long, bool)+0x29
V  [libjvm.so+0x91d33a]  os::commit_memory(char*, unsigned long, unsigned long, bool)+0x2a
V  [libjvm.so+0x991ac3]  PSVirtualSpace::expand_by(unsigned long)+0x53
V  [libjvm.so+0x992ec8]  PSYoungGen::resize_generation(unsigned long, unsigned long)+0xf8
V  [libjvm.so+0x992022]  PSYoungGen::resize(unsigned long, unsigned long)+0x22
V  [libjvm.so+0x98f2fb]  PSScavenge::invoke_no_policy()+0xf3b
V  [libjvm.so+0x98fa81]  PSScavenge::invoke()+0x41
V  [libjvm.so+0x9467d0]  ParallelScavengeHeap::failed_mem_allocate(unsigned long)+0x70
V  [libjvm.so+0xac7647]  VM_ParallelGCFailedAllocation::doit()+0x97
V  [libjvm.so+0xacf125]  VM_Operation::evaluate()+0x55
V  [libjvm.so+0xacd4fa]  VMThread::evaluate_operation(VM_Operation*)+0xba
V  [libjvm.so+0xacd87e]  VMThread::loop()+0x1ce
V  [libjvm.so+0xacdcf0]  VMThread::run()+0x70
V  [libjvm.so+0x924ea8]  java_start(Thread*)+0x108

VM_Operation (0x00007fc6e36498a0): ParallelGCFailedAllocation, mode: safepoint, requested by thread 0x00007fc6dc009000


---------------  P R O C E S S  ---------------

Java Threads: ( => current thread )
  0x00007fc6dc37e800 JavaThread "NonBlockingInputStreamThread" daemon [_thread_blocked, id=1526, stack(0x00007fc6c587c000,0x00007fc6c597d000)]
  0x00007fc6dc372000 JavaThread "process reaper" daemon [_thread_blocked, id=1515, stack(0x00007fc6cc00c000,0x00007fc6cc045000)]
  0x00007fc6dc0d3800 JavaThread "Service Thread" daemon [_thread_blocked, id=1512, stack(0x00007fc6c5ef7000,0x00007fc6c5ff8000)]
  0x00007fc6dc0b6800 JavaThread "C1 CompilerThread1" daemon [_thread_blocked, id=1511, stack(0x00007fc6c5ff8000,0x00007fc6c60f9000)]
  0x00007fc6dc0b3800 JavaThread "C2 CompilerThread0" daemon [_thread_blocked, id=1510, stack(0x00007fc6c60f9000,0x00007fc6c61fa000)]
  0x00007fc6dc0b2000 JavaThread "Signal Dispatcher" daemon [_thread_blocked, id=1509, stack(0x00007fc6c61fa000,0x00007fc6c62fb000)]
  0x00007fc6dc07f000 JavaThread "Finalizer" daemon [_thread_blocked, id=1508, stack(0x00007fc6c62fb000,0x00007fc6c63fc000)]
  0x00007fc6dc07a800 JavaThread "Reference Handler" daemon [_thread_blocked, id=1507, stack(0x00007fc6c63fc000,0x00007fc6c64fd000)]
  0x00007fc6dc009000 JavaThread "main" [_thread_blocked, id=1503, stack(0x00007fc6e3567000,0x00007fc6e3668000)]

Other Threads:
=>0x00007fc6dc073000 VMThread [stack: 0x00007fc6c64fd000,0x00007fc6c65fe000] [id=1506]
  0x00007fc6dc0d6800 WatcherThread [stack: 0x00007fc6c5df6000,0x00007fc6c5ef7000] [id=1513]

VM state:at safepoint (normal execution)

VM Mutex/Monitor currently owned by a thread:  ([mutex/lock_event])
[0x00007fc6dc0065b0] Threads_lock - owner thread: 0x00007fc6dc073000
[0x00007fc6dc006ab0] Heap_lock - owner thread: 0x00007fc6dc009000

Heap:
 PSYoungGen      total 199168K, used 19427K [0x00000000f0000000, 0x00000000fdd80000, 0x0000000100000000)
  eden space 179712K, 0% used [0x00000000f0000000,0x00000000f0000000,0x00000000faf80000)
  from space 19456K, 99% used [0x00000000faf80000,0x00000000fc278f88,0x00000000fc280000)
  to   space 14848K, 0% used [0x00000000fc280000,0x00000000fc280000,0x00000000fd100000)
 ParOldGen       total 50688K, used 46251K [0x00000000d0000000, 0x00000000d3180000, 0x00000000f0000000)
  object space 50688K, 91% used [0x00000000d0000000,0x00000000d2d2ac20,0x00000000d3180000)
 Metaspace       used 33188K, capacity 34854K, committed 35072K, reserved 1079296K
  class space    used 3968K, capacity 4483K, committed 4608K, reserved 1048576K

Card table byte_map: [0x00007fc6e07b6000,0x00007fc6e0937000] byte_map_base: 0x00007fc6e0136000

Marking Bits: (ParMarkBitMap*) 0x00007fc6e2a2c220
 Begin Bits: [0x00007fc6c6800000, 0x00007fc6c7400000)
 End Bits:   [0x00007fc6c7400000, 0x00007fc6c8000000)

Polling page: 0x00007fc6e3670000

CodeCache: size=245760Kb used=16347Kb max_used=16347Kb free=229412Kb
 bounds [0x00007fc6cd000000, 0x00007fc6ce010000, 0x00007fc6dc000000]
 total_blobs=5425 nmethods=4789 adapters=550
 compilation: enabled

Compilation events (10 events):
Event: 13.104 Thread 0x00007fc6dc0b6800 5458       3       sun.net.www.protocol.jar.Handler::openConnection (10 bytes)
Event: 13.105 Thread 0x00007fc6dc0b6800 nmethod 5458 0x00007fc6ce007a50 code [0x00007fc6ce007c00, 0x00007fc6ce008228]
Event: 13.105 Thread 0x00007fc6dc0b6800 5459       3       sun.net.www.protocol.jar.JarURLConnection::<init> (33 bytes)
Event: 13.106 Thread 0x00007fc6dc0b6800 nmethod 5459 0x00007fc6ce008490 code [0x00007fc6ce008640, 0x00007fc6ce008b88]
Event: 13.110 Thread 0x00007fc6dc0b6800 5461       3       org.springframework.core.ResolvableType::as (81 bytes)
Event: 13.111 Thread 0x00007fc6dc0b6800 nmethod 5461 0x00007fc6ce008d50 code [0x00007fc6ce008f40, 0x00007fc6ce009788]
Event: 13.111 Thread 0x00007fc6dc0b6800 5460       3       org.apache.log4j.Priority::isGreaterOrEqual (17 bytes)
Event: 13.111 Thread 0x00007fc6dc0b6800 nmethod 5460 0x00007fc6ce009a50 code [0x00007fc6ce009bc0, 0x00007fc6ce009d70]
Event: 13.111 Thread 0x00007fc6dc0b6800 5462       3       org.springframework.core.MethodParameter::getDeclaringClass (10 bytes)
Event: 13.111 Thread 0x00007fc6dc0b6800 nmethod 5462 0x00007fc6ce009e10 code [0x00007fc6ce009f80, 0x00007fc6ce00a248]

GC Heap History (10 events):
Event: 4.901 GC heap after
Heap after GC invocations=7 (full 1):
 PSYoungGen      total 102912K, used 4544K [0x00000000f0000000, 0x00000000f8e00000, 0x0000000100000000)
  eden space 98304K, 0% used [0x00000000f0000000,0x00000000f0000000,0x00000000f6000000)
  from space 4608K, 98% used [0x00000000f8980000,0x00000000f8df0000,0x00000000f8e00000)
  to   space 9728K, 0% used [0x00000000f7b00000,0x00000000f7b00000,0x00000000f8480000)
 ParOldGen       total 50688K, used 18627K [0x00000000d0000000, 0x00000000d3180000, 0x00000000f0000000)
  object space 50688K, 36% used [0x00000000d0000000,0x00000000d1230c88,0x00000000d3180000)
 Metaspace       used 21539K, capacity 22050K, committed 22400K, reserved 1069056K
  class space    used 2475K, capacity 2586K, committed 2688K, reserved 1048576K
}
Event: 5.895 GC heap before
{Heap before GC invocations=8 (full 1):
 PSYoungGen      total 102912K, used 102848K [0x00000000f0000000, 0x00000000f8e00000, 0x0000000100000000)
  eden space 98304K, 100% used [0x00000000f0000000,0x00000000f6000000,0x00000000f6000000)
  from space 4608K, 98% used [0x00000000f8980000,0x00000000f8df0000,0x00000000f8e00000)
  to   space 9728K, 0% used [0x00000000f7b00000,0x00000000f7b00000,0x00000000f8480000)
 ParOldGen       total 50688K, used 18627K [0x00000000d0000000, 0x00000000d3180000, 0x00000000f0000000)
  object space 50688K, 36% used [0x00000000d0000000,0x00000000d1230c88,0x00000000d3180000)
 Metaspace       used 21992K, capacity 22452K, committed 22656K, reserved 1069056K
  class space    used 2480K, capacity 2589K, committed 2688K, reserved 1048576K
Event: 5.909 GC heap after
Heap after GC invocations=8 (full 1):
 PSYoungGen      total 135680K, used 4896K [0x00000000f0000000, 0x00000000f9f80000, 0x0000000100000000)
  eden space 125952K, 0% used [0x00000000f0000000,0x00000000f0000000,0x00000000f7b00000)
  from space 9728K, 50% used [0x00000000f7b00000,0x00000000f7fc8000,0x00000000f8480000)
  to   space 9728K, 0% used [0x00000000f9600000,0x00000000f9600000,0x00000000f9f80000)
 ParOldGen       total 50688K, used 18635K [0x00000000d0000000, 0x00000000d3180000, 0x00000000f0000000)
  object space 50688K, 36% used [0x00000000d0000000,0x00000000d1232c88,0x00000000d3180000)
 Metaspace       used 21992K, capacity 22452K, committed 22656K, reserved 1069056K
  class space    used 2480K, capacity 2589K, committed 2688K, reserved 1048576K
}
Event: 7.325 GC heap before
{Heap before GC invocations=9 (full 1):
 PSYoungGen      total 135680K, used 130848K [0x00000000f0000000, 0x00000000f9f80000, 0x0000000100000000)
  eden space 125952K, 100% used [0x00000000f0000000,0x00000000f7b00000,0x00000000f7b00000)
  from space 9728K, 50% used [0x00000000f7b00000,0x00000000f7fc8000,0x00000000f8480000)
  to   space 9728K, 0% used [0x00000000f9600000,0x00000000f9600000,0x00000000f9f80000)
 ParOldGen       total 50688K, used 18635K [0x00000000d0000000, 0x00000000d3180000, 0x00000000f0000000)
  object space 50688K, 36% used [0x00000000d0000000,0x00000000d1232c88,0x00000000d3180000)
 Metaspace       used 25389K, capacity 25914K, committed 26112K, reserved 1073152K
  class space    used 2889K, capacity 3011K, committed 3072K, reserved 1048576K
Event: 7.363 GC heap after
Heap after GC invocations=9 (full 1):
 PSYoungGen      total 151552K, used 9724K [0x00000000f0000000, 0x00000000fcb00000, 0x0000000100000000)
  eden space 141824K, 0% used [0x00000000f0000000,0x00000000f0000000,0x00000000f8a80000)
  from space 9728K, 99% used [0x00000000f9600000,0x00000000f9f7f2a0,0x00000000f9f80000)
  to   space 11776K, 0% used [0x00000000f8a80000,0x00000000f8a80000,0x00000000f9600000)
 ParOldGen       total 50688K, used 20768K [0x00000000d0000000, 0x00000000d3180000, 0x00000000f0000000)
  object space 50688K, 40% used [0x00000000d0000000,0x00000000d1448270,0x00000000d3180000)
 Metaspace       used 25389K, capacity 25914K, committed 26112K, reserved 1073152K
  class space    used 2889K, capacity 3011K, committed 3072K, reserved 1048576K
}
Event: 9.023 GC heap before
{Heap before GC invocations=10 (full 1):
 PSYoungGen      total 151552K, used 151548K [0x00000000f0000000, 0x00000000fcb00000, 0x0000000100000000)
  eden space 141824K, 100% used [0x00000000f0000000,0x00000000f8a80000,0x00000000f8a80000)
  from space 9728K, 99% used [0x00000000f9600000,0x00000000f9f7f2a0,0x00000000f9f80000)
  to   space 11776K, 0% used [0x00000000f8a80000,0x00000000f8a80000,0x00000000f9600000)
 ParOldGen       total 50688K, used 20768K [0x00000000d0000000, 0x00000000d3180000, 0x00000000f0000000)
  object space 50688K, 40% used [0x00000000d0000000,0x00000000d1448270,0x00000000d3180000)
 Metaspace       used 27874K, capacity 29220K, committed 29312K, reserved 1075200K
  class space    used 3258K, capacity 3676K, committed 3712K, reserved 1048576K
Event: 9.090 GC heap after
Heap after GC invocations=10 (full 1):
 PSYoungGen      total 153600K, used 11760K [0x00000000f0000000, 0x00000000fd100000, 0x0000000100000000)
  eden space 141824K, 0% used [0x00000000f0000000,0x00000000f0000000,0x00000000f8a80000)
  from space 11776K, 99% used [0x00000000f8a80000,0x00000000f95fc108,0x00000000f9600000)
  to   space 14848K, 0% used [0x00000000fc280000,0x00000000fc280000,0x00000000fd100000)
 ParOldGen       total 50688K, used 24647K [0x00000000d0000000, 0x00000000d3180000, 0x00000000f0000000)
  object space 50688K, 48% used [0x00000000d0000000,0x00000000d1811c08,0x00000000d3180000)
 Metaspace       used 27874K, capacity 29220K, committed 29312K, reserved 1075200K
  class space    used 3258K, capacity 3676K, committed 3712K, reserved 1048576K
}
Event: 10.959 GC heap before
{Heap before GC invocations=11 (full 1):
 PSYoungGen      total 153600K, used 153584K [0x00000000f0000000, 0x00000000fd100000, 0x0000000100000000)
  eden space 141824K, 100% used [0x00000000f0000000,0x00000000f8a80000,0x00000000f8a80000)
  from space 11776K, 99% used [0x00000000f8a80000,0x00000000f95fc108,0x00000000f9600000)
  to   space 14848K, 0% used [0x00000000fc280000,0x00000000fc280000,0x00000000fd100000)
 ParOldGen       total 50688K, used 24647K [0x00000000d0000000, 0x00000000d3180000, 0x00000000f0000000)
  object space 50688K, 48% used [0x00000000d0000000,0x00000000d1811c08,0x00000000d3180000)
 Metaspace       used 30784K, capacity 32272K, committed 32384K, reserved 1077248K
  class space    used 3650K, capacity 4133K, committed 4224K, reserved 1048576K
Event: 11.056 GC heap after
Heap after GC invocations=11 (full 1):
 PSYoungGen      total 194560K, used 14832K [0x00000000f0000000, 0x00000000fdd80000, 0x0000000100000000)
  eden space 179712K, 0% used [0x00000000f0000000,0x00000000f0000000,0x00000000faf80000)
  from space 14848K, 99% used [0x00000000fc280000,0x00000000fd0fc128,0x00000000fd100000)
  to   space 19456K, 0% used [0x00000000faf80000,0x00000000faf80000,0x00000000fc280000)
 ParOldGen       total 50688K, used 30894K [0x00000000d0000000, 0x00000000d3180000, 0x00000000f0000000)
  object space 50688K, 60% used [0x00000000d0000000,0x00000000d1e2b8b8,0x00000000d3180000)
 Metaspace       used 30784K, capacity 32272K, committed 32384K, reserved 1077248K
  class space    used 3650K, capacity 4133K, committed 4224K, reserved 1048576K
}
Event: 13.155 GC heap before
{Heap before GC invocations=12 (full 1):
 PSYoungGen      total 194560K, used 194544K [0x00000000f0000000, 0x00000000fdd80000, 0x0000000100000000)
  eden space 179712K, 100% used [0x00000000f0000000,0x00000000faf80000,0x00000000faf80000)
  from space 14848K, 99% used [0x00000000fc280000,0x00000000fd0fc128,0x00000000fd100000)
  to   space 19456K, 0% used [0x00000000faf80000,0x00000000faf80000,0x00000000fc280000)
 ParOldGen       total 50688K, used 30894K [0x00000000d0000000, 0x00000000d3180000, 0x00000000f0000000)
  object space 50688K, 60% used [0x00000000d0000000,0x00000000d1e2b8b8,0x00000000d3180000)
 Metaspace       used 33188K, capacity 34854K, committed 35072K, reserved 1079296K
  class space    used 3968K, capacity 4483K, committed 4608K, reserved 1048576K

Deoptimization events (10 events):
Event: 11.457 Thread 0x00007fc6dc758800 Uncommon trap: reason=null_check action=make_not_entrant pc=0x00007fc6cdecd98c method=java.lang.StringCoding.deref(Ljava/lang/ThreadLocal;)Ljava/lang/Object; @ 4
Event: 12.213 Thread 0x00007fc6dc009000 Uncommon trap: reason=bimorphic action=maybe_recompile pc=0x00007fc6cd7240ac method=java.util.Hashtable.put(Ljava/lang/Object;Ljava/lang/Object;)Ljava/lang/Object; @ 60
Event: 12.255 Thread 0x00007fc6dc009000 Uncommon trap: reason=bimorphic action=maybe_recompile pc=0x00007fc6cd7240ac method=java.util.Hashtable.put(Ljava/lang/Object;Ljava/lang/Object;)Ljava/lang/Object; @ 60
Event: 12.255 Thread 0x00007fc6dc009000 Uncommon trap: reason=bimorphic action=maybe_recompile pc=0x00007fc6cd7240ac method=java.util.Hashtable.put(Ljava/lang/Object;Ljava/lang/Object;)Ljava/lang/Object; @ 60
Event: 12.527 Thread 0x00007fc6dc009000 Uncommon trap: reason=bimorphic action=maybe_recompile pc=0x00007fc6cd724110 method=java.util.Hashtable.addEntry(ILjava/lang/Object;Ljava/lang/Object;I)V @ 38
Event: 12.639 Thread 0x00007fc6dc009000 Uncommon trap: reason=class_check action=maybe_recompile pc=0x00007fc6cdf9b3d4 method=java.lang.Throwable.<init>(Ljava/lang/String;Ljava/lang/Throwable;)V @ 24
Event: 12.639 Thread 0x00007fc6dc009000 Uncommon trap: reason=class_check action=maybe_recompile pc=0x00007fc6cdf9b3d4 method=java.lang.Throwable.<init>(Ljava/lang/String;Ljava/lang/Throwable;)V @ 24
Event: 12.639 Thread 0x00007fc6dc009000 Uncommon trap: reason=class_check action=maybe_recompile pc=0x00007fc6cdf9b3d4 method=java.lang.Throwable.<init>(Ljava/lang/String;Ljava/lang/Throwable;)V @ 24
Event: 12.640 Thread 0x00007fc6dc009000 Uncommon trap: reason=class_check action=maybe_recompile pc=0x00007fc6cdf9b3d4 method=java.lang.Throwable.<init>(Ljava/lang/String;Ljava/lang/Throwable;)V @ 24
Event: 12.921 Thread 0x00007fc6dc009000 Uncommon trap: reason=unstable_if action=reinterpret pc=0x00007fc6cd4a6358 method=groovy.lang.MetaClassImpl.filterPropertyMethod(Ljava/lang/Object;ZZ)Ljava/lang/Object; @ 82

Internal exceptions (10 events):
Event: 13.072 Thread 0x00007fc6dc009000 Exception <a 'java/lang/ClassNotFoundException': org/codehaus/groovy/grails/plugins/ValidationGrailsPluginCustomizer> (0x00000000fa95fb58) thrown at [/HUDSON3/workspace/8-2-build-linux-amd64/jdk8u111/7883/hotspot/src/share/vm/classfile/systemDictionary.cp
Event: 13.081 Thread 0x00007fc6dc009000 Exception <a 'java/lang/ClassNotFoundException': org/codehaus/groovy/grails/plugins/ValidationGrailsPlugin$__clinit__closure2BeanInfo> (0x00000000faa06760) thrown at [/HUDSON3/workspace/8-2-build-linux-amd64/jdk8u111/7883/hotspot/src/share/vm/classfile/sy
Event: 13.083 Thread 0x00007fc6dc009000 Exception <a 'java/lang/ClassNotFoundException': org/codehaus/groovy/grails/plugins/ValidationGrailsPlugin$__clinit__closure2Customizer> (0x00000000faa54788) thrown at [/HUDSON3/workspace/8-2-build-linux-amd64/jdk8u111/7883/hotspot/src/share/vm/classfile/
Event: 13.091 Thread 0x00007fc6dc009000 Exception <a 'java/lang/ClassNotFoundException': org/codehaus/groovy/grails/plugins/ValidationGrailsPlugin$_closure1BeanInfo> (0x00000000faaf29a8) thrown at [/HUDSON3/workspace/8-2-build-linux-amd64/jdk8u111/7883/hotspot/src/share/vm/classfile/systemDicti
Event: 13.093 Thread 0x00007fc6dc009000 Exception <a 'java/lang/ClassNotFoundException': org/codehaus/groovy/grails/plugins/ValidationGrailsPlugin$_closure1Customizer> (0x00000000fab3c260) thrown at [/HUDSON3/workspace/8-2-build-linux-amd64/jdk8u111/7883/hotspot/src/share/vm/classfile/systemDic
Event: 13.103 Thread 0x00007fc6dc009000 Exception <a 'java/lang/ClassNotFoundException': org/codehaus/groovy/grails/plugins/web/GroovyPagesGrailsPluginBeanInfo> (0x00000000fac16350) thrown at [/HUDSON3/workspace/8-2-build-linux-amd64/jdk8u111/7883/hotspot/src/share/vm/classfile/systemDictionary
Event: 13.107 Thread 0x00007fc6dc009000 Exception <a 'java/lang/ClassNotFoundException': org/codehaus/groovy/grails/plugins/web/GroovyPagesGrailsPluginCustomizer> (0x00000000fac5bd80) thrown at [/HUDSON3/workspace/8-2-build-linux-amd64/jdk8u111/7883/hotspot/src/share/vm/classfile/systemDictiona
Event: 13.143 Thread 0x00007fc6dc009000 Exception <a 'java/lang/ClassNotFoundException': org/codehaus/groovy/grails/plugins/web/GroovyPagesGrailsPlugin$_closure1BeanInfo> (0x00000000fae655a0) thrown at [/HUDSON3/workspace/8-2-build-linux-amd64/jdk8u111/7883/hotspot/src/share/vm/classfile/system
Event: 13.146 Thread 0x00007fc6dc009000 Exception <a 'java/lang/ClassNotFoundException': org/codehaus/groovy/grails/plugins/web/GroovyPagesGrailsPlugin$_closure1Customizer> (0x00000000faeb0800) thrown at [/HUDSON3/workspace/8-2-build-linux-amd64/jdk8u111/7883/hotspot/src/share/vm/classfile/syst
Event: 13.154 Thread 0x00007fc6dc009000 Exception <a 'java/lang/ClassNotFoundException': org/codehaus/groovy/grails/plugins/web/GroovyPagesGrailsPlugin$_closure2BeanInfo> (0x00000000faf5c0d8) thrown at [/HUDSON3/workspace/8-2-build-linux-amd64/jdk8u111/7883/hotspot/src/share/vm/classfile/system

Events (10 events):
Event: 13.151 loading class groovy/runtime/metaclass/org/codehaus/groovy/grails/plugins/web/GroovyPagesGrailsPlugin$_closure2MetaClass done
Event: 13.153 loading class org/codehaus/groovy/grails/plugins/web/GroovyPagesGrailsPlugin$_closure2BeanInfo
Event: 13.153 loading class org/codehaus/groovy/grails/plugins/web/GroovyPagesGrailsPlugin$_closure2BeanInfo done
Event: 13.154 loading class org/codehaus/groovy/grails/plugins/web/GroovyPagesGrailsPlugin$_closure2BeanInfo
Event: 13.154 loading class org/codehaus/groovy/grails/plugins/web/GroovyPagesGrailsPlugin$_closure2BeanInfo done
Event: 13.154 loading class org/codehaus/groovy/grails/plugins/web/GroovyPagesGrailsPlugin$_closure2BeanInfo
Event: 13.154 loading class org/codehaus/groovy/grails/plugins/web/GroovyPagesGrailsPlugin$_closure2BeanInfo done
Event: 13.155 loading class org/codehaus/groovy/grails/plugins/web/GroovyPagesGrailsPlugin$_closure2Customizer
Event: 13.155 loading class org/codehaus/groovy/grails/plugins/web/GroovyPagesGrailsPlugin$_closure2Customizer done
Event: 13.155 Executing VM operation: ParallelGCFailedAllocation


Dynamic libraries:
00400000-00401000 r-xp 00000000 fd:01 518620                             /root/.sdkman/candidates/java/8u111/bin/java
00600000-00601000 rw-p 00000000 fd:01 518620                             /root/.sdkman/candidates/java/8u111/bin/java
01d0c000-01d4f000 rw-p 00000000 00:00 0                                  [heap]
d0000000-d3180000 rw-p 00000000 00:00 0 
d3180000-f0000000 ---p 00000000 00:00 0 
f0000000-fdd80000 rw-p 00000000 00:00 0 
100000000-100480000 rw-p 00000000 00:00 0 
100480000-140000000 ---p 00000000 00:00 0 
7fc688000000-7fc688021000 rw-p 00000000 00:00 0 
7fc688021000-7fc68c000000 ---p 00000000 00:00 0 
7fc68c000000-7fc68c026000 rw-p 00000000 00:00 0 
7fc68c026000-7fc690000000 ---p 00000000 00:00 0 
7fc690000000-7fc690021000 rw-p 00000000 00:00 0 
7fc690021000-7fc694000000 ---p 00000000 00:00 0 
7fc694000000-7fc694021000 rw-p 00000000 00:00 0 
7fc694021000-7fc698000000 ---p 00000000 00:00 0 
7fc698000000-7fc698021000 rw-p 00000000 00:00 0 
7fc698021000-7fc69c000000 ---p 00000000 00:00 0 
7fc69c000000-7fc69c021000 rw-p 00000000 00:00 0 
7fc69c021000-7fc6a0000000 ---p 00000000 00:00 0 
7fc6a0000000-7fc6a1428000 rw-p 00000000 00:00 0 
7fc6a1428000-7fc6a4000000 ---p 00000000 00:00 0 
7fc6a4000000-7fc6a4fae000 rw-p 00000000 00:00 0 
7fc6a4fae000-7fc6a8000000 ---p 00000000 00:00 0 
7fc6a8000000-7fc6a8021000 rw-p 00000000 00:00 0 
7fc6a8021000-7fc6ac000000 ---p 00000000 00:00 0 
7fc6ace2e000-7fc6acfee000 rw-p 00000000 00:00 0 
7fc6acfee000-7fc6ad031000 ---p 00000000 00:00 0 
7fc6ad031000-7fc6ad12f000 rw-p 00000000 00:00 0 
7fc6ad12f000-7fc6ad132000 ---p 00000000 00:00 0 
7fc6ad132000-7fc6ad230000 rw-p 00000000 00:00 0 
7fc6ad230000-7fc6ad233000 ---p 00000000 00:00 0 
7fc6ad233000-7fc6ad331000 rw-p 00000000 00:00 0 
7fc6ad331000-7fc6ad334000 ---p 00000000 00:00 0 
7fc6ad334000-7fc6ad632000 rw-p 00000000 00:00 0 
7fc6ad6d7000-7fc6ad6da000 ---p 00000000 00:00 0 
7fc6ad6da000-7fc6ad7d8000 rw-p 00000000 00:00 0 
7fc6ad7d8000-7fc6ad7db000 ---p 00000000 00:00 0 
7fc6ad7db000-7fc6adad9000 rw-p 00000000 00:00 0 
7fc6adad9000-7fc6b4000000 r--p 00000000 fd:01 262303                     /usr/lib/locale/locale-archive
7fc6b4000000-7fc6b4021000 rw-p 00000000 00:00 0 
7fc6b4021000-7fc6b8000000 ---p 00000000 00:00 0 
7fc6b8000000-7fc6b8021000 rw-p 00000000 00:00 0 
7fc6b8021000-7fc6bc000000 ---p 00000000 00:00 0 
7fc6bc000000-7fc6bc28d000 rw-p 00000000 00:00 0 
7fc6bc28d000-7fc6c0000000 ---p 00000000 00:00 0 
7fc6c0000000-7fc6c0021000 rw-p 00000000 00:00 0 
7fc6c0021000-7fc6c4000000 ---p 00000000 00:00 0 
7fc6c4043000-7fc6c4244000 rw-p 00000000 00:00 0 
7fc6c4244000-7fc6c4444000 rw-p 00000000 00:00 0 
7fc6c4444000-7fc6c4455000 r--s 000d2000 fd:01 520508                     /root/.m2/repository/org/liquibase/liquibase-core/2.0.5/liquibase-core-2.0.5.jar
7fc6c4455000-7fc6c445b000 r--s 0004c000 fd:01 133604                     /root/.sdkman/candidates/grails/2.5.5/lib/org.grails/grails-datastore-simple/jars/grails-datastore-simple-3.1.5.RELEASE.jar
7fc6c445b000-7fc6c4460000 r--s 00048000 fd:01 520507                     /root/.m2/repository/dom4j/dom4j/1.6.1/dom4j-1.6.1.jar
7fc6c4460000-7fc6c4461000 r--s 00002000 fd:01 520503                     /root/.m2/repository/org/jboss/logging/jboss-logging-annotations/1.2.0.Beta1/jboss-logging-annotations-1.2.0.Beta1.jar
7fc6c4461000-7fc6c4464000 r--s 00010000 fd:01 520502                     /root/.m2/repository/org/hibernate/common/hibernate-commons-annotations/4.0.4.Final/hibernate-commons-annotations-4.0.4.Final.jar
7fc6c4464000-7fc6c446c000 r--s 00054000 fd:01 520499                     /root/.m2/repository/org/springframework/spring-orm/4.1.8.RELEASE/spring-orm-4.1.8.RELEASE.jar
7fc6c446c000-7fc6c446e000 r--s 0000a000 fd:01 520497                     /root/.m2/repository/org/grails/grails-datastore-gorm-plugin-support/3.1.5.RELEASE/grails-datastore-gorm-plugin-support-3.1.5.RELEASE.jar
7fc6c446e000-7fc6c4474000 r--s 00041000 fd:01 520496                     /root/.m2/repository/org/grails/grails-datastore-gorm-hibernate-core/3.1.5.RELEASE/grails-datastore-gorm-hibernate-core-3.1.5.RELEASE.jar
7fc6c4474000-7fc6c447c000 r--s 00062000 fd:01 520493                     /root/.m2/repository/org/grails/grails-datastore-gorm-hibernate4/3.1.5.RELEASE/grails-datastore-gorm-hibernate4-3.1.5.RELEASE.jar
7fc6c447c000-7fc6c4486000 r--s 00080000 fd:01 133601                     /root/.sdkman/candidates/grails/2.5.5/lib/org.grails/grails-datastore-gorm/jars/grails-datastore-gorm-3.1.5.RELEASE.jar
7fc6c4486000-7fc6c4491000 r--s 00054000 fd:01 133598                     /root/.sdkman/candidates/grails/2.5.5/lib/org.grails/grails-datastore-core/jars/grails-datastore-core-3.1.5.RELEASE.jar
7fc6c4491000-7fc6c4493000 r--s 0000d000 fd:01 520491                     /root/.m2/repository/org/jboss/logging/jboss-logging/3.1.0.GA/jboss-logging-3.1.0.GA.jar
7fc6c4493000-7fc6c456b000 r--s 007c3000 fd:01 520490                     /root/.m2/repository/net/sf/ehcache/ehcache/2.9.0/ehcache-2.9.0.jar
7fc6c456b000-7fc6c456d000 r--s 00011000 fd:01 520487                     /root/.m2/repository/org/jboss/jandex/1.1.0.Final/jandex-1.1.0.Final.jar
7fc6c456d000-7fc6c4572000 r--s 00068000 fd:01 520485                     /root/.m2/repository/antlr/antlr/2.7.7/antlr-2.7.7.jar
7fc6c4572000-7fc6c4573000 r--s 00006000 fd:01 520484                     /root/.m2/repository/org/jboss/spec/javax/transaction/jboss-transaction-api_1.2_spec/1.0.0.Final/jboss-transaction-api_1.2_spec-1.0.0.Final.jar
7fc6c4573000-7fc6c45d2000 r--s 004ab000 fd:01 520483                     /root/.m2/repository/org/hibernate/hibernate-core/4.3.10.Final/hibernate-core-4.3.10.Final.jar
7fc6c45d2000-7fc6c45d6000 r--s 0001e000 fd:01 520479                     /root/.m2/repository/org/hibernate/hibernate-ehcache/4.3.10.Final/hibernate-ehcache-4.3.10.Final.jar
7fc6c45d6000-7fc6c45d8000 r--s 0000d000 fd:01 520478                     /root/.m2/repository/com/fasterxml/classmate/1.0.0/classmate-1.0.0.jar
7fc6c45d8000-7fc6c45dc000 r--s 0000c000 fd:01 520475                     /root/.m2/repository/javax/validation/validation-api/1.1.0.Final/validation-api-1.1.0.Final.jar
7fc6c45dc000-7fc6c45ea000 r--s 0008d000 fd:01 520473                     /root/.m2/repository/org/hibernate/hibernate-validator/5.1.3.Final/hibernate-validator-5.1.3.Final.jar
7fc6c45ea000-7fc6c45f2000 r--s 0007b000 fd:01 520470                     /root/.m2/repository/com/google/protobuf/protobuf-java/2.5.0/protobuf-java-2.5.0.jar
7fc6c45f2000-7fc6c461d000 r--s 001fc000 fd:01 520468                     /root/.m2/repository/com/google/guava/guava/18.0/guava-18.0.jar
7fc6c461d000-7fc6c4620000 r--s 00010000 fd:01 520465                     /root/.m2/repository/args4j/args4j/2.0.26/args4j-2.0.26.jar
7fc6c4620000-7fc6c4621000 r--s 0001c000 fd:01 520463                     /root/.m2/repository/com/google/javascript/closure-compiler-externs/v20141023/closure-compiler-externs-v20141023.jar
7fc6c4621000-7fc6c4652000 r--s 002cc000 fd:01 520461                     /root/.m2/repository/com/google/javascript/closure-compiler/v20141023/closure-compiler-v20141023.jar
7fc6c4652000-7fc6c4656000 r--s 00035000 fd:01 520460                     /root/.m2/repository/com/bertramlabs/plugins/asset-pipeline-core/2.5.5/asset-pipeline-core-2.5.5.jar
7fc6c4656000-7fc6c4663000 r--s 00109000 fd:01 520459                     /root/.m2/repository/org/mozilla/rhino/1.7R4/rhino-1.7R4.jar
7fc6c4663000-7fc6c466c000 r--s 000a5000 fd:01 520455                     /root/.m2/repository/org/javassist/javassist/3.17.1-GA/javassist-3.17.1-GA.jar
7fc6c466c000-7fc6c466e000 r--s 00013000 fd:01 522495                     /root/.m2/repository/xml-resolver/xml-resolver/1.2/xml-resolver-1.2.jar
7fc6c466e000-7fc6c4685000 r--s 00112000 fd:01 522494                     /root/.m2/repository/xerces/xercesImpl/2.8.1/xercesImpl-2.8.1.jar
7fc6c4685000-7fc6c4688000 r--s 0001a000 fd:01 522493                     /root/.m2/repository/net/sourceforge/nekohtml/nekohtml/1.9.9/nekohtml-1.9.9.jar
7fc6c4688000-7fc6c468b000 r--s 00013000 fd:01 522492                     /root/.m2/repository/net/sf/ezmorph/ezmorph/1.0.6/ezmorph-1.0.6.jar
7fc6c468b000-7fc6c4699000 r--s 0007f000 fd:01 133294                     /root/.sdkman/candidates/grails/2.5.5/lib/commons-collections/commons-collections/jars/commons-collections-3.2.1.jar
7fc6c4699000-7fc6c469e000 r--s 00034000 fd:01 522486                     /root/.m2/repository/commons-beanutils/commons-beanutils/1.8.0/commons-beanutils-1.8.0.jar
7fc6c469e000-7fc6c46a2000 r--s 00022000 fd:01 522484                     /root/.m2/repository/net/sf/json-lib/json-lib/2.3/json-lib-2.3-jdk15.jar
7fc6c46a2000-7fc6c46a4000 r--s 0000d000 fd:01 520471                     /root/.m2/repository/commons-logging/commons-logging/1.1.1/commons-logging-1.1.1.jar
7fc6c46a4000-7fc6c46a9000 r--s 00026000 fd:01 522482                     /root/.m2/repository/org/apache/httpcomponents/httpcore/4.0.1/httpcore-4.0.1.jar
7fc6c46a9000-7fc6c46b0000 r--s 00041000 fd:01 522480                     /root/.m2/repository/org/apache/httpcomponents/httpclient/4.0.3/httpclient-4.0.3.jar
7fc6c46b0000-7fc6c46b2000 r--s 00024000 fd:01 522478                     /root/.m2/repository/org/codehaus/groovy/modules/http-builder/http-builder/0.5.1/http-builder-0.5.1.jar
7fc6c46b2000-7fc6c46b4000 r--s 00008000 fd:01 520454                     /root/.m2/repository/org/grails/grails-datastore-test-support/1.0.2-grails-2.4/grails-datastore-test-support-1.0.2-grails-2.4.jar
7fc6c46b4000-7fc6c46bc000 r--s 000cf000 fd:01 520451                     /root/.m2/repository/mysql/mysql-connector-java/5.1.29/mysql-connector-java-5.1.29.jar
7fc6c46bc000-7fc6c46be000 r--s 00087000 fd:01 134690                     /root/.sdkman/candidates/grails/2.5.5/dist/grails-resources-2.5.5.jar
7fc6c46be000-7fc6c46c7000 r--s 0006f000 fd:01 133382                     /root/.sdkman/candidates/grails/2.5.5/lib/log4j/log4j/jars/log4j-1.2.17.jar
7fc6c46c7000-7fc6c46d4000 r--s 00189000 fd:01 133266                     /root/.sdkman/candidates/grails/2.5.5/lib/com.h2database/h2/jars/h2-1.3.176.jar
7fc6c46d4000-7fc6c46d6000 r--s 00009000 fd:01 133617                     /root/.sdkman/candidates/grails/2.5.5/lib/org.hamcrest/hamcrest-core/jars/hamcrest-core-1.3.jar
7fc6c46d6000-7fc6c46de000 r--s 00045000 fd:01 133375                     /root/.sdkman/candidates/grails/2.5.5/lib/junit/junit/jars/junit-4.12.jar
7fc6c46de000-7fc6c46e4000 r--s 0004a000 fd:01 520449                     /root/.m2/repository/cglib/cglib-nodep/2.2.2/cglib-nodep-2.2.2.jar
7fc6c46e4000-7fc6c46f1000 r--s 00083000 fd:01 133687                     /root/.sdkman/candidates/grails/2.5.5/lib/org.spockframework/spock-core/jars/spock-core-1.0-groovy-2.4.jar
7fc6c46f1000-7fc6c46f4000 r--s 00016000 fd:01 134417                     /root/.sdkman/candidates/grails/2.5.5/dist/grails-plugin-domain-class-2.5.5.jar
7fc6c46f4000-7fc6c46f7000 r--s 00009000 fd:01 133635                     /root/.sdkman/candidates/grails/2.5.5/lib/org.objenesis/objenesis/jars/objenesis-1.4.jar
7fc6c46f7000-7fc6c46fc000 r--s 00037000 fd:01 134753                     /root/.sdkman/candidates/grails/2.5.5/dist/grails-test-2.5.5.jar
7fc6c46fc000-7fc6c46fe000 r--s 0000a000 fd:01 134522                     /root/.sdkman/candidates/grails/2.5.5/dist/grails-plugin-mimetypes-2.5.5.jar
7fc6c46fe000-7fc6c46ff000 r--s 0000a000 fd:01 133220                     /root/.sdkman/candidates/grails/2.5.5/lib/asm/asm/jars/asm-3.3.1.jar
7fc6c46ff000-7fc6c4706000 r--s 00040000 fd:01 133236                     /root/.sdkman/candidates/grails/2.5.5/lib/cglib/cglib/jars/cglib-2.2.2.jar
7fc6c4706000-7fc6c4712000 r--s 0006f000 fd:01 520448                     /root/.m2/repository/org/springframework/spring-test/4.1.8.RELEASE/spring-test-4.1.8.RELEASE.jar
7fc6c4712000-7fc6c4716000 r--s 0001e000 fd:01 134354                     /root/.sdkman/candidates/grails/2.5.5/dist/grails-plugin-converters-2.5.5.jar
7fc6c4716000-7fc6c471e000 r--s 00070000 fd:01 134606                     /root/.sdkman/candidates/grails/2.5.5/dist/grails-plugin-testing-2.5.5.jar
7fc6c471e000-7fc6c471f000 r--s 0000e000 fd:01 133509                     /root/.sdkman/candidates/grails/2.5.5/lib/org.codehaus.jsr166-mirror/jsr166y/jars/jsr166y-1.7.0.jar
7fc6c471f000-7fc6c473b000 r--s 00136000 fd:01 133495                     /root/.sdkman/candidates/grails/2.5.5/lib/org.codehaus.gpars/gpars/jars/gpars-1.2.1.jar
7fc6c473b000-7fc6c473d000 r--s 0000c000 fd:01 134144                     /root/.sdkman/candidates/grails/2.5.5/dist/grails-async-2.5.5.jar
7fc6c473d000-7fc6c473f000 r--s 0000a000 fd:01 134291                     /root/.sdkman/candidates/grails/2.5.5/dist/grails-plugin-async-2.5.5.jar
7fc6c473f000-7fc6c4743000 r--s 00028000 fd:01 133313                     /root/.sdkman/candidates/grails/2.5.5/lib/commons-validator/commons-validator/jars/commons-validator-1.4.0.jar
7fc6c4743000-7fc6c4745000 r--s 00014000 fd:01 134774                     /root/.sdkman/candidates/grails/2.5.5/dist/grails-validation-2.5.5.jar
7fc6c4745000-7fc6c4749000 r--s 00019000 fd:01 133259                     /root/.sdkman/candidates/grails/2.5.5/lib/com.googlecode.concurrentlinkedhashmap/concurrentlinkedhashmap-lru/jars/concurrentlinkedhashmap-lru-1.4.jar
7fc6c4749000-7fc6c474b000 r--s 0000c000 fd:01 134627                     /root/.sdkman/candidates/grails/2.5.5/dist/grails-plugin-url-mappings-2.5.5.jar
7fc6c474b000-7fc6c474d000 r--s 00004000 fd:01 134585                     /root/.sdkman/candidates/grails/2.5.5/dist/grails-plugin-servlets-2.5.5.jar
7fc6c474d000-7fc6c4754000 r--s 00037000 fd:01 520445                     /root/.m2/repository/org/springframework/spring-tx/4.1.8.RELEASE/spring-tx-4.1.8.RELEASE.jar
7fc6c4754000-7fc6c4755000 r--s 00008000 fd:01 134564                     /root/.sdkman/candidates/grails/2.5.5/dist/grails-plugin-services-2.5.5.jar
7fc6c4755000-7fc6c4756000 r--s 00001000 fd:01 133648                     /root/.sdkman/candidates/grails/2.5.5/lib/org.slf4j/jul-to-slf4j/jars/jul-to-slf4j-1.7.5.jar
7fc6c4756000-7fc6c4758000 r--s 0000b000 fd:01 134501                     /root/.sdkman/candidates/grails/2.5.5/dist/grails-plugin-log4j-2.5.5.jar
7fc6c4758000-7fc6c4759000 r--s 00000000 fd:01 134270                     /root/.sdkman/candidates/grails/2.5.5/dist/grails-logging-2.5.5.jar
7fc6c4759000-7fc6c4769000 r--s 000a1000 fd:01 520444                     /root/.m2/repository/org/springframework/spring-web/4.1.8.RELEASE/spring-web-4.1.8.RELEASE.jar
7fc6c4769000-7fc6c476e000 r--s 0002a000 fd:01 134249                     /root/.sdkman/candidates/grails/2.5.5/dist/grails-encoder-2.5.5.jar
7fc6c476e000-7fc6c4770000 r--s 0000e000 fd:01 134312                     /root/.sdkman/candidates/grails/2.5.5/dist/grails-plugin-codecs-2.5.5.jar
7fc6c4770000-7fc6c4771000 r--s 0000a000 fd:01 134921                     /root/.sdkman/candidates/grails/2.5.5/dist/grails-web-gsp-taglib-2.5.5.jar
7fc6c4771000-7fc6c4777000 r--s 0004c000 fd:01 134459                     /root/.sdkman/candidates/grails/2.5.5/dist/grails-plugin-gsp-2.5.5.jar
7fc6c4777000-7fc6c4779000 r--s 00009000 fd:01 134438                     /root/.sdkman/candidates/grails/2.5.5/dist/grails-plugin-filters-2.5.5.jar
7fc6c4779000-7fc6c477a000 r--s 00004000 fd:01 134480                     /root/.sdkman/candidates/grails/2.5.5/dist/grails-plugin-i18n-2.5.5.jar
7fc6c477a000-7fc6c477b000 r--s 00009000 fd:01 134732                     /root/.sdkman/candidates/grails/2.5.5/dist/grails-spring-2.5.5.jar
7fc6c477b000-7fc6c4788000 r--s 000a1000 fd:01 520443                     /root/.m2/repository/org/springframework/spring-beans/4.1.8.RELEASE/spring-beans-4.1.8.RELEASE.jar
7fc6c4788000-7fc6c478d000 r--s 00017000 fd:01 133624                     /root/.sdkman/candidates/grails/2.5.5/lib/org.hibernate.javax.persistence/hibernate-jpa-2.1-api/jars/hibernate-jpa-2.1-api-1.0.0.Final.jar
7fc6c478d000-7fc6c47a2000 r--s 000e2000 fd:01 520442                     /root/.m2/repository/org/springframework/spring-core/4.1.8.RELEASE/spring-core-4.1.8.RELEASE.jar
7fc6c47a2000-7fc6c47af000 r--s 00096000 fd:01 134186                     /root/.sdkman/candidates/grails/2.5.5/dist/grails-core-2.5.5.jar
7fc6c47af000-7fc6c47b0000 r--s 00004000 fd:01 134375                     /root/.sdkman/candidates/grails/2.5.5/dist/grails-plugin-databinding-2.5.5.jar
7fc6c47b0000-7fc6c47b5000 r--s 0002a000 fd:01 133245                     /root/.sdkman/candidates/grails/2.5.5/lib/com.google.code.gson/gson/jars/gson-2.2.4.jar
7fc6c47b5000-7fc6c47b7000 r--s 00009000 fd:01 134648                     /root/.sdkman/candidates/grails/2.5.5/dist/grails-plugin-validation-2.5.5.jar
7fc6c47b7000-7fc6c47ba000 r--s 0001d000 fd:01 134333                     /root/.sdkman/candidates/grails/2.5.5/dist/grails-plugin-controllers-2.5.5.jar
7fc6c47ba000-7fc6c47bf000 r--s 0003b000 fd:01 520441                     /root/.m2/repository/org/springframework/spring-expression/4.1.8.RELEASE/spring-expression-4.1.8.RELEASE.jar
7fc6c47bf000-7fc6c47c8000 r--s 0004f000 fd:01 520435                     /root/.m2/repository/org/springframework/spring-aop/4.1.8.RELEASE/spring-aop-4.1.8.RELEASE.jar
7fc6c47c8000-7fc6c47e0000 r--s 000e3000 fd:01 520433                     /root/.m2/repository/org/springframework/spring-context/4.1.8.RELEASE/spring-context-4.1.8.RELEASE.jar
7fc6c47e0000-7fc6c47ea000 r--s 0005f000 fd:01 520431                     /root/.m2/repository/org/springframework/spring-jdbc/4.1.8.RELEASE/spring-jdbc-4.1.8.RELEASE.jar
7fc6c47ea000-7fc6c47ec000 r--s 00008000 fd:01 133468                     /root/.sdkman/candidates/grails/2.5.5/lib/org.apache.tomcat/tomcat-juli/jars/tomcat-juli-7.0.70.jar
7fc6c47ec000-7fc6c47ef000 r--s 0001d000 fd:01 133463                     /root/.sdkman/candidates/grails/2.5.5/lib/org.apache.tomcat/tomcat-jdbc/jars/tomcat-jdbc-7.0.70.jar
7fc6c47ef000-7fc6c47f1000 r--s 0000a000 fd:01 134396                     /root/.sdkman/candidates/grails/2.5.5/dist/grails-plugin-datasource-2.5.5.jar
7fc6c47f1000-7fc6c47f3000 r--s 0000c000 fd:01 133697                     /root/.sdkman/candidates/grails/2.5.5/lib/org.springframework/spring-aspects/jars/spring-aspects-4.1.9.RELEASE.jar
7fc6c47f3000-7fc6c47f6000 r--s 00020000 fd:01 134942                     /root/.sdkman/candidates/grails/2.5.5/dist/grails-web-jsp-2.5.5.jar
7fc6c47f6000-7fc6c47fa000 r--s 00027000 fd:01 133302                     /root/.sdkman/candidates/grails/2.5.5/lib/commons-io/commons-io/jars/commons-io-2.2.jar
7fc6c47fa000-7fc6c47fc000 r--s 0000f000 fd:01 133298                     /root/.sdkman/candidates/grails/2.5.5/lib/commons-fileupload/commons-fileupload/jars/commons-fileupload-1.3.1.jar
7fc6c47fc000-7fc6c47fd000 r--s 00000000 fd:01 134879                     /root/.sdkman/candidates/grails/2.5.5/dist/grails-web-fileupload-2.5.5.jar
7fc6c47fd000-7fc6c4801000 r--s 00019000 fd:01 133481                     /root/.sdkman/candidates/grails/2.5.5/lib/org.aspectj/aspectjrt/jars/aspectjrt-1.8.7.jar
7fc6c4801000-7fc6c4805000 r--s 00028000 fd:01 520427                     /root/.m2/repository/org/springframework/spring-context-support/4.1.8.RELEASE/spring-context-support-4.1.8.RELEASE.jar
7fc6c4805000-7fc6c4814000 r--s 000b1000 fd:01 520418                     /root/.m2/repository/org/springframework/spring-webmvc/4.1.8.RELEASE/spring-webmvc-4.1.8.RELEASE.jar
7fc6c4814000-7fc6c4819000 r--s 0002c000 fd:01 134816                     /root/.sdkman/candidates/grails/2.5.5/dist/grails-web-common-2.5.5.jar
7fc6c4819000-7fc6c481c000 r--s 0000d000 fd:01 134207                     /root/.sdkman/candidates/grails/2.5.5/dist/grails-databinding-2.5.5.jar
7fc6c481c000-7fc6c481f000 r--s 00014000 fd:01 134837                     /root/.sdkman/candidates/grails/2.5.5/dist/grails-web-databinding-2.5.5.jar
7fc6c481f000-7fc6c4838000 r--s 001af000 fd:01 133484                     /root/.sdkman/candidates/grails/2.5.5/lib/org.aspectj/aspectjweaver/jars/aspectjweaver-1.8.7.jar
7fc6c4838000-7fc6c483b000 r--s 00020000 fd:01 135005                     /root/.sdkman/candidates/grails/2.5.5/dist/grails-web-url-mappings-2.5.5.jar
7fc6c483b000-7fc6c4841000 r--s 00027000 fd:01 133390                     /root/.sdkman/candidates/grails/2.5.5/lib/opensymphony/sitemesh/jars/sitemesh-2.4.jar
7fc6c4841000-7fc6c4843000 r--s 0000b000 fd:01 134984                     /root/.sdkman/candidates/grails/2.5.5/dist/grails-web-sitemesh-2.5.5.jar
7fc6c4843000-7fc6c4845000 r--s 00009000 fd:01 134963                     /root/.sdkman/candidates/grails/2.5.5/dist/grails-web-mvc-2.5.5.jar
7fc6c4845000-7fc6c484c000 r--s 00049000 fd:01 134900                     /root/.sdkman/candidates/grails/2.5.5/dist/grails-web-gsp-2.5.5.jar
7fc6c484c000-7fc6c484e000 r--s 00009000 fd:01 134795                     /root/.sdkman/candidates/grails/2.5.5/dist/grails-web-2.5.5.jar
7fc6c484e000-7fc6c4852000 r--s 00028000 fd:01 134543                     /root/.sdkman/candidates/grails/2.5.5/dist/grails-plugin-rest-2.5.5.jar
7fc6c4852000-7fc6c4855000 r--s 00012000 fd:01 133350                     /root/.sdkman/candidates/grails/2.5.5/lib/javax.servlet/javax.servlet-api/jars/javax.servlet-api-3.0.1.jar
7fc6c4855000-7fc6c485b000 r--s 00045000 fd:01 1422231                    /universe/Neeis/lib/commons-net-3.5.jar
7fc6c485b000-7fc6c485f000 r--s 0002f000 fd:01 1424455                    /universe/Neeis/lib/commons-io-2.5.jar
7fc6c485f000-7fc6c4861000 r--s 00024000 fd:01 1422232                    /universe/Neeis/lib/groovy-wslite-1.1.3.jar
7fc6c4861000-7fc6c4868000 r--s 00088000 fd:01 1422233                    /universe/Neeis/lib/sqljdbc4.jar
7fc6c4868000-7fc6c4870000 r--s 0006e000 fd:01 1425085                    /universe/Neeis/lib/commons-lang3-3.5.jar
7fc6c4870000-7fc6c4891000 r--s 00270000 fd:01 519882                     /root/.m2/repository/org/apache/tomcat/embed/tomcat-embed-core/7.0.70/tomcat-embed-core-7.0.70.jar
7fc6c4891000-7fc6c48a1000 r--s 0019c000 fd:01 519880                     /root/.m2/repository/org/eclipse/jdt/core/compiler/ecj/3.7.2/ecj-3.7.2.jar
7fc6c48a1000-7fc6c48a6000 r--s 00038000 fd:01 519878                     /root/.m2/repository/org/apache/tomcat/embed/tomcat-embed-websocket/7.0.70/tomcat-embed-websocket-7.0.70.jar
7fc6c48a6000-7fc6c48a8000 r--s 00013000 fd:01 133474                     /root/.sdkman/candidates/grails/2.5.5/lib/org.apache.tomcat.embed/tomcat-embed-logging-log4j/jars/tomcat-embed-logging-log4j-7.0.70.jar
7fc6c48a8000-7fc6c48ab000 r--s 00028000 fd:01 519876                     /root/.m2/repository/org/apache/tomcat/embed/tomcat-embed-el/7.0.70/tomcat-embed-el-7.0.70.jar
7fc6c48ab000-7fc6c48b4000 r--s 0009f000 fd:01 519874                     /root/.m2/repository/org/apache/tomcat/embed/tomcat-embed-jasper/7.0.70/tomcat-embed-jasper-7.0.70.jar
7fc6c48b4000-7fc6c48b6000 r--s 0000c000 fd:01 519872                     /root/.m2/repository/org/apache/tomcat/tomcat-catalina-ant/7.0.70/tomcat-catalina-ant-7.0.70.jar
7fc6c48b6000-7fc6c48ba000 r--s 0001c000 fd:01 133610                     /root/.sdkman/candidates/grails/2.5.5/lib/org.grails/grails-gdoc-engine/jars/grails-gdoc-engine-1.0.1.jar
7fc6c48ba000-7fc6c48c0000 r--s 00039000 fd:01 133770                     /root/.sdkman/candidates/grails/2.5.5/lib/org.yaml/snakeyaml/jars/snakeyaml-1.8.jar
7fc6c48c0000-7fc6c48d1000 r--s 000f7000 fd:01 133763                     /root/.sdkman/candidates/grails/2.5.5/lib/org.xhtmlrenderer/core-renderer/jars/core-renderer-R8.jar
7fc6c48d1000-7fc6c48d6000 r--s 00041000 fd:01 133309                     /root/.sdkman/candidates/grails/2.5.5/lib/commons-lang/commons-lang/jars/commons-lang-2.6.jar
7fc6c48d6000-7fc6c48f7000 r--s 0015a000 fd:01 133229                     /root/.sdkman/candidates/grails/2.5.5/lib/bouncycastle/bcprov-jdk14/jars/bcprov-jdk14-138.jar
7fc6c48f7000-7fc6c48fb000 r--s 0002b000 fd:01 133225                     /root/.sdkman/candidates/grails/2.5.5/lib/bouncycastle/bcmail-jdk14/jars/bcmail-jdk14-138.jar
7fc6c48fb000-7fc6c4908000 r--s 0011c000 fd:01 133273                     /root/.sdkman/candidates/grails/2.5.5/lib/com.lowagie/itext/jars/itext-2.0.8.jar
7fc6c4908000-7fc6c490e000 r--s 00043000 fd:01 133631                     /root/.sdkman/candidates/grails/2.5.5/lib/org.jsoup/jsoup/jars/jsoup-1.7.3.jar
7fc6c490e000-7fc6c4911000 r--s 00044000 fd:01 134228                     /root/.sdkman/candidates/grails/2.5.5/dist/grails-docs-2.5.5.jar
7fc6c4911000-7fc6c4918000 r--s 00081000 fd:01 134711                     /root/.sdkman/candidates/grails/2.5.5/dist/grails-scripts-2.5.5.jar
7fc6c4918000-7fc6c491d000 r--s 00033000 fd:01 134669                     /root/.sdkman/candidates/grails/2.5.5/dist/grails-project-api-2.5.5.jar
7fc6c491d000-7fc6c493b000 r--s 001cf000 fd:01 133394                     /root/.sdkman/candidates/grails/2.5.5/lib/org.apache.ant/ant/jars/ant-1.9.4.jar
7fc6c493b000-7fc6c493c000 r--s 00001000 fd:01 133403                     /root/.sdkman/candidates/grails/2.5.5/lib/org.apache.ant/ant-trax/jars/ant-trax-1.7.1.jar
7fc6c493c000-7fc6c4941000 r--s 00050000 fd:01 133488                     /root/.sdkman/candidates/grails/2.5.5/lib/org.codehaus.gant/gant_groovy1.8/jars/gant_groovy1.8-1.9.6.jar
7fc6c4941000-7fc6c4943000 r--s 0001a000 fd:01 133594                     /root/.sdkman/candidates/grails/2.5.5/lib/org.fusesource.jansi/jansi/jars/jansi-1.11.jar
7fc6c4943000-7fc6c4947000 r--s 000dc000 fd:01 133386                     /root/.sdkman/candidates/grails/2.5.5/lib/net.java.dev.jna/jna/jars/jna-4.0.0.jar
7fc6c4947000-7fc6c494b000 r--s 00031000 fd:01 133368                     /root/.sdkman/candidates/grails/2.5.5/lib/jline/jline/jars/jline-2.12.jar
7fc6c494b000-7fc6c49ba000 r--s 0063e000 fd:01 135504                     /root/.sdkman/candidates/grails/2.5.5/lib/org.codehaus.groovy/groovy-all/jars/groovy-all-2.4.4.jar
7fc6c49ba000-7fc6c49bc000 r--s 0001b000 fd:01 133397                     /root/.sdkman/candidates/grails/2.5.5/lib/org.apache.ant/ant-junit/jars/ant-junit-1.9.4.jar
7fc6c49bc000-7fc6c49bd000 r--s 00004000 fd:01 133400                     /root/.sdkman/candidates/grails/2.5.5/lib/org.apache.ant/ant-launcher/jars/ant-launcher-1.9.4.jar
7fc6c49bd000-7fc6c49c1000 r--s 00040000 fd:01 133777                     /root/.sdkman/candidates/grails/2.5.5/lib/xalan/serializer/jars/serializer-2.7.2.jar
7fc6c49c1000-7fc6c4bc1000 rw-p 00000000 00:00 0 
7fc6c4bc1000-7fc6c4bd2000 r-xp 00000000 fd:01 518817                     /root/.sdkman/candidates/java/8u111/jre/lib/amd64/libnio.so
7fc6c4bd2000-7fc6c4dd1000 ---p 00011000 fd:01 518817                     /root/.sdkman/candidates/java/8u111/jre/lib/amd64/libnio.so
7fc6c4dd1000-7fc6c4dd2000 rw-p 00010000 fd:01 518817                     /root/.sdkman/candidates/java/8u111/jre/lib/amd64/libnio.so
7fc6c4dd2000-7fc6c4de8000 r-xp 00000000 fd:01 518867                     /root/.sdkman/candidates/java/8u111/jre/lib/amd64/libnet.so
7fc6c4de8000-7fc6c4fe8000 ---p 00016000 fd:01 518867                     /root/.sdkman/candidates/java/8u111/jre/lib/amd64/libnet.so
7fc6c4fe8000-7fc6c4fe9000 rw-p 00016000 fd:01 518867                     /root/.sdkman/candidates/java/8u111/jre/lib/amd64/libnet.so
7fc6c4fe9000-7fc6c51e9000 rw-p 00000000 00:00 0 
7fc6c51e9000-7fc6c53e9000 rw-p 00000000 00:00 0 
7fc6c53e9000-7fc6c53eb000 r--s 00000000 fd:01 133215                     /root/.sdkman/candidates/grails/2.5.5/lib/aopalliance/aopalliance/jars/aopalliance-1.0.jar
7fc6c53eb000-7fc6c53ee000 r--s 00006000 fd:01 133241                     /root/.sdkman/candidates/grails/2.5.5/lib/com.google.code.findbugs/jsr305/jars/jsr305-1.3.9.jar
7fc6c53ee000-7fc6c53ef000 r--s 00000000 fd:01 133343                     /root/.sdkman/candidates/grails/2.5.5/lib/javax.inject/javax.inject/jars/javax.inject-1.jar
7fc6c53ef000-7fc6c53f0000 r--s 00001000 fd:01 133329                     /root/.sdkman/candidates/grails/2.5.5/lib/javax.annotation/jsr250-api/jars/jsr250-api-1.0.jar
7fc6c53f0000-7fc6c53f2000 r--s 00002000 fd:01 133667                     /root/.sdkman/candidates/grails/2.5.5/lib/org.sonatype.plexus/plexus-cipher/jars/plexus-cipher-1.4.jar
7fc6c53f2000-7fc6c53f8000 r--s 00033000 fd:01 133287                     /root/.sdkman/candidates/grails/2.5.5/lib/commons-codec/commons-codec/jars/commons-codec-1.6.jar
7fc6c53f8000-7fc6c53fe000 r--s 00032000 fd:01 133416                     /root/.sdkman/candidates/grails/2.5.5/lib/org.apache.httpcomponents/httpcore/jars/httpcore-4.2.5.jar
7fc6c53fe000-7fc6c5413000 r--s 00116000 fd:01 133420                     /root/.sdkman/candidates/grails/2.5.5/lib/org.apache.ivy/ivy/jars/ivy-2.3.0.jar
7fc6c5413000-7fc6c5415000 r--s 0000a000 fd:01 133516                     /root/.sdkman/candidates/grails/2.5.5/lib/org.codehaus.plexus/plexus-classworlds/jars/plexus-classworlds-2.4.jar
7fc6c5415000-7fc6c541b000 r--s 00042000 fd:01 133584                     /root/.sdkman/candidates/grails/2.5.5/lib/org.eclipse.sisu/org.eclipse.sisu.inject/jars/org.eclipse.sisu.inject-0.0.0.M5.jar
7fc6c541b000-7fc6c5423000 r--s 00050000 fd:01 133679                     /root/.sdkman/candidates/grails/2.5.5/lib/org.sonatype.sisu/sisu-guice/jars/sisu-guice-3.1.0-no_aop.jar
7fc6c5423000-7fc6c5441000 r--s 00151000 fd:01 133252                     /root/.sdkman/candidates/grails/2.5.5/lib/com.google.guava/guava/jars/guava-10.0.1.jar
7fc6c5441000-7fc6c5444000 r--s 00008000 fd:01 133336                     /root/.sdkman/candidates/grails/2.5.5/lib/javax.enterprise/cdi-api/jars/cdi-api-1.0.jar
7fc6c5444000-7fc6c5445000 r--s 00006000 fd:01 133673                     /root/.sdkman/candidates/grails/2.5.5/lib/org.sonatype.plexus/plexus-sec-dispatcher/jars/plexus-sec-dispatcher-1.3.jar
7fc6c5445000-7fc6c5447000 r--s 00009000 fd:01 133451                     /root/.sdkman/candidates/grails/2.5.5/lib/org.apache.maven/maven-settings/jars/maven-settings-3.2.5.jar
7fc6c5447000-7fc6c544a000 r--s 0000d000 fd:01 133528                     /root/.sdkman/candidates/grails/2.5.5/lib/org.codehaus.plexus/plexus-interpolation/jars/plexus-interpolation-1.21.jar
7fc6c544a000-7fc6c544e000 r--s 00038000 fd:01 133534                     /root/.sdkman/candidates/grails/2.5.5/lib/org.codehaus.plexus/plexus-utils/jars/plexus-utils-3.0.20.jar
7fc6c544e000-7fc6c5450000 r--s 00000000 fd:01 133522                     /root/.sdkman/candidates/grails/2.5.5/lib/org.codehaus.plexus/plexus-component-annotations/jars/plexus-component-annotations-1.5.5.jar
7fc6c5450000-7fc6c5452000 r--s 00005000 fd:01 133445                     /root/.sdkman/candidates/grails/2.5.5/lib/org.apache.maven/maven-repository-metadata/jars/maven-repository-metadata-3.2.5.jar
7fc6c5452000-7fc6c5457000 r--s 00025000 fd:01 133439                     /root/.sdkman/candidates/grails/2.5.5/lib/org.apache.maven/maven-model-builder/jars/maven-model-builder-3.2.5.jar
7fc6c5457000-7fc6c545a000 r--s 00025000 fd:01 133433                     /root/.sdkman/candidates/grails/2.5.5/lib/org.apache.maven/maven-model/jars/maven-model-3.2.5.jar
7fc6c545a000-7fc6c5464000 r--s 00061000 fd:01 133410                     /root/.sdkman/candidates/grails/2.5.5/lib/org.apache.httpcomponents/httpclient/jars/httpclient-4.2.6.jar
7fc6c5464000-7fc6c5466000 r--s 00006000 fd:01 133559                     /root/.sdkman/candidates/grails/2.5.5/lib/org.eclipse.aether/aether-spi/jars/aether-spi-1.0.2.v20150114.jar
7fc6c5466000-7fc6c546c000 r--s 0002a000 fd:01 133590                     /root/.sdkman/candidates/grails/2.5.5/lib/org.eclipse.sisu/org.eclipse.sisu.plexus/jars/org.eclipse.sisu.plexus-0.0.0.M5.jar
7fc6c546c000-7fc6c546e000 r--s 00009000 fd:01 133457                     /root/.sdkman/candidates/grails/2.5.5/lib/org.apache.maven/maven-settings-builder/jars/maven-settings-builder-3.2.5.jar
7fc6c546e000-7fc6c5470000 r--s 0000f000 fd:01 133427                     /root/.sdkman/candidates/grails/2.5.5/lib/org.apache.maven/maven-aether-provider/jars/maven-aether-provider-3.2.5.jar
7fc6c5470000-7fc6c5472000 r--s 00001000 fd:01 133565                     /root/.sdkman/candidates/grails/2.5.5/lib/org.eclipse.aether/aether-transport-file/jars/aether-transport-file-1.0.2.v20150114.jar
7fc6c5472000-7fc6c5474000 r--s 00007000 fd:01 133571                     /root/.sdkman/candidates/grails/2.5.5/lib/org.eclipse.aether/aether-transport-http/jars/aether-transport-http-1.0.2.v20150114.jar
7fc6c5474000-7fc6c5478000 r--s 00027000 fd:01 133553                     /root/.sdkman/candidates/grails/2.5.5/lib/org.eclipse.aether/aether-impl/jars/aether-impl-1.0.2.v20150114.jar
7fc6c5478000-7fc6c547c000 r--s 00020000 fd:01 133577                     /root/.sdkman/candidates/grails/2.5.5/lib/org.eclipse.aether/aether-util/jars/aether-util-1.0.2.v20150114.jar
7fc6c547c000-7fc6c567c000 rw-p 00000000 00:00 0 
7fc6c567c000-7fc6c587c000 rw-p 00000000 00:00 0 
7fc6c587c000-7fc6c587f000 ---p 00000000 00:00 0 
7fc6c587f000-7fc6c597d000 rw-p 00000000 00:00 0                          [stack:1526]
7fc6c597d000-7fc6c597e000 r-xp 00000000 fd:01 281989                     /tmp/libjansi-64-2379420240007639106.so
7fc6c597e000-7fc6c5b7d000 ---p 00001000 fd:01 281989                     /tmp/libjansi-64-2379420240007639106.so
7fc6c5b7d000-7fc6c5b7e000 rw-p 00000000 fd:01 281989                     /tmp/libjansi-64-2379420240007639106.so
7fc6c5b7e000-7fc6c5d7e000 rw-p 00000000 00:00 0 
7fc6c5d7e000-7fc6c5df6000 r--s 010e6000 fd:01 518570                     /root/.sdkman/candidates/java/8u111/lib/tools.jar
7fc6c5df6000-7fc6c5df7000 ---p 00000000 00:00 0 
7fc6c5df7000-7fc6c5ef7000 rw-p 00000000 00:00 0                          [stack:1513]
7fc6c5ef7000-7fc6c5efa000 ---p 00000000 00:00 0 
7fc6c5efa000-7fc6c5ff8000 rw-p 00000000 00:00 0                          [stack:1512]
7fc6c5ff8000-7fc6c5ffb000 ---p 00000000 00:00 0 
7fc6c5ffb000-7fc6c60f9000 rw-p 00000000 00:00 0                          [stack:1511]
7fc6c60f9000-7fc6c60fc000 ---p 00000000 00:00 0 
7fc6c60fc000-7fc6c61fa000 rw-p 00000000 00:00 0                          [stack:1510]
7fc6c61fa000-7fc6c61fd000 ---p 00000000 00:00 0 
7fc6c61fd000-7fc6c62fb000 rw-p 00000000 00:00 0                          [stack:1509]
7fc6c62fb000-7fc6c62fe000 ---p 00000000 00:00 0 
7fc6c62fe000-7fc6c63fc000 rw-p 00000000 00:00 0                          [stack:1508]
7fc6c63fc000-7fc6c63ff000 ---p 00000000 00:00 0 
7fc6c63ff000-7fc6c64fd000 rw-p 00000000 00:00 0                          [stack:1507]
7fc6c64fd000-7fc6c64fe000 ---p 00000000 00:00 0 
7fc6c64fe000-7fc6c8000000 rw-p 00000000 00:00 0                          [stack:1506]
7fc6c8000000-7fc6c802b000 rw-p 00000000 00:00 0 
7fc6c802b000-7fc6cc000000 ---p 00000000 00:00 0 
7fc6cc000000-7fc6cc005000 r--s 0001d000 fd:01 133541                     /root/.sdkman/candidates/grails/2.5.5/lib/org.eclipse.aether/aether-api/jars/aether-api-1.0.2.v20150114.jar
7fc6cc005000-7fc6cc007000 r--s 00003000 fd:01 133642                     /root/.sdkman/candidates/grails/2.5.5/lib/org.slf4j/jcl-over-slf4j/jars/jcl-over-slf4j-1.7.5.jar
7fc6cc007000-7fc6cc009000 r--s 00005000 fd:01 133654                     /root/.sdkman/candidates/grails/2.5.5/lib/org.slf4j/slf4j-api/jars/slf4j-api-1.7.5.jar
7fc6cc009000-7fc6cc00c000 r--s 0001b000 fd:01 134123                     /root/.sdkman/candidates/grails/2.5.5/dist/grails-aether-2.5.5.jar
7fc6cc00c000-7fc6cc00f000 ---p 00000000 00:00 0 
7fc6cc00f000-7fc6cc045000 rw-p 00000000 00:00 0                          [stack:1515]
7fc6cc045000-7fc6cc049000 r--s 00097000 fd:01 518660                     /root/.sdkman/candidates/java/8u111/jre/lib/jsse.jar
7fc6cc049000-7fc6cc067000 r--s 001cf000 fd:01 133394                     /root/.sdkman/candidates/grails/2.5.5/lib/org.apache.ant/ant/jars/ant-1.9.4.jar
7fc6cc067000-7fc6cc07c000 r--s 00116000 fd:01 133420                     /root/.sdkman/candidates/grails/2.5.5/lib/org.apache.ivy/ivy/jars/ivy-2.3.0.jar
7fc6cc07c000-7fc6cc0ec000 r--s 0063d000 fd:01 133502                     /root/.sdkman/candidates/grails/2.5.5/lib/org.codehaus.groovy/groovy-all/jars/groovy-all-2.4.5.jar
7fc6cc0ec000-7fc6cc0f9000 r--s 000b3000 fd:01 134165                     /root/.sdkman/candidates/grails/2.5.5/dist/grails-bootstrap-2.5.5.jar
7fc6cc0f9000-7fc6cd000000 rw-p 00000000 00:00 0 
7fc6cd000000-7fc6ce010000 rwxp 00000000 00:00 0 
7fc6ce010000-7fc6dc000000 ---p 00000000 00:00 0 
7fc6dc000000-7fc6de134000 rw-p 00000000 00:00 0 
7fc6de134000-7fc6e0000000 ---p 00000000 00:00 0 
7fc6e0000000-7fc6e0001000 r--s 00002000 fd:01 133660                     /root/.sdkman/candidates/grails/2.5.5/lib/org.slf4j/slf4j-simple/jars/slf4j-simple-1.7.5.jar
7fc6e0001000-7fc6e0006000 r--s 00050000 fd:01 133488                     /root/.sdkman/candidates/grails/2.5.5/lib/org.codehaus.gant/gant_groovy1.8/jars/gant_groovy1.8-1.9.6.jar
7fc6e0006000-7fc6e0013000 r--s 000b3000 fd:01 134165                     /root/.sdkman/candidates/grails/2.5.5/dist/grails-bootstrap-2.5.5.jar
7fc6e0013000-7fc6e0083000 r--s 0063d000 fd:01 133502                     /root/.sdkman/candidates/grails/2.5.5/lib/org.codehaus.groovy/groovy-all/jars/groovy-all-2.4.5.jar
7fc6e0083000-7fc6e00e6000 rw-p 00000000 00:00 0 
7fc6e00e6000-7fc6e02be000 r--s 03d2a000 fd:01 518748                     /root/.sdkman/candidates/java/8u111/jre/lib/rt.jar
7fc6e02be000-7fc6e04b4000 rw-p 00000000 00:00 0 
7fc6e04b4000-7fc6e04b5000 ---p 00000000 00:00 0 
7fc6e04b5000-7fc6e05b5000 rw-p 00000000 00:00 0                          [stack:1505]
7fc6e05b5000-7fc6e05b6000 ---p 00000000 00:00 0 
7fc6e05b6000-7fc6e06cf000 rw-p 00000000 00:00 0                          [stack:1504]
7fc6e06cf000-7fc6e07b6000 ---p 00000000 00:00 0 
7fc6e07b6000-7fc6e07cf000 rw-p 00000000 00:00 0 
7fc6e07cf000-7fc6e08b6000 ---p 00000000 00:00 0 
7fc6e08b6000-7fc6e0925000 rw-p 00000000 00:00 0 
7fc6e0925000-7fc6e0936000 ---p 00000000 00:00 0 
7fc6e0936000-7fc6e0978000 rw-p 00000000 00:00 0 
7fc6e0978000-7fc6e0cf7000 ---p 00000000 00:00 0 
7fc6e0cf7000-7fc6e0d11000 r-xp 00000000 fd:01 518850                     /root/.sdkman/candidates/java/8u111/jre/lib/amd64/libzip.so
7fc6e0d11000-7fc6e0f11000 ---p 0001a000 fd:01 518850                     /root/.sdkman/candidates/java/8u111/jre/lib/amd64/libzip.so
7fc6e0f11000-7fc6e0f12000 rw-p 0001a000 fd:01 518850                     /root/.sdkman/candidates/java/8u111/jre/lib/amd64/libzip.so
7fc6e0f12000-7fc6e0f1e000 r-xp 00000000 fd:01 262003                     /usr/lib64/libnss_files-2.17.so
7fc6e0f1e000-7fc6e111d000 ---p 0000c000 fd:01 262003                     /usr/lib64/libnss_files-2.17.so
7fc6e111d000-7fc6e111e000 r--p 0000b000 fd:01 262003                     /usr/lib64/libnss_files-2.17.so
7fc6e111e000-7fc6e111f000 rw-p 0000c000 fd:01 262003                     /usr/lib64/libnss_files-2.17.so
7fc6e111f000-7fc6e1125000 rw-p 00000000 00:00 0 
7fc6e1125000-7fc6e1150000 r-xp 00000000 fd:01 518825                     /root/.sdkman/candidates/java/8u111/jre/lib/amd64/libjava.so
7fc6e1150000-7fc6e134f000 ---p 0002b000 fd:01 518825                     /root/.sdkman/candidates/java/8u111/jre/lib/amd64/libjava.so
7fc6e134f000-7fc6e1351000 rw-p 0002a000 fd:01 518825                     /root/.sdkman/candidates/java/8u111/jre/lib/amd64/libjava.so
7fc6e1351000-7fc6e135e000 r-xp 00000000 fd:01 518842                     /root/.sdkman/candidates/java/8u111/jre/lib/amd64/libverify.so
7fc6e135e000-7fc6e155d000 ---p 0000d000 fd:01 518842                     /root/.sdkman/candidates/java/8u111/jre/lib/amd64/libverify.so
7fc6e155d000-7fc6e155f000 rw-p 0000c000 fd:01 518842                     /root/.sdkman/candidates/java/8u111/jre/lib/amd64/libverify.so
7fc6e155f000-7fc6e1566000 r-xp 00000000 fd:01 262015                     /usr/lib64/librt-2.17.so
7fc6e1566000-7fc6e1765000 ---p 00007000 fd:01 262015                     /usr/lib64/librt-2.17.so
7fc6e1765000-7fc6e1766000 r--p 00006000 fd:01 262015                     /usr/lib64/librt-2.17.so
7fc6e1766000-7fc6e1767000 rw-p 00007000 fd:01 262015                     /usr/lib64/librt-2.17.so
7fc6e1767000-7fc6e1868000 r-xp 00000000 fd:01 261993                     /usr/lib64/libm-2.17.so
7fc6e1868000-7fc6e1a67000 ---p 00101000 fd:01 261993                     /usr/lib64/libm-2.17.so
7fc6e1a67000-7fc6e1a68000 r--p 00100000 fd:01 261993                     /usr/lib64/libm-2.17.so
7fc6e1a68000-7fc6e1a69000 rw-p 00101000 fd:01 261993                     /usr/lib64/libm-2.17.so
7fc6e1a69000-7fc6e2736000 r-xp 00000000 fd:01 518807                     /root/.sdkman/candidates/java/8u111/jre/lib/amd64/server/libjvm.so
7fc6e2736000-7fc6e2935000 ---p 00ccd000 fd:01 518807                     /root/.sdkman/candidates/java/8u111/jre/lib/amd64/server/libjvm.so
7fc6e2935000-7fc6e2a0e000 rw-p 00ccc000 fd:01 518807                     /root/.sdkman/candidates/java/8u111/jre/lib/amd64/server/libjvm.so
7fc6e2a0e000-7fc6e2a59000 rw-p 00000000 00:00 0 
7fc6e2a59000-7fc6e2c10000 r-xp 00000000 fd:01 261985                     /usr/lib64/libc-2.17.so
7fc6e2c10000-7fc6e2e10000 ---p 001b7000 fd:01 261985                     /usr/lib64/libc-2.17.so
7fc6e2e10000-7fc6e2e14000 r--p 001b7000 fd:01 261985                     /usr/lib64/libc-2.17.so
7fc6e2e14000-7fc6e2e16000 rw-p 001bb000 fd:01 261985                     /usr/lib64/libc-2.17.so
7fc6e2e16000-7fc6e2e1b000 rw-p 00000000 00:00 0 
7fc6e2e1b000-7fc6e2e1e000 r-xp 00000000 fd:01 261991                     /usr/lib64/libdl-2.17.so
7fc6e2e1e000-7fc6e301d000 ---p 00003000 fd:01 261991                     /usr/lib64/libdl-2.17.so
7fc6e301d000-7fc6e301e000 r--p 00002000 fd:01 261991                     /usr/lib64/libdl-2.17.so
7fc6e301e000-7fc6e301f000 rw-p 00003000 fd:01 261991                     /usr/lib64/libdl-2.17.so
7fc6e301f000-7fc6e3034000 r-xp 00000000 fd:01 518577                     /root/.sdkman/candidates/java/8u111/lib/amd64/jli/libjli.so
7fc6e3034000-7fc6e3234000 ---p 00015000 fd:01 518577                     /root/.sdkman/candidates/java/8u111/lib/amd64/jli/libjli.so
7fc6e3234000-7fc6e3235000 rw-p 00015000 fd:01 518577                     /root/.sdkman/candidates/java/8u111/lib/amd64/jli/libjli.so
7fc6e3235000-7fc6e324b000 r-xp 00000000 fd:01 262011                     /usr/lib64/libpthread-2.17.so
7fc6e324b000-7fc6e344b000 ---p 00016000 fd:01 262011                     /usr/lib64/libpthread-2.17.so
7fc6e344b000-7fc6e344c000 r--p 00016000 fd:01 262011                     /usr/lib64/libpthread-2.17.so
7fc6e344c000-7fc6e344d000 rw-p 00017000 fd:01 262011                     /usr/lib64/libpthread-2.17.so
7fc6e344d000-7fc6e3451000 rw-p 00000000 00:00 0 
7fc6e3451000-7fc6e3472000 r-xp 00000000 fd:01 261978                     /usr/lib64/ld-2.17.so
7fc6e3472000-7fc6e3474000 r--s 00001000 fd:01 518652                     /root/.sdkman/candidates/java/8u111/jre/lib/ext/dnsns.jar
7fc6e3474000-7fc6e3476000 r--s 00009000 fd:01 133280                     /root/.sdkman/candidates/grails/2.5.5/lib/commons-cli/commons-cli/jars/commons-cli-1.2.jar
7fc6e3476000-7fc6e347a000 r--s 000dc000 fd:01 133386                     /root/.sdkman/candidates/grails/2.5.5/lib/net.java.dev.jna/jna/jars/jna-4.0.0.jar
7fc6e347a000-7fc6e347e000 r--s 00031000 fd:01 133368                     /root/.sdkman/candidates/grails/2.5.5/lib/jline/jline/jars/jline-2.12.jar
7fc6e347e000-7fc6e355f000 rw-p 00000000 00:00 0 
7fc6e355f000-7fc6e3567000 rw-s 00000000 fd:01 522563                     /tmp/hsperfdata_root/1487
7fc6e3567000-7fc6e356a000 ---p 00000000 00:00 0 
7fc6e356a000-7fc6e366c000 rw-p 00000000 00:00 0                          [stack:1503]
7fc6e366c000-7fc6e366d000 r--s 00008000 fd:01 133547                     /root/.sdkman/candidates/grails/2.5.5/lib/org.eclipse.aether/aether-connector-basic/jars/aether-connector-basic-1.0.2.v20150114.jar
7fc6e366d000-7fc6e366f000 r--s 0001a000 fd:01 133594                     /root/.sdkman/candidates/grails/2.5.5/lib/org.fusesource.jansi/jansi/jars/jansi-1.11.jar
7fc6e366f000-7fc6e3670000 rw-p 00000000 00:00 0 
7fc6e3670000-7fc6e3671000 ---p 00000000 00:00 0 
7fc6e3671000-7fc6e3672000 rw-p 00000000 00:00 0 
7fc6e3672000-7fc6e3673000 r--p 00021000 fd:01 261978                     /usr/lib64/ld-2.17.so
7fc6e3673000-7fc6e3674000 rw-p 00022000 fd:01 261978                     /usr/lib64/ld-2.17.so
7fc6e3674000-7fc6e3675000 rw-p 00000000 00:00 0 
7ffe7b43c000-7ffe7b45d000 rw-p 00000000 00:00 0                          [stack]
7ffe7b55f000-7ffe7b561000 r-xp 00000000 00:00 0                          [vdso]
ffffffffff600000-ffffffffff601000 r-xp 00000000 00:00 0                  [vsyscall]

VM Arguments:
jvm_args: -Xmx768M -Xms64M -Dfile.encoding=UTF-8 -Dgrails.home=/root/.sdkman/candidates/grails/current -Dtools.jar=/root/.sdkman/candidates/java/current/lib/tools.jar -Djava.net.preferIPv4Stack=true 
java_command: org.codehaus.groovy.grails.cli.support.GrailsStarter --main org.codehaus.groovy.grails.cli.GrailsScriptRunner --conf /root/.sdkman/candidates/grails/current/conf/groovy-starter.conf --classpath   war portal.war
java_class_path (initial): /root/.sdkman/candidates/grails/current/lib/org.codehaus.groovy/groovy-all/jars/groovy-all-2.4.5.jar:/root/.sdkman/candidates/grails/current/dist/grails-bootstrap-2.5.5.jar
Launcher Type: SUN_STANDARD

Environment Variables:
JAVA_HOME=/root/.sdkman/candidates/java/current
PATH=/root/.sdkman/candidates/java/current/bin:/root/.sdkman/candidates/groovy/current/bin:/root/.sdkman/candidates/grails/current/bin:/usr/bin/java/bin:/usr/local/sbin:/usr/local/bin:/usr/sbin:/usr/bin:/root/.local/bin:/root/bin
SHELL=/bin/bash

Signal Handlers:
SIGSEGV: [libjvm.so+0xac64b0], sa_mask[0]=11111111011111111101111111111110, sa_flags=SA_RESTART|SA_SIGINFO
SIGBUS: [libjvm.so+0xac64b0], sa_mask[0]=11111111011111111101111111111110, sa_flags=SA_RESTART|SA_SIGINFO
SIGFPE: [libjvm.so+0x91f950], sa_mask[0]=11111111011111111101111111111110, sa_flags=SA_RESTART|SA_SIGINFO
SIGPIPE: [libjvm.so+0x91f950], sa_mask[0]=11111111011111111101111111111110, sa_flags=SA_RESTART|SA_SIGINFO
SIGXFSZ: [libjvm.so+0x91f950], sa_mask[0]=11111111011111111101111111111110, sa_flags=SA_RESTART|SA_SIGINFO
SIGILL: [libjvm.so+0x91f950], sa_mask[0]=11111111011111111101111111111110, sa_flags=SA_RESTART|SA_SIGINFO
SIGUSR1: SIG_DFL, sa_mask[0]=00000000000000000000000000000000, sa_flags=none
SIGUSR2: [libjvm.so+0x920f80], sa_mask[0]=00000000000000000000000000000000, sa_flags=SA_RESTART|SA_SIGINFO
SIGHUP: [libjvm.so+0x922380], sa_mask[0]=11111111011111111101111111111110, sa_flags=SA_RESTART|SA_SIGINFO
SIGINT: [libjvm.so+0x922380], sa_mask[0]=11111111011111111101111111111110, sa_flags=SA_RESTART|SA_SIGINFO
SIGTERM: [libjvm.so+0x922380], sa_mask[0]=11111111011111111101111111111110, sa_flags=SA_RESTART|SA_SIGINFO
SIGQUIT: [libjvm.so+0x922380], sa_mask[0]=11111111011111111101111111111110, sa_flags=SA_RESTART|SA_SIGINFO


---------------  S Y S T E M  ---------------

OS:CentOS Linux release 7.2.1511 (Core) 

uname:Linux 3.10.0-327.36.3.el7.x86_64 #1 SMP Mon Oct 24 16:09:20 UTC 2016 x86_64
libc:glibc 2.17 NPTL 2.17 
rlimit: STACK 8192k, CORE 0k, NPROC 7288, NOFILE 4096, AS infinity
load average:1.00 0.26 0.18

/proc/meminfo:
MemTotal:        1884100 kB
MemFree:           66708 kB
MemAvailable:      28544 kB
Buffers:             328 kB
Cached:           127348 kB
SwapCached:            0 kB
Active:          1681164 kB
Inactive:          69472 kB
Active(anon):    1673964 kB
Inactive(anon):    56400 kB
Active(file):       7200 kB
Inactive(file):    13072 kB
Unevictable:           0 kB
Mlocked:               0 kB
SwapTotal:             0 kB
SwapFree:              0 kB
Dirty:                64 kB
Writeback:             0 kB
AnonPages:       1623052 kB
Mapped:            13580 kB
Shmem:            107368 kB
Slab:              29212 kB
SReclaimable:      16024 kB
SUnreclaim:        13188 kB
KernelStack:        3376 kB
PageTables:         8784 kB
NFS_Unstable:          0 kB
Bounce:                0 kB
WritebackTmp:          0 kB
CommitLimit:      942048 kB
Committed_AS:    2314336 kB
VmallocTotal:   34359738367 kB
VmallocUsed:       93980 kB
VmallocChunk:   34359641080 kB
HardwareCorrupted:     0 kB
AnonHugePages:    501760 kB
HugePages_Total:       0
HugePages_Free:        0
HugePages_Rsvd:        0
HugePages_Surp:        0
Hugepagesize:       2048 kB
DirectMap4k:       59384 kB
DirectMap2M:     2037760 kB
DirectMap1G:           0 kB


CPU:total 2 (1 cores per cpu, 1 threads per core) family 6 model 62 stepping 4, cmov, cx8, fxsr, mmx, sse, sse2, sse3, ssse3, sse4.1, sse4.2, popcnt, avx, aes, clmul, erms, tsc

/proc/cpuinfo:
processor	: 0
vendor_id	: GenuineIntel
cpu family	: 6
model		: 62
model name	: Intel(R) Xeon(R) CPU E5-2630L v2 @ 2.40GHz
stepping	: 4
microcode	: 0x1
cpu MHz		: 2399.998
cache size	: 15360 KB
physical id	: 0
siblings	: 1
core id		: 0
cpu cores	: 1
apicid		: 0
initial apicid	: 0
fpu		: yes
fpu_exception	: yes
cpuid level	: 13
wp		: yes
flags		: fpu vme de pse tsc msr pae mce cx8 apic sep mtrr pge mca cmov pat pse36 clflush mmx fxsr sse sse2 ss syscall nx pdpe1gb rdtscp lm constant_tsc arch_perfmon rep_good nopl eagerfpu pni pclmulqdq vmx ssse3 cx16 pcid sse4_1 sse4_2 x2apic popcnt tsc_deadline_timer aes xsave avx f16c rdrand hypervisor lahf_lm arat vnmi ept fsgsbase tsc_adjust smep erms xsaveopt
bogomips	: 4799.99
clflush size	: 64
cache_alignment	: 64
address sizes	: 40 bits physical, 48 bits virtual
power management:

processor	: 1
vendor_id	: GenuineIntel
cpu family	: 6
model		: 62
model name	: Intel(R) Xeon(R) CPU E5-2630L v2 @ 2.40GHz
stepping	: 4
microcode	: 0x1
cpu MHz		: 2399.998
cache size	: 15360 KB
physical id	: 1
siblings	: 1
core id		: 0
cpu cores	: 1
apicid		: 1
initial apicid	: 1
fpu		: yes
fpu_exception	: yes
cpuid level	: 13
wp		: yes
flags		: fpu vme de pse tsc msr pae mce cx8 apic sep mtrr pge mca cmov pat pse36 clflush mmx fxsr sse sse2 ss syscall nx pdpe1gb rdtscp lm constant_tsc arch_perfmon rep_good nopl eagerfpu pni pclmulqdq vmx ssse3 cx16 pcid sse4_1 sse4_2 x2apic popcnt tsc_deadline_timer aes xsave avx f16c rdrand hypervisor lahf_lm arat vnmi ept fsgsbase tsc_adjust smep erms xsaveopt
bogomips	: 4799.99
clflush size	: 64
cache_alignment	: 64
address sizes	: 40 bits physical, 48 bits virtual
power management:



Memory: 4k page, physical 1884100k(66708k free), swap 0k(0k free)

vm_info: Java HotSpot(TM) 64-Bit Server VM (25.111-b14) for linux-amd64 JRE (1.8.0_111-b14), built on Sep 22 2016 16:14:03 by "java_re" with gcc 4.3.0 20080428 (Red Hat 4.3.0-8)

time: Thu Feb  9 17:30:17 2017
elapsed time: 13 seconds (0d 0h 0m 13s)

